#
# A fatal error has been detected by the Java Runtime Environment:
#
#  EXCEPTION_ACCESS_VIOLATION (0xc0000005) at pc=0x00000000582d3608, pid=20780, tid=0x0000000000004d00
#
# JRE version: Java(TM) SE Runtime Environment (8.0_111-b14) (build 1.8.0_111-b14)
# Java VM: Java HotSpot(TM) 64-Bit Server VM (25.111-b14 mixed mode windows-amd64 compressed oops)
# Problematic frame:
# V  [jvm.dll+0x43608]
#
# Failed to write core dump. Minidumps are not enabled by default on client versions of Windows
#
# If you would like to submit a bug report, please visit:
#   http://bugreport.java.com/bugreport/crash.jsp
#

---------------  T H R E A D  ---------------

Current thread (0x0000000015d88800):  JavaThread "C1 CompilerThread3" daemon [_thread_in_vm, id=19712, stack(0x0000000016920000,0x0000000016a20000)]

siginfo: ExceptionCode=0xc0000005, reading address 0xffffffffffffffff

Registers:
RAX=0x0000000015d88800, RBX=0x00000000024b5350, RCX=0x00000000024b5350, RDX=0x00000000024b5350
RSP=0x0000000016a1cf70, RBP=0x00000000196252e0, RSI=0x00000000024b5350, RDI=0x0000000000000000
R8 =0x3cccc588ffff0013, R9 =0x0000000000000000, R10=0x0000000019625510, R11=0x000000001a85dcb0
R12=0x0000000015d88800, R13=0x00000000196252e0, R14=0x000000001be46b60, R15=0x0000000000000000
RIP=0x00000000582d3608, EFLAGS=0x0000000000010202

Top of Stack: (sp=0x0000000016a1cf70)
0x0000000016a1cf70:   00000000000000b6 0000000016a1f520
0x0000000016a1cf80:   0000000000000000 0000000000000077
0x0000000016a1cf90:   000000001c970828 0000000016a1f520
0x0000000016a1cfa0:   0000000016a1d080 00000000582bfe25
0x0000000016a1cfb0:   00000000000000eb 00000000582d3999
0x0000000016a1cfc0:   0000000000000077 0000000000000077
0x0000000016a1cfd0:   0000000000000000 0000000000000000
0x0000000016a1cfe0:   00000000000000b6 0000000019246190
0x0000000016a1cff0:   0000000015d9b6f0 00000000582d1c6b
0x0000000016a1d000:   0000000000000000 0000000015d88800
0x0000000016a1d010:   000000001be47cd0 00000000582bce0f
0x0000000016a1d020:   0000000015d88800 00000000582d6f80
0x0000000016a1d030:   0000000015d88800 0000000015d88800
0x0000000016a1d040:   0000000019246190 00000000586b0aeb
0x0000000016a1d050:   0000000000000000 0000000000000000
0x0000000016a1d060:   000000001be47cd0 0000000000000000 

Instructions: (pc=0x00000000582d3608)
0x00000000582d35e8:   00 48 8b da ff 15 fe 7d 59 00 44 0f b6 05 5a d9
0x00000000582d35f8:   7a 00 4c 8b e0 45 84 c0 74 39 4c 8b 03 48 8b cb
0x00000000582d3608:   41 ff 50 08 84 c0 74 2b 83 7b 08 00 7e 25 0f b6
0x00000000582d3618:   83 0e 01 00 00 c0 e8 03 a8 01 74 17 48 8b 03 48 


Register to memory mapping:

RAX=0x0000000015d88800 is a thread
RBX=0x00000000024b5350 is an unknown value
RCX=0x00000000024b5350 is an unknown value
RDX=0x00000000024b5350 is an unknown value
RSP=0x0000000016a1cf70 is pointing into the stack for thread: 0x0000000015d88800
RBP=0x00000000196252e0 is an unknown value
RSI=0x00000000024b5350 is an unknown value
RDI=0x0000000000000000 is an unknown value
R8 =0x3cccc588ffff0013 is an unknown value
R9 =0x0000000000000000 is an unknown value
R10=0x0000000019625510 is an unknown value
R11=0x000000001a85dcb0 is an unknown value
R12=0x0000000015d88800 is a thread
R13=0x00000000196252e0 is an unknown value
R14=0x000000001be46b60 is an unknown value
R15=0x0000000000000000 is an unknown value


Stack: [0x0000000016920000,0x0000000016a20000],  sp=0x0000000016a1cf70,  free space=1011k
Native frames: (J=compiled Java code, j=interpreted, Vv=VM code, C=native code)
V  [jvm.dll+0x43608]
V  [jvm.dll+0x43999]
V  [jvm.dll+0x41c6b]
V  [jvm.dll+0x420aeb]
V  [jvm.dll+0x41b8da]
V  [jvm.dll+0x41e727]
V  [jvm.dll+0x41eeeb]
V  [jvm.dll+0x41fde6]
V  [jvm.dll+0x420048]
V  [jvm.dll+0x42047b]
V  [jvm.dll+0x41ffd5]
V  [jvm.dll+0x41bd3b]
V  [jvm.dll+0x41e727]
V  [jvm.dll+0x41eeeb]
V  [jvm.dll+0x41fde6]
V  [jvm.dll+0x420048]
V  [jvm.dll+0x42047b]
V  [jvm.dll+0x41ffd5]
V  [jvm.dll+0x41bd3b]
V  [jvm.dll+0x41e727]
V  [jvm.dll+0x41f01d]
V  [jvm.dll+0x41fde6]
V  [jvm.dll+0x420048]
V  [jvm.dll+0x42047b]
V  [jvm.dll+0x41ffd5]
V  [jvm.dll+0x41bd3b]
V  [jvm.dll+0x41e727]
V  [jvm.dll+0x41eeeb]
V  [jvm.dll+0x41fde6]
V  [jvm.dll+0x420048]
V  [jvm.dll+0x42047b]
V  [jvm.dll+0x41ffd5]
V  [jvm.dll+0x41bd3b]
V  [jvm.dll+0x41e727]
V  [jvm.dll+0x41f01d]
V  [jvm.dll+0x41fde6]
V  [jvm.dll+0x420048]
V  [jvm.dll+0x42047b]
V  [jvm.dll+0x41ffd5]
V  [jvm.dll+0x41bd3b]
V  [jvm.dll+0x41e727]
V  [jvm.dll+0x41eeeb]
V  [jvm.dll+0x41fde6]
V  [jvm.dll+0x420048]
V  [jvm.dll+0x41bd3b]
V  [jvm.dll+0x41e727]
V  [jvm.dll+0x41eeeb]
V  [jvm.dll+0x41fde6]
V  [jvm.dll+0x420048]
V  [jvm.dll+0x41bd3b]
V  [jvm.dll+0x41e727]
V  [jvm.dll+0x41f01d]
V  [jvm.dll+0x41f412]
V  [jvm.dll+0x4244f5]
V  [jvm.dll+0x424600]
V  [jvm.dll+0x40ddb8]
V  [jvm.dll+0x40e021]
V  [jvm.dll+0x40e1e2]
V  [jvm.dll+0x40e3b1]
V  [jvm.dll+0x40e5bf]
V  [jvm.dll+0xa5742]
V  [jvm.dll+0xa607f]
V  [jvm.dll+0x244b7f]
V  [jvm.dll+0x29c43a]
C  [msvcr100.dll+0x21d9f]
C  [msvcr100.dll+0x21e3b]
C  [KERNEL32.DLL+0x17c24]
C  [ntdll.dll+0x6d4d1]


Current CompileTask:
C1:   6214 6585       3       android.content.res.TypedArray::$$robo$$android_content_res_TypedArray$loadStringValueAt (51 bytes)


---------------  P R O C E S S  ---------------

Java Threads: ( => current thread )
  0x0000000017c1a800 JavaThread "Java2D Disposer" daemon [_thread_blocked, id=21072, stack(0x000000001b1d0000,0x000000001b2d0000)]
  0x0000000017c1b800 JavaThread "SDK 28 Main Thread" [_thread_in_native, id=13944, stack(0x0000000019f00000,0x000000001a000000)]
  0x0000000017570800 JavaThread "/127.0.0.1:54818 to /127.0.0.1:54817 workers Thread 3" [_thread_in_native, id=14508, stack(0x0000000018a30000,0x0000000018b30000)]
  0x00000000171b0000 JavaThread "/127.0.0.1:54818 to /127.0.0.1:54817 workers Thread 2" [_thread_blocked, id=12924, stack(0x0000000018930000,0x0000000018a30000)]
  0x00000000171a5000 JavaThread "Test worker" [_thread_blocked, id=2928, stack(0x00000000184f0000,0x00000000185f0000)]
  0x0000000015e20800 JavaThread "Service Thread" daemon [_thread_blocked, id=16640, stack(0x0000000016a20000,0x0000000016b20000)]
=>0x0000000015d88800 JavaThread "C1 CompilerThread3" daemon [_thread_in_vm, id=19712, stack(0x0000000016920000,0x0000000016a20000)]
  0x0000000015d83800 JavaThread "C2 CompilerThread2" daemon [_thread_in_native, id=5872, stack(0x0000000016820000,0x0000000016920000)]
  0x0000000015d81800 JavaThread "C2 CompilerThread1" daemon [_thread_in_native, id=13848, stack(0x0000000016720000,0x0000000016820000)]
  0x0000000015d80800 JavaThread "C2 CompilerThread0" daemon [_thread_in_native, id=14380, stack(0x0000000016620000,0x0000000016720000)]
  0x0000000015d7d800 JavaThread "Attach Listener" daemon [_thread_blocked, id=18824, stack(0x0000000016520000,0x0000000016620000)]
  0x0000000015d7c800 JavaThread "Signal Dispatcher" daemon [_thread_blocked, id=21408, stack(0x0000000016420000,0x0000000016520000)]
  0x0000000015d00800 JavaThread "Finalizer" daemon [_thread_blocked, id=16896, stack(0x00000000160e0000,0x00000000161e0000)]
  0x0000000002556800 JavaThread "Reference Handler" daemon [_thread_blocked, id=18956, stack(0x0000000015be0000,0x0000000015ce0000)]
  0x0000000002462800 JavaThread "main" [_thread_blocked, id=20564, stack(0x0000000002320000,0x0000000002420000)]

Other Threads:
  0x0000000013e1a000 VMThread [stack: 0x0000000015ae0000,0x0000000015be0000] [id=19424]
  0x0000000015ee9000 WatcherThread [stack: 0x0000000016b20000,0x0000000016c20000] [id=19564]

VM state:not at safepoint (normal execution)

VM Mutex/Monitor currently owned by a thread: None

Heap:
 PSYoungGen      total 159744K, used 79646K [0x00000000f5580000, 0x0000000100000000, 0x0000000100000000)
  eden space 150016K, 46% used [0x00000000f5580000,0x00000000f99f0470,0x00000000fe800000)
  from space 9728K, 98% used [0x00000000fe800000,0x00000000ff157640,0x00000000ff180000)
  to   space 12800K, 0% used [0x00000000ff380000,0x00000000ff380000,0x0000000100000000)
 ParOldGen       total 170496K, used 66964K [0x00000000e0000000, 0x00000000ea680000, 0x00000000f5580000)
  object space 170496K, 39% used [0x00000000e0000000,0x00000000e41653a8,0x00000000ea680000)
 Metaspace       used 61416K, capacity 70430K, committed 70696K, reserved 1110016K
  class space    used 7694K, capacity 10270K, committed 10288K, reserved 1048576K

Card table byte_map: [0x0000000011a20000,0x0000000011b30000] byte_map_base: 0x0000000011320000

Marking Bits: (ParMarkBitMap*) 0x0000000058aaa6c0
 Begin Bits: [0x0000000012330000, 0x0000000012b30000)
 End Bits:   [0x0000000012b30000, 0x0000000013330000)

Polling page: 0x0000000002420000

CodeCache: size=245760Kb used=16933Kb max_used=16933Kb free=228827Kb
 bounds [0x0000000002660000, 0x0000000003710000, 0x0000000011660000]
 total_blobs=6871 nmethods=5308 adapters=1473
 compilation: enabled

Compilation events (10 events):
Event: 6.179 Thread 0x0000000015d88800 nmethod 6581 0x00000000036ef050 code [0x00000000036ef1e0, 0x00000000036ef578]
Event: 6.179 Thread 0x0000000015d88800 6582       3       java.util.Formatter$Conversion::isGeneral (64 bytes)
Event: 6.179 Thread 0x0000000015d88800 nmethod 6582 0x00000000036ef690 code [0x00000000036ef7e0, 0x00000000036ef950]
Event: 6.179 Thread 0x0000000015d88800 6583       1       java.util.Formatter$FormatSpecifier::index (5 bytes)
Event: 6.179 Thread 0x0000000015d88800 nmethod 6583 0x00000000036e6a90 code [0x00000000036e6be0, 0x00000000036e6cf0]
Event: 6.181 Thread 0x0000000015d88800 6584       3       android.content.res.TypedArray::loadStringValueAt (8 bytes)
Event: 6.182 Thread 0x0000000015d88800 nmethod 6584 0x00000000036ef9d0 code [0x00000000036efd00, 0x00000000036f17c8]
Event: 6.183 Thread 0x0000000015d88800 6586       3       org.robolectric.res.android.ResourceString::decodeLengthUTF16 (38 bytes)
Event: 6.183 Thread 0x0000000015d88800 nmethod 6586 0x00000000036f2cd0 code [0x00000000036f2e40, 0x00000000036f3178]
Event: 6.183 Thread 0x0000000015d88800 6585       3       android.content.res.TypedArray::$$robo$$android_content_res_TypedArray$loadStringValueAt (51 bytes)

GC Heap History (10 events):
Event: 4.604 GC heap before
{Heap before GC invocations=18 (full 3):
 PSYoungGen      total 162304K, used 151040K [0x00000000f5580000, 0x00000000fff80000, 0x0000000100000000)
  eden space 151040K, 100% used [0x00000000f5580000,0x00000000fe900000,0x00000000fe900000)
  from space 11264K, 0% used [0x00000000ff400000,0x00000000ff400000,0x00000000fff00000)
  to   space 11264K, 0% used [0x00000000fe900000,0x00000000fe900000,0x00000000ff400000)
 ParOldGen       total 170496K, used 60786K [0x00000000e0000000, 0x00000000ea680000, 0x00000000f5580000)
  object space 170496K, 35% used [0x00000000e0000000,0x00000000e3b5c840,0x00000000ea680000)
 Metaspace       used 50110K, capacity 56014K, committed 56360K, reserved 1097728K
  class space    used 6093K, capacity 7884K, committed 7984K, reserved 1048576K
Event: 4.607 GC heap after
Heap after GC invocations=18 (full 3):
 PSYoungGen      total 162304K, used 4809K [0x00000000f5580000, 0x0000000100000000, 0x0000000100000000)
  eden space 151040K, 0% used [0x00000000f5580000,0x00000000f5580000,0x00000000fe900000)
  from space 11264K, 42% used [0x00000000fe900000,0x00000000fedb25b8,0x00000000ff400000)
  to   space 11264K, 0% used [0x00000000ff500000,0x00000000ff500000,0x0000000100000000)
 ParOldGen       total 170496K, used 60794K [0x00000000e0000000, 0x00000000ea680000, 0x00000000f5580000)
  object space 170496K, 35% used [0x00000000e0000000,0x00000000e3b5e840,0x00000000ea680000)
 Metaspace       used 50110K, capacity 56014K, committed 56360K, reserved 1097728K
  class space    used 6093K, capacity 7884K, committed 7984K, reserved 1048576K
}
Event: 4.914 GC heap before
{Heap before GC invocations=19 (full 3):
 PSYoungGen      total 162304K, used 155849K [0x00000000f5580000, 0x0000000100000000, 0x0000000100000000)
  eden space 151040K, 100% used [0x00000000f5580000,0x00000000fe900000,0x00000000fe900000)
  from space 11264K, 42% used [0x00000000fe900000,0x00000000fedb25b8,0x00000000ff400000)
  to   space 11264K, 0% used [0x00000000ff500000,0x00000000ff500000,0x0000000100000000)
 ParOldGen       total 170496K, used 60794K [0x00000000e0000000, 0x00000000ea680000, 0x00000000f5580000)
  object space 170496K, 35% used [0x00000000e0000000,0x00000000e3b5e840,0x00000000ea680000)
 Metaspace       used 53650K, capacity 59668K, committed 59944K, reserved 1101824K
  class space    used 6358K, capacity 8173K, committed 8240K, reserved 1048576K
Event: 4.918 GC heap after
Heap after GC invocations=19 (full 3):
 PSYoungGen      total 162304K, used 6165K [0x00000000f5580000, 0x00000000fff00000, 0x0000000100000000)
  eden space 152064K, 0% used [0x00000000f5580000,0x00000000f5580000,0x00000000fea00000)
  from space 10240K, 60% used [0x00000000ff500000,0x00000000ffb05488,0x00000000fff00000)
  to   space 10752K, 0% used [0x00000000fea00000,0x00000000fea00000,0x00000000ff480000)
 ParOldGen       total 170496K, used 60802K [0x00000000e0000000, 0x00000000ea680000, 0x00000000f5580000)
  object space 170496K, 35% used [0x00000000e0000000,0x00000000e3b60840,0x00000000ea680000)
 Metaspace       used 53650K, capacity 59668K, committed 59944K, reserved 1101824K
  class space    used 6358K, capacity 8173K, committed 8240K, reserved 1048576K
}
Event: 5.237 GC heap before
{Heap before GC invocations=20 (full 3):
 PSYoungGen      total 162304K, used 158229K [0x00000000f5580000, 0x00000000fff00000, 0x0000000100000000)
  eden space 152064K, 100% used [0x00000000f5580000,0x00000000fea00000,0x00000000fea00000)
  from space 10240K, 60% used [0x00000000ff500000,0x00000000ffb05488,0x00000000fff00000)
  to   space 10752K, 0% used [0x00000000fea00000,0x00000000fea00000,0x00000000ff480000)
 ParOldGen       total 170496K, used 60802K [0x00000000e0000000, 0x00000000ea680000, 0x00000000f5580000)
  object space 170496K, 35% used [0x00000000e0000000,0x00000000e3b60840,0x00000000ea680000)
 Metaspace       used 55876K, capacity 62512K, committed 62760K, reserved 1103872K
  class space    used 6746K, capacity 8741K, committed 8752K, reserved 1048576K
Event: 5.244 GC heap after
Heap after GC invocations=20 (full 3):
 PSYoungGen      total 162816K, used 7513K [0x00000000f5580000, 0x0000000100000000, 0x0000000100000000)
  eden space 152064K, 0% used [0x00000000f5580000,0x00000000f5580000,0x00000000fea00000)
  from space 10752K, 69% used [0x00000000fea00000,0x00000000ff156618,0x00000000ff480000)
  to   space 10752K, 0% used [0x00000000ff580000,0x00000000ff580000,0x0000000100000000)
 ParOldGen       total 170496K, used 60810K [0x00000000e0000000, 0x00000000ea680000, 0x00000000f5580000)
  object space 170496K, 35% used [0x00000000e0000000,0x00000000e3b62840,0x00000000ea680000)
 Metaspace       used 55876K, capacity 62512K, committed 62760K, reserved 1103872K
  class space    used 6746K, capacity 8741K, committed 8752K, reserved 1048576K
}
Event: 5.784 GC heap before
{Heap before GC invocations=21 (full 3):
 PSYoungGen      total 162816K, used 159577K [0x00000000f5580000, 0x0000000100000000, 0x0000000100000000)
  eden space 152064K, 100% used [0x00000000f5580000,0x00000000fea00000,0x00000000fea00000)
  from space 10752K, 69% used [0x00000000fea00000,0x00000000ff156618,0x00000000ff480000)
  to   space 10752K, 0% used [0x00000000ff580000,0x00000000ff580000,0x0000000100000000)
 ParOldGen       total 170496K, used 60810K [0x00000000e0000000, 0x00000000ea680000, 0x00000000f5580000)
  object space 170496K, 35% used [0x00000000e0000000,0x00000000e3b62840,0x00000000ea680000)
 Metaspace       used 60629K, capacity 69406K, committed 69544K, reserved 1107968K
  class space    used 7626K, capacity 10146K, committed 10160K, reserved 1048576K
Event: 5.792 GC heap after
Heap after GC invocations=21 (full 3):
 PSYoungGen      total 160768K, used 10742K [0x00000000f5580000, 0x0000000100000000, 0x0000000100000000)
  eden space 150016K, 0% used [0x00000000f5580000,0x00000000f5580000,0x00000000fe800000)
  from space 10752K, 99% used [0x00000000ff580000,0x00000000ffffdb98,0x0000000100000000)
  to   space 12288K, 0% used [0x00000000fe800000,0x00000000fe800000,0x00000000ff400000)
 ParOldGen       total 170496K, used 62452K [0x00000000e0000000, 0x00000000ea680000, 0x00000000f5580000)
  object space 170496K, 36% used [0x00000000e0000000,0x00000000e3cfd170,0x00000000ea680000)
 Metaspace       used 60629K, capacity 69406K, committed 69544K, reserved 1107968K
  class space    used 7626K, capacity 10146K, committed 10160K, reserved 1048576K
}
Event: 6.051 GC heap before
{Heap before GC invocations=22 (full 3):
 PSYoungGen      total 160768K, used 160758K [0x00000000f5580000, 0x0000000100000000, 0x0000000100000000)
  eden space 150016K, 100% used [0x00000000f5580000,0x00000000fe800000,0x00000000fe800000)
  from space 10752K, 99% used [0x00000000ff580000,0x00000000ffffdb98,0x0000000100000000)
  to   space 12288K, 0% used [0x00000000fe800000,0x00000000fe800000,0x00000000ff400000)
 ParOldGen       total 170496K, used 62452K [0x00000000e0000000, 0x00000000ea680000, 0x00000000f5580000)
  object space 170496K, 36% used [0x00000000e0000000,0x00000000e3cfd170,0x00000000ea680000)
 Metaspace       used 61267K, capacity 70188K, committed 70440K, reserved 1110016K
  class space    used 7680K, capacity 10247K, committed 10288K, reserved 1048576K
Event: 6.060 GC heap after
Heap after GC invocations=22 (full 3):
 PSYoungGen      total 159744K, used 9565K [0x00000000f5580000, 0x0000000100000000, 0x0000000100000000)
  eden space 150016K, 0% used [0x00000000f5580000,0x00000000f5580000,0x00000000fe800000)
  from space 9728K, 98% used [0x00000000fe800000,0x00000000ff157640,0x00000000ff180000)
  to   space 12800K, 0% used [0x00000000ff380000,0x00000000ff380000,0x0000000100000000)
 ParOldGen       total 170496K, used 66964K [0x00000000e0000000, 0x00000000ea680000, 0x00000000f5580000)
  object space 170496K, 39% used [0x00000000e0000000,0x00000000e41653a8,0x00000000ea680000)
 Metaspace       used 61267K, capacity 70188K, committed 70440K, reserved 1110016K
  class space    used 7680K, capacity 10247K, committed 10288K, reserved 1048576K
}

Deoptimization events (10 events):
Event: 5.822 Thread 0x00000000171a5000 Uncommon trap: reason=class_check action=maybe_recompile pc=0x00000000030d5540 method=com.google.common.collect.ImmutableSet$RegularSetBuilderImpl.add(Ljava/lang/Object;)Lcom/google/common/collect/ImmutableSet$SetBuilderImpl; @ 6
Event: 5.822 Thread 0x00000000171a5000 Uncommon trap: reason=class_check action=maybe_recompile pc=0x00000000030d5540 method=com.google.common.collect.ImmutableSet$RegularSetBuilderImpl.add(Ljava/lang/Object;)Lcom/google/common/collect/ImmutableSet$SetBuilderImpl; @ 6
Event: 5.823 Thread 0x00000000171a5000 Uncommon trap: reason=unstable_if action=reinterpret pc=0x0000000002d2400c method=org.robolectric.internal.bytecode.MethodRef.equals(Ljava/lang/Object;)Z @ 2
Event: 5.825 Thread 0x0000000017c1b800 Uncommon trap: reason=unstable_if action=reinterpret pc=0x0000000002da45ec method=java.util.Arrays.hashCode([Ljava/lang/Object;)I @ 34
Event: 5.828 Thread 0x0000000017c1b800 Uncommon trap: reason=unstable_if action=reinterpret pc=0x0000000002b87334 method=org.robolectric.res.android.ResTable_config.isBetterThan(Lorg/robolectric/res/android/ResTable_config;Lorg/robolectric/res/android/ResTable_config;)Z @ 898
Event: 5.850 Thread 0x0000000017c1b800 Uncommon trap: reason=unstable_if action=reinterpret pc=0x000000000321b214 method=org.robolectric.res.android.ResTable_config.match(Lorg/robolectric/res/android/ResTable_config;)Z @ 252
Event: 5.868 Thread 0x0000000017c1b800 Uncommon trap: reason=speculate_class_check action=maybe_recompile pc=0x0000000002ac690c method=java.nio.charset.CharsetDecoder.reset()Ljava/nio/charset/CharsetDecoder; @ 1
Event: 5.871 Thread 0x0000000017c1b800 Uncommon trap: reason=speculate_class_check action=maybe_recompile pc=0x0000000002ac690c method=java.nio.charset.CharsetDecoder.reset()Ljava/nio/charset/CharsetDecoder; @ 1
Event: 5.872 Thread 0x0000000017c1b800 Uncommon trap: reason=speculate_class_check action=maybe_recompile pc=0x0000000002ac690c method=java.nio.charset.CharsetDecoder.reset()Ljava/nio/charset/CharsetDecoder; @ 1
Event: 5.880 Thread 0x0000000017c1b800 Uncommon trap: reason=speculate_class_check action=maybe_recompile pc=0x0000000002ac690c method=java.nio.charset.CharsetDecoder.reset()Ljava/nio/charset/CharsetDecoder; @ 1

Internal exceptions (10 events):
Event: 4.582 Thread 0x0000000017c1b800 Exception <a 'java/lang/NoSuchMethodError': java.lang.Object.lambda$comparingDouble$8dcf42ea$1(Ljava/util/function/ToDoubleFunction;Ljava/lang/Object;Ljava/lang/Object;)I> (0x00000000fe03c868) thrown at [C:\re\workspace\8-2-build-windows-amd64-cygwin\jdk8
Event: 5.315 Thread 0x0000000017c1c000 Exception <a 'java/lang/NoSuchFieldError': method resolution failed> (0x00000000f6da1670) thrown at [C:\re\workspace\8-2-build-windows-amd64-cygwin\jdk8u111\7883\hotspot\src\share\vm\prims\methodHandles.cpp, line 1146]
Event: 5.424 Thread 0x0000000017c1b800 Implicit null exception at 0x000000000307a660 to 0x000000000307c3b3
Event: 5.424 Thread 0x0000000017c1b800 Implicit null exception at 0x00000000034ad144 to 0x00000000034ad7f5
Event: 5.511 Thread 0x0000000017c1b800 Exception <a 'java/lang/NoSuchFieldError': method resolution failed> (0x00000000f9ea5638) thrown at [C:\re\workspace\8-2-build-windows-amd64-cygwin\jdk8u111\7883\hotspot\src\share\vm\prims\methodHandles.cpp, line 1146]
Event: 5.566 Thread 0x0000000017c1b800 Exception <a 'java/lang/NoSuchFieldError': method resolution failed> (0x00000000faa77d18) thrown at [C:\re\workspace\8-2-build-windows-amd64-cygwin\jdk8u111\7883\hotspot\src\share\vm\prims\methodHandles.cpp, line 1146]
Event: 5.750 Thread 0x0000000017c1b800 Implicit null exception at 0x0000000002acf117 to 0x0000000002acf1ed
Event: 5.809 Thread 0x0000000017c1b800 Exception <a 'java/lang/NoSuchMethodError': java.lang.Object.lambda$get$0(Ljava/lang/Object;)V> (0x00000000f5b6ad08) thrown at [C:\re\workspace\8-2-build-windows-amd64-cygwin\jdk8u111\7883\hotspot\src\share\vm\interpreter\linkResolver.cpp, line 582]
Event: 5.825 Thread 0x0000000017c1b800 Implicit null exception at 0x0000000002da452f to 0x0000000002da45cd
Event: 5.851 Thread 0x0000000017c1b800 Exception <a 'sun/nio/fs/WindowsException'> (0x00000000f6686670) thrown at [C:\re\workspace\8-2-build-windows-amd64-cygwin\jdk8u111\7883\hotspot\src\share\vm\prims\jni.cpp, line 709]

Events (10 events):
Event: 6.113 Thread 0x0000000015d88800 flushing nmethod 0x0000000002eac550
Event: 6.114 Thread 0x0000000015d83800 flushing nmethod 0x00000000031a3850
Event: 6.114 Thread 0x0000000015d83800 flushing nmethod 0x00000000031aa350
Event: 6.114 Thread 0x0000000015d88800 flushing nmethod 0x00000000032aecd0
Event: 6.115 Thread 0x0000000015d88800 flushing nmethod 0x000000000336e610
Event: 6.116 Thread 0x0000000015d88800 flushing nmethod 0x00000000034c7410
Event: 6.169 loading class org/aplas/mylibrary/InputDataActivity
Event: 6.169 loading class org/aplas/mylibrary/InputDataActivity done
Event: 6.170 loading class org/aplas/mylibrary/TestC1MyData031
Event: 6.170 loading class org/aplas/mylibrary/TestC1MyData031 done


Dynamic libraries:
0x00007ff73c600000 - 0x00007ff73c637000 	C:\Program Files\Java\jdk1.8.0_111\bin\java.exe
0x00007fff48c40000 - 0x00007fff48e30000 	C:\WINDOWS\SYSTEM32\ntdll.dll
0x00007fff12440000 - 0x00007fff12455000 	C:\Program Files\Avast Software\Avast\aswhook.dll
0x00007fff48330000 - 0x00007fff483e2000 	C:\WINDOWS\System32\KERNEL32.DLL
0x00007fff45bc0000 - 0x00007fff45e65000 	C:\WINDOWS\System32\KERNELBASE.dll
0x00007fff477d0000 - 0x00007fff47873000 	C:\WINDOWS\System32\ADVAPI32.dll
0x00007fff473a0000 - 0x00007fff4743e000 	C:\WINDOWS\System32\msvcrt.dll
0x00007fff46f00000 - 0x00007fff46f97000 	C:\WINDOWS\System32\sechost.dll
0x00007fff46fa0000 - 0x00007fff470bf000 	C:\WINDOWS\System32\RPCRT4.dll
0x00007fff47200000 - 0x00007fff47394000 	C:\WINDOWS\System32\USER32.dll
0x00007fff46410000 - 0x00007fff46431000 	C:\WINDOWS\System32\win32u.dll
0x00007fff48a90000 - 0x00007fff48ab6000 	C:\WINDOWS\System32\GDI32.dll
0x00007fff46270000 - 0x00007fff46408000 	C:\WINDOWS\System32\gdi32full.dll
0x00007fff46c50000 - 0x00007fff46cee000 	C:\WINDOWS\System32\msvcp_win.dll
0x00007fff45f40000 - 0x00007fff4603a000 	C:\WINDOWS\System32\ucrtbase.dll
0x00007fff38ec0000 - 0x00007fff39144000 	C:\WINDOWS\WinSxS\amd64_microsoft.windows.common-controls_6595b64144ccf1df_6.0.18362.1316_none_9e7a364fe461dbd7\COMCTL32.dll
0x00007fff47ff0000 - 0x00007fff48327000 	C:\WINDOWS\System32\combase.dll
0x00007fff46440000 - 0x00007fff464c1000 	C:\WINDOWS\System32\bcryptPrimitives.dll
0x00007fff46cf0000 - 0x00007fff46d1e000 	C:\WINDOWS\System32\IMM32.DLL
0x0000000058b30000 - 0x0000000058c02000 	C:\Program Files\Java\jdk1.8.0_111\jre\bin\msvcr100.dll
0x0000000058290000 - 0x0000000058b2a000 	C:\Program Files\Java\jdk1.8.0_111\jre\bin\server\jvm.dll
0x00007fff47450000 - 0x00007fff47458000 	C:\WINDOWS\System32\PSAPI.DLL
0x00007fff34eb0000 - 0x00007fff34ed4000 	C:\WINDOWS\SYSTEM32\WINMM.dll
0x00007fff3b6a0000 - 0x00007fff3b6a9000 	C:\WINDOWS\SYSTEM32\WSOCK32.dll
0x00007fff3ff30000 - 0x00007fff3ff3a000 	C:\WINDOWS\SYSTEM32\VERSION.dll
0x00007fff489b0000 - 0x00007fff48a1f000 	C:\WINDOWS\System32\WS2_32.dll
0x00007fff34760000 - 0x00007fff3478d000 	C:\WINDOWS\SYSTEM32\WINMMBASE.dll
0x00007fff46220000 - 0x00007fff4626a000 	C:\WINDOWS\System32\cfgmgr32.dll
0x0000000058280000 - 0x000000005828f000 	C:\Program Files\Java\jdk1.8.0_111\jre\bin\verify.dll
0x0000000058250000 - 0x0000000058279000 	C:\Program Files\Java\jdk1.8.0_111\jre\bin\java.dll
0x0000000058230000 - 0x0000000058246000 	C:\Program Files\Java\jdk1.8.0_111\jre\bin\zip.dll
0x00007fff47900000 - 0x00007fff47fe8000 	C:\WINDOWS\System32\SHELL32.dll
0x00007fff46d20000 - 0x00007fff46dc7000 	C:\WINDOWS\System32\shcore.dll
0x00007fff464d0000 - 0x00007fff46c4b000 	C:\WINDOWS\System32\windows.storage.dll
0x00007fff45b70000 - 0x00007fff45b93000 	C:\WINDOWS\System32\profapi.dll
0x00007fff45b00000 - 0x00007fff45b4a000 	C:\WINDOWS\System32\powrprof.dll
0x00007fff45af0000 - 0x00007fff45b00000 	C:\WINDOWS\System32\UMPDC.dll
0x00007fff47770000 - 0x00007fff477c2000 	C:\WINDOWS\System32\shlwapi.dll
0x00007fff45b50000 - 0x00007fff45b61000 	C:\WINDOWS\System32\kernel.appcore.dll
0x00007fff45e70000 - 0x00007fff45e87000 	C:\WINDOWS\System32\cryptsp.dll
0x0000000058210000 - 0x000000005822a000 	C:\Program Files\Java\jdk1.8.0_111\jre\bin\net.dll
0x00007fff452d0000 - 0x00007fff45337000 	C:\WINDOWS\system32\mswsock.dll
0x00000000581f0000 - 0x0000000058201000 	C:\Program Files\Java\jdk1.8.0_111\jre\bin\nio.dll
0x00007fff44e50000 - 0x00007fff44e83000 	C:\WINDOWS\system32\rsaenh.dll
0x00007fff461f0000 - 0x00007fff46216000 	C:\WINDOWS\System32\bcrypt.dll
0x00007fff45a10000 - 0x00007fff45a35000 	C:\WINDOWS\SYSTEM32\USERENV.dll
0x00007fff454a0000 - 0x00007fff454ac000 	C:\WINDOWS\SYSTEM32\CRYPTBASE.dll
0x00007fff44fe0000 - 0x00007fff4501a000 	C:\WINDOWS\SYSTEM32\IPHLPAPI.DLL
0x00007fff48b20000 - 0x00007fff48b28000 	C:\WINDOWS\System32\NSI.dll
0x00007fff3f3b0000 - 0x00007fff3f3c6000 	C:\WINDOWS\SYSTEM32\dhcpcsvc6.DLL
0x00007fff3fcb0000 - 0x00007fff3fccc000 	C:\WINDOWS\SYSTEM32\dhcpcsvc.DLL
0x00007fff45030000 - 0x00007fff450fb000 	C:\WINDOWS\SYSTEM32\DNSAPI.dll
0x00000000581b0000 - 0x00000000581d4000 	C:\Program Files\Java\jdk1.8.0_111\jre\bin\sunec.dll
0x00000000581a0000 - 0x00000000581ab000 	C:\Program Files\Java\jdk1.8.0_111\jre\bin\sunmscapi.dll
0x00007fff46040000 - 0x00007fff4618a000 	C:\WINDOWS\System32\CRYPT32.dll
0x00007fff45ba0000 - 0x00007fff45bb2000 	C:\WINDOWS\System32\MSASN1.dll
0x0000000057f20000 - 0x00000000580b8000 	C:\Program Files\Java\jdk1.8.0_111\jre\bin\awt.dll
0x00007fff483f0000 - 0x00007fff484b5000 	C:\WINDOWS\System32\OLEAUT32.dll
0x00007fff432e0000 - 0x00007fff4336f000 	C:\WINDOWS\SYSTEM32\apphelp.dll
0x00007fff44450000 - 0x00007fff44644000 	C:\WINDOWS\SYSTEM32\dbghelp.dll

VM Arguments:
jvm_args: -Djava.awt.headless=true -Djava.security.manager=worker.org.gradle.process.internal.worker.child.BootstrapSecurityManager -Dorg.gradle.native=false -Xmx512m -Dfile.encoding=windows-1252 -Duser.country=US -Duser.language=en -Duser.variant -ea 
java_command: worker.org.gradle.process.internal.worker.GradleWorkerMain 'Gradle Test Executor 27'
java_class_path (initial): C:\Users\ROG\.gradle\caches\6.1.1\workerMain\gradle-worker.jar
Launcher Type: SUN_STANDARD

Environment Variables:
PATH=C:\Program Files (x86)\Common Files\Intel\Shared Files\cpp\;C:\Program Files\Git\cmd;C:\Program Files\Microsoft SQL Server\Client SDK\ODBC\170\Tools\Binn\;C:\Program Files (x86)\Microsoft SQL Server\150\Tools\Binn\;C:\Program Files\Microsoft SQL Server\150\Tools\Binn\;C:\Program Files\Microsoft SQL Server\150\DTS\Binn\;C:\Program Files\nodejs\;C:\Program Files (x86)\Microsoft SQL Server\150\DTS\Binn\;C:\Program Files\Azure Data Studio\bin;D:\Semester 5\;C:\Program Files\Java\jdk-11.0.4\bin;C:\Users\ROG\AppData\Local\Programs\Microsoft VS Code\bin;C:\Users\ROG\AppData\Local\Microsoft\WindowsApps;C:\xampp\php;C:\Users\ROG\AppData\Local\ComposerSetup\bin;C:\Users\ROG\AppData\Roaming\Composer\vendor\bin;C:\Users\ROG\AppData\Roaming\npm;C:\Program Files\Azure Data Studio\bin
USERNAME=ROG
OS=Windows_NT
PROCESSOR_IDENTIFIER=Intel64 Family 6 Model 158 Stepping 10, GenuineIntel



---------------  S Y S T E M  ---------------

OS: Windows 10.0 , 64 bit Build 18362 (10.0.18362.1316)

CPU:total 8 (4 cores per cpu, 2 threads per core) family 6 model 158 stepping 10, cmov, cx8, fxsr, mmx, sse, sse2, sse3, ssse3, sse4.1, sse4.2, popcnt, avx, avx2, aes, clmul, erms, 3dnowpref, lzcnt, ht, tsc, tscinvbit, bmi1, bmi2, adx

Memory: 4k page, physical 8237576k(572836k free), swap 21869064k(8813664k free)

vm_info: Java HotSpot(TM) 64-Bit Server VM (25.111-b14) for windows-amd64 JRE (1.8.0_111-b14), built on Sep 22 2016 19:24:05 by "java_re" with MS VC++ 10.0 (VS2010)

time: Tue Oct 05 06:57:57 2021
elapsed time: 6 seconds (0d 0h 0m 6s)

