#
# A fatal error has been detected by the Java Runtime Environment:
#
#  EXCEPTION_ACCESS_VIOLATION (0xc0000005) at pc=0x00000000582d3608, pid=19336, tid=0x0000000000000174
#
# JRE version: Java(TM) SE Runtime Environment (8.0_111-b14) (build 1.8.0_111-b14)
# Java VM: Java HotSpot(TM) 64-Bit Server VM (25.111-b14 mixed mode windows-amd64 compressed oops)
# Problematic frame:
# V  [jvm.dll+0x43608]
#
# Failed to write core dump. Minidumps are not enabled by default on client versions of Windows
#
# If you would like to submit a bug report, please visit:
#   http://bugreport.java.com/bugreport/crash.jsp
#

---------------  T H R E A D  ---------------

Current thread (0x0000000015d51000):  JavaThread "C1 CompilerThread3" daemon [_thread_in_vm, id=372, stack(0x00000000168e0000,0x00000000169e0000)]

siginfo: ExceptionCode=0xc0000005, reading address 0xffffffffffffffff

Registers:
RAX=0x0000000015d51000, RBX=0x00000000024452c0, RCX=0x00000000024452c0, RDX=0x00000000024452c0
RSP=0x00000000169dd230, RBP=0x0000000015d45e70, RSI=0x00000000024452c0, RDI=0x0000000000000000
R8 =0x3cccc588ffff0013, R9 =0x0000000000000000, R10=0x0000000015d460a0, R11=0x00000000183ca140
R12=0x0000000015d51000, R13=0x0000000015d45e70, R14=0x000000001a554d80, R15=0x0000000000000000
RIP=0x00000000582d3608, EFLAGS=0x0000000000010202

Top of Stack: (sp=0x00000000169dd230)
0x00000000169dd230:   00000000000000b6 00000000169df7e0
0x00000000169dd240:   0000000000000000 0000000000000077
0x00000000169dd250:   000000001cc92990 00000000169df7e0
0x00000000169dd260:   00000000169dd340 00000000582bfe25
0x00000000169dd270:   00000000000000e9 00000000582d3999
0x00000000169dd280:   0000000000000077 0000000000000077
0x00000000169dd290:   0000000000000000 0000000000000000
0x00000000169dd2a0:   00000000000000b6 0000000018264fd0
0x00000000169dd2b0:   00000000023fa560 00000000582d1c6b
0x00000000169dd2c0:   0000000000000000 0000000015d51000
0x00000000169dd2d0:   000000001a555ef0 00000000582bce0f
0x00000000169dd2e0:   0000000015d51000 00000000582d6f80
0x00000000169dd2f0:   0000000015d51000 0000000015d51000
0x00000000169dd300:   0000000018264fd0 00000000586b0aeb
0x00000000169dd310:   0000000000000000 0000000000000000
0x00000000169dd320:   000000001a555ef0 0000000000000000 

Instructions: (pc=0x00000000582d3608)
0x00000000582d35e8:   00 48 8b da ff 15 fe 7d 59 00 44 0f b6 05 5a d9
0x00000000582d35f8:   7a 00 4c 8b e0 45 84 c0 74 39 4c 8b 03 48 8b cb
0x00000000582d3608:   41 ff 50 08 84 c0 74 2b 83 7b 08 00 7e 25 0f b6
0x00000000582d3618:   83 0e 01 00 00 c0 e8 03 a8 01 74 17 48 8b 03 48 


Register to memory mapping:

RAX=0x0000000015d51000 is a thread
RBX=0x00000000024452c0 is an unknown value
RCX=0x00000000024452c0 is an unknown value
RDX=0x00000000024452c0 is an unknown value
RSP=0x00000000169dd230 is pointing into the stack for thread: 0x0000000015d51000
RBP=0x0000000015d45e70 is an unknown value
RSI=0x00000000024452c0 is an unknown value
RDI=0x0000000000000000 is an unknown value
R8 =0x3cccc588ffff0013 is an unknown value
R9 =0x0000000000000000 is an unknown value
R10=0x0000000015d460a0 is an unknown value
R11=0x00000000183ca140 is an unknown value
R12=0x0000000015d51000 is a thread
R13=0x0000000015d45e70 is an unknown value
R14=0x000000001a554d80 is an unknown value
R15=0x0000000000000000 is an unknown value


Stack: [0x00000000168e0000,0x00000000169e0000],  sp=0x00000000169dd230,  free space=1012k
Native frames: (J=compiled Java code, j=interpreted, Vv=VM code, C=native code)
V  [jvm.dll+0x43608]
V  [jvm.dll+0x43999]
V  [jvm.dll+0x41c6b]
V  [jvm.dll+0x420aeb]
V  [jvm.dll+0x41b8da]
V  [jvm.dll+0x41e727]
V  [jvm.dll+0x41eeeb]
V  [jvm.dll+0x41fde6]
V  [jvm.dll+0x420048]
V  [jvm.dll+0x42047b]
V  [jvm.dll+0x41ffd5]
V  [jvm.dll+0x41bd3b]
V  [jvm.dll+0x41e727]
V  [jvm.dll+0x41eeeb]
V  [jvm.dll+0x41fde6]
V  [jvm.dll+0x420048]
V  [jvm.dll+0x42047b]
V  [jvm.dll+0x41ffd5]
V  [jvm.dll+0x41bd3b]
V  [jvm.dll+0x41e727]
V  [jvm.dll+0x41f01d]
V  [jvm.dll+0x41fde6]
V  [jvm.dll+0x420048]
V  [jvm.dll+0x42047b]
V  [jvm.dll+0x41ffd5]
V  [jvm.dll+0x41bd3b]
V  [jvm.dll+0x41e727]
V  [jvm.dll+0x41eeeb]
V  [jvm.dll+0x41fde6]
V  [jvm.dll+0x420048]
V  [jvm.dll+0x42047b]
V  [jvm.dll+0x41ffd5]
V  [jvm.dll+0x41bd3b]
V  [jvm.dll+0x41e727]
V  [jvm.dll+0x41f01d]
V  [jvm.dll+0x41fde6]
V  [jvm.dll+0x420048]
V  [jvm.dll+0x42047b]
V  [jvm.dll+0x41ffd5]
V  [jvm.dll+0x41bd3b]
V  [jvm.dll+0x41e727]
V  [jvm.dll+0x41eeeb]
V  [jvm.dll+0x41fde6]
V  [jvm.dll+0x420048]
V  [jvm.dll+0x41bd3b]
V  [jvm.dll+0x41e727]
V  [jvm.dll+0x41eeeb]
V  [jvm.dll+0x41fde6]
V  [jvm.dll+0x420048]
V  [jvm.dll+0x41bd3b]
V  [jvm.dll+0x41e727]
V  [jvm.dll+0x41f01d]
V  [jvm.dll+0x41f412]
V  [jvm.dll+0x4244f5]
V  [jvm.dll+0x424600]
V  [jvm.dll+0x40ddb8]
V  [jvm.dll+0x40e021]
V  [jvm.dll+0x40e1e2]
V  [jvm.dll+0x40e3b1]
V  [jvm.dll+0x40e5bf]
V  [jvm.dll+0xa5742]
V  [jvm.dll+0xa607f]
V  [jvm.dll+0x244b7f]
V  [jvm.dll+0x29c43a]
C  [msvcr100.dll+0x21d9f]
C  [msvcr100.dll+0x21e3b]
C  [KERNEL32.DLL+0x17c24]
C  [ntdll.dll+0x6d4d1]


Current CompileTask:
C1:   7053 6599       3       android.content.res.TypedArray::$$robo$$android_content_res_TypedArray$loadStringValueAt (51 bytes)


---------------  P R O C E S S  ---------------

Java Threads: ( => current thread )
  0x000000001c6f5800 JavaThread "Java2D Disposer" daemon [_thread_blocked, id=12800, stack(0x000000001a1c0000,0x000000001a2c0000)]
  0x000000001800c800 JavaThread "SDK 28 Main Thread" [_thread_in_Java, id=16176, stack(0x0000000019ec0000,0x0000000019fc0000)]
  0x00000000173d5000 JavaThread "/127.0.0.1:63041 to /127.0.0.1:63040 workers Thread 3" [_thread_in_native, id=10100, stack(0x00000000189f0000,0x0000000018af0000)]
  0x0000000017190000 JavaThread "/127.0.0.1:63041 to /127.0.0.1:63040 workers Thread 2" [_thread_blocked, id=4516, stack(0x00000000188f0000,0x00000000189f0000)]
  0x0000000017162000 JavaThread "Test worker" [_thread_blocked, id=15912, stack(0x00000000184b0000,0x00000000185b0000)]
  0x0000000015de1000 JavaThread "Service Thread" daemon [_thread_blocked, id=18976, stack(0x00000000169e0000,0x0000000016ae0000)]
=>0x0000000015d51000 JavaThread "C1 CompilerThread3" daemon [_thread_in_vm, id=372, stack(0x00000000168e0000,0x00000000169e0000)]
  0x0000000015d4c800 JavaThread "C2 CompilerThread2" daemon [_thread_blocked, id=13892, stack(0x00000000167e0000,0x00000000168e0000)]
  0x0000000015d43800 JavaThread "C2 CompilerThread1" daemon [_thread_blocked, id=19840, stack(0x00000000166e0000,0x00000000167e0000)]
  0x0000000015d42800 JavaThread "C2 CompilerThread0" daemon [_thread_blocked, id=13096, stack(0x00000000165e0000,0x00000000166e0000)]
  0x0000000015d3f800 JavaThread "Attach Listener" daemon [_thread_blocked, id=12532, stack(0x00000000164e0000,0x00000000165e0000)]
  0x0000000015d3e800 JavaThread "Signal Dispatcher" daemon [_thread_blocked, id=3524, stack(0x00000000163e0000,0x00000000164e0000)]
  0x00000000024e9000 JavaThread "Finalizer" daemon [_thread_blocked, id=5640, stack(0x00000000160a0000,0x00000000161a0000)]
  0x00000000024e6000 JavaThread "Reference Handler" daemon [_thread_blocked, id=20876, stack(0x0000000015ba0000,0x0000000015ca0000)]
  0x00000000023f2800 JavaThread "main" [_thread_blocked, id=18952, stack(0x0000000000ac0000,0x0000000000bc0000)]

Other Threads:
  0x0000000013d8a000 VMThread [stack: 0x0000000015aa0000,0x0000000015ba0000] [id=21480]
  0x0000000015e7f000 WatcherThread [stack: 0x0000000016ae0000,0x0000000016be0000] [id=19420]

VM state:not at safepoint (normal execution)

VM Mutex/Monitor currently owned by a thread: None

Heap:
 PSYoungGen      total 161792K, used 90459K [0x00000000f5580000, 0x0000000100000000, 0x0000000100000000)
  eden space 150016K, 52% used [0x00000000f5580000,0x00000000fa2a5ae8,0x00000000fe800000)
  from space 11776K, 97% used [0x00000000fe800000,0x00000000ff331510,0x00000000ff380000)
  to   space 12800K, 0% used [0x00000000ff380000,0x00000000ff380000,0x0000000100000000)
 ParOldGen       total 168960K, used 64998K [0x00000000e0000000, 0x00000000ea500000, 0x00000000f5580000)
  object space 168960K, 38% used [0x00000000e0000000,0x00000000e3f79ab8,0x00000000ea500000)
 Metaspace       used 61426K, capacity 70449K, committed 70704K, reserved 1110016K
  class space    used 7692K, capacity 10272K, committed 10288K, reserved 1048576K

Card table byte_map: [0x0000000011990000,0x0000000011aa0000] byte_map_base: 0x0000000011290000

Marking Bits: (ParMarkBitMap*) 0x0000000058aaa6c0
 Begin Bits: [0x00000000122a0000, 0x0000000012aa0000)
 End Bits:   [0x0000000012aa0000, 0x00000000132a0000)

Polling page: 0x0000000000650000

CodeCache: size=245760Kb used=17525Kb max_used=17554Kb free=228234Kb
 bounds [0x00000000025d0000, 0x0000000003710000, 0x00000000115d0000]
 total_blobs=6918 nmethods=5357 adapters=1473
 compilation: enabled

Compilation events (10 events):
Event: 7.002 Thread 0x0000000015d51000 nmethod 6594 0x00000000036e8a50 code [0x00000000036e8be0, 0x00000000036e8f78]
Event: 7.002 Thread 0x0000000015d51000 6595       3       java.util.Formatter$Conversion::isGeneral (64 bytes)
Event: 7.002 Thread 0x0000000015d51000 nmethod 6595 0x00000000036e8710 code [0x00000000036e8860, 0x00000000036e89d0]
Event: 7.002 Thread 0x0000000015d51000 6596       1       java.util.Formatter$FormatSpecifier::index (5 bytes)
Event: 7.003 Thread 0x0000000015d51000 nmethod 6596 0x00000000036e8450 code [0x00000000036e85a0, 0x00000000036e86b0]
Event: 7.005 Thread 0x0000000015d51000 6598       3       android.content.res.TypedArray::loadStringValueAt (8 bytes)
Event: 7.006 Thread 0x0000000015d51000 nmethod 6598 0x00000000036ed990 code [0x00000000036edcc0, 0x00000000036ef788]
Event: 7.006 Thread 0x0000000015d51000 6600       3       org.robolectric.res.android.ResourceString::decodeLengthUTF16 (38 bytes)
Event: 7.006 Thread 0x0000000015d51000 nmethod 6600 0x00000000036f0c90 code [0x00000000036f0e00, 0x00000000036f1138]
Event: 7.006 Thread 0x0000000015d51000 6599       3       android.content.res.TypedArray::$$robo$$android_content_res_TypedArray$loadStringValueAt (51 bytes)

GC Heap History (10 events):
Event: 5.113 GC heap before
{Heap before GC invocations=18 (full 3):
 PSYoungGen      total 162304K, used 151040K [0x00000000f5580000, 0x00000000fff80000, 0x0000000100000000)
  eden space 151040K, 100% used [0x00000000f5580000,0x00000000fe900000,0x00000000fe900000)
  from space 11264K, 0% used [0x00000000ff400000,0x00000000ff400000,0x00000000fff00000)
  to   space 11264K, 0% used [0x00000000fe900000,0x00000000fe900000,0x00000000ff400000)
 ParOldGen       total 168960K, used 60716K [0x00000000e0000000, 0x00000000ea500000, 0x00000000f5580000)
  object space 168960K, 35% used [0x00000000e0000000,0x00000000e3b4b1b0,0x00000000ea500000)
 Metaspace       used 50139K, capacity 56015K, committed 56368K, reserved 1097728K
  class space    used 6092K, capacity 7885K, committed 7984K, reserved 1048576K
Event: 5.117 GC heap after
Heap after GC invocations=18 (full 3):
 PSYoungGen      total 162304K, used 4670K [0x00000000f5580000, 0x0000000100000000, 0x0000000100000000)
  eden space 151040K, 0% used [0x00000000f5580000,0x00000000f5580000,0x00000000fe900000)
  from space 11264K, 41% used [0x00000000fe900000,0x00000000fed8f8f8,0x00000000ff400000)
  to   space 11264K, 0% used [0x00000000ff500000,0x00000000ff500000,0x0000000100000000)
 ParOldGen       total 168960K, used 60724K [0x00000000e0000000, 0x00000000ea500000, 0x00000000f5580000)
  object space 168960K, 35% used [0x00000000e0000000,0x00000000e3b4d1b0,0x00000000ea500000)
 Metaspace       used 50139K, capacity 56015K, committed 56368K, reserved 1097728K
  class space    used 6092K, capacity 7885K, committed 7984K, reserved 1048576K
}
Event: 5.486 GC heap before
{Heap before GC invocations=19 (full 3):
 PSYoungGen      total 162304K, used 155710K [0x00000000f5580000, 0x0000000100000000, 0x0000000100000000)
  eden space 151040K, 100% used [0x00000000f5580000,0x00000000fe900000,0x00000000fe900000)
  from space 11264K, 41% used [0x00000000fe900000,0x00000000fed8f8f8,0x00000000ff400000)
  to   space 11264K, 0% used [0x00000000ff500000,0x00000000ff500000,0x0000000100000000)
 ParOldGen       total 168960K, used 60724K [0x00000000e0000000, 0x00000000ea500000, 0x00000000f5580000)
  object space 168960K, 35% used [0x00000000e0000000,0x00000000e3b4d1b0,0x00000000ea500000)
 Metaspace       used 53673K, capacity 59673K, committed 59952K, reserved 1101824K
  class space    used 6356K, capacity 8174K, committed 8240K, reserved 1048576K
Event: 5.490 GC heap after
Heap after GC invocations=19 (full 3):
 PSYoungGen      total 162304K, used 6112K [0x00000000f5580000, 0x00000000fff00000, 0x0000000100000000)
  eden space 152064K, 0% used [0x00000000f5580000,0x00000000f5580000,0x00000000fea00000)
  from space 10240K, 59% used [0x00000000ff500000,0x00000000ffaf80b8,0x00000000fff00000)
  to   space 10752K, 0% used [0x00000000fea00000,0x00000000fea00000,0x00000000ff480000)
 ParOldGen       total 168960K, used 60732K [0x00000000e0000000, 0x00000000ea500000, 0x00000000f5580000)
  object space 168960K, 35% used [0x00000000e0000000,0x00000000e3b4f1b0,0x00000000ea500000)
 Metaspace       used 53673K, capacity 59673K, committed 59952K, reserved 1101824K
  class space    used 6356K, capacity 8174K, committed 8240K, reserved 1048576K
}
Event: 5.805 GC heap before
{Heap before GC invocations=20 (full 3):
 PSYoungGen      total 162304K, used 158176K [0x00000000f5580000, 0x00000000fff00000, 0x0000000100000000)
  eden space 152064K, 100% used [0x00000000f5580000,0x00000000fea00000,0x00000000fea00000)
  from space 10240K, 59% used [0x00000000ff500000,0x00000000ffaf80b8,0x00000000fff00000)
  to   space 10752K, 0% used [0x00000000fea00000,0x00000000fea00000,0x00000000ff480000)
 ParOldGen       total 168960K, used 60732K [0x00000000e0000000, 0x00000000ea500000, 0x00000000f5580000)
  object space 168960K, 35% used [0x00000000e0000000,0x00000000e3b4f1b0,0x00000000ea500000)
 Metaspace       used 55917K, capacity 62505K, committed 62768K, reserved 1103872K
  class space    used 6754K, capacity 8742K, committed 8752K, reserved 1048576K
Event: 5.811 GC heap after
Heap after GC invocations=20 (full 3):
 PSYoungGen      total 162816K, used 7403K [0x00000000f5580000, 0x0000000100000000, 0x0000000100000000)
  eden space 152064K, 0% used [0x00000000f5580000,0x00000000f5580000,0x00000000fea00000)
  from space 10752K, 68% used [0x00000000fea00000,0x00000000ff13ad00,0x00000000ff480000)
  to   space 10752K, 0% used [0x00000000ff580000,0x00000000ff580000,0x0000000100000000)
 ParOldGen       total 168960K, used 60740K [0x00000000e0000000, 0x00000000ea500000, 0x00000000f5580000)
  object space 168960K, 35% used [0x00000000e0000000,0x00000000e3b511b0,0x00000000ea500000)
 Metaspace       used 55917K, capacity 62505K, committed 62768K, reserved 1103872K
  class space    used 6754K, capacity 8742K, committed 8752K, reserved 1048576K
}
Event: 6.596 GC heap before
{Heap before GC invocations=21 (full 3):
 PSYoungGen      total 162816K, used 159467K [0x00000000f5580000, 0x0000000100000000, 0x0000000100000000)
  eden space 152064K, 100% used [0x00000000f5580000,0x00000000fea00000,0x00000000fea00000)
  from space 10752K, 68% used [0x00000000fea00000,0x00000000ff13ad00,0x00000000ff480000)
  to   space 10752K, 0% used [0x00000000ff580000,0x00000000ff580000,0x0000000100000000)
 ParOldGen       total 168960K, used 60740K [0x00000000e0000000, 0x00000000ea500000, 0x00000000f5580000)
  object space 168960K, 35% used [0x00000000e0000000,0x00000000e3b511b0,0x00000000ea500000)
 Metaspace       used 60671K, capacity 69403K, committed 69680K, reserved 1107968K
  class space    used 7635K, capacity 10179K, committed 10288K, reserved 1048576K
Event: 6.605 GC heap after
Heap after GC invocations=21 (full 3):
 PSYoungGen      total 160768K, used 10742K [0x00000000f5580000, 0x0000000100000000, 0x0000000100000000)
  eden space 150016K, 0% used [0x00000000f5580000,0x00000000f5580000,0x00000000fe800000)
  from space 10752K, 99% used [0x00000000ff580000,0x00000000ffffdb98,0x0000000100000000)
  to   space 12288K, 0% used [0x00000000fe800000,0x00000000fe800000,0x00000000ff400000)
 ParOldGen       total 168960K, used 62340K [0x00000000e0000000, 0x00000000ea500000, 0x00000000f5580000)
  object space 168960K, 36% used [0x00000000e0000000,0x00000000e3ce10d0,0x00000000ea500000)
 Metaspace       used 60671K, capacity 69403K, committed 69680K, reserved 1107968K
  class space    used 7635K, capacity 10179K, committed 10288K, reserved 1048576K
}
Event: 6.866 GC heap before
{Heap before GC invocations=22 (full 3):
 PSYoungGen      total 160768K, used 160758K [0x00000000f5580000, 0x0000000100000000, 0x0000000100000000)
  eden space 150016K, 100% used [0x00000000f5580000,0x00000000fe800000,0x00000000fe800000)
  from space 10752K, 99% used [0x00000000ff580000,0x00000000ffffdb98,0x0000000100000000)
  to   space 12288K, 0% used [0x00000000fe800000,0x00000000fe800000,0x00000000ff400000)
 ParOldGen       total 168960K, used 62340K [0x00000000e0000000, 0x00000000ea500000, 0x00000000f5580000)
  object space 168960K, 36% used [0x00000000e0000000,0x00000000e3ce10d0,0x00000000ea500000)
 Metaspace       used 61119K, capacity 69983K, committed 70192K, reserved 1110016K
  class space    used 7671K, capacity 10219K, committed 10288K, reserved 1048576K
Event: 6.875 GC heap after
Heap after GC invocations=22 (full 3):
 PSYoungGen      total 161792K, used 11461K [0x00000000f5580000, 0x0000000100000000, 0x0000000100000000)
  eden space 150016K, 0% used [0x00000000f5580000,0x00000000f5580000,0x00000000fe800000)
  from space 11776K, 97% used [0x00000000fe800000,0x00000000ff331510,0x00000000ff380000)
  to   space 12800K, 0% used [0x00000000ff380000,0x00000000ff380000,0x0000000100000000)
 ParOldGen       total 168960K, used 64998K [0x00000000e0000000, 0x00000000ea500000, 0x00000000f5580000)
  object space 168960K, 38% used [0x00000000e0000000,0x00000000e3f79ab8,0x00000000ea500000)
 Metaspace       used 61119K, capacity 69983K, committed 70192K, reserved 1110016K
  class space    used 7671K, capacity 10219K, committed 10288K, reserved 1048576K
}

Deoptimization events (10 events):
Event: 6.639 Thread 0x0000000017162000 Uncommon trap: reason=class_check action=maybe_recompile pc=0x0000000002fd45c0 method=com.google.common.collect.ImmutableSet$RegularSetBuilderImpl.add(Ljava/lang/Object;)Lcom/google/common/collect/ImmutableSet$SetBuilderImpl; @ 6
Event: 6.639 Thread 0x0000000017162000 Uncommon trap: reason=class_check action=maybe_recompile pc=0x0000000002fd45c0 method=com.google.common.collect.ImmutableSet$RegularSetBuilderImpl.add(Ljava/lang/Object;)Lcom/google/common/collect/ImmutableSet$SetBuilderImpl; @ 6
Event: 6.639 Thread 0x0000000017162000 Uncommon trap: reason=class_check action=maybe_recompile pc=0x0000000002fd45c0 method=com.google.common.collect.ImmutableSet$RegularSetBuilderImpl.add(Ljava/lang/Object;)Lcom/google/common/collect/ImmutableSet$SetBuilderImpl; @ 6
Event: 6.639 Thread 0x0000000017162000 Uncommon trap: reason=class_check action=maybe_recompile pc=0x0000000002fd45c0 method=com.google.common.collect.ImmutableSet$RegularSetBuilderImpl.add(Ljava/lang/Object;)Lcom/google/common/collect/ImmutableSet$SetBuilderImpl; @ 6
Event: 6.639 Thread 0x0000000017162000 Uncommon trap: reason=unstable_if action=reinterpret pc=0x0000000002c9d58c method=org.robolectric.internal.bytecode.MethodRef.equals(Ljava/lang/Object;)Z @ 2
Event: 6.640 Thread 0x0000000017162000 Uncommon trap: reason=unstable_if action=reinterpret pc=0x0000000002da4050 method=org.robolectric.internal.bytecode.MethodRef.equals(Ljava/lang/Object;)Z @ 2
Event: 6.643 Thread 0x000000001800c800 Uncommon trap: reason=unstable_if action=reinterpret pc=0x0000000002c2942c method=java.util.Arrays.hashCode([Ljava/lang/Object;)I @ 34
Event: 6.650 Thread 0x000000001800c800 Uncommon trap: reason=unstable_if action=reinterpret pc=0x00000000032b3db4 method=org.robolectric.res.android.ResTable_config.isBetterThan(Lorg/robolectric/res/android/ResTable_config;Lorg/robolectric/res/android/ResTable_config;)Z @ 898
Event: 6.654 Thread 0x000000001800c800 Uncommon trap: reason=unstable_if action=reinterpret pc=0x00000000031eacd8 method=org.robolectric.res.android.ResTable_config.match(Lorg/robolectric/res/android/ResTable_config;)Z @ 531
Event: 6.852 Thread 0x000000001800c800 Uncommon trap: reason=unstable_if action=reinterpret pc=0x00000000028b9e5c method=java.lang.StringCoding.decode(Ljava/nio/charset/Charset;[BII)[C @ 24

Internal exceptions (10 events):
Event: 5.998 Thread 0x000000001800c800 Implicit null exception at 0x000000000342e322 to 0x000000000342ed9b
Event: 5.998 Thread 0x000000001800c800 Implicit null exception at 0x000000000337f873 to 0x0000000003380f55
Event: 6.080 Thread 0x000000001800c800 Exception <a 'java/lang/NoSuchFieldError': method resolution failed> (0x00000000f9d3bb38) thrown at [C:\re\workspace\8-2-build-windows-amd64-cygwin\jdk8u111\7883\hotspot\src\share\vm\prims\methodHandles.cpp, line 1146]
Event: 6.344 Thread 0x000000001800c800 Exception <a 'java/lang/NoSuchFieldError': method resolution failed> (0x00000000fa90b850) thrown at [C:\re\workspace\8-2-build-windows-amd64-cygwin\jdk8u111\7883\hotspot\src\share\vm\prims\methodHandles.cpp, line 1146]
Event: 6.503 Thread 0x000000001800c800 Implicit null exception at 0x0000000002ce28b1 to 0x0000000002ce2c92
Event: 6.518 Thread 0x000000001800c800 Implicit null exception at 0x00000000029c1c57 to 0x00000000029c1d2d
Event: 6.620 Thread 0x000000001800c800 Exception <a 'java/lang/NoSuchMethodError': java.lang.Object.lambda$get$0(Ljava/lang/Object;)V> (0x00000000f59ee528) thrown at [C:\re\workspace\8-2-build-windows-amd64-cygwin\jdk8u111\7883\hotspot\src\share\vm\interpreter\linkResolver.cpp, line 582]
Event: 6.643 Thread 0x000000001800c800 Implicit null exception at 0x0000000002c2936f to 0x0000000002c2940d
Event: 6.658 Thread 0x000000001800c800 Exception <a 'sun/nio/fs/WindowsException'> (0x00000000f650cf40) thrown at [C:\re\workspace\8-2-build-windows-amd64-cygwin\jdk8u111\7883\hotspot\src\share\vm\prims\jni.cpp, line 709]
Event: 7.009 Thread 0x000000001800c800 Exception <a 'sun/nio/fs/WindowsException'> (0x00000000f84cd2d0) thrown at [C:\re\workspace\8-2-build-windows-amd64-cygwin\jdk8u111\7883\hotspot\src\share\vm\prims\jni.cpp, line 709]

Events (10 events):
Event: 6.994 loading class org/aplas/mylibrary/TestC1MyData031
Event: 6.994 loading class org/aplas/mylibrary/TestC1MyData031 done
Event: 7.001 Thread 0x000000001800c800 DEOPT PACKING pc=0x0000000002f9ba46 sp=0x0000000019fbd230
Event: 7.001 Thread 0x000000001800c800 DEOPT UNPACKING pc=0x000000000261787f sp=0x0000000019fbcf40 mode 0
Event: 7.002 Thread 0x000000001800c800 DEOPT PACKING pc=0x0000000002f9ba46 sp=0x0000000019fbd450
Event: 7.002 Thread 0x000000001800c800 DEOPT UNPACKING pc=0x000000000261787f sp=0x0000000019fbd160 mode 0
Event: 7.005 Thread 0x000000001800c800 DEOPT PACKING pc=0x0000000002f9ba46 sp=0x0000000019fba9b0
Event: 7.005 Thread 0x000000001800c800 DEOPT UNPACKING pc=0x000000000261787f sp=0x0000000019fba6c0 mode 0
Event: 7.008 Thread 0x000000001800c800 DEOPT PACKING pc=0x0000000002f9ba46 sp=0x0000000019fbc6c0
Event: 7.008 Thread 0x000000001800c800 DEOPT UNPACKING pc=0x000000000261787f sp=0x0000000019fbc3d0 mode 0


Dynamic libraries:
0x00007ff73c600000 - 0x00007ff73c637000 	C:\Program Files\Java\jdk1.8.0_111\bin\java.exe
0x00007fff48c40000 - 0x00007fff48e30000 	C:\WINDOWS\SYSTEM32\ntdll.dll
0x00007fff12440000 - 0x00007fff12455000 	C:\Program Files\Avast Software\Avast\aswhook.dll
0x00007fff48330000 - 0x00007fff483e2000 	C:\WINDOWS\System32\KERNEL32.DLL
0x00007fff45bc0000 - 0x00007fff45e65000 	C:\WINDOWS\System32\KERNELBASE.dll
0x00007fff477d0000 - 0x00007fff47873000 	C:\WINDOWS\System32\ADVAPI32.dll
0x00007fff473a0000 - 0x00007fff4743e000 	C:\WINDOWS\System32\msvcrt.dll
0x00007fff46f00000 - 0x00007fff46f97000 	C:\WINDOWS\System32\sechost.dll
0x00007fff46fa0000 - 0x00007fff470bf000 	C:\WINDOWS\System32\RPCRT4.dll
0x00007fff47200000 - 0x00007fff47394000 	C:\WINDOWS\System32\USER32.dll
0x00007fff46410000 - 0x00007fff46431000 	C:\WINDOWS\System32\win32u.dll
0x00007fff48a90000 - 0x00007fff48ab6000 	C:\WINDOWS\System32\GDI32.dll
0x00007fff46270000 - 0x00007fff46408000 	C:\WINDOWS\System32\gdi32full.dll
0x00007fff46c50000 - 0x00007fff46cee000 	C:\WINDOWS\System32\msvcp_win.dll
0x00007fff45f40000 - 0x00007fff4603a000 	C:\WINDOWS\System32\ucrtbase.dll
0x00007fff38ec0000 - 0x00007fff39144000 	C:\WINDOWS\WinSxS\amd64_microsoft.windows.common-controls_6595b64144ccf1df_6.0.18362.1316_none_9e7a364fe461dbd7\COMCTL32.dll
0x00007fff47ff0000 - 0x00007fff48327000 	C:\WINDOWS\System32\combase.dll
0x00007fff46440000 - 0x00007fff464c1000 	C:\WINDOWS\System32\bcryptPrimitives.dll
0x00007fff46cf0000 - 0x00007fff46d1e000 	C:\WINDOWS\System32\IMM32.DLL
0x0000000058b30000 - 0x0000000058c02000 	C:\Program Files\Java\jdk1.8.0_111\jre\bin\msvcr100.dll
0x0000000058290000 - 0x0000000058b2a000 	C:\Program Files\Java\jdk1.8.0_111\jre\bin\server\jvm.dll
0x00007fff47450000 - 0x00007fff47458000 	C:\WINDOWS\System32\PSAPI.DLL
0x00007fff34eb0000 - 0x00007fff34ed4000 	C:\WINDOWS\SYSTEM32\WINMM.dll
0x00007fff3b6a0000 - 0x00007fff3b6a9000 	C:\WINDOWS\SYSTEM32\WSOCK32.dll
0x00007fff3ff30000 - 0x00007fff3ff3a000 	C:\WINDOWS\SYSTEM32\VERSION.dll
0x00007fff489b0000 - 0x00007fff48a1f000 	C:\WINDOWS\System32\WS2_32.dll
0x00007fff34760000 - 0x00007fff3478d000 	C:\WINDOWS\SYSTEM32\WINMMBASE.dll
0x00007fff46220000 - 0x00007fff4626a000 	C:\WINDOWS\System32\cfgmgr32.dll
0x0000000058280000 - 0x000000005828f000 	C:\Program Files\Java\jdk1.8.0_111\jre\bin\verify.dll
0x0000000058250000 - 0x0000000058279000 	C:\Program Files\Java\jdk1.8.0_111\jre\bin\java.dll
0x0000000058230000 - 0x0000000058246000 	C:\Program Files\Java\jdk1.8.0_111\jre\bin\zip.dll
0x00007fff47900000 - 0x00007fff47fe8000 	C:\WINDOWS\System32\SHELL32.dll
0x00007fff46d20000 - 0x00007fff46dc7000 	C:\WINDOWS\System32\shcore.dll
0x00007fff464d0000 - 0x00007fff46c4b000 	C:\WINDOWS\System32\windows.storage.dll
0x00007fff45b70000 - 0x00007fff45b93000 	C:\WINDOWS\System32\profapi.dll
0x00007fff45b00000 - 0x00007fff45b4a000 	C:\WINDOWS\System32\powrprof.dll
0x00007fff45af0000 - 0x00007fff45b00000 	C:\WINDOWS\System32\UMPDC.dll
0x00007fff47770000 - 0x00007fff477c2000 	C:\WINDOWS\System32\shlwapi.dll
0x00007fff45b50000 - 0x00007fff45b61000 	C:\WINDOWS\System32\kernel.appcore.dll
0x00007fff45e70000 - 0x00007fff45e87000 	C:\WINDOWS\System32\cryptsp.dll
0x0000000058210000 - 0x000000005822a000 	C:\Program Files\Java\jdk1.8.0_111\jre\bin\net.dll
0x00007fff452d0000 - 0x00007fff45337000 	C:\WINDOWS\system32\mswsock.dll
0x00000000581f0000 - 0x0000000058201000 	C:\Program Files\Java\jdk1.8.0_111\jre\bin\nio.dll
0x00007fff44e50000 - 0x00007fff44e83000 	C:\WINDOWS\system32\rsaenh.dll
0x00007fff461f0000 - 0x00007fff46216000 	C:\WINDOWS\System32\bcrypt.dll
0x00007fff45a10000 - 0x00007fff45a35000 	C:\WINDOWS\SYSTEM32\USERENV.dll
0x00007fff454a0000 - 0x00007fff454ac000 	C:\WINDOWS\SYSTEM32\CRYPTBASE.dll
0x00007fff44fe0000 - 0x00007fff4501a000 	C:\WINDOWS\SYSTEM32\IPHLPAPI.DLL
0x00007fff48b20000 - 0x00007fff48b28000 	C:\WINDOWS\System32\NSI.dll
0x00007fff3f3b0000 - 0x00007fff3f3c6000 	C:\WINDOWS\SYSTEM32\dhcpcsvc6.DLL
0x00007fff3fcb0000 - 0x00007fff3fccc000 	C:\WINDOWS\SYSTEM32\dhcpcsvc.DLL
0x00007fff45030000 - 0x00007fff450fb000 	C:\WINDOWS\SYSTEM32\DNSAPI.dll
0x00000000581b0000 - 0x00000000581d4000 	C:\Program Files\Java\jdk1.8.0_111\jre\bin\sunec.dll
0x00000000581a0000 - 0x00000000581ab000 	C:\Program Files\Java\jdk1.8.0_111\jre\bin\sunmscapi.dll
0x00007fff46040000 - 0x00007fff4618a000 	C:\WINDOWS\System32\CRYPT32.dll
0x00007fff45ba0000 - 0x00007fff45bb2000 	C:\WINDOWS\System32\MSASN1.dll
0x0000000057f20000 - 0x00000000580b8000 	C:\Program Files\Java\jdk1.8.0_111\jre\bin\awt.dll
0x00007fff483f0000 - 0x00007fff484b5000 	C:\WINDOWS\System32\OLEAUT32.dll
0x00007fff432e0000 - 0x00007fff4336f000 	C:\WINDOWS\SYSTEM32\apphelp.dll
0x00007fff44450000 - 0x00007fff44644000 	C:\WINDOWS\SYSTEM32\dbghelp.dll

VM Arguments:
jvm_args: -Djava.awt.headless=true -Djava.security.manager=worker.org.gradle.process.internal.worker.child.BootstrapSecurityManager -Dorg.gradle.native=false -Xmx512m -Dfile.encoding=windows-1252 -Duser.country=US -Duser.language=en -Duser.variant -ea 
java_command: worker.org.gradle.process.internal.worker.GradleWorkerMain 'Gradle Test Executor 17'
java_class_path (initial): C:\Users\ROG\.gradle\caches\6.1.1\workerMain\gradle-worker.jar
Launcher Type: SUN_STANDARD

Environment Variables:
PATH=C:\Program Files (x86)\Common Files\Intel\Shared Files\cpp\;C:\Program Files\Git\cmd;C:\Program Files\Microsoft SQL Server\Client SDK\ODBC\170\Tools\Binn\;C:\Program Files (x86)\Microsoft SQL Server\150\Tools\Binn\;C:\Program Files\Microsoft SQL Server\150\Tools\Binn\;C:\Program Files\Microsoft SQL Server\150\DTS\Binn\;C:\Program Files\nodejs\;C:\Program Files (x86)\Microsoft SQL Server\150\DTS\Binn\;C:\Program Files\Azure Data Studio\bin;D:\Semester 5\;C:\Program Files\Java\jdk-11.0.4\bin;C:\Users\ROG\AppData\Local\Programs\Microsoft VS Code\bin;C:\Users\ROG\AppData\Local\Microsoft\WindowsApps;C:\xampp\php;C:\Users\ROG\AppData\Local\ComposerSetup\bin;C:\Users\ROG\AppData\Roaming\Composer\vendor\bin;C:\Users\ROG\AppData\Roaming\npm;C:\Program Files\Azure Data Studio\bin
USERNAME=ROG
OS=Windows_NT
PROCESSOR_IDENTIFIER=Intel64 Family 6 Model 158 Stepping 10, GenuineIntel



---------------  S Y S T E M  ---------------

OS: Windows 10.0 , 64 bit Build 18362 (10.0.18362.1316)

CPU:total 8 (4 cores per cpu, 2 threads per core) family 6 model 158 stepping 10, cmov, cx8, fxsr, mmx, sse, sse2, sse3, ssse3, sse4.1, sse4.2, popcnt, avx, avx2, aes, clmul, erms, 3dnowpref, lzcnt, ht, tsc, tscinvbit, bmi1, bmi2, adx

Memory: 4k page, physical 8237576k(481840k free), swap 21869064k(8866520k free)

vm_info: Java HotSpot(TM) 64-Bit Server VM (25.111-b14) for windows-amd64 JRE (1.8.0_111-b14), built on Sep 22 2016 19:24:05 by "java_re" with MS VC++ 10.0 (VS2010)

time: Tue Oct 05 06:52:47 2021
elapsed time: 7 seconds (0d 0h 0m 7s)

