#
# A fatal error has been detected by the Java Runtime Environment:
#
#  EXCEPTION_ACCESS_VIOLATION (0xc0000005) at pc=0x00000000582d3608, pid=15584, tid=0x0000000000005368
#
# JRE version: Java(TM) SE Runtime Environment (8.0_111-b14) (build 1.8.0_111-b14)
# Java VM: Java HotSpot(TM) 64-Bit Server VM (25.111-b14 mixed mode windows-amd64 compressed oops)
# Problematic frame:
# V  [jvm.dll+0x43608]
#
# Failed to write core dump. Minidumps are not enabled by default on client versions of Windows
#
# If you would like to submit a bug report, please visit:
#   http://bugreport.java.com/bugreport/crash.jsp
#

---------------  T H R E A D  ---------------

Current thread (0x0000000016827800):  JavaThread "C1 CompilerThread3" daemon [_thread_in_vm, id=21352, stack(0x00000000173b0000,0x00000000174b0000)]

siginfo: ExceptionCode=0xc0000005, reading address 0xffffffffffffffff

Registers:
RAX=0x0000000016827800, RBX=0x0000000003045350, RCX=0x0000000003045350, RDX=0x0000000003045350
RSP=0x00000000174ad0e0, RBP=0x00000000168644c0, RSI=0x0000000003045350, RDI=0x0000000000000000
R8 =0x3cccc588ffff0013, R9 =0x0000000000000000, R10=0x00000000168646f0, R11=0x000000001cc03bd0
R12=0x0000000016827800, R13=0x00000000168644c0, R14=0x000000001e2138d0, R15=0x0000000000000000
RIP=0x00000000582d3608, EFLAGS=0x0000000000010202

Top of Stack: (sp=0x00000000174ad0e0)
0x00000000174ad0e0:   00000000000000b6 00000000174af690
0x00000000174ad0f0:   0000000000000000 0000000000000077
0x00000000174ad100:   000000001e6e62d0 00000000174af690
0x00000000174ad110:   00000000174ad1f0 00000000582bfe25
0x00000000174ad120:   00000000000000e9 00000000582d3999
0x00000000174ad130:   0000000000000077 0000000000000077
0x00000000174ad140:   0000000000000000 0000000000000000
0x00000000174ad150:   00000000000000b6 0000000018b78660
0x00000000174ad160:   0000000002ffa560 00000000582d1c6b
0x00000000174ad170:   0000000000000000 0000000016827800
0x00000000174ad180:   000000001e215090 00000000582bce0f
0x00000000174ad190:   0000000016827800 00000000582d6f80
0x00000000174ad1a0:   0000000016827800 0000000016827800
0x00000000174ad1b0:   0000000018b78660 00000000586b0aeb
0x00000000174ad1c0:   0000000000000000 0000000000000000
0x00000000174ad1d0:   000000001e215090 0000000000000000 

Instructions: (pc=0x00000000582d3608)
0x00000000582d35e8:   00 48 8b da ff 15 fe 7d 59 00 44 0f b6 05 5a d9
0x00000000582d35f8:   7a 00 4c 8b e0 45 84 c0 74 39 4c 8b 03 48 8b cb
0x00000000582d3608:   41 ff 50 08 84 c0 74 2b 83 7b 08 00 7e 25 0f b6
0x00000000582d3618:   83 0e 01 00 00 c0 e8 03 a8 01 74 17 48 8b 03 48 


Register to memory mapping:

RAX=0x0000000016827800 is a thread
RBX=0x0000000003045350 is an unknown value
RCX=0x0000000003045350 is an unknown value
RDX=0x0000000003045350 is an unknown value
RSP=0x00000000174ad0e0 is pointing into the stack for thread: 0x0000000016827800
RBP=0x00000000168644c0 is an unknown value
RSI=0x0000000003045350 is an unknown value
RDI=0x0000000000000000 is an unknown value
R8 =0x3cccc588ffff0013 is an unknown value
R9 =0x0000000000000000 is an unknown value
R10=0x00000000168646f0 is an unknown value
R11=0x000000001cc03bd0 is an unknown value
R12=0x0000000016827800 is a thread
R13=0x00000000168644c0 is an unknown value
R14=0x000000001e2138d0 is an unknown value
R15=0x0000000000000000 is an unknown value


Stack: [0x00000000173b0000,0x00000000174b0000],  sp=0x00000000174ad0e0,  free space=1012k
Native frames: (J=compiled Java code, j=interpreted, Vv=VM code, C=native code)
V  [jvm.dll+0x43608]
V  [jvm.dll+0x43999]
V  [jvm.dll+0x41c6b]
V  [jvm.dll+0x420aeb]
V  [jvm.dll+0x41b8da]
V  [jvm.dll+0x41e727]
V  [jvm.dll+0x41eeeb]
V  [jvm.dll+0x41fde6]
V  [jvm.dll+0x420048]
V  [jvm.dll+0x42047b]
V  [jvm.dll+0x41ffd5]
V  [jvm.dll+0x41bd3b]
V  [jvm.dll+0x41e727]
V  [jvm.dll+0x41eeeb]
V  [jvm.dll+0x41fde6]
V  [jvm.dll+0x420048]
V  [jvm.dll+0x42047b]
V  [jvm.dll+0x41ffd5]
V  [jvm.dll+0x41bd3b]
V  [jvm.dll+0x41e727]
V  [jvm.dll+0x41f01d]
V  [jvm.dll+0x41fde6]
V  [jvm.dll+0x420048]
V  [jvm.dll+0x42047b]
V  [jvm.dll+0x41ffd5]
V  [jvm.dll+0x41bd3b]
V  [jvm.dll+0x41e727]
V  [jvm.dll+0x41eeeb]
V  [jvm.dll+0x41fde6]
V  [jvm.dll+0x420048]
V  [jvm.dll+0x42047b]
V  [jvm.dll+0x41ffd5]
V  [jvm.dll+0x41bd3b]
V  [jvm.dll+0x41e727]
V  [jvm.dll+0x41f01d]
V  [jvm.dll+0x41fde6]
V  [jvm.dll+0x420048]
V  [jvm.dll+0x42047b]
V  [jvm.dll+0x41ffd5]
V  [jvm.dll+0x41bd3b]
V  [jvm.dll+0x41e727]
V  [jvm.dll+0x41eeeb]
V  [jvm.dll+0x41fde6]
V  [jvm.dll+0x420048]
V  [jvm.dll+0x41bd3b]
V  [jvm.dll+0x41e727]
V  [jvm.dll+0x41eeeb]
V  [jvm.dll+0x41fde6]
V  [jvm.dll+0x420048]
V  [jvm.dll+0x41bd3b]
V  [jvm.dll+0x41e727]
V  [jvm.dll+0x41f01d]
V  [jvm.dll+0x41f412]
V  [jvm.dll+0x4244f5]
V  [jvm.dll+0x424600]
V  [jvm.dll+0x40ddb8]
V  [jvm.dll+0x40e021]
V  [jvm.dll+0x40e1e2]
V  [jvm.dll+0x40e3b1]
V  [jvm.dll+0x40e5bf]
V  [jvm.dll+0xa5742]
V  [jvm.dll+0xa607f]
V  [jvm.dll+0x244b7f]
V  [jvm.dll+0x29c43a]
C  [msvcr100.dll+0x21d9f]
C  [msvcr100.dll+0x21e3b]
C  [KERNEL32.DLL+0x17c24]
C  [ntdll.dll+0x6d4d1]


Current CompileTask:
C1:   6343 6553       3       android.content.res.TypedArray::$$robo$$android_content_res_TypedArray$loadStringValueAt (51 bytes)


---------------  P R O C E S S  ---------------

Java Threads: ( => current thread )
  0x000000001a89f800 JavaThread "Java2D Disposer" daemon [_thread_blocked, id=17340, stack(0x000000001bc90000,0x000000001bd90000)]
  0x0000000017c20800 JavaThread "SDK 28 Main Thread" [_thread_in_native, id=20580, stack(0x00000000197c0000,0x00000000198c0000)]
  0x0000000017cfd000 JavaThread "/127.0.0.1:64474 to /127.0.0.1:64473 workers Thread 3" [_thread_in_native, id=14980, stack(0x00000000194c0000,0x00000000195c0000)]
  0x0000000017cae800 JavaThread "/127.0.0.1:64474 to /127.0.0.1:64473 workers Thread 2" [_thread_blocked, id=20636, stack(0x00000000193c0000,0x00000000194c0000)]
  0x0000000017e6c800 JavaThread "Test worker" [_thread_blocked, id=16844, stack(0x0000000018f80000,0x0000000019080000)]
  0x00000000168b4000 JavaThread "Service Thread" daemon [_thread_blocked, id=7152, stack(0x00000000174b0000,0x00000000175b0000)]
=>0x0000000016827800 JavaThread "C1 CompilerThread3" daemon [_thread_in_vm, id=21352, stack(0x00000000173b0000,0x00000000174b0000)]
  0x0000000016823000 JavaThread "C2 CompilerThread2" daemon [_thread_in_native, id=16620, stack(0x00000000172b0000,0x00000000173b0000)]
  0x0000000016813000 JavaThread "C2 CompilerThread1" daemon [_thread_in_native, id=13644, stack(0x00000000171b0000,0x00000000172b0000)]
  0x0000000016812000 JavaThread "C2 CompilerThread0" daemon [_thread_in_native, id=20404, stack(0x00000000170b0000,0x00000000171b0000)]
  0x000000001680e800 JavaThread "Attach Listener" daemon [_thread_blocked, id=18560, stack(0x0000000016fb0000,0x00000000170b0000)]
  0x000000001680d800 JavaThread "Signal Dispatcher" daemon [_thread_blocked, id=12580, stack(0x0000000016eb0000,0x0000000016fb0000)]
  0x00000000030ee000 JavaThread "Finalizer" daemon [_thread_blocked, id=20168, stack(0x0000000016b70000,0x0000000016c70000)]
  0x00000000030e5000 JavaThread "Reference Handler" daemon [_thread_blocked, id=6332, stack(0x0000000016670000,0x0000000016770000)]
  0x0000000002ff2800 JavaThread "main" [_thread_blocked, id=16128, stack(0x0000000002e50000,0x0000000002f50000)]

Other Threads:
  0x00000000148a9800 VMThread [stack: 0x0000000016570000,0x0000000016670000] [id=18828]
  0x000000001698e000 WatcherThread [stack: 0x00000000175b0000,0x00000000176b0000] [id=21276]

VM state:not at safepoint (normal execution)

VM Mutex/Monitor currently owned by a thread: None

Heap:
 PSYoungGen      total 160768K, used 117328K [0x00000000f5580000, 0x0000000100000000, 0x0000000100000000)
  eden space 146944K, 70% used [0x00000000f5580000,0x00000000fba95e30,0x00000000fe500000)
  from space 13824K, 99% used [0x00000000fe500000,0x00000000ff27e430,0x00000000ff280000)
  to   space 13824K, 0% used [0x00000000ff280000,0x00000000ff280000,0x0000000100000000)
 ParOldGen       total 172544K, used 61447K [0x00000000e0000000, 0x00000000ea880000, 0x00000000f5580000)
  object space 172544K, 35% used [0x00000000e0000000,0x00000000e3c01eb8,0x00000000ea880000)
 Metaspace       used 61421K, capacity 70414K, committed 70440K, reserved 1110016K
  class space    used 7695K, capacity 10272K, committed 10288K, reserved 1048576K

Card table byte_map: [0x00000000124b0000,0x00000000125c0000] byte_map_base: 0x0000000011db0000

Marking Bits: (ParMarkBitMap*) 0x0000000058aaa6c0
 Begin Bits: [0x0000000012dc0000, 0x00000000135c0000)
 End Bits:   [0x00000000135c0000, 0x0000000013dc0000)

Polling page: 0x00000000010f0000

CodeCache: size=245760Kb used=17420Kb max_used=17449Kb free=228339Kb
 bounds [0x00000000030f0000, 0x0000000004220000, 0x00000000120f0000]
 total_blobs=6904 nmethods=5343 adapters=1473
 compilation: enabled

Compilation events (10 events):
Event: 6.309 Thread 0x0000000016827800 nmethod 6547 0x00000000041ef550 code [0x00000000041ef6c0, 0x00000000041ef848]
Event: 6.309 Thread 0x0000000016827800 6548       3       java.util.Vector::<init> (49 bytes)
Event: 6.309 Thread 0x0000000016827800 nmethod 6548 0x00000000041f6410 code [0x00000000041f6600, 0x00000000041f6ff8]
Event: 6.311 Thread 0x0000000016827800 6551       3       java.util.Arrays::fill (21 bytes)
Event: 6.311 Thread 0x0000000016827800 nmethod 6551 0x00000000041f27d0 code [0x00000000041f2940, 0x00000000041f2c50]
Event: 6.311 Thread 0x0000000016827800 6552       3       android.content.res.TypedArray::loadStringValueAt (8 bytes)
Event: 6.313 Thread 0x0000000016827800 nmethod 6552 0x00000000041f7490 code [0x00000000041f77c0, 0x00000000041f9288]
Event: 6.313 Thread 0x0000000016827800 6554       3       org.robolectric.res.android.ResourceString::decodeLengthUTF16 (38 bytes)
Event: 6.313 Thread 0x0000000016827800 nmethod 6554 0x00000000041fa790 code [0x00000000041fa900, 0x00000000041fac38]
Event: 6.313 Thread 0x0000000016827800 6553       3       android.content.res.TypedArray::$$robo$$android_content_res_TypedArray$loadStringValueAt (51 bytes)

GC Heap History (10 events):
Event: 4.657 GC heap before
{Heap before GC invocations=18 (full 3):
 PSYoungGen      total 160768K, used 147968K [0x00000000f5580000, 0x0000000100000000, 0x0000000100000000)
  eden space 147968K, 100% used [0x00000000f5580000,0x00000000fe600000,0x00000000fe600000)
  from space 12800K, 0% used [0x00000000ff300000,0x00000000ff300000,0x00000000fff80000)
  to   space 13312K, 0% used [0x00000000fe600000,0x00000000fe600000,0x00000000ff300000)
 ParOldGen       total 172544K, used 60957K [0x00000000e0000000, 0x00000000ea880000, 0x00000000f5580000)
  object space 172544K, 35% used [0x00000000e0000000,0x00000000e3b87440,0x00000000ea880000)
 Metaspace       used 50007K, capacity 55950K, committed 56104K, reserved 1097728K
  class space    used 6085K, capacity 7884K, committed 7984K, reserved 1048576K
Event: 4.660 GC heap after
Heap after GC invocations=18 (full 3):
 PSYoungGen      total 161280K, used 4660K [0x00000000f5580000, 0x0000000100000000, 0x0000000100000000)
  eden space 147968K, 0% used [0x00000000f5580000,0x00000000f5580000,0x00000000fe600000)
  from space 13312K, 35% used [0x00000000fe600000,0x00000000fea8d108,0x00000000ff300000)
  to   space 13312K, 0% used [0x00000000ff300000,0x00000000ff300000,0x0000000100000000)
 ParOldGen       total 172544K, used 60965K [0x00000000e0000000, 0x00000000ea880000, 0x00000000f5580000)
  object space 172544K, 35% used [0x00000000e0000000,0x00000000e3b89440,0x00000000ea880000)
 Metaspace       used 50007K, capacity 55950K, committed 56104K, reserved 1097728K
  class space    used 6085K, capacity 7884K, committed 7984K, reserved 1048576K
}
Event: 4.959 GC heap before
{Heap before GC invocations=19 (full 3):
 PSYoungGen      total 161280K, used 152628K [0x00000000f5580000, 0x0000000100000000, 0x0000000100000000)
  eden space 147968K, 100% used [0x00000000f5580000,0x00000000fe600000,0x00000000fe600000)
  from space 13312K, 35% used [0x00000000fe600000,0x00000000fea8d108,0x00000000ff300000)
  to   space 13312K, 0% used [0x00000000ff300000,0x00000000ff300000,0x0000000100000000)
 ParOldGen       total 172544K, used 60965K [0x00000000e0000000, 0x00000000ea880000, 0x00000000f5580000)
  object space 172544K, 35% used [0x00000000e0000000,0x00000000e3b89440,0x00000000ea880000)
 Metaspace       used 53643K, capacity 59604K, committed 59944K, reserved 1101824K
  class space    used 6358K, capacity 8173K, committed 8240K, reserved 1048576K
Event: 4.964 GC heap after
Heap after GC invocations=19 (full 3):
 PSYoungGen      total 160256K, used 6289K [0x00000000f5580000, 0x00000000fff00000, 0x0000000100000000)
  eden space 147968K, 0% used [0x00000000f5580000,0x00000000f5580000,0x00000000fe600000)
  from space 12288K, 51% used [0x00000000ff300000,0x00000000ff9244c0,0x00000000fff00000)
  to   space 12800K, 0% used [0x00000000fe600000,0x00000000fe600000,0x00000000ff280000)
 ParOldGen       total 172544K, used 60973K [0x00000000e0000000, 0x00000000ea880000, 0x00000000f5580000)
  object space 172544K, 35% used [0x00000000e0000000,0x00000000e3b8b440,0x00000000ea880000)
 Metaspace       used 53643K, capacity 59604K, committed 59944K, reserved 1101824K
  class space    used 6358K, capacity 8173K, committed 8240K, reserved 1048576K
}
Event: 5.236 GC heap before
{Heap before GC invocations=20 (full 3):
 PSYoungGen      total 160256K, used 154257K [0x00000000f5580000, 0x00000000fff00000, 0x0000000100000000)
  eden space 147968K, 100% used [0x00000000f5580000,0x00000000fe600000,0x00000000fe600000)
  from space 12288K, 51% used [0x00000000ff300000,0x00000000ff9244c0,0x00000000fff00000)
  to   space 12800K, 0% used [0x00000000fe600000,0x00000000fe600000,0x00000000ff280000)
 ParOldGen       total 172544K, used 60973K [0x00000000e0000000, 0x00000000ea880000, 0x00000000f5580000)
  object space 172544K, 35% used [0x00000000e0000000,0x00000000e3b8b440,0x00000000ea880000)
 Metaspace       used 55661K, capacity 62184K, committed 62504K, reserved 1103872K
  class space    used 6714K, capacity 8681K, committed 8752K, reserved 1048576K
Event: 5.241 GC heap after
Heap after GC invocations=20 (full 3):
 PSYoungGen      total 160768K, used 7271K [0x00000000f5580000, 0x00000000fff80000, 0x0000000100000000)
  eden space 147968K, 0% used [0x00000000f5580000,0x00000000f5580000,0x00000000fe600000)
  from space 12800K, 56% used [0x00000000fe600000,0x00000000fed19d70,0x00000000ff280000)
  to   space 12288K, 0% used [0x00000000ff380000,0x00000000ff380000,0x00000000fff80000)
 ParOldGen       total 172544K, used 60981K [0x00000000e0000000, 0x00000000ea880000, 0x00000000f5580000)
  object space 172544K, 35% used [0x00000000e0000000,0x00000000e3b8d440,0x00000000ea880000)
 Metaspace       used 55661K, capacity 62184K, committed 62504K, reserved 1103872K
  class space    used 6714K, capacity 8681K, committed 8752K, reserved 1048576K
}
Event: 5.800 GC heap before
{Heap before GC invocations=21 (full 3):
 PSYoungGen      total 160768K, used 155239K [0x00000000f5580000, 0x00000000fff80000, 0x0000000100000000)
  eden space 147968K, 100% used [0x00000000f5580000,0x00000000fe600000,0x00000000fe600000)
  from space 12800K, 56% used [0x00000000fe600000,0x00000000fed19d70,0x00000000ff280000)
  to   space 12288K, 0% used [0x00000000ff380000,0x00000000ff380000,0x00000000fff80000)
 ParOldGen       total 172544K, used 60981K [0x00000000e0000000, 0x00000000ea880000, 0x00000000f5580000)
  object space 172544K, 35% used [0x00000000e0000000,0x00000000e3b8d440,0x00000000ea880000)
 Metaspace       used 59956K, capacity 68646K, committed 68776K, reserved 1107968K
  class space    used 7554K, capacity 10082K, committed 10160K, reserved 1048576K
Event: 5.811 GC heap after
Heap after GC invocations=21 (full 3):
 PSYoungGen      total 159232K, used 12226K [0x00000000f5580000, 0x0000000100000000, 0x0000000100000000)
  eden space 146944K, 0% used [0x00000000f5580000,0x00000000f5580000,0x00000000fe500000)
  from space 12288K, 99% used [0x00000000ff380000,0x00000000fff70988,0x00000000fff80000)
  to   space 13824K, 0% used [0x00000000fe500000,0x00000000fe500000,0x00000000ff280000)
 ParOldGen       total 172544K, used 60989K [0x00000000e0000000, 0x00000000ea880000, 0x00000000f5580000)
  object space 172544K, 35% used [0x00000000e0000000,0x00000000e3b8f440,0x00000000ea880000)
 Metaspace       used 59956K, capacity 68646K, committed 68776K, reserved 1107968K
  class space    used 7554K, capacity 10082K, committed 10160K, reserved 1048576K
}
Event: 6.104 GC heap before
{Heap before GC invocations=22 (full 3):
 PSYoungGen      total 159232K, used 159170K [0x00000000f5580000, 0x0000000100000000, 0x0000000100000000)
  eden space 146944K, 100% used [0x00000000f5580000,0x00000000fe500000,0x00000000fe500000)
  from space 12288K, 99% used [0x00000000ff380000,0x00000000fff70988,0x00000000fff80000)
  to   space 13824K, 0% used [0x00000000fe500000,0x00000000fe500000,0x00000000ff280000)
 ParOldGen       total 172544K, used 60989K [0x00000000e0000000, 0x00000000ea880000, 0x00000000f5580000)
  object space 172544K, 35% used [0x00000000e0000000,0x00000000e3b8f440,0x00000000ea880000)
 Metaspace       used 61259K, capacity 70132K, committed 70184K, reserved 1110016K
  class space    used 7682K, capacity 10247K, committed 10288K, reserved 1048576K
Event: 6.114 GC heap after
Heap after GC invocations=22 (full 3):
 PSYoungGen      total 160768K, used 13817K [0x00000000f5580000, 0x0000000100000000, 0x0000000100000000)
  eden space 146944K, 0% used [0x00000000f5580000,0x00000000f5580000,0x00000000fe500000)
  from space 13824K, 99% used [0x00000000fe500000,0x00000000ff27e430,0x00000000ff280000)
  to   space 13824K, 0% used [0x00000000ff280000,0x00000000ff280000,0x0000000100000000)
 ParOldGen       total 172544K, used 61447K [0x00000000e0000000, 0x00000000ea880000, 0x00000000f5580000)
  object space 172544K, 35% used [0x00000000e0000000,0x00000000e3c01eb8,0x00000000ea880000)
 Metaspace       used 61259K, capacity 70132K, committed 70184K, reserved 1110016K
  class space    used 7682K, capacity 10247K, committed 10288K, reserved 1048576K
}

Deoptimization events (10 events):
Event: 5.899 Thread 0x0000000017c20800 Uncommon trap: reason=unstable_if action=reinterpret pc=0x00000000039dfe24 method=sun.invoke.util.VerifyAccess.isClassAccessible(Ljava/lang/Class;Ljava/lang/Class;I)Z @ 42
Event: 5.915 Thread 0x0000000017e6c800 Uncommon trap: reason=bimorphic action=maybe_recompile pc=0x0000000003ecaa6c method=java.util.regex.Pattern$Curly.match0(Ljava/util/regex/Matcher;IILjava/lang/CharSequence;)Z @ 77
Event: 5.916 Thread 0x0000000017e6c800 Uncommon trap: reason=bimorphic action=maybe_recompile pc=0x0000000003ecaa6c method=java.util.regex.Pattern$Curly.match0(Ljava/util/regex/Matcher;IILjava/lang/CharSequence;)Z @ 77
Event: 5.917 Thread 0x0000000017e6c800 Uncommon trap: reason=class_check action=maybe_recompile pc=0x0000000003b453c0 method=com.google.common.collect.ImmutableSet$RegularSetBuilderImpl.add(Ljava/lang/Object;)Lcom/google/common/collect/ImmutableSet$SetBuilderImpl; @ 6
Event: 5.917 Thread 0x0000000017e6c800 Uncommon trap: reason=class_check action=maybe_recompile pc=0x0000000003b453c0 method=com.google.common.collect.ImmutableSet$RegularSetBuilderImpl.add(Ljava/lang/Object;)Lcom/google/common/collect/ImmutableSet$SetBuilderImpl; @ 6
Event: 5.917 Thread 0x0000000017e6c800 Uncommon trap: reason=class_check action=maybe_recompile pc=0x0000000003b453c0 method=com.google.common.collect.ImmutableSet$RegularSetBuilderImpl.add(Ljava/lang/Object;)Lcom/google/common/collect/ImmutableSet$SetBuilderImpl; @ 6
Event: 5.917 Thread 0x0000000017e6c800 Uncommon trap: reason=class_check action=maybe_recompile pc=0x0000000003b453c0 method=com.google.common.collect.ImmutableSet$RegularSetBuilderImpl.add(Ljava/lang/Object;)Lcom/google/common/collect/ImmutableSet$SetBuilderImpl; @ 6
Event: 5.917 Thread 0x0000000017e6c800 Uncommon trap: reason=unstable_if action=reinterpret pc=0x0000000003b441f0 method=org.robolectric.internal.bytecode.MethodRef.equals(Ljava/lang/Object;)Z @ 2
Event: 5.920 Thread 0x0000000017c20800 Uncommon trap: reason=unstable_if action=reinterpret pc=0x000000000360196c method=java.util.Arrays.hashCode([Ljava/lang/Object;)I @ 34
Event: 5.926 Thread 0x0000000017c20800 Uncommon trap: reason=unstable_if action=reinterpret pc=0x0000000003711a74 method=org.robolectric.res.android.ResTable_config.isBetterThan(Lorg/robolectric/res/android/ResTable_config;Lorg/robolectric/res/android/ResTable_config;)Z @ 898

Internal exceptions (10 events):
Event: 5.153 Thread 0x0000000017c20800 Implicit null exception at 0x0000000003462418 to 0x00000000034624a6
Event: 5.366 Thread 0x000000001a8a0800 Exception <a 'java/lang/NoSuchFieldError': method resolution failed> (0x00000000f8120c18) thrown at [C:\re\workspace\8-2-build-windows-amd64-cygwin\jdk8u111\7883\hotspot\src\share\vm\prims\methodHandles.cpp, line 1146]
Event: 5.469 Thread 0x0000000017c20800 Implicit null exception at 0x0000000003d4d8a2 to 0x0000000003d4e31b
Event: 5.469 Thread 0x0000000017c20800 Implicit null exception at 0x00000000035442e4 to 0x0000000003544929
Event: 5.559 Thread 0x0000000017c20800 Exception <a 'java/lang/NoSuchFieldError': method resolution failed> (0x00000000fb2b4ae8) thrown at [C:\re\workspace\8-2-build-windows-amd64-cygwin\jdk8u111\7883\hotspot\src\share\vm\prims\methodHandles.cpp, line 1146]
Event: 5.613 Thread 0x0000000017c20800 Exception <a 'java/lang/NoSuchFieldError': method resolution failed> (0x00000000fbe843d0) thrown at [C:\re\workspace\8-2-build-windows-amd64-cygwin\jdk8u111\7883\hotspot\src\share\vm\prims\methodHandles.cpp, line 1146]
Event: 5.831 Thread 0x0000000017c20800 Implicit null exception at 0x0000000003557597 to 0x000000000355766d
Event: 5.899 Thread 0x0000000017c20800 Exception <a 'java/lang/NoSuchMethodError': java.lang.Object.lambda$get$0(Ljava/lang/Object;)V> (0x00000000f6dff3b0) thrown at [C:\re\workspace\8-2-build-windows-amd64-cygwin\jdk8u111\7883\hotspot\src\share\vm\interpreter\linkResolver.cpp, line 582]
Event: 5.920 Thread 0x0000000017c20800 Implicit null exception at 0x00000000036018af to 0x000000000360194d
Event: 5.933 Thread 0x0000000017c20800 Exception <a 'sun/nio/fs/WindowsException'> (0x00000000f7917858) thrown at [C:\re\workspace\8-2-build-windows-amd64-cygwin\jdk8u111\7883\hotspot\src\share\vm\prims\jni.cpp, line 709]

Events (10 events):
Event: 6.302 loading class org/aplas/mylibrary/InputDataActivity done
Event: 6.302 loading class org/aplas/mylibrary/TestC1MyData031
Event: 6.302 loading class org/aplas/mylibrary/TestC1MyData031 done
Event: 6.308 Thread 0x0000000017c20800 DEOPT PACKING pc=0x0000000003ae7c06 sp=0x00000000198bcb50
Event: 6.308 Thread 0x0000000017c20800 DEOPT UNPACKING pc=0x000000000313787f sp=0x00000000198bc860 mode 0
Event: 6.308 Thread 0x0000000017c20800 DEOPT PACKING pc=0x0000000003ae7c06 sp=0x00000000198bc990
Event: 6.308 Thread 0x0000000017c20800 DEOPT UNPACKING pc=0x000000000313787f sp=0x00000000198bc6a0 mode 0
Event: 6.310 Thread 0x0000000017c20800 DEOPT PACKING pc=0x0000000003ae7c06 sp=0x00000000198bbc10
Event: 6.310 Thread 0x0000000017c20800 DEOPT UNPACKING pc=0x000000000313787f sp=0x00000000198bb920 mode 0
Event: 6.314 Thread 0x0000000017c20800 DEOPT PACKING pc=0x0000000003ae7c06 sp=0x00000000198bce20


Dynamic libraries:
0x00007ff73c600000 - 0x00007ff73c637000 	C:\Program Files\Java\jdk1.8.0_111\bin\java.exe
0x00007fff48c40000 - 0x00007fff48e30000 	C:\WINDOWS\SYSTEM32\ntdll.dll
0x00007fff12440000 - 0x00007fff12455000 	C:\Program Files\Avast Software\Avast\aswhook.dll
0x00007fff48330000 - 0x00007fff483e2000 	C:\WINDOWS\System32\KERNEL32.DLL
0x00007fff45bc0000 - 0x00007fff45e65000 	C:\WINDOWS\System32\KERNELBASE.dll
0x00007fff477d0000 - 0x00007fff47873000 	C:\WINDOWS\System32\ADVAPI32.dll
0x00007fff473a0000 - 0x00007fff4743e000 	C:\WINDOWS\System32\msvcrt.dll
0x00007fff46f00000 - 0x00007fff46f97000 	C:\WINDOWS\System32\sechost.dll
0x00007fff46fa0000 - 0x00007fff470bf000 	C:\WINDOWS\System32\RPCRT4.dll
0x00007fff47200000 - 0x00007fff47394000 	C:\WINDOWS\System32\USER32.dll
0x00007fff46410000 - 0x00007fff46431000 	C:\WINDOWS\System32\win32u.dll
0x00007fff48a90000 - 0x00007fff48ab6000 	C:\WINDOWS\System32\GDI32.dll
0x00007fff46270000 - 0x00007fff46408000 	C:\WINDOWS\System32\gdi32full.dll
0x00007fff46c50000 - 0x00007fff46cee000 	C:\WINDOWS\System32\msvcp_win.dll
0x00007fff45f40000 - 0x00007fff4603a000 	C:\WINDOWS\System32\ucrtbase.dll
0x00007fff38ec0000 - 0x00007fff39144000 	C:\WINDOWS\WinSxS\amd64_microsoft.windows.common-controls_6595b64144ccf1df_6.0.18362.1316_none_9e7a364fe461dbd7\COMCTL32.dll
0x00007fff47ff0000 - 0x00007fff48327000 	C:\WINDOWS\System32\combase.dll
0x00007fff46440000 - 0x00007fff464c1000 	C:\WINDOWS\System32\bcryptPrimitives.dll
0x00007fff46cf0000 - 0x00007fff46d1e000 	C:\WINDOWS\System32\IMM32.DLL
0x0000000058b30000 - 0x0000000058c02000 	C:\Program Files\Java\jdk1.8.0_111\jre\bin\msvcr100.dll
0x0000000058290000 - 0x0000000058b2a000 	C:\Program Files\Java\jdk1.8.0_111\jre\bin\server\jvm.dll
0x00007fff47450000 - 0x00007fff47458000 	C:\WINDOWS\System32\PSAPI.DLL
0x00007fff3b6a0000 - 0x00007fff3b6a9000 	C:\WINDOWS\SYSTEM32\WSOCK32.dll
0x00007fff3ff30000 - 0x00007fff3ff3a000 	C:\WINDOWS\SYSTEM32\VERSION.dll
0x00007fff489b0000 - 0x00007fff48a1f000 	C:\WINDOWS\System32\WS2_32.dll
0x00007fff34eb0000 - 0x00007fff34ed4000 	C:\WINDOWS\SYSTEM32\WINMM.dll
0x00007fff34760000 - 0x00007fff3478d000 	C:\WINDOWS\SYSTEM32\WINMMBASE.dll
0x00007fff46220000 - 0x00007fff4626a000 	C:\WINDOWS\System32\cfgmgr32.dll
0x0000000058280000 - 0x000000005828f000 	C:\Program Files\Java\jdk1.8.0_111\jre\bin\verify.dll
0x0000000058250000 - 0x0000000058279000 	C:\Program Files\Java\jdk1.8.0_111\jre\bin\java.dll
0x0000000058230000 - 0x0000000058246000 	C:\Program Files\Java\jdk1.8.0_111\jre\bin\zip.dll
0x00007fff47900000 - 0x00007fff47fe8000 	C:\WINDOWS\System32\SHELL32.dll
0x00007fff46d20000 - 0x00007fff46dc7000 	C:\WINDOWS\System32\shcore.dll
0x00007fff464d0000 - 0x00007fff46c4b000 	C:\WINDOWS\System32\windows.storage.dll
0x00007fff45b70000 - 0x00007fff45b93000 	C:\WINDOWS\System32\profapi.dll
0x00007fff45b00000 - 0x00007fff45b4a000 	C:\WINDOWS\System32\powrprof.dll
0x00007fff45af0000 - 0x00007fff45b00000 	C:\WINDOWS\System32\UMPDC.dll
0x00007fff47770000 - 0x00007fff477c2000 	C:\WINDOWS\System32\shlwapi.dll
0x00007fff45b50000 - 0x00007fff45b61000 	C:\WINDOWS\System32\kernel.appcore.dll
0x00007fff45e70000 - 0x00007fff45e87000 	C:\WINDOWS\System32\cryptsp.dll
0x0000000058210000 - 0x000000005822a000 	C:\Program Files\Java\jdk1.8.0_111\jre\bin\net.dll
0x00007fff452d0000 - 0x00007fff45337000 	C:\WINDOWS\system32\mswsock.dll
0x00000000581f0000 - 0x0000000058201000 	C:\Program Files\Java\jdk1.8.0_111\jre\bin\nio.dll
0x00007fff44e50000 - 0x00007fff44e83000 	C:\WINDOWS\system32\rsaenh.dll
0x00007fff461f0000 - 0x00007fff46216000 	C:\WINDOWS\System32\bcrypt.dll
0x00007fff45a10000 - 0x00007fff45a35000 	C:\WINDOWS\SYSTEM32\USERENV.dll
0x00007fff454a0000 - 0x00007fff454ac000 	C:\WINDOWS\SYSTEM32\CRYPTBASE.dll
0x00007fff44fe0000 - 0x00007fff4501a000 	C:\WINDOWS\SYSTEM32\IPHLPAPI.DLL
0x00007fff48b20000 - 0x00007fff48b28000 	C:\WINDOWS\System32\NSI.dll
0x00007fff3f3b0000 - 0x00007fff3f3c6000 	C:\WINDOWS\SYSTEM32\dhcpcsvc6.DLL
0x00007fff3fcb0000 - 0x00007fff3fccc000 	C:\WINDOWS\SYSTEM32\dhcpcsvc.DLL
0x00007fff45030000 - 0x00007fff450fb000 	C:\WINDOWS\SYSTEM32\DNSAPI.dll
0x00000000581b0000 - 0x00000000581d4000 	C:\Program Files\Java\jdk1.8.0_111\jre\bin\sunec.dll
0x00000000581a0000 - 0x00000000581ab000 	C:\Program Files\Java\jdk1.8.0_111\jre\bin\sunmscapi.dll
0x00007fff46040000 - 0x00007fff4618a000 	C:\WINDOWS\System32\CRYPT32.dll
0x00007fff45ba0000 - 0x00007fff45bb2000 	C:\WINDOWS\System32\MSASN1.dll
0x0000000057f20000 - 0x00000000580b8000 	C:\Program Files\Java\jdk1.8.0_111\jre\bin\awt.dll
0x00007fff483f0000 - 0x00007fff484b5000 	C:\WINDOWS\System32\OLEAUT32.dll
0x00007fff432e0000 - 0x00007fff4336f000 	C:\WINDOWS\SYSTEM32\apphelp.dll
0x00007fff44450000 - 0x00007fff44644000 	C:\WINDOWS\SYSTEM32\dbghelp.dll

VM Arguments:
jvm_args: -Djava.awt.headless=true -Djava.security.manager=worker.org.gradle.process.internal.worker.child.BootstrapSecurityManager -Dorg.gradle.native=false -Xmx512m -Dfile.encoding=windows-1252 -Duser.country=US -Duser.language=en -Duser.variant -ea 
java_command: worker.org.gradle.process.internal.worker.GradleWorkerMain 'Gradle Test Executor 8'
java_class_path (initial): C:\Users\ROG\.gradle\caches\6.1.1\workerMain\gradle-worker.jar
Launcher Type: SUN_STANDARD

Environment Variables:
PATH=C:\Program Files (x86)\Common Files\Intel\Shared Files\cpp\;C:\Program Files\Git\cmd;C:\Program Files\Microsoft SQL Server\Client SDK\ODBC\170\Tools\Binn\;C:\Program Files (x86)\Microsoft SQL Server\150\Tools\Binn\;C:\Program Files\Microsoft SQL Server\150\Tools\Binn\;C:\Program Files\Microsoft SQL Server\150\DTS\Binn\;C:\Program Files\nodejs\;C:\Program Files (x86)\Microsoft SQL Server\150\DTS\Binn\;C:\Program Files\Azure Data Studio\bin;D:\Semester 5\;C:\Program Files\Java\jdk-11.0.4\bin;C:\Users\ROG\AppData\Local\Programs\Microsoft VS Code\bin;C:\Users\ROG\AppData\Local\Microsoft\WindowsApps;C:\xampp\php;C:\Users\ROG\AppData\Local\ComposerSetup\bin;C:\Users\ROG\AppData\Roaming\Composer\vendor\bin;C:\Users\ROG\AppData\Roaming\npm;C:\Program Files\Azure Data Studio\bin
USERNAME=ROG
OS=Windows_NT
PROCESSOR_IDENTIFIER=Intel64 Family 6 Model 158 Stepping 10, GenuineIntel



---------------  S Y S T E M  ---------------

OS: Windows 10.0 , 64 bit Build 18362 (10.0.18362.1316)

CPU:total 8 (4 cores per cpu, 2 threads per core) family 6 model 158 stepping 10, cmov, cx8, fxsr, mmx, sse, sse2, sse3, ssse3, sse4.1, sse4.2, popcnt, avx, avx2, aes, clmul, erms, 3dnowpref, lzcnt, ht, tsc, tscinvbit, bmi1, bmi2, adx

Memory: 4k page, physical 8237576k(693088k free), swap 21869064k(9190164k free)

vm_info: Java HotSpot(TM) 64-Bit Server VM (25.111-b14) for windows-amd64 JRE (1.8.0_111-b14), built on Sep 22 2016 19:24:05 by "java_re" with MS VC++ 10.0 (VS2010)

time: Tue Oct 05 06:48:06 2021
elapsed time: 6 seconds (0d 0h 0m 6s)

