#
# A fatal error has been detected by the Java Runtime Environment:
#
#  EXCEPTION_ACCESS_VIOLATION (0xc0000005) at pc=0x00000000582d3608, pid=3300, tid=0x0000000000004dc8
#
# JRE version: Java(TM) SE Runtime Environment (8.0_111-b14) (build 1.8.0_111-b14)
# Java VM: Java HotSpot(TM) 64-Bit Server VM (25.111-b14 mixed mode windows-amd64 compressed oops)
# Problematic frame:
# V  [jvm.dll+0x43608]
#
# Failed to write core dump. Minidumps are not enabled by default on client versions of Windows
#
# If you would like to submit a bug report, please visit:
#   http://bugreport.java.com/bugreport/crash.jsp
#

---------------  T H R E A D  ---------------

Current thread (0x0000000016528000):  JavaThread "C1 CompilerThread3" daemon [_thread_in_vm, id=19912, stack(0x00000000170b0000,0x00000000171b0000)]

siginfo: ExceptionCode=0xc0000005, reading address 0xffffffffffffffff

Registers:
RAX=0x0000000016528000, RBX=0x0000000002c554f0, RCX=0x0000000002c554f0, RDX=0x0000000002c554f0
RSP=0x00000000171acfc0, RBP=0x00000000177a28e0, RSI=0x0000000002c554f0, RDI=0x0000000000000000
R8 =0x3cccc588ffff0013, R9 =0x0000000000000000, R10=0x00000000177a2b10, R11=0x000000001ad63620
R12=0x0000000016528000, R13=0x00000000177a28e0, R14=0x000000001894a250, R15=0x0000000000000000
RIP=0x00000000582d3608, EFLAGS=0x0000000000010202

Top of Stack: (sp=0x00000000171acfc0)
0x00000000171acfc0:   00000000000000b6 00000000171af570
0x00000000171acfd0:   0000000000000000 0000000000000077
0x00000000171acfe0:   000000001ce42788 00000000171af570
0x00000000171acff0:   00000000171ad0d0 00000000582bfe25
0x00000000171ad000:   00000000000000e9 00000000582d3999
0x00000000171ad010:   0000000000000077 0000000000000077
0x00000000171ad020:   0000000000000000 0000000000000000
0x00000000171ad030:   00000000000000b6 000000001c965750
0x00000000171ad040:   0000000002c0a560 00000000582d1c6b
0x00000000171ad050:   0000000000000000 0000000016528000
0x00000000171ad060:   000000001894b3c0 00000000582bce0f
0x00000000171ad070:   0000000016528000 00000000582d6f80
0x00000000171ad080:   0000000016528000 0000000016528000
0x00000000171ad090:   000000001c965750 00000000586b0aeb
0x00000000171ad0a0:   0000000000000000 0000000000000000
0x00000000171ad0b0:   000000001894b3c0 0000000000000000 

Instructions: (pc=0x00000000582d3608)
0x00000000582d35e8:   00 48 8b da ff 15 fe 7d 59 00 44 0f b6 05 5a d9
0x00000000582d35f8:   7a 00 4c 8b e0 45 84 c0 74 39 4c 8b 03 48 8b cb
0x00000000582d3608:   41 ff 50 08 84 c0 74 2b 83 7b 08 00 7e 25 0f b6
0x00000000582d3618:   83 0e 01 00 00 c0 e8 03 a8 01 74 17 48 8b 03 48 


Register to memory mapping:

RAX=0x0000000016528000 is a thread
RBX=0x0000000002c554f0 is an unknown value
RCX=0x0000000002c554f0 is an unknown value
RDX=0x0000000002c554f0 is an unknown value
RSP=0x00000000171acfc0 is pointing into the stack for thread: 0x0000000016528000
RBP=0x00000000177a28e0 is an unknown value
RSI=0x0000000002c554f0 is an unknown value
RDI=0x0000000000000000 is an unknown value
R8 =0x3cccc588ffff0013 is an unknown value
R9 =0x0000000000000000 is an unknown value
R10=0x00000000177a2b10 is an unknown value
R11=0x000000001ad63620 is an unknown value
R12=0x0000000016528000 is a thread
R13=0x00000000177a28e0 is an unknown value
R14=0x000000001894a250 is an unknown value
R15=0x0000000000000000 is an unknown value


Stack: [0x00000000170b0000,0x00000000171b0000],  sp=0x00000000171acfc0,  free space=1011k
Native frames: (J=compiled Java code, j=interpreted, Vv=VM code, C=native code)
V  [jvm.dll+0x43608]
V  [jvm.dll+0x43999]
V  [jvm.dll+0x41c6b]
V  [jvm.dll+0x420aeb]
V  [jvm.dll+0x41b8da]
V  [jvm.dll+0x41e727]
V  [jvm.dll+0x41eeeb]
V  [jvm.dll+0x41fde6]
V  [jvm.dll+0x420048]
V  [jvm.dll+0x42047b]
V  [jvm.dll+0x41ffd5]
V  [jvm.dll+0x41bd3b]
V  [jvm.dll+0x41e727]
V  [jvm.dll+0x41eeeb]
V  [jvm.dll+0x41fde6]
V  [jvm.dll+0x420048]
V  [jvm.dll+0x42047b]
V  [jvm.dll+0x41ffd5]
V  [jvm.dll+0x41bd3b]
V  [jvm.dll+0x41e727]
V  [jvm.dll+0x41f01d]
V  [jvm.dll+0x41fde6]
V  [jvm.dll+0x420048]
V  [jvm.dll+0x42047b]
V  [jvm.dll+0x41ffd5]
V  [jvm.dll+0x41bd3b]
V  [jvm.dll+0x41e727]
V  [jvm.dll+0x41eeeb]
V  [jvm.dll+0x41fde6]
V  [jvm.dll+0x420048]
V  [jvm.dll+0x42047b]
V  [jvm.dll+0x41ffd5]
V  [jvm.dll+0x41bd3b]
V  [jvm.dll+0x41e727]
V  [jvm.dll+0x41f01d]
V  [jvm.dll+0x41fde6]
V  [jvm.dll+0x420048]
V  [jvm.dll+0x42047b]
V  [jvm.dll+0x41ffd5]
V  [jvm.dll+0x41bd3b]
V  [jvm.dll+0x41e727]
V  [jvm.dll+0x41eeeb]
V  [jvm.dll+0x41fde6]
V  [jvm.dll+0x420048]
V  [jvm.dll+0x41bd3b]
V  [jvm.dll+0x41e727]
V  [jvm.dll+0x41eeeb]
V  [jvm.dll+0x41fde6]
V  [jvm.dll+0x420048]
V  [jvm.dll+0x41bd3b]
V  [jvm.dll+0x41e727]
V  [jvm.dll+0x41f01d]
V  [jvm.dll+0x41f412]
V  [jvm.dll+0x4244f5]
V  [jvm.dll+0x424600]
V  [jvm.dll+0x40ddb8]
V  [jvm.dll+0x40e021]
V  [jvm.dll+0x40e1e2]
V  [jvm.dll+0x40e3b1]
V  [jvm.dll+0x40e5bf]
V  [jvm.dll+0xa5742]
V  [jvm.dll+0xa607f]
V  [jvm.dll+0x244b7f]
V  [jvm.dll+0x29c43a]
C  [msvcr100.dll+0x21d9f]
C  [msvcr100.dll+0x21e3b]
C  [KERNEL32.DLL+0x17c24]
C  [ntdll.dll+0x6d4d1]


Current CompileTask:
C1:   6544 6613       3       android.content.res.TypedArray::$$robo$$android_content_res_TypedArray$loadStringValueAt (51 bytes)


---------------  P R O C E S S  ---------------

Java Threads: ( => current thread )
  0x000000001a1e5800 JavaThread "Java2D Disposer" daemon [_thread_blocked, id=6124, stack(0x000000001b960000,0x000000001ba60000)]
  0x0000000018340000 JavaThread "SDK 28 Main Thread" [_thread_in_Java, id=2160, stack(0x000000001a690000,0x000000001a790000)]
  0x00000000179af800 JavaThread "/127.0.0.1:59104 to /127.0.0.1:59103 workers Thread 3" [_thread_in_native, id=19664, stack(0x00000000191c0000,0x00000000192c0000)]
  0x0000000017b83800 JavaThread "/127.0.0.1:59104 to /127.0.0.1:59103 workers Thread 2" [_thread_blocked, id=16924, stack(0x00000000190c0000,0x00000000191c0000)]
  0x000000001790c800 JavaThread "Test worker" [_thread_blocked, id=260, stack(0x0000000018c80000,0x0000000018d80000)]
  0x00000000165be000 JavaThread "Service Thread" daemon [_thread_blocked, id=432, stack(0x00000000171b0000,0x00000000172b0000)]
=>0x0000000016528000 JavaThread "C1 CompilerThread3" daemon [_thread_in_vm, id=19912, stack(0x00000000170b0000,0x00000000171b0000)]
  0x0000000016517000 JavaThread "C2 CompilerThread2" daemon [_thread_blocked, id=20528, stack(0x0000000016fb0000,0x00000000170b0000)]
  0x0000000016513000 JavaThread "C2 CompilerThread1" daemon [_thread_blocked, id=18284, stack(0x0000000016eb0000,0x0000000016fb0000)]
  0x0000000016512000 JavaThread "C2 CompilerThread0" daemon [_thread_blocked, id=19764, stack(0x0000000016db0000,0x0000000016eb0000)]
  0x000000001650e000 JavaThread "Attach Listener" daemon [_thread_blocked, id=20492, stack(0x0000000016cb0000,0x0000000016db0000)]
  0x000000001650d800 JavaThread "Signal Dispatcher" daemon [_thread_blocked, id=14944, stack(0x0000000016bb0000,0x0000000016cb0000)]
  0x0000000002cfe000 JavaThread "Finalizer" daemon [_thread_blocked, id=21028, stack(0x0000000016870000,0x0000000016970000)]
  0x0000000002cf5000 JavaThread "Reference Handler" daemon [_thread_blocked, id=16936, stack(0x0000000016370000,0x0000000016470000)]
  0x0000000002c02800 JavaThread "main" [_thread_blocked, id=4468, stack(0x0000000002ad0000,0x0000000002bd0000)]

Other Threads:
  0x0000000014569800 VMThread [stack: 0x0000000016270000,0x0000000016370000] [id=15276]
  0x0000000016697000 WatcherThread [stack: 0x00000000172b0000,0x00000000173b0000] [id=15016]

VM state:not at safepoint (normal execution)

VM Mutex/Monitor currently owned by a thread: None

Heap:
 PSYoungGen      total 153600K, used 52493K [0x00000000f5580000, 0x0000000100000000, 0x0000000100000000)
  eden space 139776K, 27% used [0x00000000f5580000,0x00000000f7b45c18,0x00000000fde00000)
  from space 13824K, 99% used [0x00000000ff280000,0x00000000ffffdb98,0x0000000100000000)
  to   space 17408K, 0% used [0x00000000fde00000,0x00000000fde00000,0x00000000fef00000)
 ParOldGen       total 181760K, used 62854K [0x00000000e0000000, 0x00000000eb180000, 0x00000000f5580000)
  object space 181760K, 34% used [0x00000000e0000000,0x00000000e3d61910,0x00000000eb180000)
 Metaspace       used 61469K, capacity 70597K, committed 70704K, reserved 1110016K
  class space    used 7696K, capacity 10274K, committed 10288K, reserved 1048576K

Card table byte_map: [0x00000000120c0000,0x00000000121d0000] byte_map_base: 0x00000000119c0000

Marking Bits: (ParMarkBitMap*) 0x0000000058aaa6c0
 Begin Bits: [0x0000000012a80000, 0x0000000013280000)
 End Bits:   [0x0000000013280000, 0x0000000013a80000)

Polling page: 0x0000000000d60000

CodeCache: size=245760Kb used=17621Kb max_used=17632Kb free=228138Kb
 bounds [0x0000000002d00000, 0x0000000003e50000, 0x0000000011d00000]
 total_blobs=6920 nmethods=5359 adapters=1473
 compilation: enabled

Compilation events (10 events):
Event: 6.504 Thread 0x0000000016528000 nmethod 6608 0x0000000003e46e10 code [0x0000000003e46fc0, 0x0000000003e474c8]
Event: 6.511 Thread 0x0000000016528000 6609       3       android.graphics.Rect::$$robo$init (18 bytes)
Event: 6.512 Thread 0x0000000016528000 nmethod 6609 0x0000000003e476d0 code [0x0000000003e47960, 0x0000000003e48b88]
Event: 6.512 Thread 0x0000000016528000 6610       3       java.util.regex.Matcher::find (35 bytes)
Event: 6.512 Thread 0x0000000016528000 nmethod 6610 0x0000000003e496d0 code [0x0000000003e49880, 0x0000000003e49e18]
Event: 6.518 Thread 0x0000000016528000 6611   !   3       java.lang.invoke.LambdaForm$MH/995572421::guardWithCatch (73 bytes)
Event: 6.518 Thread 0x0000000016517000 6612       4       java.lang.invoke.LambdaForm$MH/990092457::linkToCallSite (18 bytes)
Event: 6.519 Thread 0x0000000016528000 nmethod 6611 0x0000000003e49fd0 code [0x0000000003e4a180, 0x0000000003e4aa88]
Event: 6.519 Thread 0x0000000016528000 6613       3       android.content.res.TypedArray::$$robo$$android_content_res_TypedArray$loadStringValueAt (51 bytes)
Event: 6.519 Thread 0x0000000016517000 nmethod 6612 0x00000000038d4710 code [0x00000000038d4860, 0x00000000038d4938]

GC Heap History (10 events):
Event: 5.073 GC heap before
{Heap before GC invocations=19 (full 3):
 PSYoungGen      total 161280K, used 152803K [0x00000000f5580000, 0x0000000100000000, 0x0000000100000000)
  eden space 147968K, 100% used [0x00000000f5580000,0x00000000fe600000,0x00000000fe600000)
  from space 13312K, 36% used [0x00000000fe600000,0x00000000feab8d08,0x00000000ff300000)
  to   space 13312K, 0% used [0x00000000ff300000,0x00000000ff300000,0x0000000100000000)
 ParOldGen       total 181760K, used 60273K [0x00000000e0000000, 0x00000000eb180000, 0x00000000f5580000)
  object space 181760K, 33% used [0x00000000e0000000,0x00000000e3adc540,0x00000000eb180000)
 Metaspace       used 53650K, capacity 59609K, committed 59952K, reserved 1101824K
  class space    used 6358K, capacity 8174K, committed 8240K, reserved 1048576K
Event: 5.077 GC heap after
Heap after GC invocations=19 (full 3):
 PSYoungGen      total 161280K, used 6390K [0x00000000f5580000, 0x0000000100000000, 0x0000000100000000)
  eden space 147968K, 0% used [0x00000000f5580000,0x00000000f5580000,0x00000000fe600000)
  from space 13312K, 48% used [0x00000000ff300000,0x00000000ff93d830,0x0000000100000000)
  to   space 13312K, 0% used [0x00000000fe600000,0x00000000fe600000,0x00000000ff300000)
 ParOldGen       total 181760K, used 60281K [0x00000000e0000000, 0x00000000eb180000, 0x00000000f5580000)
  object space 181760K, 33% used [0x00000000e0000000,0x00000000e3ade540,0x00000000eb180000)
 Metaspace       used 53650K, capacity 59609K, committed 59952K, reserved 1101824K
  class space    used 6358K, capacity 8174K, committed 8240K, reserved 1048576K
}
Event: 5.389 GC heap before
{Heap before GC invocations=20 (full 3):
 PSYoungGen      total 161280K, used 154358K [0x00000000f5580000, 0x0000000100000000, 0x0000000100000000)
  eden space 147968K, 100% used [0x00000000f5580000,0x00000000fe600000,0x00000000fe600000)
  from space 13312K, 48% used [0x00000000ff300000,0x00000000ff93d830,0x0000000100000000)
  to   space 13312K, 0% used [0x00000000fe600000,0x00000000fe600000,0x00000000ff300000)
 ParOldGen       total 181760K, used 60281K [0x00000000e0000000, 0x00000000eb180000, 0x00000000f5580000)
  object space 181760K, 33% used [0x00000000e0000000,0x00000000e3ade540,0x00000000eb180000)
 Metaspace       used 55687K, capacity 62197K, committed 62512K, reserved 1103872K
  class space    used 6714K, capacity 8682K, committed 8752K, reserved 1048576K
Event: 5.396 GC heap after
Heap after GC invocations=20 (full 3):
 PSYoungGen      total 155648K, used 7417K [0x00000000f5580000, 0x00000000fff00000, 0x0000000100000000)
  eden space 147968K, 0% used [0x00000000f5580000,0x00000000f5580000,0x00000000fe600000)
  from space 7680K, 96% used [0x00000000fe600000,0x00000000fed3e628,0x00000000fed80000)
  to   space 12800K, 0% used [0x00000000ff280000,0x00000000ff280000,0x00000000fff00000)
 ParOldGen       total 181760K, used 60289K [0x00000000e0000000, 0x00000000eb180000, 0x00000000f5580000)
  object space 181760K, 33% used [0x00000000e0000000,0x00000000e3ae0540,0x00000000eb180000)
 Metaspace       used 55687K, capacity 62197K, committed 62512K, reserved 1103872K
  class space    used 6714K, capacity 8682K, committed 8752K, reserved 1048576K
}
Event: 5.902 GC heap before
{Heap before GC invocations=21 (full 3):
 PSYoungGen      total 155648K, used 155385K [0x00000000f5580000, 0x00000000fff00000, 0x0000000100000000)
  eden space 147968K, 100% used [0x00000000f5580000,0x00000000fe600000,0x00000000fe600000)
  from space 7680K, 96% used [0x00000000fe600000,0x00000000fed3e628,0x00000000fed80000)
  to   space 12800K, 0% used [0x00000000ff280000,0x00000000ff280000,0x00000000fff00000)
 ParOldGen       total 181760K, used 60289K [0x00000000e0000000, 0x00000000eb180000, 0x00000000f5580000)
  object space 181760K, 33% used [0x00000000e0000000,0x00000000e3ae0540,0x00000000eb180000)
 Metaspace       used 59991K, capacity 68763K, committed 69040K, reserved 1107968K
  class space    used 7553K, capacity 10083K, committed 10160K, reserved 1048576K
Event: 5.915 GC heap after
Heap after GC invocations=21 (full 3):
 PSYoungGen      total 159744K, used 11956K [0x00000000f5580000, 0x0000000100000000, 0x0000000100000000)
  eden space 146944K, 0% used [0x00000000f5580000,0x00000000f5580000,0x00000000fe500000)
  from space 12800K, 93% used [0x00000000ff280000,0x00000000ffe2d2a8,0x00000000fff00000)
  to   space 13824K, 0% used [0x00000000fe500000,0x00000000fe500000,0x00000000ff280000)
 ParOldGen       total 181760K, used 60297K [0x00000000e0000000, 0x00000000eb180000, 0x00000000f5580000)
  object space 181760K, 33% used [0x00000000e0000000,0x00000000e3ae2540,0x00000000eb180000)
 Metaspace       used 59991K, capacity 68763K, committed 69040K, reserved 1107968K
  class space    used 7553K, capacity 10083K, committed 10160K, reserved 1048576K
}
Event: 6.205 GC heap before
{Heap before GC invocations=22 (full 3):
 PSYoungGen      total 159744K, used 158900K [0x00000000f5580000, 0x0000000100000000, 0x0000000100000000)
  eden space 146944K, 100% used [0x00000000f5580000,0x00000000fe500000,0x00000000fe500000)
  from space 12800K, 93% used [0x00000000ff280000,0x00000000ffe2d2a8,0x00000000fff00000)
  to   space 13824K, 0% used [0x00000000fe500000,0x00000000fe500000,0x00000000ff280000)
 ParOldGen       total 181760K, used 60297K [0x00000000e0000000, 0x00000000eb180000, 0x00000000f5580000)
  object space 181760K, 33% used [0x00000000e0000000,0x00000000e3ae2540,0x00000000eb180000)
 Metaspace       used 61265K, capacity 70121K, committed 70192K, reserved 1110016K
  class space    used 7682K, capacity 10248K, committed 10288K, reserved 1048576K
Event: 6.216 GC heap after
Heap after GC invocations=22 (full 3):
 PSYoungGen      total 160768K, used 13800K [0x00000000f5580000, 0x0000000100000000, 0x0000000100000000)
  eden space 146944K, 0% used [0x00000000f5580000,0x00000000f5580000,0x00000000fe500000)
  from space 13824K, 99% used [0x00000000fe500000,0x00000000ff27a1f8,0x00000000ff280000)
  to   space 13824K, 0% used [0x00000000ff280000,0x00000000ff280000,0x0000000100000000)
 ParOldGen       total 181760K, used 60810K [0x00000000e0000000, 0x00000000eb180000, 0x00000000f5580000)
  object space 181760K, 33% used [0x00000000e0000000,0x00000000e3b62868,0x00000000eb180000)
 Metaspace       used 61265K, capacity 70121K, committed 70192K, reserved 1110016K
  class space    used 7682K, capacity 10248K, committed 10288K, reserved 1048576K
}
Event: 6.486 GC heap before
{Heap before GC invocations=23 (full 3):
 PSYoungGen      total 160768K, used 160744K [0x00000000f5580000, 0x0000000100000000, 0x0000000100000000)
  eden space 146944K, 100% used [0x00000000f5580000,0x00000000fe500000,0x00000000fe500000)
  from space 13824K, 99% used [0x00000000fe500000,0x00000000ff27a1f8,0x00000000ff280000)
  to   space 13824K, 0% used [0x00000000ff280000,0x00000000ff280000,0x0000000100000000)
 ParOldGen       total 181760K, used 60810K [0x00000000e0000000, 0x00000000eb180000, 0x00000000f5580000)
  object space 181760K, 33% used [0x00000000e0000000,0x00000000e3b62868,0x00000000eb180000)
 Metaspace       used 61461K, capacity 70595K, committed 70704K, reserved 1110016K
  class space    used 7695K, capacity 10273K, committed 10288K, reserved 1048576K
Event: 6.495 GC heap after
Heap after GC invocations=23 (full 3):
 PSYoungGen      total 153600K, used 13814K [0x00000000f5580000, 0x0000000100000000, 0x0000000100000000)
  eden space 139776K, 0% used [0x00000000f5580000,0x00000000f5580000,0x00000000fde00000)
  from space 13824K, 99% used [0x00000000ff280000,0x00000000ffffdb98,0x0000000100000000)
  to   space 17408K, 0% used [0x00000000fde00000,0x00000000fde00000,0x00000000fef00000)
 ParOldGen       total 181760K, used 62854K [0x00000000e0000000, 0x00000000eb180000, 0x00000000f5580000)
  object space 181760K, 34% used [0x00000000e0000000,0x00000000e3d61910,0x00000000eb180000)
 Metaspace       used 61461K, capacity 70595K, committed 70704K, reserved 1110016K
  class space    used 7695K, capacity 10273K, committed 10288K, reserved 1048576K
}

Deoptimization events (10 events):
Event: 6.012 Thread 0x000000001790c800 Uncommon trap: reason=bimorphic action=maybe_recompile pc=0x00000000032a6e2c method=java.util.regex.Pattern$Curly.match0(Ljava/util/regex/Matcher;IILjava/lang/CharSequence;)Z @ 77
Event: 6.013 Thread 0x000000001790c800 Uncommon trap: reason=class_check action=maybe_recompile pc=0x000000000378dc40 method=com.google.common.collect.ImmutableSet$RegularSetBuilderImpl.add(Ljava/lang/Object;)Lcom/google/common/collect/ImmutableSet$SetBuilderImpl; @ 6
Event: 6.013 Thread 0x000000001790c800 Uncommon trap: reason=class_check action=maybe_recompile pc=0x000000000378dc40 method=com.google.common.collect.ImmutableSet$RegularSetBuilderImpl.add(Ljava/lang/Object;)Lcom/google/common/collect/ImmutableSet$SetBuilderImpl; @ 6
Event: 6.013 Thread 0x000000001790c800 Uncommon trap: reason=class_check action=maybe_recompile pc=0x000000000378dc40 method=com.google.common.collect.ImmutableSet$RegularSetBuilderImpl.add(Ljava/lang/Object;)Lcom/google/common/collect/ImmutableSet$SetBuilderImpl; @ 6
Event: 6.013 Thread 0x000000001790c800 Uncommon trap: reason=class_check action=maybe_recompile pc=0x000000000378dc40 method=com.google.common.collect.ImmutableSet$RegularSetBuilderImpl.add(Ljava/lang/Object;)Lcom/google/common/collect/ImmutableSet$SetBuilderImpl; @ 6
Event: 6.013 Thread 0x000000001790c800 Uncommon trap: reason=unstable_if action=reinterpret pc=0x00000000033be948 method=org.robolectric.internal.bytecode.MethodRef.equals(Ljava/lang/Object;)Z @ 2
Event: 6.016 Thread 0x0000000018340000 Uncommon trap: reason=unstable_if action=reinterpret pc=0x00000000030e332c method=java.util.Arrays.hashCode([Ljava/lang/Object;)I @ 34
Event: 6.022 Thread 0x0000000018340000 Uncommon trap: reason=unstable_if action=reinterpret pc=0x000000000303ab34 method=org.robolectric.res.android.ResTable_config.isBetterThan(Lorg/robolectric/res/android/ResTable_config;Lorg/robolectric/res/android/ResTable_config;)Z @ 898
Event: 6.029 Thread 0x0000000018340000 Uncommon trap: reason=unstable_if action=reinterpret pc=0x0000000003945214 method=org.robolectric.res.android.ResTable_config.match(Lorg/robolectric/res/android/ResTable_config;)Z @ 252
Event: 6.338 Thread 0x0000000018340000 Uncommon trap: reason=class_check action=maybe_recompile pc=0x0000000003518558 method=java.lang.Character.codePointAt(Ljava/lang/CharSequence;I)I @ 2

Internal exceptions (10 events):
Event: 5.497 Thread 0x000000001a1e5000 Exception <a 'java/lang/NoSuchFieldError': method resolution failed> (0x00000000f8109028) thrown at [C:\re\workspace\8-2-build-windows-amd64-cygwin\jdk8u111\7883\hotspot\src\share\vm\prims\methodHandles.cpp, line 1146]
Event: 5.589 Thread 0x0000000018340000 Implicit null exception at 0x0000000003937dd2 to 0x000000000393838f
Event: 5.589 Thread 0x0000000018340000 Implicit null exception at 0x0000000002e27954 to 0x0000000002e280e5
Event: 5.670 Thread 0x0000000018340000 Exception <a 'java/lang/NoSuchFieldError': method resolution failed> (0x00000000fb23db00) thrown at [C:\re\workspace\8-2-build-windows-amd64-cygwin\jdk8u111\7883\hotspot\src\share\vm\prims\methodHandles.cpp, line 1146]
Event: 5.719 Thread 0x0000000018340000 Exception <a 'java/lang/NoSuchFieldError': method resolution failed> (0x00000000fbe0c428) thrown at [C:\re\workspace\8-2-build-windows-amd64-cygwin\jdk8u111\7883\hotspot\src\share\vm\prims\methodHandles.cpp, line 1146]
Event: 5.935 Thread 0x0000000018340000 Implicit null exception at 0x000000000316b903 to 0x000000000316ba65
Event: 5.995 Thread 0x0000000018340000 Exception <a 'java/lang/NoSuchMethodError': java.lang.Object.lambda$get$0(Ljava/lang/Object;)V> (0x00000000f6d7ce30) thrown at [C:\re\workspace\8-2-build-windows-amd64-cygwin\jdk8u111\7883\hotspot\src\share\vm\interpreter\linkResolver.cpp, line 582]
Event: 6.016 Thread 0x0000000018340000 Implicit null exception at 0x00000000030e326f to 0x00000000030e330d
Event: 6.030 Thread 0x0000000018340000 Exception <a 'sun/nio/fs/WindowsException'> (0x00000000f7890d30) thrown at [C:\re\workspace\8-2-build-windows-amd64-cygwin\jdk8u111\7883\hotspot\src\share\vm\prims\jni.cpp, line 709]
Event: 6.392 Thread 0x0000000018340000 Exception <a 'sun/nio/fs/WindowsException'> (0x00000000fa63e8b0) thrown at [C:\re\workspace\8-2-build-windows-amd64-cygwin\jdk8u111\7883\hotspot\src\share\vm\prims\jni.cpp, line 709]

Events (10 events):
Event: 6.375 loading class org/aplas/mylibrary/InputDataActivity
Event: 6.375 loading class org/aplas/mylibrary/InputDataActivity done
Event: 6.375 loading class org/aplas/mylibrary/TestC1MyData031
Event: 6.375 loading class org/aplas/mylibrary/TestC1MyData031 done
Event: 6.486 Executing VM operation: ParallelGCFailedAllocation
Event: 6.495 Executing VM operation: ParallelGCFailedAllocation done
Event: 6.495 Executing VM operation: RevokeBias
Event: 6.495 Executing VM operation: RevokeBias done
Event: 6.503 Executing VM operation: RevokeBias
Event: 6.503 Executing VM operation: RevokeBias done


Dynamic libraries:
0x00007ff73c600000 - 0x00007ff73c637000 	C:\Program Files\Java\jdk1.8.0_111\bin\java.exe
0x00007fff48c40000 - 0x00007fff48e30000 	C:\WINDOWS\SYSTEM32\ntdll.dll
0x00007fff12440000 - 0x00007fff12455000 	C:\Program Files\Avast Software\Avast\aswhook.dll
0x00007fff48330000 - 0x00007fff483e2000 	C:\WINDOWS\System32\KERNEL32.DLL
0x00007fff45bc0000 - 0x00007fff45e65000 	C:\WINDOWS\System32\KERNELBASE.dll
0x00007fff477d0000 - 0x00007fff47873000 	C:\WINDOWS\System32\ADVAPI32.dll
0x00007fff473a0000 - 0x00007fff4743e000 	C:\WINDOWS\System32\msvcrt.dll
0x00007fff46f00000 - 0x00007fff46f97000 	C:\WINDOWS\System32\sechost.dll
0x00007fff46fa0000 - 0x00007fff470bf000 	C:\WINDOWS\System32\RPCRT4.dll
0x00007fff47200000 - 0x00007fff47394000 	C:\WINDOWS\System32\USER32.dll
0x00007fff46410000 - 0x00007fff46431000 	C:\WINDOWS\System32\win32u.dll
0x00007fff48a90000 - 0x00007fff48ab6000 	C:\WINDOWS\System32\GDI32.dll
0x00007fff46270000 - 0x00007fff46408000 	C:\WINDOWS\System32\gdi32full.dll
0x00007fff46c50000 - 0x00007fff46cee000 	C:\WINDOWS\System32\msvcp_win.dll
0x00007fff45f40000 - 0x00007fff4603a000 	C:\WINDOWS\System32\ucrtbase.dll
0x00007fff38ec0000 - 0x00007fff39144000 	C:\WINDOWS\WinSxS\amd64_microsoft.windows.common-controls_6595b64144ccf1df_6.0.18362.1316_none_9e7a364fe461dbd7\COMCTL32.dll
0x00007fff47ff0000 - 0x00007fff48327000 	C:\WINDOWS\System32\combase.dll
0x00007fff46440000 - 0x00007fff464c1000 	C:\WINDOWS\System32\bcryptPrimitives.dll
0x00007fff46cf0000 - 0x00007fff46d1e000 	C:\WINDOWS\System32\IMM32.DLL
0x0000000058b30000 - 0x0000000058c02000 	C:\Program Files\Java\jdk1.8.0_111\jre\bin\msvcr100.dll
0x0000000058290000 - 0x0000000058b2a000 	C:\Program Files\Java\jdk1.8.0_111\jre\bin\server\jvm.dll
0x00007fff47450000 - 0x00007fff47458000 	C:\WINDOWS\System32\PSAPI.DLL
0x00007fff3b6a0000 - 0x00007fff3b6a9000 	C:\WINDOWS\SYSTEM32\WSOCK32.dll
0x00007fff3ff30000 - 0x00007fff3ff3a000 	C:\WINDOWS\SYSTEM32\VERSION.dll
0x00007fff34eb0000 - 0x00007fff34ed4000 	C:\WINDOWS\SYSTEM32\WINMM.dll
0x00007fff489b0000 - 0x00007fff48a1f000 	C:\WINDOWS\System32\WS2_32.dll
0x00007fff34760000 - 0x00007fff3478d000 	C:\WINDOWS\SYSTEM32\winmmbase.dll
0x00007fff46220000 - 0x00007fff4626a000 	C:\WINDOWS\System32\cfgmgr32.dll
0x0000000058280000 - 0x000000005828f000 	C:\Program Files\Java\jdk1.8.0_111\jre\bin\verify.dll
0x0000000058250000 - 0x0000000058279000 	C:\Program Files\Java\jdk1.8.0_111\jre\bin\java.dll
0x0000000058230000 - 0x0000000058246000 	C:\Program Files\Java\jdk1.8.0_111\jre\bin\zip.dll
0x00007fff47900000 - 0x00007fff47fe8000 	C:\WINDOWS\System32\SHELL32.dll
0x00007fff46d20000 - 0x00007fff46dc7000 	C:\WINDOWS\System32\shcore.dll
0x00007fff464d0000 - 0x00007fff46c4b000 	C:\WINDOWS\System32\windows.storage.dll
0x00007fff45b70000 - 0x00007fff45b93000 	C:\WINDOWS\System32\profapi.dll
0x00007fff45b00000 - 0x00007fff45b4a000 	C:\WINDOWS\System32\powrprof.dll
0x00007fff45af0000 - 0x00007fff45b00000 	C:\WINDOWS\System32\UMPDC.dll
0x00007fff47770000 - 0x00007fff477c2000 	C:\WINDOWS\System32\shlwapi.dll
0x00007fff45b50000 - 0x00007fff45b61000 	C:\WINDOWS\System32\kernel.appcore.dll
0x00007fff45e70000 - 0x00007fff45e87000 	C:\WINDOWS\System32\cryptsp.dll
0x0000000058210000 - 0x000000005822a000 	C:\Program Files\Java\jdk1.8.0_111\jre\bin\net.dll
0x00007fff452d0000 - 0x00007fff45337000 	C:\WINDOWS\system32\mswsock.dll
0x00000000581f0000 - 0x0000000058201000 	C:\Program Files\Java\jdk1.8.0_111\jre\bin\nio.dll
0x00007fff44e50000 - 0x00007fff44e83000 	C:\WINDOWS\system32\rsaenh.dll
0x00007fff461f0000 - 0x00007fff46216000 	C:\WINDOWS\System32\bcrypt.dll
0x00007fff45a10000 - 0x00007fff45a35000 	C:\WINDOWS\SYSTEM32\USERENV.dll
0x00007fff454a0000 - 0x00007fff454ac000 	C:\WINDOWS\SYSTEM32\CRYPTBASE.dll
0x00007fff44fe0000 - 0x00007fff4501a000 	C:\WINDOWS\SYSTEM32\IPHLPAPI.DLL
0x00007fff48b20000 - 0x00007fff48b28000 	C:\WINDOWS\System32\NSI.dll
0x00007fff3f3b0000 - 0x00007fff3f3c6000 	C:\WINDOWS\SYSTEM32\dhcpcsvc6.DLL
0x00007fff3fcb0000 - 0x00007fff3fccc000 	C:\WINDOWS\SYSTEM32\dhcpcsvc.DLL
0x00007fff45030000 - 0x00007fff450fb000 	C:\WINDOWS\SYSTEM32\DNSAPI.dll
0x00000000581b0000 - 0x00000000581d4000 	C:\Program Files\Java\jdk1.8.0_111\jre\bin\sunec.dll
0x00000000581a0000 - 0x00000000581ab000 	C:\Program Files\Java\jdk1.8.0_111\jre\bin\sunmscapi.dll
0x00007fff46040000 - 0x00007fff4618a000 	C:\WINDOWS\System32\CRYPT32.dll
0x00007fff45ba0000 - 0x00007fff45bb2000 	C:\WINDOWS\System32\MSASN1.dll
0x0000000057f20000 - 0x00000000580b8000 	C:\Program Files\Java\jdk1.8.0_111\jre\bin\awt.dll
0x00007fff483f0000 - 0x00007fff484b5000 	C:\WINDOWS\System32\OLEAUT32.dll
0x00007fff432e0000 - 0x00007fff4336f000 	C:\WINDOWS\SYSTEM32\apphelp.dll
0x00007fff44450000 - 0x00007fff44644000 	C:\WINDOWS\SYSTEM32\dbghelp.dll

VM Arguments:
jvm_args: -Djava.awt.headless=true -Djava.security.manager=worker.org.gradle.process.internal.worker.child.BootstrapSecurityManager -Dorg.gradle.native=false -Xmx512m -Dfile.encoding=windows-1252 -Duser.country=US -Duser.language=en -Duser.variant -ea 
java_command: worker.org.gradle.process.internal.worker.GradleWorkerMain 'Gradle Test Executor 21'
java_class_path (initial): C:\Users\ROG\.gradle\caches\6.1.1\workerMain\gradle-worker.jar
Launcher Type: SUN_STANDARD

Environment Variables:
PATH=C:\Program Files (x86)\Common Files\Intel\Shared Files\cpp\;C:\Program Files\Git\cmd;C:\Program Files\Microsoft SQL Server\Client SDK\ODBC\170\Tools\Binn\;C:\Program Files (x86)\Microsoft SQL Server\150\Tools\Binn\;C:\Program Files\Microsoft SQL Server\150\Tools\Binn\;C:\Program Files\Microsoft SQL Server\150\DTS\Binn\;C:\Program Files\nodejs\;C:\Program Files (x86)\Microsoft SQL Server\150\DTS\Binn\;C:\Program Files\Azure Data Studio\bin;D:\Semester 5\;C:\Program Files\Java\jdk-11.0.4\bin;C:\Users\ROG\AppData\Local\Programs\Microsoft VS Code\bin;C:\Users\ROG\AppData\Local\Microsoft\WindowsApps;C:\xampp\php;C:\Users\ROG\AppData\Local\ComposerSetup\bin;C:\Users\ROG\AppData\Roaming\Composer\vendor\bin;C:\Users\ROG\AppData\Roaming\npm;C:\Program Files\Azure Data Studio\bin
USERNAME=ROG
OS=Windows_NT
PROCESSOR_IDENTIFIER=Intel64 Family 6 Model 158 Stepping 10, GenuineIntel



---------------  S Y S T E M  ---------------

OS: Windows 10.0 , 64 bit Build 18362 (10.0.18362.1316)

CPU:total 8 (4 cores per cpu, 2 threads per core) family 6 model 158 stepping 10, cmov, cx8, fxsr, mmx, sse, sse2, sse3, ssse3, sse4.1, sse4.2, popcnt, avx, avx2, aes, clmul, erms, 3dnowpref, lzcnt, ht, tsc, tscinvbit, bmi1, bmi2, adx

Memory: 4k page, physical 8237576k(600232k free), swap 21869064k(8867868k free)

vm_info: Java HotSpot(TM) 64-Bit Server VM (25.111-b14) for windows-amd64 JRE (1.8.0_111-b14), built on Sep 22 2016 19:24:05 by "java_re" with MS VC++ 10.0 (VS2010)

time: Tue Oct 05 06:54:21 2021
elapsed time: 6 seconds (0d 0h 0m 6s)

