#
# A fatal error has been detected by the Java Runtime Environment:
#
#  EXCEPTION_ACCESS_VIOLATION (0xc0000005) at pc=0x00000000582d3608, pid=15172, tid=0x00000000000013e0
#
# JRE version: Java(TM) SE Runtime Environment (8.0_111-b14) (build 1.8.0_111-b14)
# Java VM: Java HotSpot(TM) 64-Bit Server VM (25.111-b14 mixed mode windows-amd64 compressed oops)
# Problematic frame:
# V  [jvm.dll+0x43608]
#
# Failed to write core dump. Minidumps are not enabled by default on client versions of Windows
#
# If you would like to submit a bug report, please visit:
#   http://bugreport.java.com/bugreport/crash.jsp
#

---------------  T H R E A D  ---------------

Current thread (0x0000000016880800):  JavaThread "C1 CompilerThread3" daemon [_thread_in_vm, id=5088, stack(0x0000000017410000,0x0000000017510000)]

siginfo: ExceptionCode=0xc0000005, reading address 0xffffffffffffffff

Registers:
RAX=0x0000000016880800, RBX=0x0000000002fe5350, RCX=0x0000000002fe5350, RDX=0x0000000002fe5350
RSP=0x000000001750cff0, RBP=0x00000000168c59f0, RSI=0x0000000002fe5350, RDI=0x0000000000000000
R8 =0x3cccc588ffff0013, R9 =0x0000000000000000, R10=0x00000000168c5c20, R11=0x000000001cd03f00
R12=0x0000000016880800, R13=0x00000000168c59f0, R14=0x0000000018cc67d0, R15=0x0000000000000000
RIP=0x00000000582d3608, EFLAGS=0x0000000000010202

Top of Stack: (sp=0x000000001750cff0)
0x000000001750cff0:   00000000000000b6 000000001750f5a0
0x000000001750d000:   0000000000000000 0000000000000077
0x000000001750d010:   000000001d4c6678 000000001750f5a0
0x000000001750d020:   000000001750d100 00000000582bfe25
0x000000001750d030:   00000000000000eb 00000000582d3999
0x000000001750d040:   0000000000000077 0000000000000077
0x000000001750d050:   0000000000000000 0000000000000000
0x000000001750d060:   00000000000000b6 00000000189655c0
0x000000001750d070:   0000000002f9a560 00000000582d1c6b
0x000000001750d080:   0000000000000000 0000000016880800
0x000000001750d090:   0000000018cc7940 00000000582bce0f
0x000000001750d0a0:   0000000016880800 00000000582d6f80
0x000000001750d0b0:   0000000016880800 0000000016880800
0x000000001750d0c0:   00000000189655c0 00000000586b0aeb
0x000000001750d0d0:   0000000000000000 0000000000000000
0x000000001750d0e0:   0000000018cc7940 0000000000000000 

Instructions: (pc=0x00000000582d3608)
0x00000000582d35e8:   00 48 8b da ff 15 fe 7d 59 00 44 0f b6 05 5a d9
0x00000000582d35f8:   7a 00 4c 8b e0 45 84 c0 74 39 4c 8b 03 48 8b cb
0x00000000582d3608:   41 ff 50 08 84 c0 74 2b 83 7b 08 00 7e 25 0f b6
0x00000000582d3618:   83 0e 01 00 00 c0 e8 03 a8 01 74 17 48 8b 03 48 


Register to memory mapping:

RAX=0x0000000016880800 is a thread
RBX=0x0000000002fe5350 is an unknown value
RCX=0x0000000002fe5350 is an unknown value
RDX=0x0000000002fe5350 is an unknown value
RSP=0x000000001750cff0 is pointing into the stack for thread: 0x0000000016880800
RBP=0x00000000168c59f0 is an unknown value
RSI=0x0000000002fe5350 is an unknown value
RDI=0x0000000000000000 is an unknown value
R8 =0x3cccc588ffff0013 is an unknown value
R9 =0x0000000000000000 is an unknown value
R10=0x00000000168c5c20 is an unknown value
R11=0x000000001cd03f00 is an unknown value
R12=0x0000000016880800 is a thread
R13=0x00000000168c59f0 is an unknown value
R14=0x0000000018cc67d0 is an unknown value
R15=0x0000000000000000 is an unknown value


Stack: [0x0000000017410000,0x0000000017510000],  sp=0x000000001750cff0,  free space=1011k
Native frames: (J=compiled Java code, j=interpreted, Vv=VM code, C=native code)
V  [jvm.dll+0x43608]
V  [jvm.dll+0x43999]
V  [jvm.dll+0x41c6b]
V  [jvm.dll+0x420aeb]
V  [jvm.dll+0x41b8da]
V  [jvm.dll+0x41e727]
V  [jvm.dll+0x41eeeb]
V  [jvm.dll+0x41fde6]
V  [jvm.dll+0x420048]
V  [jvm.dll+0x42047b]
V  [jvm.dll+0x41ffd5]
V  [jvm.dll+0x41bd3b]
V  [jvm.dll+0x41e727]
V  [jvm.dll+0x41eeeb]
V  [jvm.dll+0x41fde6]
V  [jvm.dll+0x420048]
V  [jvm.dll+0x42047b]
V  [jvm.dll+0x41ffd5]
V  [jvm.dll+0x41bd3b]
V  [jvm.dll+0x41e727]
V  [jvm.dll+0x41f01d]
V  [jvm.dll+0x41fde6]
V  [jvm.dll+0x420048]
V  [jvm.dll+0x42047b]
V  [jvm.dll+0x41ffd5]
V  [jvm.dll+0x41bd3b]
V  [jvm.dll+0x41e727]
V  [jvm.dll+0x41eeeb]
V  [jvm.dll+0x41fde6]
V  [jvm.dll+0x420048]
V  [jvm.dll+0x42047b]
V  [jvm.dll+0x41ffd5]
V  [jvm.dll+0x41bd3b]
V  [jvm.dll+0x41e727]
V  [jvm.dll+0x41f01d]
V  [jvm.dll+0x41fde6]
V  [jvm.dll+0x420048]
V  [jvm.dll+0x42047b]
V  [jvm.dll+0x41ffd5]
V  [jvm.dll+0x41bd3b]
V  [jvm.dll+0x41e727]
V  [jvm.dll+0x41eeeb]
V  [jvm.dll+0x41fde6]
V  [jvm.dll+0x420048]
V  [jvm.dll+0x41bd3b]
V  [jvm.dll+0x41e727]
V  [jvm.dll+0x41eeeb]
V  [jvm.dll+0x41fde6]
V  [jvm.dll+0x420048]
V  [jvm.dll+0x41bd3b]
V  [jvm.dll+0x41e727]
V  [jvm.dll+0x41f01d]
V  [jvm.dll+0x41f412]
V  [jvm.dll+0x4244f5]
V  [jvm.dll+0x424600]
V  [jvm.dll+0x40ddb8]
V  [jvm.dll+0x40e021]
V  [jvm.dll+0x40e1e2]
V  [jvm.dll+0x40e3b1]
V  [jvm.dll+0x40e5bf]
V  [jvm.dll+0xa5742]
V  [jvm.dll+0xa607f]
V  [jvm.dll+0x244b7f]
V  [jvm.dll+0x29c43a]
C  [msvcr100.dll+0x21d9f]
C  [msvcr100.dll+0x21e3b]
C  [KERNEL32.DLL+0x17c24]
C  [ntdll.dll+0x6d4d1]


Current CompileTask:
C1:   6764 6653       3       android.content.res.TypedArray::$$robo$$android_content_res_TypedArray$loadStringValueAt (51 bytes)


---------------  P R O C E S S  ---------------

Java Threads: ( => current thread )
  0x000000001e7ff000 JavaThread "Java2D Disposer" daemon [_thread_blocked, id=17320, stack(0x000000001ad20000,0x000000001ae20000)]
  0x0000000018195000 JavaThread "SDK 28 Main Thread" [_thread_in_native, id=19160, stack(0x0000000019820000,0x0000000019920000)]
  0x0000000017cd4000 JavaThread "/127.0.0.1:51742 to /127.0.0.1:49154 workers Thread 3" [_thread_in_native, id=15068, stack(0x0000000019520000,0x0000000019620000)]
  0x0000000018090000 JavaThread "/127.0.0.1:51742 to /127.0.0.1:49154 workers Thread 2" [_thread_blocked, id=9960, stack(0x0000000019420000,0x0000000019520000)]
  0x00000000180a9000 JavaThread "Test worker" [_thread_blocked, id=9308, stack(0x0000000018fe0000,0x00000000190e0000)]
  0x0000000016911800 JavaThread "Service Thread" daemon [_thread_blocked, id=12084, stack(0x0000000017510000,0x0000000017610000)]
=>0x0000000016880800 JavaThread "C1 CompilerThread3" daemon [_thread_in_vm, id=5088, stack(0x0000000017410000,0x0000000017510000)]
  0x0000000016876000 JavaThread "C2 CompilerThread2" daemon [_thread_blocked, id=4588, stack(0x0000000017310000,0x0000000017410000)]
  0x0000000016874800 JavaThread "C2 CompilerThread1" daemon [_thread_blocked, id=16216, stack(0x0000000017210000,0x0000000017310000)]
  0x0000000016870800 JavaThread "C2 CompilerThread0" daemon [_thread_blocked, id=14824, stack(0x0000000017110000,0x0000000017210000)]
  0x000000001686d000 JavaThread "Attach Listener" daemon [_thread_blocked, id=15044, stack(0x0000000017010000,0x0000000017110000)]
  0x000000001686c800 JavaThread "Signal Dispatcher" daemon [_thread_blocked, id=19800, stack(0x0000000016f10000,0x0000000017010000)]
  0x00000000167f0800 JavaThread "Finalizer" daemon [_thread_blocked, id=9824, stack(0x0000000016bd0000,0x0000000016cd0000)]
  0x0000000003086800 JavaThread "Reference Handler" daemon [_thread_blocked, id=18880, stack(0x00000000166d0000,0x00000000167d0000)]
  0x0000000002f92800 JavaThread "main" [_thread_blocked, id=14308, stack(0x0000000002e90000,0x0000000002f90000)]

Other Threads:
  0x00000000148fa000 VMThread [stack: 0x00000000165d0000,0x00000000166d0000] [id=11056]
  0x00000000169ac800 WatcherThread [stack: 0x0000000017610000,0x0000000017710000] [id=20676]

VM state:not at safepoint (normal execution)

VM Mutex/Monitor currently owned by a thread: None

Heap:
 PSYoungGen      total 155136K, used 52385K [0x00000000f5580000, 0x0000000100000000, 0x0000000100000000)
  eden space 141824K, 27% used [0x00000000f5580000,0x00000000f7bd8d20,0x00000000fe000000)
  from space 13312K, 98% used [0x00000000ff300000,0x00000000fffcfa60,0x0000000100000000)
  to   space 16384K, 0% used [0x00000000fe000000,0x00000000fe000000,0x00000000ff000000)
 ParOldGen       total 178688K, used 64560K [0x00000000e0000000, 0x00000000eae80000, 0x00000000f5580000)
  object space 178688K, 36% used [0x00000000e0000000,0x00000000e3f0c2d0,0x00000000eae80000)
 Metaspace       used 61448K, capacity 70605K, committed 70704K, reserved 1110016K
  class space    used 7694K, capacity 10274K, committed 10288K, reserved 1048576K

Card table byte_map: [0x0000000012450000,0x0000000012560000] byte_map_base: 0x0000000011d50000

Marking Bits: (ParMarkBitMap*) 0x0000000058aaa6c0
 Begin Bits: [0x0000000012e10000, 0x0000000013610000)
 End Bits:   [0x0000000013610000, 0x0000000013e10000)

Polling page: 0x00000000015f0000

CodeCache: size=245760Kb used=17749Kb max_used=17779Kb free=228010Kb
 bounds [0x0000000003090000, 0x0000000004210000, 0x0000000012090000]
 total_blobs=6933 nmethods=5372 adapters=1473
 compilation: enabled

Compilation events (10 events):
Event: 6.717 Thread 0x0000000016880800 nmethod 6648 0x00000000031b4410 code [0x00000000031b45c0, 0x00000000031b4ac8]
Event: 6.724 Thread 0x0000000016880800 6651       3       android.graphics.Rect::$$robo$init (18 bytes)
Event: 6.724 Thread 0x0000000016880800 nmethod 6651 0x00000000041fb7d0 code [0x00000000041fba60, 0x00000000041fcc68]
Event: 6.724 Thread 0x0000000016880800 6649       3       java.lang.invoke.LambdaForm$MH/863197431::linkToCallSite (20 bytes)
Event: 6.725 Thread 0x0000000016880800 nmethod 6649 0x00000000032a25d0 code [0x00000000032a2760, 0x00000000032a2c68]
Event: 6.725 Thread 0x0000000016880800 6650       3       java.lang.invoke.LambdaForm$MH/55115964::guard (109 bytes)
Event: 6.725 Thread 0x0000000016880800 nmethod 6650 0x0000000003261a90 code [0x0000000003261ca0, 0x0000000003262aa8]
Event: 6.731 Thread 0x0000000016880800 6652   !   3       java.lang.invoke.LambdaForm$MH/1232199578::guardWithCatch (73 bytes)
Event: 6.731 Thread 0x0000000016880800 nmethod 6652 0x000000000326c690 code [0x000000000326c840, 0x000000000326d148]
Event: 6.731 Thread 0x0000000016880800 6653       3       android.content.res.TypedArray::$$robo$$android_content_res_TypedArray$loadStringValueAt (51 bytes)

GC Heap History (10 events):
Event: 5.235 GC heap before
{Heap before GC invocations=19 (full 3):
 PSYoungGen      total 161792K, used 153811K [0x00000000f5580000, 0x0000000100000000, 0x0000000100000000)
  eden space 148992K, 100% used [0x00000000f5580000,0x00000000fe700000,0x00000000fe700000)
  from space 12800K, 37% used [0x00000000fe700000,0x00000000febb4d58,0x00000000ff380000)
  to   space 12800K, 0% used [0x00000000ff380000,0x00000000ff380000,0x0000000100000000)
 ParOldGen       total 178688K, used 60551K [0x00000000e0000000, 0x00000000eae80000, 0x00000000f5580000)
  object space 178688K, 33% used [0x00000000e0000000,0x00000000e3b21f90,0x00000000eae80000)
 Metaspace       used 53634K, capacity 59601K, committed 59696K, reserved 1101824K
  class space    used 6355K, capacity 8174K, committed 8240K, reserved 1048576K
Event: 5.240 GC heap after
Heap after GC invocations=19 (full 3):
 PSYoungGen      total 160768K, used 6342K [0x00000000f5580000, 0x00000000fff00000, 0x0000000100000000)
  eden space 148992K, 0% used [0x00000000f5580000,0x00000000f5580000,0x00000000fe700000)
  from space 11776K, 53% used [0x00000000ff380000,0x00000000ff9b1868,0x00000000fff00000)
  to   space 12288K, 0% used [0x00000000fe700000,0x00000000fe700000,0x00000000ff300000)
 ParOldGen       total 178688K, used 60559K [0x00000000e0000000, 0x00000000eae80000, 0x00000000f5580000)
  object space 178688K, 33% used [0x00000000e0000000,0x00000000e3b23f90,0x00000000eae80000)
 Metaspace       used 53634K, capacity 59601K, committed 59696K, reserved 1101824K
  class space    used 6355K, capacity 8174K, committed 8240K, reserved 1048576K
}
Event: 5.523 GC heap before
{Heap before GC invocations=20 (full 3):
 PSYoungGen      total 160768K, used 155334K [0x00000000f5580000, 0x00000000fff00000, 0x0000000100000000)
  eden space 148992K, 100% used [0x00000000f5580000,0x00000000fe700000,0x00000000fe700000)
  from space 11776K, 53% used [0x00000000ff380000,0x00000000ff9b1868,0x00000000fff00000)
  to   space 12288K, 0% used [0x00000000fe700000,0x00000000fe700000,0x00000000ff300000)
 ParOldGen       total 178688K, used 60559K [0x00000000e0000000, 0x00000000eae80000, 0x00000000f5580000)
  object space 178688K, 33% used [0x00000000e0000000,0x00000000e3b23f90,0x00000000eae80000)
 Metaspace       used 55723K, capacity 62303K, committed 62512K, reserved 1103872K
  class space    used 6731K, capacity 8717K, committed 8752K, reserved 1048576K
Event: 5.528 GC heap after
Heap after GC invocations=20 (full 3):
 PSYoungGen      total 161280K, used 7423K [0x00000000f5580000, 0x00000000fff80000, 0x0000000100000000)
  eden space 148992K, 0% used [0x00000000f5580000,0x00000000f5580000,0x00000000fe700000)
  from space 12288K, 60% used [0x00000000fe700000,0x00000000fee3fd20,0x00000000ff300000)
  to   space 11776K, 0% used [0x00000000ff400000,0x00000000ff400000,0x00000000fff80000)
 ParOldGen       total 178688K, used 60567K [0x00000000e0000000, 0x00000000eae80000, 0x00000000f5580000)
  object space 178688K, 33% used [0x00000000e0000000,0x00000000e3b25f90,0x00000000eae80000)
 Metaspace       used 55723K, capacity 62303K, committed 62512K, reserved 1103872K
  class space    used 6731K, capacity 8717K, committed 8752K, reserved 1048576K
}
Event: 6.035 GC heap before
{Heap before GC invocations=21 (full 3):
 PSYoungGen      total 161280K, used 156415K [0x00000000f5580000, 0x00000000fff80000, 0x0000000100000000)
  eden space 148992K, 100% used [0x00000000f5580000,0x00000000fe700000,0x00000000fe700000)
  from space 12288K, 60% used [0x00000000fe700000,0x00000000fee3fd20,0x00000000ff300000)
  to   space 11776K, 0% used [0x00000000ff400000,0x00000000ff400000,0x00000000fff80000)
 ParOldGen       total 178688K, used 60567K [0x00000000e0000000, 0x00000000eae80000, 0x00000000f5580000)
  object space 178688K, 33% used [0x00000000e0000000,0x00000000e3b25f90,0x00000000eae80000)
 Metaspace       used 60099K, capacity 68815K, committed 69040K, reserved 1107968K
  class space    used 7574K, capacity 10115K, committed 10160K, reserved 1048576K
Event: 6.045 GC heap after
Heap after GC invocations=21 (full 3):
 PSYoungGen      total 159744K, used 11748K [0x00000000f5580000, 0x0000000100000000, 0x0000000100000000)
  eden space 147968K, 0% used [0x00000000f5580000,0x00000000f5580000,0x00000000fe600000)
  from space 11776K, 99% used [0x00000000ff400000,0x00000000fff79230,0x00000000fff80000)
  to   space 13312K, 0% used [0x00000000fe600000,0x00000000fe600000,0x00000000ff300000)
 ParOldGen       total 178688K, used 60905K [0x00000000e0000000, 0x00000000eae80000, 0x00000000f5580000)
  object space 178688K, 34% used [0x00000000e0000000,0x00000000e3b7a558,0x00000000eae80000)
 Metaspace       used 60099K, capacity 68815K, committed 69040K, reserved 1107968K
  class space    used 7574K, capacity 10115K, committed 10160K, reserved 1048576K
}
Event: 6.404 GC heap before
{Heap before GC invocations=22 (full 3):
 PSYoungGen      total 159744K, used 159716K [0x00000000f5580000, 0x0000000100000000, 0x0000000100000000)
  eden space 147968K, 100% used [0x00000000f5580000,0x00000000fe600000,0x00000000fe600000)
  from space 11776K, 99% used [0x00000000ff400000,0x00000000fff79230,0x00000000fff80000)
  to   space 13312K, 0% used [0x00000000fe600000,0x00000000fe600000,0x00000000ff300000)
 ParOldGen       total 178688K, used 60905K [0x00000000e0000000, 0x00000000eae80000, 0x00000000f5580000)
  object space 178688K, 34% used [0x00000000e0000000,0x00000000e3b7a558,0x00000000eae80000)
 Metaspace       used 61249K, capacity 70135K, committed 70192K, reserved 1110016K
  class space    used 7680K, capacity 10247K, committed 10288K, reserved 1048576K
Event: 6.415 GC heap after
Heap after GC invocations=22 (full 3):
 PSYoungGen      total 161280K, used 13302K [0x00000000f5580000, 0x0000000100000000, 0x0000000100000000)
  eden space 147968K, 0% used [0x00000000f5580000,0x00000000f5580000,0x00000000fe600000)
  from space 13312K, 99% used [0x00000000fe600000,0x00000000ff2fdba0,0x00000000ff300000)
  to   space 13312K, 0% used [0x00000000ff300000,0x00000000ff300000,0x0000000100000000)
 ParOldGen       total 178688K, used 61726K [0x00000000e0000000, 0x00000000eae80000, 0x00000000f5580000)
  object space 178688K, 34% used [0x00000000e0000000,0x00000000e3c478d8,0x00000000eae80000)
 Metaspace       used 61249K, capacity 70135K, committed 70192K, reserved 1110016K
  class space    used 7680K, capacity 10247K, committed 10288K, reserved 1048576K
}
Event: 6.704 GC heap before
{Heap before GC invocations=23 (full 3):
 PSYoungGen      total 161280K, used 161270K [0x00000000f5580000, 0x0000000100000000, 0x0000000100000000)
  eden space 147968K, 100% used [0x00000000f5580000,0x00000000fe600000,0x00000000fe600000)
  from space 13312K, 99% used [0x00000000fe600000,0x00000000ff2fdba0,0x00000000ff300000)
  to   space 13312K, 0% used [0x00000000ff300000,0x00000000ff300000,0x0000000100000000)
 ParOldGen       total 178688K, used 61726K [0x00000000e0000000, 0x00000000eae80000, 0x00000000f5580000)
  object space 178688K, 34% used [0x00000000e0000000,0x00000000e3c478d8,0x00000000eae80000)
 Metaspace       used 61440K, capacity 70539K, committed 70704K, reserved 1110016K
  class space    used 7694K, capacity 10273K, committed 10288K, reserved 1048576K
Event: 6.713 GC heap after
Heap after GC invocations=23 (full 3):
 PSYoungGen      total 155136K, used 13118K [0x00000000f5580000, 0x0000000100000000, 0x0000000100000000)
  eden space 141824K, 0% used [0x00000000f5580000,0x00000000f5580000,0x00000000fe000000)
  from space 13312K, 98% used [0x00000000ff300000,0x00000000fffcfa60,0x0000000100000000)
  to   space 16384K, 0% used [0x00000000fe000000,0x00000000fe000000,0x00000000ff000000)
 ParOldGen       total 178688K, used 64560K [0x00000000e0000000, 0x00000000eae80000, 0x00000000f5580000)
  object space 178688K, 36% used [0x00000000e0000000,0x00000000e3f0c2d0,0x00000000eae80000)
 Metaspace       used 61440K, capacity 70539K, committed 70704K, reserved 1110016K
  class space    used 7694K, capacity 10273K, committed 10288K, reserved 1048576K
}

Deoptimization events (10 events):
Event: 6.124 Thread 0x00000000180a9000 Uncommon trap: reason=bimorphic action=maybe_recompile pc=0x0000000003e5dd6c method=java.util.regex.Pattern$Curly.match0(Ljava/util/regex/Matcher;IILjava/lang/CharSequence;)Z @ 77
Event: 6.125 Thread 0x00000000180a9000 Uncommon trap: reason=class_check action=maybe_recompile pc=0x0000000003afb0f4 method=com.google.common.collect.ImmutableSet$RegularSetBuilderImpl.add(Ljava/lang/Object;)Lcom/google/common/collect/ImmutableSet$SetBuilderImpl; @ 6
Event: 6.125 Thread 0x00000000180a9000 Uncommon trap: reason=class_check action=maybe_recompile pc=0x0000000003afb0f4 method=com.google.common.collect.ImmutableSet$RegularSetBuilderImpl.add(Ljava/lang/Object;)Lcom/google/common/collect/ImmutableSet$SetBuilderImpl; @ 6
Event: 6.125 Thread 0x00000000180a9000 Uncommon trap: reason=class_check action=maybe_recompile pc=0x0000000003afb0f4 method=com.google.common.collect.ImmutableSet$RegularSetBuilderImpl.add(Ljava/lang/Object;)Lcom/google/common/collect/ImmutableSet$SetBuilderImpl; @ 6
Event: 6.125 Thread 0x00000000180a9000 Uncommon trap: reason=class_check action=maybe_recompile pc=0x0000000003afb0f4 method=com.google.common.collect.ImmutableSet$RegularSetBuilderImpl.add(Ljava/lang/Object;)Lcom/google/common/collect/ImmutableSet$SetBuilderImpl; @ 6
Event: 6.125 Thread 0x00000000180a9000 Uncommon trap: reason=unstable_if action=reinterpret pc=0x000000000378634c method=org.robolectric.internal.bytecode.MethodRef.equals(Ljava/lang/Object;)Z @ 2
Event: 6.214 Thread 0x0000000018195000 Uncommon trap: reason=unstable_if action=reinterpret pc=0x00000000034d75ac method=java.util.Arrays.hashCode([Ljava/lang/Object;)I @ 34
Event: 6.218 Thread 0x0000000018195000 Uncommon trap: reason=unstable_if action=reinterpret pc=0x000000000370fef4 method=org.robolectric.res.android.ResTable_config.isBetterThan(Lorg/robolectric/res/android/ResTable_config;Lorg/robolectric/res/android/ResTable_config;)Z @ 898
Event: 6.578 Thread 0x00000000180a9000 Uncommon trap: reason=class_check action=maybe_recompile pc=0x0000000003ceef7c method=java.util.regex.Pattern$Curly.match0(Ljava/util/regex/Matcher;IILjava/lang/CharSequence;)Z @ 77
Event: 6.592 Thread 0x0000000018195000 Uncommon trap: reason=unstable_if action=reinterpret pc=0x0000000003e241e4 method=org.robolectric.res.android.ResTable_config.match(Lorg/robolectric/res/android/ResTable_config;)Z @ 531

Internal exceptions (10 events):
Event: 5.628 Thread 0x000000001e7f8800 Exception <a 'java/lang/NoSuchFieldError': method resolution failed> (0x00000000f7e896b0) thrown at [C:\re\workspace\8-2-build-windows-amd64-cygwin\jdk8u111\7883\hotspot\src\share\vm\prims\methodHandles.cpp, line 1146]
Event: 5.722 Thread 0x0000000018195000 Implicit null exception at 0x0000000003c6614e to 0x0000000003c66b8f
Event: 5.722 Thread 0x0000000018195000 Implicit null exception at 0x0000000003e176b3 to 0x0000000003e17d79
Event: 5.808 Thread 0x0000000018195000 Exception <a 'java/lang/NoSuchFieldError': method resolution failed> (0x00000000fafac140) thrown at [C:\re\workspace\8-2-build-windows-amd64-cygwin\jdk8u111\7883\hotspot\src\share\vm\prims\methodHandles.cpp, line 1146]
Event: 5.867 Thread 0x0000000018195000 Exception <a 'java/lang/NoSuchFieldError': method resolution failed> (0x00000000fbb7ccd0) thrown at [C:\re\workspace\8-2-build-windows-amd64-cygwin\jdk8u111\7883\hotspot\src\share\vm\prims\methodHandles.cpp, line 1146]
Event: 6.053 Thread 0x0000000018195000 Implicit null exception at 0x0000000003579cd7 to 0x0000000003579dad
Event: 6.111 Thread 0x0000000018195000 Exception <a 'java/lang/NoSuchMethodError': java.lang.Object.lambda$get$0(Ljava/lang/Object;)V> (0x00000000f69f8470) thrown at [C:\re\workspace\8-2-build-windows-amd64-cygwin\jdk8u111\7883\hotspot\src\share\vm\interpreter\linkResolver.cpp, line 582]
Event: 6.214 Thread 0x0000000018195000 Implicit null exception at 0x00000000034d74ef to 0x00000000034d758d
Event: 6.224 Thread 0x0000000018195000 Exception <a 'sun/nio/fs/WindowsException'> (0x00000000f750c378) thrown at [C:\re\workspace\8-2-build-windows-amd64-cygwin\jdk8u111\7883\hotspot\src\share\vm\prims\jni.cpp, line 709]
Event: 6.596 Thread 0x0000000018195000 Exception <a 'sun/nio/fs/WindowsException'> (0x00000000fa1aef58) thrown at [C:\re\workspace\8-2-build-windows-amd64-cygwin\jdk8u111\7883\hotspot\src\share\vm\prims\jni.cpp, line 709]

Events (10 events):
Event: 6.713 Executing VM operation: ParallelGCFailedAllocation done
Event: 6.713 Executing VM operation: RevokeBias
Event: 6.714 Executing VM operation: RevokeBias done
Event: 6.714 Thread 0x0000000016880800 flushing nmethod 0x00000000031b4410
Event: 6.714 Thread 0x0000000016880800 flushing nmethod 0x00000000031fb6d0
Event: 6.715 Executing VM operation: RevokeBias
Event: 6.715 Executing VM operation: RevokeBias done
Event: 6.716 Thread 0x0000000016880800 flushing nmethod 0x00000000032584d0
Event: 6.716 Thread 0x0000000016880800 flushing nmethod 0x000000000326c490
Event: 6.716 Thread 0x0000000016880800 flushing nmethod 0x00000000032a2410


Dynamic libraries:
0x00007ff73c600000 - 0x00007ff73c637000 	C:\Program Files\Java\jdk1.8.0_111\bin\java.exe
0x00007fff48c40000 - 0x00007fff48e30000 	C:\WINDOWS\SYSTEM32\ntdll.dll
0x00007fff12440000 - 0x00007fff12455000 	C:\Program Files\Avast Software\Avast\aswhook.dll
0x00007fff48330000 - 0x00007fff483e2000 	C:\WINDOWS\System32\KERNEL32.DLL
0x00007fff45bc0000 - 0x00007fff45e65000 	C:\WINDOWS\System32\KERNELBASE.dll
0x00007fff477d0000 - 0x00007fff47873000 	C:\WINDOWS\System32\ADVAPI32.dll
0x00007fff473a0000 - 0x00007fff4743e000 	C:\WINDOWS\System32\msvcrt.dll
0x00007fff46f00000 - 0x00007fff46f97000 	C:\WINDOWS\System32\sechost.dll
0x00007fff46fa0000 - 0x00007fff470bf000 	C:\WINDOWS\System32\RPCRT4.dll
0x00007fff47200000 - 0x00007fff47394000 	C:\WINDOWS\System32\USER32.dll
0x00007fff46410000 - 0x00007fff46431000 	C:\WINDOWS\System32\win32u.dll
0x00007fff48a90000 - 0x00007fff48ab6000 	C:\WINDOWS\System32\GDI32.dll
0x00007fff46270000 - 0x00007fff46408000 	C:\WINDOWS\System32\gdi32full.dll
0x00007fff46c50000 - 0x00007fff46cee000 	C:\WINDOWS\System32\msvcp_win.dll
0x00007fff45f40000 - 0x00007fff4603a000 	C:\WINDOWS\System32\ucrtbase.dll
0x00007fff38ec0000 - 0x00007fff39144000 	C:\WINDOWS\WinSxS\amd64_microsoft.windows.common-controls_6595b64144ccf1df_6.0.18362.1316_none_9e7a364fe461dbd7\COMCTL32.dll
0x00007fff47ff0000 - 0x00007fff48327000 	C:\WINDOWS\System32\combase.dll
0x00007fff46440000 - 0x00007fff464c1000 	C:\WINDOWS\System32\bcryptPrimitives.dll
0x00007fff46cf0000 - 0x00007fff46d1e000 	C:\WINDOWS\System32\IMM32.DLL
0x0000000058b30000 - 0x0000000058c02000 	C:\Program Files\Java\jdk1.8.0_111\jre\bin\msvcr100.dll
0x0000000058290000 - 0x0000000058b2a000 	C:\Program Files\Java\jdk1.8.0_111\jre\bin\server\jvm.dll
0x00007fff47450000 - 0x00007fff47458000 	C:\WINDOWS\System32\PSAPI.DLL
0x00007fff3b6a0000 - 0x00007fff3b6a9000 	C:\WINDOWS\SYSTEM32\WSOCK32.dll
0x00007fff3ff30000 - 0x00007fff3ff3a000 	C:\WINDOWS\SYSTEM32\VERSION.dll
0x00007fff489b0000 - 0x00007fff48a1f000 	C:\WINDOWS\System32\WS2_32.dll
0x00007fff34eb0000 - 0x00007fff34ed4000 	C:\WINDOWS\SYSTEM32\WINMM.dll
0x00007fff34760000 - 0x00007fff3478d000 	C:\WINDOWS\SYSTEM32\WINMMBASE.dll
0x00007fff46220000 - 0x00007fff4626a000 	C:\WINDOWS\System32\cfgmgr32.dll
0x0000000058280000 - 0x000000005828f000 	C:\Program Files\Java\jdk1.8.0_111\jre\bin\verify.dll
0x0000000058250000 - 0x0000000058279000 	C:\Program Files\Java\jdk1.8.0_111\jre\bin\java.dll
0x0000000058230000 - 0x0000000058246000 	C:\Program Files\Java\jdk1.8.0_111\jre\bin\zip.dll
0x00007fff47900000 - 0x00007fff47fe8000 	C:\WINDOWS\System32\SHELL32.dll
0x00007fff46d20000 - 0x00007fff46dc7000 	C:\WINDOWS\System32\shcore.dll
0x00007fff464d0000 - 0x00007fff46c4b000 	C:\WINDOWS\System32\windows.storage.dll
0x00007fff45b70000 - 0x00007fff45b93000 	C:\WINDOWS\System32\profapi.dll
0x00007fff45b00000 - 0x00007fff45b4a000 	C:\WINDOWS\System32\powrprof.dll
0x00007fff45af0000 - 0x00007fff45b00000 	C:\WINDOWS\System32\UMPDC.dll
0x00007fff47770000 - 0x00007fff477c2000 	C:\WINDOWS\System32\shlwapi.dll
0x00007fff45b50000 - 0x00007fff45b61000 	C:\WINDOWS\System32\kernel.appcore.dll
0x00007fff45e70000 - 0x00007fff45e87000 	C:\WINDOWS\System32\cryptsp.dll
0x0000000058210000 - 0x000000005822a000 	C:\Program Files\Java\jdk1.8.0_111\jre\bin\net.dll
0x00007fff452d0000 - 0x00007fff45337000 	C:\WINDOWS\system32\mswsock.dll
0x00000000581f0000 - 0x0000000058201000 	C:\Program Files\Java\jdk1.8.0_111\jre\bin\nio.dll
0x00007fff44e50000 - 0x00007fff44e83000 	C:\WINDOWS\system32\rsaenh.dll
0x00007fff461f0000 - 0x00007fff46216000 	C:\WINDOWS\System32\bcrypt.dll
0x00007fff45a10000 - 0x00007fff45a35000 	C:\WINDOWS\SYSTEM32\USERENV.dll
0x00007fff454a0000 - 0x00007fff454ac000 	C:\WINDOWS\SYSTEM32\CRYPTBASE.dll
0x00007fff44fe0000 - 0x00007fff4501a000 	C:\WINDOWS\SYSTEM32\IPHLPAPI.DLL
0x00007fff48b20000 - 0x00007fff48b28000 	C:\WINDOWS\System32\NSI.dll
0x00007fff3f3b0000 - 0x00007fff3f3c6000 	C:\WINDOWS\SYSTEM32\dhcpcsvc6.DLL
0x00007fff3fcb0000 - 0x00007fff3fccc000 	C:\WINDOWS\SYSTEM32\dhcpcsvc.DLL
0x00007fff45030000 - 0x00007fff450fb000 	C:\WINDOWS\SYSTEM32\DNSAPI.dll
0x00000000581b0000 - 0x00000000581d4000 	C:\Program Files\Java\jdk1.8.0_111\jre\bin\sunec.dll
0x00000000581a0000 - 0x00000000581ab000 	C:\Program Files\Java\jdk1.8.0_111\jre\bin\sunmscapi.dll
0x00007fff46040000 - 0x00007fff4618a000 	C:\WINDOWS\System32\CRYPT32.dll
0x00007fff45ba0000 - 0x00007fff45bb2000 	C:\WINDOWS\System32\MSASN1.dll
0x0000000057f20000 - 0x00000000580b8000 	C:\Program Files\Java\jdk1.8.0_111\jre\bin\awt.dll
0x00007fff483f0000 - 0x00007fff484b5000 	C:\WINDOWS\System32\OLEAUT32.dll
0x00007fff432e0000 - 0x00007fff4336f000 	C:\WINDOWS\SYSTEM32\apphelp.dll
0x00007fff44450000 - 0x00007fff44644000 	C:\WINDOWS\SYSTEM32\dbghelp.dll

VM Arguments:
jvm_args: -Djava.awt.headless=true -Djava.security.manager=worker.org.gradle.process.internal.worker.child.BootstrapSecurityManager -Dorg.gradle.native=false -Xmx512m -Dfile.encoding=windows-1252 -Duser.country=US -Duser.language=en -Duser.variant -ea 
java_command: worker.org.gradle.process.internal.worker.GradleWorkerMain 'Gradle Test Executor 29'
java_class_path (initial): C:\Users\ROG\.gradle\caches\6.1.1\workerMain\gradle-worker.jar
Launcher Type: SUN_STANDARD

Environment Variables:
PATH=C:\Program Files (x86)\Common Files\Intel\Shared Files\cpp\;C:\Program Files\Git\cmd;C:\Program Files\Microsoft SQL Server\Client SDK\ODBC\170\Tools\Binn\;C:\Program Files (x86)\Microsoft SQL Server\150\Tools\Binn\;C:\Program Files\Microsoft SQL Server\150\Tools\Binn\;C:\Program Files\Microsoft SQL Server\150\DTS\Binn\;C:\Program Files\nodejs\;C:\Program Files (x86)\Microsoft SQL Server\150\DTS\Binn\;C:\Program Files\Azure Data Studio\bin;D:\Semester 5\;C:\Program Files\Java\jdk-11.0.4\bin;C:\Users\ROG\AppData\Local\Programs\Microsoft VS Code\bin;C:\Users\ROG\AppData\Local\Microsoft\WindowsApps;C:\xampp\php;C:\Users\ROG\AppData\Local\ComposerSetup\bin;C:\Users\ROG\AppData\Roaming\Composer\vendor\bin;C:\Users\ROG\AppData\Roaming\npm;C:\Program Files\Azure Data Studio\bin
USERNAME=ROG
OS=Windows_NT
PROCESSOR_IDENTIFIER=Intel64 Family 6 Model 158 Stepping 10, GenuineIntel



---------------  S Y S T E M  ---------------

OS: Windows 10.0 , 64 bit Build 18362 (10.0.18362.1316)

CPU:total 8 (4 cores per cpu, 2 threads per core) family 6 model 158 stepping 10, cmov, cx8, fxsr, mmx, sse, sse2, sse3, ssse3, sse4.1, sse4.2, popcnt, avx, avx2, aes, clmul, erms, 3dnowpref, lzcnt, ht, tsc, tscinvbit, bmi1, bmi2, adx

Memory: 4k page, physical 8237576k(575616k free), swap 21869064k(8816308k free)

vm_info: Java HotSpot(TM) 64-Bit Server VM (25.111-b14) for windows-amd64 JRE (1.8.0_111-b14), built on Sep 22 2016 19:24:05 by "java_re" with MS VC++ 10.0 (VS2010)

time: Tue Oct 05 06:58:53 2021
elapsed time: 6 seconds (0d 0h 0m 6s)

