#
# A fatal error has been detected by the Java Runtime Environment:
#
#  EXCEPTION_ACCESS_VIOLATION (0xc0000005) at pc=0x00000000582d3608, pid=17332, tid=0x0000000000004bb0
#
# JRE version: Java(TM) SE Runtime Environment (8.0_111-b14) (build 1.8.0_111-b14)
# Java VM: Java HotSpot(TM) 64-Bit Server VM (25.111-b14 mixed mode windows-amd64 compressed oops)
# Problematic frame:
# V  [jvm.dll+0x43608]
#
# Failed to write core dump. Minidumps are not enabled by default on client versions of Windows
#
# If you would like to submit a bug report, please visit:
#   http://bugreport.java.com/bugreport/crash.jsp
#

---------------  T H R E A D  ---------------

Current thread (0x00000000165be000):  JavaThread "C1 CompilerThread3" daemon [_thread_in_vm, id=19376, stack(0x0000000017150000,0x0000000017250000)]

siginfo: ExceptionCode=0xc0000005, reading address 0xffffffffffffffff

Registers:
RAX=0x00000000165be000, RBX=0x0000000002d15320, RCX=0x0000000002d15320, RDX=0x0000000002d15320
RSP=0x000000001724d1f0, RBP=0x00000000176ef2c0, RSI=0x0000000002d15320, RDI=0x0000000000000000
R8 =0x3cccc588ffff0013, R9 =0x0000000000000000, R10=0x00000000176ef4f0, R11=0x000000001e5a73d0
R12=0x00000000165be000, R13=0x00000000176ef2c0, R14=0x000000001eb02c90, R15=0x0000000000000000
RIP=0x00000000582d3608, EFLAGS=0x0000000000010202

Top of Stack: (sp=0x000000001724d1f0)
0x000000001724d1f0:   00000000000000b6 000000001724f7a0
0x000000001724d200:   0000000000000000 0000000000000077
0x000000001724d210:   000000001d1e48d8 000000001724f7a0
0x000000001724d220:   000000001724d300 00000000582bfe25
0x000000001724d230:   00000000000000e9 00000000582d3999
0x000000001724d240:   0000000000000077 0000000000000077
0x000000001724d250:   0000000000000000 0000000000000000
0x000000001724d260:   00000000000000b6 000000001acd9d00
0x000000001724d270:   0000000002cca560 00000000582d1c6b
0x000000001724d280:   0000000000000000 00000000165be000
0x000000001724d290:   000000001eb04450 00000000582bce0f
0x000000001724d2a0:   00000000165be000 00000000582d6f80
0x000000001724d2b0:   00000000165be000 00000000165be000
0x000000001724d2c0:   000000001acd9d00 00000000586b0aeb
0x000000001724d2d0:   0000000000000000 0000000000000000
0x000000001724d2e0:   000000001eb04450 0000000000000000 

Instructions: (pc=0x00000000582d3608)
0x00000000582d35e8:   00 48 8b da ff 15 fe 7d 59 00 44 0f b6 05 5a d9
0x00000000582d35f8:   7a 00 4c 8b e0 45 84 c0 74 39 4c 8b 03 48 8b cb
0x00000000582d3608:   41 ff 50 08 84 c0 74 2b 83 7b 08 00 7e 25 0f b6
0x00000000582d3618:   83 0e 01 00 00 c0 e8 03 a8 01 74 17 48 8b 03 48 


Register to memory mapping:

RAX=0x00000000165be000 is a thread
RBX=0x0000000002d15320 is an unknown value
RCX=0x0000000002d15320 is an unknown value
RDX=0x0000000002d15320 is an unknown value
RSP=0x000000001724d1f0 is pointing into the stack for thread: 0x00000000165be000
RBP=0x00000000176ef2c0 is an unknown value
RSI=0x0000000002d15320 is an unknown value
RDI=0x0000000000000000 is an unknown value
R8 =0x3cccc588ffff0013 is an unknown value
R9 =0x0000000000000000 is an unknown value
R10=0x00000000176ef4f0 is an unknown value
R11=0x000000001e5a73d0 is an unknown value
R12=0x00000000165be000 is a thread
R13=0x00000000176ef2c0 is an unknown value
R14=0x000000001eb02c90 is an unknown value
R15=0x0000000000000000 is an unknown value


Stack: [0x0000000017150000,0x0000000017250000],  sp=0x000000001724d1f0,  free space=1012k
Native frames: (J=compiled Java code, j=interpreted, Vv=VM code, C=native code)
V  [jvm.dll+0x43608]
V  [jvm.dll+0x43999]
V  [jvm.dll+0x41c6b]
V  [jvm.dll+0x420aeb]
V  [jvm.dll+0x41b8da]
V  [jvm.dll+0x41e727]
V  [jvm.dll+0x41eeeb]
V  [jvm.dll+0x41fde6]
V  [jvm.dll+0x420048]
V  [jvm.dll+0x42047b]
V  [jvm.dll+0x41ffd5]
V  [jvm.dll+0x41bd3b]
V  [jvm.dll+0x41e727]
V  [jvm.dll+0x41eeeb]
V  [jvm.dll+0x41fde6]
V  [jvm.dll+0x420048]
V  [jvm.dll+0x42047b]
V  [jvm.dll+0x41ffd5]
V  [jvm.dll+0x41bd3b]
V  [jvm.dll+0x41e727]
V  [jvm.dll+0x41f01d]
V  [jvm.dll+0x41fde6]
V  [jvm.dll+0x420048]
V  [jvm.dll+0x42047b]
V  [jvm.dll+0x41ffd5]
V  [jvm.dll+0x41bd3b]
V  [jvm.dll+0x41e727]
V  [jvm.dll+0x41eeeb]
V  [jvm.dll+0x41fde6]
V  [jvm.dll+0x420048]
V  [jvm.dll+0x42047b]
V  [jvm.dll+0x41ffd5]
V  [jvm.dll+0x41bd3b]
V  [jvm.dll+0x41e727]
V  [jvm.dll+0x41f01d]
V  [jvm.dll+0x41fde6]
V  [jvm.dll+0x420048]
V  [jvm.dll+0x42047b]
V  [jvm.dll+0x41ffd5]
V  [jvm.dll+0x41bd3b]
V  [jvm.dll+0x41e727]
V  [jvm.dll+0x41eeeb]
V  [jvm.dll+0x41fde6]
V  [jvm.dll+0x420048]
V  [jvm.dll+0x41bd3b]
V  [jvm.dll+0x41e727]
V  [jvm.dll+0x41eeeb]
V  [jvm.dll+0x41fde6]
V  [jvm.dll+0x420048]
V  [jvm.dll+0x41bd3b]
V  [jvm.dll+0x41e727]
V  [jvm.dll+0x41f01d]
V  [jvm.dll+0x41f412]
V  [jvm.dll+0x4244f5]
V  [jvm.dll+0x424600]
V  [jvm.dll+0x40ddb8]
V  [jvm.dll+0x40e021]
V  [jvm.dll+0x40e1e2]
V  [jvm.dll+0x40e3b1]
V  [jvm.dll+0x40e5bf]
V  [jvm.dll+0xa5742]
V  [jvm.dll+0xa607f]
V  [jvm.dll+0x244b7f]
V  [jvm.dll+0x29c43a]
C  [msvcr100.dll+0x21d9f]
C  [msvcr100.dll+0x21e3b]
C  [KERNEL32.DLL+0x17c24]
C  [ntdll.dll+0x6d4d1]


Current CompileTask:
C1:   6327 6619       3       android.content.res.TypedArray::$$robo$$android_content_res_TypedArray$loadStringValueAt (51 bytes)


---------------  P R O C E S S  ---------------

Java Threads: ( => current thread )
  0x0000000017662000 JavaThread "Java2D Disposer" daemon [_thread_blocked, id=17056, stack(0x000000001ba00000,0x000000001bb00000)]
  0x0000000017666800 JavaThread "SDK 28 Main Thread" [_thread_in_Java, id=6064, stack(0x000000001a730000,0x000000001a830000)]
  0x0000000017660800 JavaThread "/127.0.0.1:61930 to /127.0.0.1:61929 workers Thread 3" [_thread_in_native, id=6464, stack(0x0000000019260000,0x0000000019360000)]
  0x0000000017663800 JavaThread "/127.0.0.1:61930 to /127.0.0.1:61929 workers Thread 2" [_thread_blocked, id=10728, stack(0x0000000019160000,0x0000000019260000)]
  0x0000000017665000 JavaThread "Test worker" [_thread_blocked, id=21084, stack(0x0000000018d20000,0x0000000018e20000)]
  0x000000001664f000 JavaThread "Service Thread" daemon [_thread_blocked, id=15972, stack(0x0000000017250000,0x0000000017350000)]
=>0x00000000165be000 JavaThread "C1 CompilerThread3" daemon [_thread_in_vm, id=19376, stack(0x0000000017150000,0x0000000017250000)]
  0x00000000165b6800 JavaThread "C2 CompilerThread2" daemon [_thread_blocked, id=20732, stack(0x0000000017050000,0x0000000017150000)]
  0x00000000165b2000 JavaThread "C2 CompilerThread1" daemon [_thread_blocked, id=3336, stack(0x0000000016f50000,0x0000000017050000)]
  0x00000000165b1000 JavaThread "C2 CompilerThread0" daemon [_thread_blocked, id=17896, stack(0x0000000016e50000,0x0000000016f50000)]
  0x00000000165ad800 JavaThread "Attach Listener" daemon [_thread_blocked, id=13020, stack(0x0000000016d50000,0x0000000016e50000)]
  0x00000000165ac800 JavaThread "Signal Dispatcher" daemon [_thread_blocked, id=19264, stack(0x0000000016c50000,0x0000000016d50000)]
  0x0000000002dbe000 JavaThread "Finalizer" daemon [_thread_blocked, id=14700, stack(0x0000000016910000,0x0000000016a10000)]
  0x0000000002db5000 JavaThread "Reference Handler" daemon [_thread_blocked, id=19920, stack(0x0000000016410000,0x0000000016510000)]
  0x0000000002cc2800 JavaThread "main" [_thread_blocked, id=12276, stack(0x0000000002bc0000,0x0000000002cc0000)]

Other Threads:
  0x0000000014629800 VMThread [stack: 0x0000000016310000,0x0000000016410000] [id=21328]
  0x00000000166ed000 WatcherThread [stack: 0x0000000017350000,0x0000000017450000] [id=20152]

VM state:not at safepoint (normal execution)

VM Mutex/Monitor currently owned by a thread: None

Heap:
 PSYoungGen      total 157184K, used 31297K [0x00000000f5580000, 0x0000000100000000, 0x0000000100000000)
  eden space 143872K, 13% used [0x00000000f5580000,0x00000000f68f5d48,0x00000000fe200000)
  from space 13312K, 85% used [0x00000000ff300000,0x00000000ffe1aa50,0x0000000100000000)
  to   space 15360K, 0% used [0x00000000fe200000,0x00000000fe200000,0x00000000ff100000)
 ParOldGen       total 177152K, used 66482K [0x00000000e0000000, 0x00000000ead00000, 0x00000000f5580000)
  object space 177152K, 37% used [0x00000000e0000000,0x00000000e40ecad0,0x00000000ead00000)
 Metaspace       used 61460K, capacity 70612K, committed 70696K, reserved 1110016K
  class space    used 7695K, capacity 10273K, committed 10288K, reserved 1048576K

Card table byte_map: [0x0000000012180000,0x0000000012290000] byte_map_base: 0x0000000011a80000

Marking Bits: (ParMarkBitMap*) 0x0000000058aaa6c0
 Begin Bits: [0x0000000012b40000, 0x0000000013340000)
 End Bits:   [0x0000000013340000, 0x0000000013b40000)

Polling page: 0x0000000001310000

CodeCache: size=245760Kb used=17148Kb max_used=17148Kb free=228611Kb
 bounds [0x0000000002dc0000, 0x0000000003ea0000, 0x0000000011dc0000]
 total_blobs=6927 nmethods=5366 adapters=1473
 compilation: enabled

Compilation events (10 events):
Event: 6.270 Thread 0x00000000165be000 nmethod 6613 0x0000000003e89110 code [0x0000000003e89640, 0x0000000003e8cc28]
Event: 6.270 Thread 0x00000000165be000 6614       3       java.lang.invoke.LambdaForm$MH/443217279::delegate (20 bytes)
Event: 6.270 Thread 0x00000000165be000 nmethod 6614 0x0000000003e8fd50 code [0x0000000003e8fee0, 0x0000000003e90508]
Event: 6.270 Thread 0x00000000165be000 6615       3       java.lang.invoke.LambdaForm$MH/1277723163::linkToCallSite (22 bytes)
Event: 6.270 Thread 0x00000000165be000 nmethod 6615 0x0000000003e90650 code [0x0000000003e907e0, 0x0000000003e90e88]
Event: 6.285 Thread 0x00000000165be000 6616       3       android.graphics.Rect::$$robo$init (18 bytes)
Event: 6.286 Thread 0x00000000165be000 nmethod 6616 0x0000000003e91050 code [0x0000000003e912e0, 0x0000000003e92508]
Event: 6.303 Thread 0x00000000165be000 6618  s    3       org.robolectric.res.android.NativeObjRegistry::unregister (223 bytes)
Event: 6.304 Thread 0x00000000165be000 nmethod 6618 0x0000000003e93050 code [0x0000000003e933e0, 0x0000000003e95388]
Event: 6.304 Thread 0x00000000165be000 6619       3       android.content.res.TypedArray::$$robo$$android_content_res_TypedArray$loadStringValueAt (51 bytes)

GC Heap History (10 events):
Event: 4.920 GC heap before
{Heap before GC invocations=19 (full 3):
 PSYoungGen      total 162304K, used 154857K [0x00000000f5580000, 0x0000000100000000, 0x0000000100000000)
  eden space 150016K, 100% used [0x00000000f5580000,0x00000000fe800000,0x00000000fe800000)
  from space 12288K, 39% used [0x00000000fe800000,0x00000000fecba5b8,0x00000000ff400000)
  to   space 12288K, 0% used [0x00000000ff400000,0x00000000ff400000,0x0000000100000000)
 ParOldGen       total 177152K, used 60797K [0x00000000e0000000, 0x00000000ead00000, 0x00000000f5580000)
  object space 177152K, 34% used [0x00000000e0000000,0x00000000e3b5f470,0x00000000ead00000)
 Metaspace       used 53643K, capacity 59660K, committed 59944K, reserved 1101824K
  class space    used 6356K, capacity 8173K, committed 8240K, reserved 1048576K
Event: 4.924 GC heap after
Heap after GC invocations=19 (full 3):
 PSYoungGen      total 161280K, used 6326K [0x00000000f5580000, 0x00000000fff00000, 0x0000000100000000)
  eden space 150016K, 0% used [0x00000000f5580000,0x00000000f5580000,0x00000000fe800000)
  from space 11264K, 56% used [0x00000000ff400000,0x00000000ffa2da60,0x00000000fff00000)
  to   space 11776K, 0% used [0x00000000fe800000,0x00000000fe800000,0x00000000ff380000)
 ParOldGen       total 177152K, used 60805K [0x00000000e0000000, 0x00000000ead00000, 0x00000000f5580000)
  object space 177152K, 34% used [0x00000000e0000000,0x00000000e3b61470,0x00000000ead00000)
 Metaspace       used 53643K, capacity 59660K, committed 59944K, reserved 1101824K
  class space    used 6356K, capacity 8173K, committed 8240K, reserved 1048576K
}
Event: 5.212 GC heap before
{Heap before GC invocations=20 (full 3):
 PSYoungGen      total 161280K, used 156342K [0x00000000f5580000, 0x00000000fff00000, 0x0000000100000000)
  eden space 150016K, 100% used [0x00000000f5580000,0x00000000fe800000,0x00000000fe800000)
  from space 11264K, 56% used [0x00000000ff400000,0x00000000ffa2da60,0x00000000fff00000)
  to   space 11776K, 0% used [0x00000000fe800000,0x00000000fe800000,0x00000000ff380000)
 ParOldGen       total 177152K, used 60805K [0x00000000e0000000, 0x00000000ead00000, 0x00000000f5580000)
  object space 177152K, 34% used [0x00000000e0000000,0x00000000e3b61470,0x00000000ead00000)
 Metaspace       used 55828K, capacity 62412K, committed 62504K, reserved 1103872K
  class space    used 6750K, capacity 8741K, committed 8752K, reserved 1048576K
Event: 5.218 GC heap after
Heap after GC invocations=20 (full 3):
 PSYoungGen      total 161792K, used 7435K [0x00000000f5580000, 0x0000000100000000, 0x0000000100000000)
  eden space 150016K, 0% used [0x00000000f5580000,0x00000000f5580000,0x00000000fe800000)
  from space 11776K, 63% used [0x00000000fe800000,0x00000000fef42d00,0x00000000ff380000)
  to   space 11776K, 0% used [0x00000000ff480000,0x00000000ff480000,0x0000000100000000)
 ParOldGen       total 177152K, used 60813K [0x00000000e0000000, 0x00000000ead00000, 0x00000000f5580000)
  object space 177152K, 34% used [0x00000000e0000000,0x00000000e3b63470,0x00000000ead00000)
 Metaspace       used 55828K, capacity 62412K, committed 62504K, reserved 1103872K
  class space    used 6750K, capacity 8741K, committed 8752K, reserved 1048576K
}
Event: 5.748 GC heap before
{Heap before GC invocations=21 (full 3):
 PSYoungGen      total 161792K, used 157451K [0x00000000f5580000, 0x0000000100000000, 0x0000000100000000)
  eden space 150016K, 100% used [0x00000000f5580000,0x00000000fe800000,0x00000000fe800000)
  from space 11776K, 63% used [0x00000000fe800000,0x00000000fef42d00,0x00000000ff380000)
  to   space 11776K, 0% used [0x00000000ff480000,0x00000000ff480000,0x0000000100000000)
 ParOldGen       total 177152K, used 60813K [0x00000000e0000000, 0x00000000ead00000, 0x00000000f5580000)
  object space 177152K, 34% used [0x00000000e0000000,0x00000000e3b63470,0x00000000ead00000)
 Metaspace       used 60536K, capacity 69254K, committed 69288K, reserved 1107968K
  class space    used 7619K, capacity 10146K, committed 10160K, reserved 1048576K
Event: 5.756 GC heap after
Heap after GC invocations=21 (full 3):
 PSYoungGen      total 159744K, used 11763K [0x00000000f5580000, 0x0000000100000000, 0x0000000100000000)
  eden space 147968K, 0% used [0x00000000f5580000,0x00000000f5580000,0x00000000fe600000)
  from space 11776K, 99% used [0x00000000ff480000,0x00000000ffffcf48,0x0000000100000000)
  to   space 13312K, 0% used [0x00000000fe600000,0x00000000fe600000,0x00000000ff300000)
 ParOldGen       total 177152K, used 61511K [0x00000000e0000000, 0x00000000ead00000, 0x00000000f5580000)
  object space 177152K, 34% used [0x00000000e0000000,0x00000000e3c11eb8,0x00000000ead00000)
 Metaspace       used 60536K, capacity 69254K, committed 69288K, reserved 1107968K
  class space    used 7619K, capacity 10146K, committed 10160K, reserved 1048576K
}
Event: 6.014 GC heap before
{Heap before GC invocations=22 (full 3):
 PSYoungGen      total 159744K, used 159731K [0x00000000f5580000, 0x0000000100000000, 0x0000000100000000)
  eden space 147968K, 100% used [0x00000000f5580000,0x00000000fe600000,0x00000000fe600000)
  from space 11776K, 99% used [0x00000000ff480000,0x00000000ffffcf48,0x0000000100000000)
  to   space 13312K, 0% used [0x00000000fe600000,0x00000000fe600000,0x00000000ff300000)
 ParOldGen       total 177152K, used 61511K [0x00000000e0000000, 0x00000000ead00000, 0x00000000f5580000)
  object space 177152K, 34% used [0x00000000e0000000,0x00000000e3c11eb8,0x00000000ead00000)
 Metaspace       used 61277K, capacity 70188K, committed 70440K, reserved 1110016K
  class space    used 7680K, capacity 10247K, committed 10288K, reserved 1048576K
Event: 6.024 GC heap after
Heap after GC invocations=22 (full 3):
 PSYoungGen      total 161280K, used 13290K [0x00000000f5580000, 0x0000000100000000, 0x0000000100000000)
  eden space 147968K, 0% used [0x00000000f5580000,0x00000000f5580000,0x00000000fe600000)
  from space 13312K, 99% used [0x00000000fe600000,0x00000000ff2faba0,0x00000000ff300000)
  to   space 13312K, 0% used [0x00000000ff300000,0x00000000ff300000,0x0000000100000000)
 ParOldGen       total 177152K, used 61964K [0x00000000e0000000, 0x00000000ead00000, 0x00000000f5580000)
  object space 177152K, 34% used [0x00000000e0000000,0x00000000e3c830c8,0x00000000ead00000)
 Metaspace       used 61277K, capacity 70188K, committed 70440K, reserved 1110016K
  class space    used 7680K, capacity 10247K, committed 10288K, reserved 1048576K
}
Event: 6.292 GC heap before
{Heap before GC invocations=23 (full 3):
 PSYoungGen      total 161280K, used 161258K [0x00000000f5580000, 0x0000000100000000, 0x0000000100000000)
  eden space 147968K, 100% used [0x00000000f5580000,0x00000000fe600000,0x00000000fe600000)
  from space 13312K, 99% used [0x00000000fe600000,0x00000000ff2faba0,0x00000000ff300000)
  to   space 13312K, 0% used [0x00000000ff300000,0x00000000ff300000,0x0000000100000000)
 ParOldGen       total 177152K, used 61964K [0x00000000e0000000, 0x00000000ead00000, 0x00000000f5580000)
  object space 177152K, 34% used [0x00000000e0000000,0x00000000e3c830c8,0x00000000ead00000)
 Metaspace       used 61455K, capacity 70610K, committed 70696K, reserved 1110016K
  class space    used 7695K, capacity 10272K, committed 10288K, reserved 1048576K
Event: 6.301 GC heap after
Heap after GC invocations=23 (full 3):
 PSYoungGen      total 157184K, used 11370K [0x00000000f5580000, 0x0000000100000000, 0x0000000100000000)
  eden space 143872K, 0% used [0x00000000f5580000,0x00000000f5580000,0x00000000fe200000)
  from space 13312K, 85% used [0x00000000ff300000,0x00000000ffe1aa50,0x0000000100000000)
  to   space 15360K, 0% used [0x00000000fe200000,0x00000000fe200000,0x00000000ff100000)
 ParOldGen       total 177152K, used 66482K [0x00000000e0000000, 0x00000000ead00000, 0x00000000f5580000)
  object space 177152K, 37% used [0x00000000e0000000,0x00000000e40ecad0,0x00000000ead00000)
 Metaspace       used 61455K, capacity 70610K, committed 70696K, reserved 1110016K
  class space    used 7695K, capacity 10272K, committed 10288K, reserved 1048576K
}

Deoptimization events (10 events):
Event: 5.795 Thread 0x0000000017665000 Uncommon trap: reason=bimorphic action=maybe_recompile pc=0x00000000030ac760 method=java.util.regex.Pattern$Curly.match0(Ljava/util/regex/Matcher;IILjava/lang/CharSequence;)Z @ 77
Event: 5.795 Thread 0x0000000017665000 Uncommon trap: reason=bimorphic action=maybe_recompile pc=0x00000000030ac760 method=java.util.regex.Pattern$Curly.match0(Ljava/util/regex/Matcher;IILjava/lang/CharSequence;)Z @ 77
Event: 5.795 Thread 0x0000000017665000 Uncommon trap: reason=unstable_if action=reinterpret pc=0x0000000003467e88 method=com.google.common.collect.Iterators.forArray([Ljava/lang/Object;III)Lcom/google/common/collect/UnmodifiableListIterator; @ 32
Event: 5.795 Thread 0x0000000017665000 Uncommon trap: reason=class_check action=maybe_recompile pc=0x000000000381cd74 method=com.google.common.collect.ImmutableSet$RegularSetBuilderImpl.add(Ljava/lang/Object;)Lcom/google/common/collect/ImmutableSet$SetBuilderImpl; @ 6
Event: 5.796 Thread 0x0000000017665000 Uncommon trap: reason=class_check action=maybe_recompile pc=0x000000000381cd74 method=com.google.common.collect.ImmutableSet$RegularSetBuilderImpl.add(Ljava/lang/Object;)Lcom/google/common/collect/ImmutableSet$SetBuilderImpl; @ 6
Event: 5.796 Thread 0x0000000017665000 Uncommon trap: reason=class_check action=maybe_recompile pc=0x000000000381cd74 method=com.google.common.collect.ImmutableSet$RegularSetBuilderImpl.add(Ljava/lang/Object;)Lcom/google/common/collect/ImmutableSet$SetBuilderImpl; @ 6
Event: 5.796 Thread 0x0000000017665000 Uncommon trap: reason=class_check action=maybe_recompile pc=0x000000000381cd74 method=com.google.common.collect.ImmutableSet$RegularSetBuilderImpl.add(Ljava/lang/Object;)Lcom/google/common/collect/ImmutableSet$SetBuilderImpl; @ 6
Event: 5.796 Thread 0x0000000017665000 Uncommon trap: reason=unstable_if action=reinterpret pc=0x00000000034fe6c8 method=org.robolectric.internal.bytecode.MethodRef.equals(Ljava/lang/Object;)Z @ 2
Event: 5.798 Thread 0x0000000017666800 Uncommon trap: reason=unstable_if action=reinterpret pc=0x00000000030347ec method=java.util.Arrays.hashCode([Ljava/lang/Object;)I @ 34
Event: 5.803 Thread 0x0000000017666800 Uncommon trap: reason=unstable_if action=reinterpret pc=0x00000000034cea34 method=org.robolectric.res.android.ResTable_config.isBetterThan(Lorg/robolectric/res/android/ResTable_config;Lorg/robolectric/res/android/ResTable_config;)Z @ 898

Internal exceptions (10 events):
Event: 5.290 Thread 0x0000000017665800 Exception <a 'java/lang/NoSuchFieldError': method resolution failed> (0x00000000f6d52d10) thrown at [C:\re\workspace\8-2-build-windows-amd64-cygwin\jdk8u111\7883\hotspot\src\share\vm\prims\methodHandles.cpp, line 1146]
Event: 5.393 Thread 0x0000000017666800 Implicit null exception at 0x0000000003a1eeac to 0x0000000003a1f9fb
Event: 5.393 Thread 0x0000000017666800 Implicit null exception at 0x0000000003b6b714 to 0x0000000003b6bea5
Event: 5.474 Thread 0x0000000017666800 Exception <a 'java/lang/NoSuchFieldError': method resolution failed> (0x00000000f9f9fae8) thrown at [C:\re\workspace\8-2-build-windows-amd64-cygwin\jdk8u111\7883\hotspot\src\share\vm\prims\methodHandles.cpp, line 1146]
Event: 5.522 Thread 0x0000000017666800 Exception <a 'java/lang/NoSuchFieldError': method resolution failed> (0x00000000fab63ab8) thrown at [C:\re\workspace\8-2-build-windows-amd64-cygwin\jdk8u111\7883\hotspot\src\share\vm\prims\methodHandles.cpp, line 1146]
Event: 5.714 Thread 0x0000000017666800 Implicit null exception at 0x00000000032cea97 to 0x00000000032ceb6d
Event: 5.781 Thread 0x0000000017666800 Exception <a 'java/lang/NoSuchMethodError': java.lang.Object.lambda$get$0(Ljava/lang/Object;)V> (0x00000000f5df0488) thrown at [C:\re\workspace\8-2-build-windows-amd64-cygwin\jdk8u111\7883\hotspot\src\share\vm\interpreter\linkResolver.cpp, line 582]
Event: 5.798 Thread 0x0000000017666800 Implicit null exception at 0x000000000303472f to 0x00000000030347cd
Event: 5.811 Thread 0x0000000017666800 Exception <a 'sun/nio/fs/WindowsException'> (0x00000000f68ed0b0) thrown at [C:\re\workspace\8-2-build-windows-amd64-cygwin\jdk8u111\7883\hotspot\src\share\vm\prims\jni.cpp, line 709]
Event: 6.182 Thread 0x0000000017666800 Exception <a 'sun/nio/fs/WindowsException'> (0x00000000f95a12c8) thrown at [C:\re\workspace\8-2-build-windows-amd64-cygwin\jdk8u111\7883\hotspot\src\share\vm\prims\jni.cpp, line 709]

Events (10 events):
Event: 6.180 Thread 0x0000000017666800 DEOPT PACKING pc=0x00000000037c0b86 sp=0x000000001a82d340
Event: 6.180 Thread 0x0000000017666800 DEOPT UNPACKING pc=0x0000000002e0787f sp=0x000000001a82d050 mode 0
Event: 6.181 Thread 0x0000000017666800 DEOPT PACKING pc=0x00000000037c0b86 sp=0x000000001a82bb50
Event: 6.181 Thread 0x0000000017666800 DEOPT UNPACKING pc=0x0000000002e0787f sp=0x000000001a82b860 mode 0
Event: 6.292 Executing VM operation: ParallelGCFailedAllocation
Event: 6.301 Executing VM operation: ParallelGCFailedAllocation done
Event: 6.301 Executing VM operation: RevokeBias
Event: 6.302 Executing VM operation: RevokeBias done
Event: 6.302 Executing VM operation: RevokeBias
Event: 6.302 Executing VM operation: RevokeBias done


Dynamic libraries:
0x00007ff73c600000 - 0x00007ff73c637000 	C:\Program Files\Java\jdk1.8.0_111\bin\java.exe
0x00007fff48c40000 - 0x00007fff48e30000 	C:\WINDOWS\SYSTEM32\ntdll.dll
0x00007fff12440000 - 0x00007fff12455000 	C:\Program Files\Avast Software\Avast\aswhook.dll
0x00007fff48330000 - 0x00007fff483e2000 	C:\WINDOWS\System32\KERNEL32.DLL
0x00007fff45bc0000 - 0x00007fff45e65000 	C:\WINDOWS\System32\KERNELBASE.dll
0x00007fff477d0000 - 0x00007fff47873000 	C:\WINDOWS\System32\ADVAPI32.dll
0x00007fff473a0000 - 0x00007fff4743e000 	C:\WINDOWS\System32\msvcrt.dll
0x00007fff46f00000 - 0x00007fff46f97000 	C:\WINDOWS\System32\sechost.dll
0x00007fff46fa0000 - 0x00007fff470bf000 	C:\WINDOWS\System32\RPCRT4.dll
0x00007fff47200000 - 0x00007fff47394000 	C:\WINDOWS\System32\USER32.dll
0x00007fff46410000 - 0x00007fff46431000 	C:\WINDOWS\System32\win32u.dll
0x00007fff48a90000 - 0x00007fff48ab6000 	C:\WINDOWS\System32\GDI32.dll
0x00007fff46270000 - 0x00007fff46408000 	C:\WINDOWS\System32\gdi32full.dll
0x00007fff46c50000 - 0x00007fff46cee000 	C:\WINDOWS\System32\msvcp_win.dll
0x00007fff45f40000 - 0x00007fff4603a000 	C:\WINDOWS\System32\ucrtbase.dll
0x00007fff38ec0000 - 0x00007fff39144000 	C:\WINDOWS\WinSxS\amd64_microsoft.windows.common-controls_6595b64144ccf1df_6.0.18362.1316_none_9e7a364fe461dbd7\COMCTL32.dll
0x00007fff47ff0000 - 0x00007fff48327000 	C:\WINDOWS\System32\combase.dll
0x00007fff46440000 - 0x00007fff464c1000 	C:\WINDOWS\System32\bcryptPrimitives.dll
0x00007fff46cf0000 - 0x00007fff46d1e000 	C:\WINDOWS\System32\IMM32.DLL
0x0000000058b30000 - 0x0000000058c02000 	C:\Program Files\Java\jdk1.8.0_111\jre\bin\msvcr100.dll
0x0000000058290000 - 0x0000000058b2a000 	C:\Program Files\Java\jdk1.8.0_111\jre\bin\server\jvm.dll
0x00007fff47450000 - 0x00007fff47458000 	C:\WINDOWS\System32\PSAPI.DLL
0x00007fff3b6a0000 - 0x00007fff3b6a9000 	C:\WINDOWS\SYSTEM32\WSOCK32.dll
0x00007fff3ff30000 - 0x00007fff3ff3a000 	C:\WINDOWS\SYSTEM32\VERSION.dll
0x00007fff34eb0000 - 0x00007fff34ed4000 	C:\WINDOWS\SYSTEM32\WINMM.dll
0x00007fff489b0000 - 0x00007fff48a1f000 	C:\WINDOWS\System32\WS2_32.dll
0x00007fff34760000 - 0x00007fff3478d000 	C:\WINDOWS\SYSTEM32\winmmbase.dll
0x00007fff46220000 - 0x00007fff4626a000 	C:\WINDOWS\System32\cfgmgr32.dll
0x0000000058280000 - 0x000000005828f000 	C:\Program Files\Java\jdk1.8.0_111\jre\bin\verify.dll
0x0000000058250000 - 0x0000000058279000 	C:\Program Files\Java\jdk1.8.0_111\jre\bin\java.dll
0x0000000058230000 - 0x0000000058246000 	C:\Program Files\Java\jdk1.8.0_111\jre\bin\zip.dll
0x00007fff47900000 - 0x00007fff47fe8000 	C:\WINDOWS\System32\SHELL32.dll
0x00007fff46d20000 - 0x00007fff46dc7000 	C:\WINDOWS\System32\shcore.dll
0x00007fff464d0000 - 0x00007fff46c4b000 	C:\WINDOWS\System32\windows.storage.dll
0x00007fff45b70000 - 0x00007fff45b93000 	C:\WINDOWS\System32\profapi.dll
0x00007fff45b00000 - 0x00007fff45b4a000 	C:\WINDOWS\System32\powrprof.dll
0x00007fff45af0000 - 0x00007fff45b00000 	C:\WINDOWS\System32\UMPDC.dll
0x00007fff47770000 - 0x00007fff477c2000 	C:\WINDOWS\System32\shlwapi.dll
0x00007fff45b50000 - 0x00007fff45b61000 	C:\WINDOWS\System32\kernel.appcore.dll
0x00007fff45e70000 - 0x00007fff45e87000 	C:\WINDOWS\System32\cryptsp.dll
0x0000000058210000 - 0x000000005822a000 	C:\Program Files\Java\jdk1.8.0_111\jre\bin\net.dll
0x00007fff452d0000 - 0x00007fff45337000 	C:\WINDOWS\system32\mswsock.dll
0x00000000581f0000 - 0x0000000058201000 	C:\Program Files\Java\jdk1.8.0_111\jre\bin\nio.dll
0x00007fff44e50000 - 0x00007fff44e83000 	C:\WINDOWS\system32\rsaenh.dll
0x00007fff461f0000 - 0x00007fff46216000 	C:\WINDOWS\System32\bcrypt.dll
0x00007fff45a10000 - 0x00007fff45a35000 	C:\WINDOWS\SYSTEM32\USERENV.dll
0x00007fff454a0000 - 0x00007fff454ac000 	C:\WINDOWS\SYSTEM32\CRYPTBASE.dll
0x00007fff44fe0000 - 0x00007fff4501a000 	C:\WINDOWS\SYSTEM32\IPHLPAPI.DLL
0x00007fff48b20000 - 0x00007fff48b28000 	C:\WINDOWS\System32\NSI.dll
0x00007fff3f3b0000 - 0x00007fff3f3c6000 	C:\WINDOWS\SYSTEM32\dhcpcsvc6.DLL
0x00007fff3fcb0000 - 0x00007fff3fccc000 	C:\WINDOWS\SYSTEM32\dhcpcsvc.DLL
0x00007fff45030000 - 0x00007fff450fb000 	C:\WINDOWS\SYSTEM32\DNSAPI.dll
0x00000000581b0000 - 0x00000000581d4000 	C:\Program Files\Java\jdk1.8.0_111\jre\bin\sunec.dll
0x00000000581a0000 - 0x00000000581ab000 	C:\Program Files\Java\jdk1.8.0_111\jre\bin\sunmscapi.dll
0x00007fff46040000 - 0x00007fff4618a000 	C:\WINDOWS\System32\CRYPT32.dll
0x00007fff45ba0000 - 0x00007fff45bb2000 	C:\WINDOWS\System32\MSASN1.dll
0x0000000057f20000 - 0x00000000580b8000 	C:\Program Files\Java\jdk1.8.0_111\jre\bin\awt.dll
0x00007fff483f0000 - 0x00007fff484b5000 	C:\WINDOWS\System32\OLEAUT32.dll
0x00007fff432e0000 - 0x00007fff4336f000 	C:\WINDOWS\SYSTEM32\apphelp.dll
0x00007fff44450000 - 0x00007fff44644000 	C:\WINDOWS\SYSTEM32\dbghelp.dll

VM Arguments:
jvm_args: -Djava.awt.headless=true -Djava.security.manager=worker.org.gradle.process.internal.worker.child.BootstrapSecurityManager -Dorg.gradle.native=false -Xmx512m -Dfile.encoding=windows-1252 -Duser.country=US -Duser.language=en -Duser.variant -ea 
java_command: worker.org.gradle.process.internal.worker.GradleWorkerMain 'Gradle Test Executor 16'
java_class_path (initial): C:\Users\ROG\.gradle\caches\6.1.1\workerMain\gradle-worker.jar
Launcher Type: SUN_STANDARD

Environment Variables:
PATH=C:\Program Files (x86)\Common Files\Intel\Shared Files\cpp\;C:\Program Files\Git\cmd;C:\Program Files\Microsoft SQL Server\Client SDK\ODBC\170\Tools\Binn\;C:\Program Files (x86)\Microsoft SQL Server\150\Tools\Binn\;C:\Program Files\Microsoft SQL Server\150\Tools\Binn\;C:\Program Files\Microsoft SQL Server\150\DTS\Binn\;C:\Program Files\nodejs\;C:\Program Files (x86)\Microsoft SQL Server\150\DTS\Binn\;C:\Program Files\Azure Data Studio\bin;D:\Semester 5\;C:\Program Files\Java\jdk-11.0.4\bin;C:\Users\ROG\AppData\Local\Programs\Microsoft VS Code\bin;C:\Users\ROG\AppData\Local\Microsoft\WindowsApps;C:\xampp\php;C:\Users\ROG\AppData\Local\ComposerSetup\bin;C:\Users\ROG\AppData\Roaming\Composer\vendor\bin;C:\Users\ROG\AppData\Roaming\npm;C:\Program Files\Azure Data Studio\bin
USERNAME=ROG
OS=Windows_NT
PROCESSOR_IDENTIFIER=Intel64 Family 6 Model 158 Stepping 10, GenuineIntel



---------------  S Y S T E M  ---------------

OS: Windows 10.0 , 64 bit Build 18362 (10.0.18362.1316)

CPU:total 8 (4 cores per cpu, 2 threads per core) family 6 model 158 stepping 10, cmov, cx8, fxsr, mmx, sse, sse2, sse3, ssse3, sse4.1, sse4.2, popcnt, avx, avx2, aes, clmul, erms, 3dnowpref, lzcnt, ht, tsc, tscinvbit, bmi1, bmi2, adx

Memory: 4k page, physical 8237576k(815688k free), swap 21869064k(9319064k free)

vm_info: Java HotSpot(TM) 64-Bit Server VM (25.111-b14) for windows-amd64 JRE (1.8.0_111-b14), built on Sep 22 2016 19:24:05 by "java_re" with MS VC++ 10.0 (VS2010)

time: Tue Oct 05 06:51:10 2021
elapsed time: 6 seconds (0d 0h 0m 6s)

