#
# A fatal error has been detected by the Java Runtime Environment:
#
#  EXCEPTION_ACCESS_VIOLATION (0xc0000005) at pc=0x00000000582d3608, pid=12872, tid=0x0000000000004fc4
#
# JRE version: Java(TM) SE Runtime Environment (8.0_111-b14) (build 1.8.0_111-b14)
# Java VM: Java HotSpot(TM) 64-Bit Server VM (25.111-b14 mixed mode windows-amd64 compressed oops)
# Problematic frame:
# V  [jvm.dll+0x43608]
#
# Failed to write core dump. Minidumps are not enabled by default on client versions of Windows
#
# If you would like to submit a bug report, please visit:
#   http://bugreport.java.com/bugreport/crash.jsp
#

---------------  T H R E A D  ---------------

Current thread (0x00000000164db000):  JavaThread "C1 CompilerThread3" daemon [_thread_in_vm, id=20420, stack(0x0000000017070000,0x0000000017170000)]

siginfo: ExceptionCode=0xc0000005, reading address 0xffffffffffffffff

Registers:
RAX=0x00000000164db000, RBX=0x0000000002d05320, RCX=0x0000000002d05320, RDX=0x0000000002d05320
RSP=0x000000001716d1b0, RBP=0x0000000016659400, RSI=0x0000000002d05320, RDI=0x0000000000000000
R8 =0x3cccc588ffff0013, R9 =0x0000000000000000, R10=0x0000000016659630, R11=0x0000000018b3a5b0
R12=0x00000000164db000, R13=0x0000000016659400, R14=0x0000000019d12470, R15=0x0000000000000000
RIP=0x00000000582d3608, EFLAGS=0x0000000000010202

Top of Stack: (sp=0x000000001716d1b0)
0x000000001716d1b0:   00000000000000b6 000000001716f760
0x000000001716d1c0:   0000000000000000 0000000000000077
0x000000001716d1d0:   000000001d580828 000000001716f760
0x000000001716d1e0:   000000001716d2c0 00000000582bfe25
0x000000001716d1f0:   00000000000000e9 00000000582d3999
0x000000001716d200:   0000000000000077 0000000000000077
0x000000001716d210:   0000000000000000 0000000000000000
0x000000001716d220:   00000000000000b6 0000000017eaf610
0x000000001716d230:   0000000002cba560 00000000582d1c6b
0x000000001716d240:   0000000000000000 00000000164db000
0x000000001716d250:   0000000019d135e0 00000000582bce0f
0x000000001716d260:   00000000164db000 00000000582d6f80
0x000000001716d270:   00000000164db000 00000000164db000
0x000000001716d280:   0000000017eaf610 00000000586b0aeb
0x000000001716d290:   0000000000000000 0000000000000000
0x000000001716d2a0:   0000000019d135e0 0000000000000000 

Instructions: (pc=0x00000000582d3608)
0x00000000582d35e8:   00 48 8b da ff 15 fe 7d 59 00 44 0f b6 05 5a d9
0x00000000582d35f8:   7a 00 4c 8b e0 45 84 c0 74 39 4c 8b 03 48 8b cb
0x00000000582d3608:   41 ff 50 08 84 c0 74 2b 83 7b 08 00 7e 25 0f b6
0x00000000582d3618:   83 0e 01 00 00 c0 e8 03 a8 01 74 17 48 8b 03 48 


Register to memory mapping:

RAX=0x00000000164db000 is a thread
RBX=0x0000000002d05320 is an unknown value
RCX=0x0000000002d05320 is an unknown value
RDX=0x0000000002d05320 is an unknown value
RSP=0x000000001716d1b0 is pointing into the stack for thread: 0x00000000164db000
RBP=0x0000000016659400 is an unknown value
RSI=0x0000000002d05320 is an unknown value
RDI=0x0000000000000000 is an unknown value
R8 =0x3cccc588ffff0013 is an unknown value
R9 =0x0000000000000000 is an unknown value
R10=0x0000000016659630 is an unknown value
R11=0x0000000018b3a5b0 is an unknown value
R12=0x00000000164db000 is a thread
R13=0x0000000016659400 is an unknown value
R14=0x0000000019d12470 is an unknown value
R15=0x0000000000000000 is an unknown value


Stack: [0x0000000017070000,0x0000000017170000],  sp=0x000000001716d1b0,  free space=1012k
Native frames: (J=compiled Java code, j=interpreted, Vv=VM code, C=native code)
V  [jvm.dll+0x43608]
V  [jvm.dll+0x43999]
V  [jvm.dll+0x41c6b]
V  [jvm.dll+0x420aeb]
V  [jvm.dll+0x41b8da]
V  [jvm.dll+0x41e727]
V  [jvm.dll+0x41eeeb]
V  [jvm.dll+0x41fde6]
V  [jvm.dll+0x420048]
V  [jvm.dll+0x42047b]
V  [jvm.dll+0x41ffd5]
V  [jvm.dll+0x41bd3b]
V  [jvm.dll+0x41e727]
V  [jvm.dll+0x41eeeb]
V  [jvm.dll+0x41fde6]
V  [jvm.dll+0x420048]
V  [jvm.dll+0x42047b]
V  [jvm.dll+0x41ffd5]
V  [jvm.dll+0x41bd3b]
V  [jvm.dll+0x41e727]
V  [jvm.dll+0x41f01d]
V  [jvm.dll+0x41fde6]
V  [jvm.dll+0x420048]
V  [jvm.dll+0x42047b]
V  [jvm.dll+0x41ffd5]
V  [jvm.dll+0x41bd3b]
V  [jvm.dll+0x41e727]
V  [jvm.dll+0x41eeeb]
V  [jvm.dll+0x41fde6]
V  [jvm.dll+0x420048]
V  [jvm.dll+0x42047b]
V  [jvm.dll+0x41ffd5]
V  [jvm.dll+0x41bd3b]
V  [jvm.dll+0x41e727]
V  [jvm.dll+0x41f01d]
V  [jvm.dll+0x41fde6]
V  [jvm.dll+0x420048]
V  [jvm.dll+0x42047b]
V  [jvm.dll+0x41ffd5]
V  [jvm.dll+0x41bd3b]
V  [jvm.dll+0x41e727]
V  [jvm.dll+0x41eeeb]
V  [jvm.dll+0x41fde6]
V  [jvm.dll+0x420048]
V  [jvm.dll+0x41bd3b]
V  [jvm.dll+0x41e727]
V  [jvm.dll+0x41eeeb]
V  [jvm.dll+0x41fde6]
V  [jvm.dll+0x420048]
V  [jvm.dll+0x41bd3b]
V  [jvm.dll+0x41e727]
V  [jvm.dll+0x41f01d]
V  [jvm.dll+0x41f412]
V  [jvm.dll+0x4244f5]
V  [jvm.dll+0x424600]
V  [jvm.dll+0x40ddb8]
V  [jvm.dll+0x40e021]
V  [jvm.dll+0x40e1e2]
V  [jvm.dll+0x40e3b1]
V  [jvm.dll+0x40e5bf]
V  [jvm.dll+0xa5742]
V  [jvm.dll+0xa607f]
V  [jvm.dll+0x244b7f]
V  [jvm.dll+0x29c43a]
C  [msvcr100.dll+0x21d9f]
C  [msvcr100.dll+0x21e3b]
C  [KERNEL32.DLL+0x17c24]
C  [ntdll.dll+0x6d4d1]


Current CompileTask:
C1:   6493 6634       3       android.content.res.TypedArray::$$robo$$android_content_res_TypedArray$loadStringValueAt (51 bytes)


---------------  P R O C E S S  ---------------

Java Threads: ( => current thread )
  0x000000001c3cf000 JavaThread "Java2D Disposer" daemon [_thread_blocked, id=21148, stack(0x000000001a570000,0x000000001a670000)]
  0x00000000189d8800 JavaThread "SDK 28 Main Thread" [_thread_in_Java, id=18996, stack(0x0000000019480000,0x0000000019580000)]
  0x00000000179cb000 JavaThread "/127.0.0.1:61326 to /127.0.0.1:61325 workers Thread 3" [_thread_in_native, id=17820, stack(0x0000000019180000,0x0000000019280000)]
  0x00000000179ca000 JavaThread "/127.0.0.1:61326 to /127.0.0.1:61325 workers Thread 2" [_thread_blocked, id=20304, stack(0x0000000019080000,0x0000000019180000)]
  0x0000000017927800 JavaThread "Test worker" [_thread_blocked, id=15912, stack(0x0000000018c40000,0x0000000018d40000)]
  0x000000001657d800 JavaThread "Service Thread" daemon [_thread_blocked, id=21240, stack(0x0000000017170000,0x0000000017270000)]
=>0x00000000164db000 JavaThread "C1 CompilerThread3" daemon [_thread_in_vm, id=20420, stack(0x0000000017070000,0x0000000017170000)]
  0x00000000164d6800 JavaThread "C2 CompilerThread2" daemon [_thread_blocked, id=13128, stack(0x0000000016f70000,0x0000000017070000)]
  0x00000000164d2800 JavaThread "C2 CompilerThread1" daemon [_thread_blocked, id=1292, stack(0x0000000016e70000,0x0000000016f70000)]
  0x00000000164d1000 JavaThread "C2 CompilerThread0" daemon [_thread_blocked, id=3120, stack(0x0000000016d70000,0x0000000016e70000)]
  0x00000000164cd800 JavaThread "Attach Listener" daemon [_thread_blocked, id=8200, stack(0x0000000016c70000,0x0000000016d70000)]
  0x00000000164cc800 JavaThread "Signal Dispatcher" daemon [_thread_blocked, id=14776, stack(0x0000000016b70000,0x0000000016c70000)]
  0x0000000002dae000 JavaThread "Finalizer" daemon [_thread_blocked, id=19760, stack(0x0000000016830000,0x0000000016930000)]
  0x0000000002da5000 JavaThread "Reference Handler" daemon [_thread_blocked, id=20864, stack(0x0000000016330000,0x0000000016430000)]
  0x0000000002cb2800 JavaThread "main" [_thread_blocked, id=13188, stack(0x0000000002bb0000,0x0000000002cb0000)]

Other Threads:
  0x0000000014569800 VMThread [stack: 0x0000000016230000,0x0000000016330000] [id=20976]
  0x000000001666b800 WatcherThread [stack: 0x0000000017270000,0x0000000017370000] [id=19924]

VM state:not at safepoint (normal execution)

VM Mutex/Monitor currently owned by a thread: None

Heap:
 PSYoungGen      total 159744K, used 153610K [0x00000000f5580000, 0x0000000100000000, 0x0000000100000000)
  eden space 147968K, 96% used [0x00000000f5580000,0x00000000fe0565c8,0x00000000fe600000)
  from space 11776K, 97% used [0x00000000fe600000,0x00000000ff12c340,0x00000000ff180000)
  to   space 14336K, 0% used [0x00000000ff200000,0x00000000ff200000,0x0000000100000000)
 ParOldGen       total 179200K, used 63400K [0x00000000e0000000, 0x00000000eaf00000, 0x00000000f5580000)
  object space 179200K, 35% used [0x00000000e0000000,0x00000000e3dea048,0x00000000eaf00000)
 Metaspace       used 61445K, capacity 70519K, committed 70704K, reserved 1110016K
  class space    used 7694K, capacity 10273K, committed 10288K, reserved 1048576K

Card table byte_map: [0x0000000012170000,0x0000000012280000] byte_map_base: 0x0000000011a70000

Marking Bits: (ParMarkBitMap*) 0x0000000058aaa6c0
 Begin Bits: [0x0000000012a80000, 0x0000000013280000)
 End Bits:   [0x0000000013280000, 0x0000000013a80000)

Polling page: 0x0000000000e10000

CodeCache: size=245760Kb used=17305Kb max_used=17305Kb free=228454Kb
 bounds [0x0000000002db0000, 0x0000000003eb0000, 0x0000000011db0000]
 total_blobs=6931 nmethods=5370 adapters=1473
 compilation: enabled

Compilation events (10 events):
Event: 6.467 Thread 0x00000000164db000 nmethod 6629 0x0000000003ea19d0 code [0x0000000003ea1d20, 0x0000000003ea3808]
Event: 6.467 Thread 0x00000000164db000 6632       3       java.lang.invoke.LambdaForm$MH/679358937::delegate (15 bytes)
Event: 6.467 Thread 0x00000000164db000 nmethod 6632 0x0000000003ea4710 code [0x0000000003ea48a0, 0x0000000003ea4d68]
Event: 6.467 Thread 0x00000000164db000 6630       3       java.lang.invoke.LambdaForm$DMH/2031782807::invokeSpecial_L3II_V (22 bytes)
Event: 6.467 Thread 0x00000000164db000 nmethod 6630 0x0000000003ea4e90 code [0x0000000003ea5020, 0x0000000003ea5558]
Event: 6.467 Thread 0x00000000164db000 6631       3       android.util.LongSparseArray::$$robo$$android_util_LongSparseArray$get (42 bytes)
Event: 6.468 Thread 0x00000000164db000 nmethod 6631 0x0000000003ea56d0 code [0x0000000003ea5a20, 0x0000000003ea76e8]
Event: 6.468 Thread 0x00000000164db000 6633       3       android.content.res.TypedArray::loadStringValueAt (8 bytes)
Event: 6.469 Thread 0x00000000164db000 nmethod 6633 0x0000000003ea92d0 code [0x0000000003ea9600, 0x0000000003eab0c8]
Event: 6.469 Thread 0x00000000164db000 6634       3       android.content.res.TypedArray::$$robo$$android_content_res_TypedArray$loadStringValueAt (51 bytes)

GC Heap History (10 events):
Event: 4.745 GC heap before
{Heap before GC invocations=18 (full 3):
 PSYoungGen      total 160256K, used 148992K [0x00000000f5580000, 0x0000000100000000, 0x0000000100000000)
  eden space 148992K, 100% used [0x00000000f5580000,0x00000000fe700000,0x00000000fe700000)
  from space 11264K, 0% used [0x00000000ff500000,0x00000000ff500000,0x0000000100000000)
  to   space 12800K, 0% used [0x00000000fe700000,0x00000000fe700000,0x00000000ff380000)
 ParOldGen       total 179200K, used 60605K [0x00000000e0000000, 0x00000000eaf00000, 0x00000000f5580000)
  object space 179200K, 33% used [0x00000000e0000000,0x00000000e3b2f6d8,0x00000000eaf00000)
 Metaspace       used 50062K, capacity 55951K, committed 56112K, reserved 1097728K
  class space    used 6090K, capacity 7885K, committed 7984K, reserved 1048576K
Event: 4.749 GC heap after
Heap after GC invocations=18 (full 3):
 PSYoungGen      total 161792K, used 4599K [0x00000000f5580000, 0x0000000100000000, 0x0000000100000000)
  eden space 148992K, 0% used [0x00000000f5580000,0x00000000f5580000,0x00000000fe700000)
  from space 12800K, 35% used [0x00000000fe700000,0x00000000feb7dc40,0x00000000ff380000)
  to   space 12800K, 0% used [0x00000000ff380000,0x00000000ff380000,0x0000000100000000)
 ParOldGen       total 179200K, used 60613K [0x00000000e0000000, 0x00000000eaf00000, 0x00000000f5580000)
  object space 179200K, 33% used [0x00000000e0000000,0x00000000e3b316d8,0x00000000eaf00000)
 Metaspace       used 50062K, capacity 55951K, committed 56112K, reserved 1097728K
  class space    used 6090K, capacity 7885K, committed 7984K, reserved 1048576K
}
Event: 5.045 GC heap before
{Heap before GC invocations=19 (full 3):
 PSYoungGen      total 161792K, used 153591K [0x00000000f5580000, 0x0000000100000000, 0x0000000100000000)
  eden space 148992K, 100% used [0x00000000f5580000,0x00000000fe700000,0x00000000fe700000)
  from space 12800K, 35% used [0x00000000fe700000,0x00000000feb7dc40,0x00000000ff380000)
  to   space 12800K, 0% used [0x00000000ff380000,0x00000000ff380000,0x0000000100000000)
 ParOldGen       total 179200K, used 60613K [0x00000000e0000000, 0x00000000eaf00000, 0x00000000f5580000)
  object space 179200K, 33% used [0x00000000e0000000,0x00000000e3b316d8,0x00000000eaf00000)
 Metaspace       used 53639K, capacity 59609K, committed 59952K, reserved 1101824K
  class space    used 6358K, capacity 8174K, committed 8240K, reserved 1048576K
Event: 5.049 GC heap after
Heap after GC invocations=19 (full 3):
 PSYoungGen      total 160768K, used 6167K [0x00000000f5580000, 0x00000000fff00000, 0x0000000100000000)
  eden space 148992K, 0% used [0x00000000f5580000,0x00000000f5580000,0x00000000fe700000)
  from space 11776K, 52% used [0x00000000ff380000,0x00000000ff985d50,0x00000000fff00000)
  to   space 12288K, 0% used [0x00000000fe700000,0x00000000fe700000,0x00000000ff300000)
 ParOldGen       total 179200K, used 60621K [0x00000000e0000000, 0x00000000eaf00000, 0x00000000f5580000)
  object space 179200K, 33% used [0x00000000e0000000,0x00000000e3b336d8,0x00000000eaf00000)
 Metaspace       used 53639K, capacity 59609K, committed 59952K, reserved 1101824K
  class space    used 6358K, capacity 8174K, committed 8240K, reserved 1048576K
}
Event: 5.331 GC heap before
{Heap before GC invocations=20 (full 3):
 PSYoungGen      total 160768K, used 155159K [0x00000000f5580000, 0x00000000fff00000, 0x0000000100000000)
  eden space 148992K, 100% used [0x00000000f5580000,0x00000000fe700000,0x00000000fe700000)
  from space 11776K, 52% used [0x00000000ff380000,0x00000000ff985d50,0x00000000fff00000)
  to   space 12288K, 0% used [0x00000000fe700000,0x00000000fe700000,0x00000000ff300000)
 ParOldGen       total 179200K, used 60621K [0x00000000e0000000, 0x00000000eaf00000, 0x00000000f5580000)
  object space 179200K, 33% used [0x00000000e0000000,0x00000000e3b336d8,0x00000000eaf00000)
 Metaspace       used 55692K, capacity 62243K, committed 62512K, reserved 1103872K
  class space    used 6715K, capacity 8685K, committed 8752K, reserved 1048576K
Event: 5.336 GC heap after
Heap after GC invocations=20 (full 3):
 PSYoungGen      total 161280K, used 7289K [0x00000000f5580000, 0x00000000fff80000, 0x0000000100000000)
  eden space 148992K, 0% used [0x00000000f5580000,0x00000000f5580000,0x00000000fe700000)
  from space 12288K, 59% used [0x00000000fe700000,0x00000000fee1e618,0x00000000ff300000)
  to   space 11776K, 0% used [0x00000000ff400000,0x00000000ff400000,0x00000000fff80000)
 ParOldGen       total 179200K, used 60629K [0x00000000e0000000, 0x00000000eaf00000, 0x00000000f5580000)
  object space 179200K, 33% used [0x00000000e0000000,0x00000000e3b356d8,0x00000000eaf00000)
 Metaspace       used 55692K, capacity 62243K, committed 62512K, reserved 1103872K
  class space    used 6715K, capacity 8685K, committed 8752K, reserved 1048576K
}
Event: 5.824 GC heap before
{Heap before GC invocations=21 (full 3):
 PSYoungGen      total 161280K, used 156281K [0x00000000f5580000, 0x00000000fff80000, 0x0000000100000000)
  eden space 148992K, 100% used [0x00000000f5580000,0x00000000fe700000,0x00000000fe700000)
  from space 12288K, 59% used [0x00000000fe700000,0x00000000fee1e618,0x00000000ff300000)
  to   space 11776K, 0% used [0x00000000ff400000,0x00000000ff400000,0x00000000fff80000)
 ParOldGen       total 179200K, used 60629K [0x00000000e0000000, 0x00000000eaf00000, 0x00000000f5580000)
  object space 179200K, 33% used [0x00000000e0000000,0x00000000e3b356d8,0x00000000eaf00000)
 Metaspace       used 60118K, capacity 68895K, committed 69040K, reserved 1107968K
  class space    used 7573K, capacity 10115K, committed 10160K, reserved 1048576K
Event: 5.832 GC heap after
Heap after GC invocations=21 (full 3):
 PSYoungGen      total 159744K, used 11763K [0x00000000f5580000, 0x0000000100000000, 0x0000000100000000)
  eden space 147968K, 0% used [0x00000000f5580000,0x00000000f5580000,0x00000000fe600000)
  from space 11776K, 99% used [0x00000000ff400000,0x00000000fff7cee0,0x00000000fff80000)
  to   space 13312K, 0% used [0x00000000fe600000,0x00000000fe600000,0x00000000ff300000)
 ParOldGen       total 179200K, used 60741K [0x00000000e0000000, 0x00000000eaf00000, 0x00000000f5580000)
  object space 179200K, 33% used [0x00000000e0000000,0x00000000e3b51660,0x00000000eaf00000)
 Metaspace       used 60118K, capacity 68895K, committed 69040K, reserved 1107968K
  class space    used 7573K, capacity 10115K, committed 10160K, reserved 1048576K
}
Event: 6.083 GC heap before
{Heap before GC invocations=22 (full 3):
 PSYoungGen      total 159744K, used 159731K [0x00000000f5580000, 0x0000000100000000, 0x0000000100000000)
  eden space 147968K, 100% used [0x00000000f5580000,0x00000000fe600000,0x00000000fe600000)
  from space 11776K, 99% used [0x00000000ff400000,0x00000000fff7cee0,0x00000000fff80000)
  to   space 13312K, 0% used [0x00000000fe600000,0x00000000fe600000,0x00000000ff300000)
 ParOldGen       total 179200K, used 60741K [0x00000000e0000000, 0x00000000eaf00000, 0x00000000f5580000)
  object space 179200K, 33% used [0x00000000e0000000,0x00000000e3b51660,0x00000000eaf00000)
 Metaspace       used 61266K, capacity 70145K, committed 70192K, reserved 1110016K
  class space    used 7680K, capacity 10248K, committed 10288K, reserved 1048576K
Event: 6.092 GC heap after
Heap after GC invocations=22 (full 3):
 PSYoungGen      total 159744K, used 11440K [0x00000000f5580000, 0x0000000100000000, 0x0000000100000000)
  eden space 147968K, 0% used [0x00000000f5580000,0x00000000f5580000,0x00000000fe600000)
  from space 11776K, 97% used [0x00000000fe600000,0x00000000ff12c340,0x00000000ff180000)
  to   space 14336K, 0% used [0x00000000ff200000,0x00000000ff200000,0x0000000100000000)
 ParOldGen       total 179200K, used 63400K [0x00000000e0000000, 0x00000000eaf00000, 0x00000000f5580000)
  object space 179200K, 35% used [0x00000000e0000000,0x00000000e3dea048,0x00000000eaf00000)
 Metaspace       used 61266K, capacity 70145K, committed 70192K, reserved 1110016K
  class space    used 7680K, capacity 10248K, committed 10288K, reserved 1048576K
}

Deoptimization events (10 events):
Event: 5.899 Thread 0x0000000017927800 Uncommon trap: reason=class_check action=maybe_recompile pc=0x00000000037d26c4 method=com.google.common.collect.ImmutableSet$RegularSetBuilderImpl.add(Ljava/lang/Object;)Lcom/google/common/collect/ImmutableSet$SetBuilderImpl; @ 6
Event: 5.899 Thread 0x0000000017927800 Uncommon trap: reason=class_check action=maybe_recompile pc=0x00000000037d26c4 method=com.google.common.collect.ImmutableSet$RegularSetBuilderImpl.add(Ljava/lang/Object;)Lcom/google/common/collect/ImmutableSet$SetBuilderImpl; @ 6
Event: 5.899 Thread 0x0000000017927800 Uncommon trap: reason=class_check action=maybe_recompile pc=0x00000000037d26c4 method=com.google.common.collect.ImmutableSet$RegularSetBuilderImpl.add(Ljava/lang/Object;)Lcom/google/common/collect/ImmutableSet$SetBuilderImpl; @ 6
Event: 5.900 Thread 0x0000000017927800 Uncommon trap: reason=unstable_if action=reinterpret pc=0x000000000348c088 method=org.robolectric.internal.bytecode.MethodRef.equals(Ljava/lang/Object;)Z @ 2
Event: 5.901 Thread 0x00000000189d8800 Uncommon trap: reason=bimorphic action=maybe_recompile pc=0x000000000399061c method=java.util.regex.Pattern$Start.<init>(Ljava/util/regex/Pattern$Node;)V @ 22
Event: 5.902 Thread 0x00000000189d8800 Uncommon trap: reason=unstable_if action=reinterpret pc=0x0000000003ab49ac method=java.util.Arrays.hashCode([Ljava/lang/Object;)I @ 34
Event: 5.906 Thread 0x00000000189d8800 Uncommon trap: reason=unstable_if action=reinterpret pc=0x000000000327c574 method=org.robolectric.res.android.ResTable_config.isBetterThan(Lorg/robolectric/res/android/ResTable_config;Lorg/robolectric/res/android/ResTable_config;)Z @ 898
Event: 6.151 Thread 0x00000000189d8800 Uncommon trap: reason=unstable_if action=reinterpret pc=0x0000000003cacf20 method=java.lang.StringCoding.decode(Ljava/nio/charset/Charset;[BII)[C @ 24
Event: 6.209 Thread 0x00000000189d8800 Uncommon trap: reason=class_check action=maybe_recompile pc=0x000000000362b398 method=java.lang.Character.codePointAt(Ljava/lang/CharSequence;I)I @ 2
Event: 6.251 Thread 0x00000000189d8800 Uncommon trap: reason=bimorphic action=maybe_recompile pc=0x000000000399061c method=java.util.regex.Pattern$Start.<init>(Ljava/util/regex/Pattern$Node;)V @ 22

Internal exceptions (10 events):
Event: 5.428 Thread 0x000000001c3d2000 Exception <a 'java/lang/NoSuchFieldError': method resolution failed> (0x00000000f7e76d00) thrown at [C:\re\workspace\8-2-build-windows-amd64-cygwin\jdk8u111\7883\hotspot\src\share\vm\prims\methodHandles.cpp, line 1146]
Event: 5.525 Thread 0x00000000189d8800 Implicit null exception at 0x00000000037d6350 to 0x00000000037d746f
Event: 5.525 Thread 0x00000000189d8800 Implicit null exception at 0x0000000002f149b3 to 0x0000000002f15079
Event: 5.614 Thread 0x00000000189d8800 Exception <a 'java/lang/NoSuchFieldError': method resolution failed> (0x00000000faf45ab0) thrown at [C:\re\workspace\8-2-build-windows-amd64-cygwin\jdk8u111\7883\hotspot\src\share\vm\prims\methodHandles.cpp, line 1146]
Event: 5.665 Thread 0x00000000189d8800 Exception <a 'java/lang/NoSuchFieldError': method resolution failed> (0x00000000fbb14000) thrown at [C:\re\workspace\8-2-build-windows-amd64-cygwin\jdk8u111\7883\hotspot\src\share\vm\prims\methodHandles.cpp, line 1146]
Event: 5.839 Thread 0x00000000189d8800 Implicit null exception at 0x0000000003406197 to 0x000000000340626d
Event: 5.886 Thread 0x00000000189d8800 Exception <a 'java/lang/NoSuchMethodError': java.lang.Object.lambda$get$0(Ljava/lang/Object;)V> (0x00000000f6989380) thrown at [C:\re\workspace\8-2-build-windows-amd64-cygwin\jdk8u111\7883\hotspot\src\share\vm\interpreter\linkResolver.cpp, line 582]
Event: 5.902 Thread 0x00000000189d8800 Implicit null exception at 0x0000000003ab48ef to 0x0000000003ab498d
Event: 5.912 Thread 0x00000000189d8800 Exception <a 'sun/nio/fs/WindowsException'> (0x00000000f74a0ad0) thrown at [C:\re\workspace\8-2-build-windows-amd64-cygwin\jdk8u111\7883\hotspot\src\share\vm\prims\jni.cpp, line 709]
Event: 6.408 Thread 0x00000000189d8800 Exception <a 'sun/nio/fs/WindowsException'> (0x00000000fa145d28) thrown at [C:\re\workspace\8-2-build-windows-amd64-cygwin\jdk8u111\7883\hotspot\src\share\vm\prims\jni.cpp, line 709]

Events (10 events):
Event: 6.209 Thread 0x00000000189d8800 Uncommon trap: trap_request=0xffffffde fr.pc=0x000000000362b398
Event: 6.209 Thread 0x00000000189d8800 DEOPT PACKING pc=0x000000000362b398 sp=0x0000000019574120
Event: 6.209 Thread 0x00000000189d8800 DEOPT UNPACKING pc=0x0000000002df582a sp=0x00000000195740c0 mode 2
Event: 6.247 loading class org/aplas/mylibrary/InputDataActivity
Event: 6.247 loading class org/aplas/mylibrary/InputDataActivity done
Event: 6.247 loading class org/aplas/mylibrary/TestC1MyData031
Event: 6.247 loading class org/aplas/mylibrary/TestC1MyData031 done
Event: 6.251 Thread 0x00000000189d8800 Uncommon trap: trap_request=0xffffffc6 fr.pc=0x000000000399061c
Event: 6.251 Thread 0x00000000189d8800 DEOPT PACKING pc=0x000000000399061c sp=0x000000001957e940
Event: 6.252 Thread 0x00000000189d8800 DEOPT UNPACKING pc=0x0000000002df582a sp=0x000000001957e8a8 mode 2


Dynamic libraries:
0x00007ff73c600000 - 0x00007ff73c637000 	C:\Program Files\Java\jdk1.8.0_111\bin\java.exe
0x00007fff48c40000 - 0x00007fff48e30000 	C:\WINDOWS\SYSTEM32\ntdll.dll
0x00007fff12440000 - 0x00007fff12455000 	C:\Program Files\Avast Software\Avast\aswhook.dll
0x00007fff48330000 - 0x00007fff483e2000 	C:\WINDOWS\System32\KERNEL32.DLL
0x00007fff45bc0000 - 0x00007fff45e65000 	C:\WINDOWS\System32\KERNELBASE.dll
0x00007fff477d0000 - 0x00007fff47873000 	C:\WINDOWS\System32\ADVAPI32.dll
0x00007fff473a0000 - 0x00007fff4743e000 	C:\WINDOWS\System32\msvcrt.dll
0x00007fff46f00000 - 0x00007fff46f97000 	C:\WINDOWS\System32\sechost.dll
0x00007fff46fa0000 - 0x00007fff470bf000 	C:\WINDOWS\System32\RPCRT4.dll
0x00007fff47200000 - 0x00007fff47394000 	C:\WINDOWS\System32\USER32.dll
0x00007fff46410000 - 0x00007fff46431000 	C:\WINDOWS\System32\win32u.dll
0x00007fff48a90000 - 0x00007fff48ab6000 	C:\WINDOWS\System32\GDI32.dll
0x00007fff46270000 - 0x00007fff46408000 	C:\WINDOWS\System32\gdi32full.dll
0x00007fff46c50000 - 0x00007fff46cee000 	C:\WINDOWS\System32\msvcp_win.dll
0x00007fff45f40000 - 0x00007fff4603a000 	C:\WINDOWS\System32\ucrtbase.dll
0x00007fff38ec0000 - 0x00007fff39144000 	C:\WINDOWS\WinSxS\amd64_microsoft.windows.common-controls_6595b64144ccf1df_6.0.18362.1316_none_9e7a364fe461dbd7\COMCTL32.dll
0x00007fff47ff0000 - 0x00007fff48327000 	C:\WINDOWS\System32\combase.dll
0x00007fff46440000 - 0x00007fff464c1000 	C:\WINDOWS\System32\bcryptPrimitives.dll
0x00007fff46cf0000 - 0x00007fff46d1e000 	C:\WINDOWS\System32\IMM32.DLL
0x0000000058b30000 - 0x0000000058c02000 	C:\Program Files\Java\jdk1.8.0_111\jre\bin\msvcr100.dll
0x0000000058290000 - 0x0000000058b2a000 	C:\Program Files\Java\jdk1.8.0_111\jre\bin\server\jvm.dll
0x00007fff47450000 - 0x00007fff47458000 	C:\WINDOWS\System32\PSAPI.DLL
0x00007fff3b6a0000 - 0x00007fff3b6a9000 	C:\WINDOWS\SYSTEM32\WSOCK32.dll
0x00007fff3ff30000 - 0x00007fff3ff3a000 	C:\WINDOWS\SYSTEM32\VERSION.dll
0x00007fff34eb0000 - 0x00007fff34ed4000 	C:\WINDOWS\SYSTEM32\WINMM.dll
0x00007fff489b0000 - 0x00007fff48a1f000 	C:\WINDOWS\System32\WS2_32.dll
0x00007fff34760000 - 0x00007fff3478d000 	C:\WINDOWS\SYSTEM32\winmmbase.dll
0x00007fff46220000 - 0x00007fff4626a000 	C:\WINDOWS\System32\cfgmgr32.dll
0x0000000058280000 - 0x000000005828f000 	C:\Program Files\Java\jdk1.8.0_111\jre\bin\verify.dll
0x0000000058250000 - 0x0000000058279000 	C:\Program Files\Java\jdk1.8.0_111\jre\bin\java.dll
0x0000000058230000 - 0x0000000058246000 	C:\Program Files\Java\jdk1.8.0_111\jre\bin\zip.dll
0x00007fff47900000 - 0x00007fff47fe8000 	C:\WINDOWS\System32\SHELL32.dll
0x00007fff46d20000 - 0x00007fff46dc7000 	C:\WINDOWS\System32\shcore.dll
0x00007fff464d0000 - 0x00007fff46c4b000 	C:\WINDOWS\System32\windows.storage.dll
0x00007fff45b70000 - 0x00007fff45b93000 	C:\WINDOWS\System32\profapi.dll
0x00007fff45b00000 - 0x00007fff45b4a000 	C:\WINDOWS\System32\powrprof.dll
0x00007fff45af0000 - 0x00007fff45b00000 	C:\WINDOWS\System32\UMPDC.dll
0x00007fff47770000 - 0x00007fff477c2000 	C:\WINDOWS\System32\shlwapi.dll
0x00007fff45b50000 - 0x00007fff45b61000 	C:\WINDOWS\System32\kernel.appcore.dll
0x00007fff45e70000 - 0x00007fff45e87000 	C:\WINDOWS\System32\cryptsp.dll
0x0000000058210000 - 0x000000005822a000 	C:\Program Files\Java\jdk1.8.0_111\jre\bin\net.dll
0x00007fff452d0000 - 0x00007fff45337000 	C:\WINDOWS\system32\mswsock.dll
0x00000000581f0000 - 0x0000000058201000 	C:\Program Files\Java\jdk1.8.0_111\jre\bin\nio.dll
0x00007fff44e50000 - 0x00007fff44e83000 	C:\WINDOWS\system32\rsaenh.dll
0x00007fff461f0000 - 0x00007fff46216000 	C:\WINDOWS\System32\bcrypt.dll
0x00007fff45a10000 - 0x00007fff45a35000 	C:\WINDOWS\SYSTEM32\USERENV.dll
0x00007fff454a0000 - 0x00007fff454ac000 	C:\WINDOWS\SYSTEM32\CRYPTBASE.dll
0x00007fff44fe0000 - 0x00007fff4501a000 	C:\WINDOWS\SYSTEM32\IPHLPAPI.DLL
0x00007fff48b20000 - 0x00007fff48b28000 	C:\WINDOWS\System32\NSI.dll
0x00007fff3f3b0000 - 0x00007fff3f3c6000 	C:\WINDOWS\SYSTEM32\dhcpcsvc6.DLL
0x00007fff3fcb0000 - 0x00007fff3fccc000 	C:\WINDOWS\SYSTEM32\dhcpcsvc.DLL
0x00007fff45030000 - 0x00007fff450fb000 	C:\WINDOWS\SYSTEM32\DNSAPI.dll
0x00000000581b0000 - 0x00000000581d4000 	C:\Program Files\Java\jdk1.8.0_111\jre\bin\sunec.dll
0x00000000581a0000 - 0x00000000581ab000 	C:\Program Files\Java\jdk1.8.0_111\jre\bin\sunmscapi.dll
0x00007fff46040000 - 0x00007fff4618a000 	C:\WINDOWS\System32\CRYPT32.dll
0x00007fff45ba0000 - 0x00007fff45bb2000 	C:\WINDOWS\System32\MSASN1.dll
0x0000000057f20000 - 0x00000000580b8000 	C:\Program Files\Java\jdk1.8.0_111\jre\bin\awt.dll
0x00007fff483f0000 - 0x00007fff484b5000 	C:\WINDOWS\System32\OLEAUT32.dll
0x00007fff432e0000 - 0x00007fff4336f000 	C:\WINDOWS\SYSTEM32\apphelp.dll
0x00007fff44450000 - 0x00007fff44644000 	C:\WINDOWS\SYSTEM32\dbghelp.dll

VM Arguments:
jvm_args: -Djava.awt.headless=true -Djava.security.manager=worker.org.gradle.process.internal.worker.child.BootstrapSecurityManager -Dorg.gradle.native=false -Xmx512m -Dfile.encoding=windows-1252 -Duser.country=US -Duser.language=en -Duser.variant -ea 
java_command: worker.org.gradle.process.internal.worker.GradleWorkerMain 'Gradle Test Executor 22'
java_class_path (initial): C:\Users\ROG\.gradle\caches\6.1.1\workerMain\gradle-worker.jar
Launcher Type: SUN_STANDARD

Environment Variables:
PATH=C:\Program Files (x86)\Common Files\Intel\Shared Files\cpp\;C:\Program Files\Git\cmd;C:\Program Files\Microsoft SQL Server\Client SDK\ODBC\170\Tools\Binn\;C:\Program Files (x86)\Microsoft SQL Server\150\Tools\Binn\;C:\Program Files\Microsoft SQL Server\150\Tools\Binn\;C:\Program Files\Microsoft SQL Server\150\DTS\Binn\;C:\Program Files\nodejs\;C:\Program Files (x86)\Microsoft SQL Server\150\DTS\Binn\;C:\Program Files\Azure Data Studio\bin;D:\Semester 5\;C:\Program Files\Java\jdk-11.0.4\bin;C:\Users\ROG\AppData\Local\Programs\Microsoft VS Code\bin;C:\Users\ROG\AppData\Local\Microsoft\WindowsApps;C:\xampp\php;C:\Users\ROG\AppData\Local\ComposerSetup\bin;C:\Users\ROG\AppData\Roaming\Composer\vendor\bin;C:\Users\ROG\AppData\Roaming\npm;C:\Program Files\Azure Data Studio\bin
USERNAME=ROG
OS=Windows_NT
PROCESSOR_IDENTIFIER=Intel64 Family 6 Model 158 Stepping 10, GenuineIntel



---------------  S Y S T E M  ---------------

OS: Windows 10.0 , 64 bit Build 18362 (10.0.18362.1316)

CPU:total 8 (4 cores per cpu, 2 threads per core) family 6 model 158 stepping 10, cmov, cx8, fxsr, mmx, sse, sse2, sse3, ssse3, sse4.1, sse4.2, popcnt, avx, avx2, aes, clmul, erms, 3dnowpref, lzcnt, ht, tsc, tscinvbit, bmi1, bmi2, adx

Memory: 4k page, physical 8237576k(601360k free), swap 21869064k(8759120k free)

vm_info: Java HotSpot(TM) 64-Bit Server VM (25.111-b14) for windows-amd64 JRE (1.8.0_111-b14), built on Sep 22 2016 19:24:05 by "java_re" with MS VC++ 10.0 (VS2010)

time: Tue Oct 05 06:54:58 2021
elapsed time: 6 seconds (0d 0h 0m 6s)

