#
# A fatal error has been detected by the Java Runtime Environment:
#
#  EXCEPTION_ACCESS_VIOLATION (0xc0000005) at pc=0x00000000582d3608, pid=20864, tid=0x0000000000003c98
#
# JRE version: Java(TM) SE Runtime Environment (8.0_111-b14) (build 1.8.0_111-b14)
# Java VM: Java HotSpot(TM) 64-Bit Server VM (25.111-b14 mixed mode windows-amd64 compressed oops)
# Problematic frame:
# V  [jvm.dll+0x43608]
#
# Failed to write core dump. Minidumps are not enabled by default on client versions of Windows
#
# If you would like to submit a bug report, please visit:
#   http://bugreport.java.com/bugreport/crash.jsp
#

---------------  T H R E A D  ---------------

Current thread (0x000000001673e800):  JavaThread "C1 CompilerThread3" daemon [_thread_in_vm, id=15512, stack(0x00000000172d0000,0x00000000173d0000)]

siginfo: ExceptionCode=0xc0000005, reading address 0xffffffffffffffff

Registers:
RAX=0x000000001673e800, RBX=0x0000000002e75320, RCX=0x0000000002e75320, RDX=0x0000000002e75320
RSP=0x00000000173cd180, RBP=0x00000000179c8f10, RSI=0x0000000002e75320, RDI=0x0000000000000000
R8 =0x3cccc588ffff0013, R9 =0x0000000000000000, R10=0x00000000179c9140, R11=0x000000001ba73b20
R12=0x000000001673e800, R13=0x00000000179c8f10, R14=0x000000001693deb0, R15=0x0000000000000000
RIP=0x00000000582d3608, EFLAGS=0x0000000000010202

Top of Stack: (sp=0x00000000173cd180)
0x00000000173cd180:   00000000000000b6 00000000173cf730
0x00000000173cd190:   0000000000000000 0000000000000077
0x00000000173cd1a0:   000000001c071c28 00000000173cf730
0x00000000173cd1b0:   00000000173cd290 00000000582bfe25
0x00000000173cd1c0:   00000000000000e9 00000000582d3999
0x00000000173cd1d0:   0000000000000077 0000000000000077
0x00000000173cd1e0:   0000000000000000 0000000000000000
0x00000000173cd1f0:   00000000000000b6 000000001dea9490
0x00000000173cd200:   0000000002e2a560 00000000582d1c6b
0x00000000173cd210:   0000000000000000 000000001673e800
0x00000000173cd220:   000000001693f670 00000000582bce0f
0x00000000173cd230:   000000001673e800 00000000582d6f80
0x00000000173cd240:   000000001673e800 000000001673e800
0x00000000173cd250:   000000001dea9490 00000000586b0aeb
0x00000000173cd260:   0000000000000000 0000000000000000
0x00000000173cd270:   000000001693f670 0000000000000000 

Instructions: (pc=0x00000000582d3608)
0x00000000582d35e8:   00 48 8b da ff 15 fe 7d 59 00 44 0f b6 05 5a d9
0x00000000582d35f8:   7a 00 4c 8b e0 45 84 c0 74 39 4c 8b 03 48 8b cb
0x00000000582d3608:   41 ff 50 08 84 c0 74 2b 83 7b 08 00 7e 25 0f b6
0x00000000582d3618:   83 0e 01 00 00 c0 e8 03 a8 01 74 17 48 8b 03 48 


Register to memory mapping:

RAX=0x000000001673e800 is a thread
RBX=0x0000000002e75320 is an unknown value
RCX=0x0000000002e75320 is an unknown value
RDX=0x0000000002e75320 is an unknown value
RSP=0x00000000173cd180 is pointing into the stack for thread: 0x000000001673e800
RBP=0x00000000179c8f10 is an unknown value
RSI=0x0000000002e75320 is an unknown value
RDI=0x0000000000000000 is an unknown value
R8 =0x3cccc588ffff0013 is an unknown value
R9 =0x0000000000000000 is an unknown value
R10=0x00000000179c9140 is an unknown value
R11=0x000000001ba73b20 is an unknown value
R12=0x000000001673e800 is a thread
R13=0x00000000179c8f10 is an unknown value
R14=0x000000001693deb0 is an unknown value
R15=0x0000000000000000 is an unknown value


Stack: [0x00000000172d0000,0x00000000173d0000],  sp=0x00000000173cd180,  free space=1012k
Native frames: (J=compiled Java code, j=interpreted, Vv=VM code, C=native code)
V  [jvm.dll+0x43608]
V  [jvm.dll+0x43999]
V  [jvm.dll+0x41c6b]
V  [jvm.dll+0x420aeb]
V  [jvm.dll+0x41b8da]
V  [jvm.dll+0x41e727]
V  [jvm.dll+0x41eeeb]
V  [jvm.dll+0x41fde6]
V  [jvm.dll+0x420048]
V  [jvm.dll+0x42047b]
V  [jvm.dll+0x41ffd5]
V  [jvm.dll+0x41bd3b]
V  [jvm.dll+0x41e727]
V  [jvm.dll+0x41eeeb]
V  [jvm.dll+0x41fde6]
V  [jvm.dll+0x420048]
V  [jvm.dll+0x42047b]
V  [jvm.dll+0x41ffd5]
V  [jvm.dll+0x41bd3b]
V  [jvm.dll+0x41e727]
V  [jvm.dll+0x41f01d]
V  [jvm.dll+0x41fde6]
V  [jvm.dll+0x420048]
V  [jvm.dll+0x42047b]
V  [jvm.dll+0x41ffd5]
V  [jvm.dll+0x41bd3b]
V  [jvm.dll+0x41e727]
V  [jvm.dll+0x41eeeb]
V  [jvm.dll+0x41fde6]
V  [jvm.dll+0x420048]
V  [jvm.dll+0x42047b]
V  [jvm.dll+0x41ffd5]
V  [jvm.dll+0x41bd3b]
V  [jvm.dll+0x41e727]
V  [jvm.dll+0x41f01d]
V  [jvm.dll+0x41fde6]
V  [jvm.dll+0x420048]
V  [jvm.dll+0x42047b]
V  [jvm.dll+0x41ffd5]
V  [jvm.dll+0x41bd3b]
V  [jvm.dll+0x41e727]
V  [jvm.dll+0x41eeeb]
V  [jvm.dll+0x41fde6]
V  [jvm.dll+0x420048]
V  [jvm.dll+0x41bd3b]
V  [jvm.dll+0x41e727]
V  [jvm.dll+0x41eeeb]
V  [jvm.dll+0x41fde6]
V  [jvm.dll+0x420048]
V  [jvm.dll+0x41bd3b]
V  [jvm.dll+0x41e727]
V  [jvm.dll+0x41f01d]
V  [jvm.dll+0x41f412]
V  [jvm.dll+0x4244f5]
V  [jvm.dll+0x424600]
V  [jvm.dll+0x40ddb8]
V  [jvm.dll+0x40e021]
V  [jvm.dll+0x40e1e2]
V  [jvm.dll+0x40e3b1]
V  [jvm.dll+0x40e5bf]
V  [jvm.dll+0xa5742]
V  [jvm.dll+0xa607f]
V  [jvm.dll+0x244b7f]
V  [jvm.dll+0x29c43a]
C  [msvcr100.dll+0x21d9f]
C  [msvcr100.dll+0x21e3b]
C  [KERNEL32.DLL+0x17c24]
C  [ntdll.dll+0x6d4d1]


Current CompileTask:
C1:   9712 6498       3       android.content.res.TypedArray::$$robo$$android_content_res_TypedArray$loadStringValueAt (51 bytes)


---------------  P R O C E S S  ---------------

Java Threads: ( => current thread )
  0x000000001b218800 JavaThread "SharedPreferencesImpl-load" [_thread_blocked, id=9832, stack(0x000000001fcb0000,0x000000001fdb0000)]
  0x000000001b218000 JavaThread "Java2D Disposer" daemon [_thread_blocked, id=18788, stack(0x000000001abf0000,0x000000001acf0000)]
  0x00000000185a0000 JavaThread "SDK 28 Main Thread" [_thread_blocked, id=1640, stack(0x00000000196e0000,0x00000000197e0000)]
  0x0000000017f27800 JavaThread "/127.0.0.1:64788 to /127.0.0.1:64787 workers Thread 3" [_thread_in_native, id=18356, stack(0x00000000193e0000,0x00000000194e0000)]
  0x0000000017cf7000 JavaThread "/127.0.0.1:64788 to /127.0.0.1:64787 workers Thread 2" [_thread_blocked, id=21428, stack(0x00000000192e0000,0x00000000193e0000)]
  0x0000000017ae8000 JavaThread "Test worker" [_thread_blocked, id=19460, stack(0x0000000018ea0000,0x0000000018fa0000)]
  0x00000000167d1800 JavaThread "Service Thread" daemon [_thread_blocked, id=20184, stack(0x00000000173d0000,0x00000000174d0000)]
=>0x000000001673e800 JavaThread "C1 CompilerThread3" daemon [_thread_in_vm, id=15512, stack(0x00000000172d0000,0x00000000173d0000)]
  0x0000000016737800 JavaThread "C2 CompilerThread2" daemon [_thread_blocked, id=20744, stack(0x00000000171d0000,0x00000000172d0000)]
  0x0000000016735800 JavaThread "C2 CompilerThread1" daemon [_thread_blocked, id=19056, stack(0x00000000170d0000,0x00000000171d0000)]
  0x0000000016730800 JavaThread "C2 CompilerThread0" daemon [_thread_blocked, id=16996, stack(0x0000000016fd0000,0x00000000170d0000)]
  0x000000001672d000 JavaThread "Attach Listener" daemon [_thread_blocked, id=1820, stack(0x0000000016ed0000,0x0000000016fd0000)]
  0x000000001672c800 JavaThread "Signal Dispatcher" daemon [_thread_blocked, id=1720, stack(0x0000000016dd0000,0x0000000016ed0000)]
  0x0000000002f19000 JavaThread "Finalizer" daemon [_thread_blocked, id=6456, stack(0x0000000016a90000,0x0000000016b90000)]
  0x0000000002f16000 JavaThread "Reference Handler" daemon [_thread_blocked, id=19260, stack(0x0000000016590000,0x0000000016690000)]
  0x0000000002e22800 JavaThread "main" [_thread_blocked, id=12276, stack(0x0000000002cc0000,0x0000000002dc0000)]

Other Threads:
  0x0000000014789800 VMThread [stack: 0x0000000016490000,0x0000000016590000] [id=6916]
  0x00000000168b2000 WatcherThread [stack: 0x00000000174d0000,0x00000000175d0000] [id=20288]

VM state:synchronizing (normal execution)

VM Mutex/Monitor currently owned by a thread:  ([mutex/lock_event])
[0x00000000014dc310] Threads_lock - owner thread: 0x0000000014789800

Heap:
 PSYoungGen      total 158720K, used 79953K [0x00000000f5580000, 0x0000000100000000, 0x0000000100000000)
  eden space 144896K, 45% used [0x00000000f5580000,0x00000000f96594c0,0x00000000fe300000)
  from space 13824K, 98% used [0x00000000fe300000,0x00000000ff03b1e0,0x00000000ff080000)
  to   space 15872K, 0% used [0x00000000ff080000,0x00000000ff080000,0x0000000100000000)
 ParOldGen       total 174592K, used 71188K [0x00000000e0000000, 0x00000000eaa80000, 0x00000000f5580000)
  object space 174592K, 40% used [0x00000000e0000000,0x00000000e45851f0,0x00000000eaa80000)
 Metaspace       used 61037K, capacity 69952K, committed 70232K, reserved 1110016K
  class space    used 7532K, capacity 10044K, committed 10112K, reserved 1048576K

Card table byte_map: [0x00000000122e0000,0x00000000123f0000] byte_map_base: 0x0000000011be0000

Marking Bits: (ParMarkBitMap*) 0x0000000058aaa6c0
 Begin Bits: [0x0000000012ca0000, 0x00000000134a0000)
 End Bits:   [0x00000000134a0000, 0x0000000013ca0000)

Polling page: 0x0000000000bf0000

CodeCache: size=245760Kb used=17551Kb max_used=17731Kb free=228208Kb
 bounds [0x0000000002f20000, 0x0000000004090000, 0x0000000011f20000]
 total_blobs=6830 nmethods=5307 adapters=1435
 compilation: enabled

Compilation events (10 events):
Event: 9.462 Thread 0x000000001673e800 nmethod 6495 0x0000000003ad3ed0 code [0x0000000003ad40c0, 0x0000000003ad4928]
Event: 9.468 Thread 0x000000001673e800 6496       3       android.content.res.XmlBlock$Parser::$$robo$$android_content_res_XmlBlock_Parser$getName (33 bytes)
Event: 9.469 Thread 0x000000001673e800 nmethod 6496 0x0000000003395050 code [0x00000000033955a0, 0x0000000003398c88]
Event: 9.469 Thread 0x000000001673e800 6497       3       android.content.res.TypedArray::loadStringValueAt (8 bytes)
Event: 9.470 Thread 0x000000001673e800 nmethod 6497 0x0000000003be4b90 code [0x0000000003be4ec0, 0x0000000003be69a8]
Event: 9.470 Thread 0x000000001673e800 6498       3       android.content.res.TypedArray::$$robo$$android_content_res_TypedArray$loadStringValueAt (51 bytes)
Event: 9.475 Thread 0x0000000016735800 6500       4       java.lang.invoke.LambdaForm$reinvoker/205895375::dontInline (21 bytes)
Event: 9.476 Thread 0x0000000016735800 nmethod 6500 0x00000000034e6090 code [0x00000000034e6220, 0x00000000034e6460]
Event: 9.485 Thread 0x0000000016737800 6505       4       java.lang.String::toCharArray (25 bytes)
Event: 9.486 Thread 0x0000000016737800 nmethod 6505 0x00000000038588d0 code [0x0000000003858a20, 0x0000000003858b58]

GC Heap History (10 events):
Event: 6.658 GC heap before
{Heap before GC invocations=18 (full 3):
 PSYoungGen      total 163840K, used 154112K [0x00000000f5580000, 0x0000000100000000, 0x0000000100000000)
  eden space 154112K, 100% used [0x00000000f5580000,0x00000000fec00000,0x00000000fec00000)
  from space 9728K, 0% used [0x00000000ff680000,0x00000000ff680000,0x0000000100000000)
  to   space 10240K, 0% used [0x00000000fec00000,0x00000000fec00000,0x00000000ff600000)
 ParOldGen       total 174592K, used 60347K [0x00000000e0000000, 0x00000000eaa80000, 0x00000000f5580000)
  object space 174592K, 34% used [0x00000000e0000000,0x00000000e3aeed48,0x00000000eaa80000)
 Metaspace       used 50171K, capacity 56084K, committed 56280K, reserved 1097728K
  class space    used 6097K, capacity 7885K, committed 7936K, reserved 1048576K
Event: 6.662 GC heap after
Heap after GC invocations=18 (full 3):
 PSYoungGen      total 164352K, used 5680K [0x00000000f5580000, 0x0000000100000000, 0x0000000100000000)
  eden space 154112K, 0% used [0x00000000f5580000,0x00000000f5580000,0x00000000fec00000)
  from space 10240K, 55% used [0x00000000fec00000,0x00000000ff18c2e0,0x00000000ff600000)
  to   space 10240K, 0% used [0x00000000ff600000,0x00000000ff600000,0x0000000100000000)
 ParOldGen       total 174592K, used 60355K [0x00000000e0000000, 0x00000000eaa80000, 0x00000000f5580000)
  object space 174592K, 34% used [0x00000000e0000000,0x00000000e3af0d48,0x00000000eaa80000)
 Metaspace       used 50171K, capacity 56084K, committed 56280K, reserved 1097728K
  class space    used 6097K, capacity 7885K, committed 7936K, reserved 1048576K
}
Event: 7.138 GC heap before
{Heap before GC invocations=19 (full 3):
 PSYoungGen      total 164352K, used 159792K [0x00000000f5580000, 0x0000000100000000, 0x0000000100000000)
  eden space 154112K, 100% used [0x00000000f5580000,0x00000000fec00000,0x00000000fec00000)
  from space 10240K, 55% used [0x00000000fec00000,0x00000000ff18c2e0,0x00000000ff600000)
  to   space 10240K, 0% used [0x00000000ff600000,0x00000000ff600000,0x0000000100000000)
 ParOldGen       total 174592K, used 60355K [0x00000000e0000000, 0x00000000eaa80000, 0x00000000f5580000)
  object space 174592K, 34% used [0x00000000e0000000,0x00000000e3af0d48,0x00000000eaa80000)
 Metaspace       used 53650K, capacity 59624K, committed 59864K, reserved 1101824K
  class space    used 6355K, capacity 8145K, committed 8192K, reserved 1048576K
Event: 7.142 GC heap after
Heap after GC invocations=19 (full 3):
 PSYoungGen      total 164352K, used 8156K [0x00000000f5580000, 0x0000000100000000, 0x0000000100000000)
  eden space 154112K, 0% used [0x00000000f5580000,0x00000000f5580000,0x00000000fec00000)
  from space 10240K, 79% used [0x00000000ff600000,0x00000000ffdf72d8,0x0000000100000000)
  to   space 10240K, 0% used [0x00000000fec00000,0x00000000fec00000,0x00000000ff600000)
 ParOldGen       total 174592K, used 60355K [0x00000000e0000000, 0x00000000eaa80000, 0x00000000f5580000)
  object space 174592K, 34% used [0x00000000e0000000,0x00000000e3af0d48,0x00000000eaa80000)
 Metaspace       used 53650K, capacity 59624K, committed 59864K, reserved 1101824K
  class space    used 6355K, capacity 8145K, committed 8192K, reserved 1048576K
}
Event: 7.782 GC heap before
{Heap before GC invocations=20 (full 3):
 PSYoungGen      total 164352K, used 162268K [0x00000000f5580000, 0x0000000100000000, 0x0000000100000000)
  eden space 154112K, 100% used [0x00000000f5580000,0x00000000fec00000,0x00000000fec00000)
  from space 10240K, 79% used [0x00000000ff600000,0x00000000ffdf72d8,0x0000000100000000)
  to   space 10240K, 0% used [0x00000000fec00000,0x00000000fec00000,0x00000000ff600000)
 ParOldGen       total 174592K, used 60355K [0x00000000e0000000, 0x00000000eaa80000, 0x00000000f5580000)
  object space 174592K, 34% used [0x00000000e0000000,0x00000000e3af0d48,0x00000000eaa80000)
 Metaspace       used 57737K, capacity 64822K, committed 64984K, reserved 1105920K
  class space    used 6976K, capacity 9108K, committed 9216K, reserved 1048576K
Event: 7.793 GC heap after
Heap after GC invocations=20 (full 3):
 PSYoungGen      total 164352K, used 10220K [0x00000000f5580000, 0x0000000100000000, 0x0000000100000000)
  eden space 154112K, 0% used [0x00000000f5580000,0x00000000f5580000,0x00000000fec00000)
  from space 10240K, 99% used [0x00000000fec00000,0x00000000ff5fb030,0x00000000ff600000)
  to   space 10240K, 0% used [0x00000000ff600000,0x00000000ff600000,0x0000000100000000)
 ParOldGen       total 174592K, used 61678K [0x00000000e0000000, 0x00000000eaa80000, 0x00000000f5580000)
  object space 174592K, 35% used [0x00000000e0000000,0x00000000e3c3b8d0,0x00000000eaa80000)
 Metaspace       used 57737K, capacity 64822K, committed 64984K, reserved 1105920K
  class space    used 6976K, capacity 9108K, committed 9216K, reserved 1048576K
}
Event: 9.145 GC heap before
{Heap before GC invocations=21 (full 3):
 PSYoungGen      total 164352K, used 164332K [0x00000000f5580000, 0x0000000100000000, 0x0000000100000000)
  eden space 154112K, 100% used [0x00000000f5580000,0x00000000fec00000,0x00000000fec00000)
  from space 10240K, 99% used [0x00000000fec00000,0x00000000ff5fb030,0x00000000ff600000)
  to   space 10240K, 0% used [0x00000000ff600000,0x00000000ff600000,0x0000000100000000)
 ParOldGen       total 174592K, used 61678K [0x00000000e0000000, 0x00000000eaa80000, 0x00000000f5580000)
  object space 174592K, 35% used [0x00000000e0000000,0x00000000e3c3b8d0,0x00000000eaa80000)
 Metaspace       used 60779K, capacity 69398K, committed 69720K, reserved 1110016K
  class space    used 7516K, capacity 10015K, committed 10112K, reserved 1048576K
Event: 9.155 GC heap after
Heap after GC invocations=21 (full 3):
 PSYoungGen      total 155136K, used 10208K [0x00000000f5580000, 0x0000000100000000, 0x0000000100000000)
  eden space 144896K, 0% used [0x00000000f5580000,0x00000000f5580000,0x00000000fe300000)
  from space 10240K, 99% used [0x00000000ff600000,0x00000000ffff8010,0x0000000100000000)
  to   space 14848K, 0% used [0x00000000fe300000,0x00000000fe300000,0x00000000ff180000)
 ParOldGen       total 174592K, used 68603K [0x00000000e0000000, 0x00000000eaa80000, 0x00000000f5580000)
  object space 174592K, 39% used [0x00000000e0000000,0x00000000e42fefb0,0x00000000eaa80000)
 Metaspace       used 60779K, capacity 69398K, committed 69720K, reserved 1110016K
  class space    used 7516K, capacity 10015K, committed 10112K, reserved 1048576K
}
Event: 9.423 GC heap before
{Heap before GC invocations=22 (full 3):
 PSYoungGen      total 155136K, used 155104K [0x00000000f5580000, 0x0000000100000000, 0x0000000100000000)
  eden space 144896K, 100% used [0x00000000f5580000,0x00000000fe300000,0x00000000fe300000)
  from space 10240K, 99% used [0x00000000ff600000,0x00000000ffff8010,0x0000000100000000)
  to   space 14848K, 0% used [0x00000000fe300000,0x00000000fe300000,0x00000000ff180000)
 ParOldGen       total 174592K, used 68603K [0x00000000e0000000, 0x00000000eaa80000, 0x00000000f5580000)
  object space 174592K, 39% used [0x00000000e0000000,0x00000000e42fefb0,0x00000000eaa80000)
 Metaspace       used 61016K, capacity 69912K, committed 70232K, reserved 1110016K
  class space    used 7530K, capacity 10040K, committed 10112K, reserved 1048576K
Event: 9.431 GC heap after
Heap after GC invocations=22 (full 3):
 PSYoungGen      total 158720K, used 13548K [0x00000000f5580000, 0x0000000100000000, 0x0000000100000000)
  eden space 144896K, 0% used [0x00000000f5580000,0x00000000f5580000,0x00000000fe300000)
  from space 13824K, 98% used [0x00000000fe300000,0x00000000ff03b1e0,0x00000000ff080000)
  to   space 15872K, 0% used [0x00000000ff080000,0x00000000ff080000,0x0000000100000000)
 ParOldGen       total 174592K, used 71188K [0x00000000e0000000, 0x00000000eaa80000, 0x00000000f5580000)
  object space 174592K, 40% used [0x00000000e0000000,0x00000000e45851f0,0x00000000eaa80000)
 Metaspace       used 61016K, capacity 69912K, committed 70232K, reserved 1110016K
  class space    used 7530K, capacity 10040K, committed 10112K, reserved 1048576K
}

Deoptimization events (10 events):
Event: 8.986 Thread 0x0000000017ae8000 Uncommon trap: reason=class_check action=maybe_recompile pc=0x0000000003ac9040 method=com.google.common.collect.ImmutableSet$RegularSetBuilderImpl.add(Ljava/lang/Object;)Lcom/google/common/collect/ImmutableSet$SetBuilderImpl; @ 6
Event: 8.986 Thread 0x0000000017ae8000 Uncommon trap: reason=class_check action=maybe_recompile pc=0x0000000003ac9040 method=com.google.common.collect.ImmutableSet$RegularSetBuilderImpl.add(Ljava/lang/Object;)Lcom/google/common/collect/ImmutableSet$SetBuilderImpl; @ 6
Event: 8.987 Thread 0x0000000017ae8000 Uncommon trap: reason=unstable_if action=reinterpret pc=0x000000000356a18c method=org.robolectric.internal.bytecode.MethodRef.equals(Ljava/lang/Object;)Z @ 2
Event: 8.989 Thread 0x00000000185a0000 Uncommon trap: reason=unstable_if action=reinterpret pc=0x0000000003a7faec method=java.util.Arrays.hashCode([Ljava/lang/Object;)I @ 34
Event: 8.998 Thread 0x00000000185a0000 Uncommon trap: reason=unstable_if action=reinterpret pc=0x0000000003291434 method=org.robolectric.res.android.ResTable_config.isBetterThan(Lorg/robolectric/res/android/ResTable_config;Lorg/robolectric/res/android/ResTable_config;)Z @ 898
Event: 9.008 Thread 0x00000000185a0000 Uncommon trap: reason=unstable_if action=reinterpret pc=0x00000000031b62f0 method=org.robolectric.res.android.ResTable_config.match(Lorg/robolectric/res/android/ResTable_config;)Z @ 252
Event: 9.212 Thread 0x00000000185a0000 Uncommon trap: reason=class_check action=maybe_recompile pc=0x000000000377ff98 method=java.lang.Character.codePointAt(Ljava/lang/CharSequence;I)I @ 2
Event: 9.212 Thread 0x00000000185a0000 Uncommon trap: reason=class_check action=maybe_recompile pc=0x000000000377ff98 method=java.lang.Character.codePointAt(Ljava/lang/CharSequence;I)I @ 2
Event: 9.349 Thread 0x00000000185a0000 Uncommon trap: reason=unstable_if action=reinterpret pc=0x0000000003f7b1d4 method=com.google.common.base.Objects.equal(Ljava/lang/Object;Ljava/lang/Object;)Z @ 2
Event: 9.349 Thread 0x00000000185a0000 Uncommon trap: reason=unstable_if action=reinterpret pc=0x0000000003f325a0 method=com.google.common.base.Objects.equal(Ljava/lang/Object;Ljava/lang/Object;)Z @ 2

Internal exceptions (10 events):
Event: 7.688 Thread 0x00000000185a0000 Implicit null exception at 0x00000000039751dd to 0x0000000003977b29
Event: 7.688 Thread 0x00000000185a0000 Implicit null exception at 0x0000000003334c2b to 0x0000000003334f59
Event: 7.802 Thread 0x00000000185a0000 Exception <a 'java/lang/NoSuchFieldError': method resolution failed> (0x00000000f56b4b18) thrown at [C:\re\workspace\8-2-build-windows-amd64-cygwin\jdk8u111\7883\hotspot\src\share\vm\prims\methodHandles.cpp, line 1146]
Event: 7.858 Thread 0x00000000185a0000 Exception <a 'java/lang/NoSuchFieldError': method resolution failed> (0x00000000f62a1738) thrown at [C:\re\workspace\8-2-build-windows-amd64-cygwin\jdk8u111\7883\hotspot\src\share\vm\prims\methodHandles.cpp, line 1146]
Event: 8.399 Thread 0x00000000185a0000 Implicit null exception at 0x0000000003c58357 to 0x0000000003c58425
Event: 8.949 Thread 0x00000000185a0000 Exception <a 'java/lang/NoSuchMethodError': java.lang.Object.lambda$get$0(Ljava/lang/Object;)V> (0x00000000f8aa78d8) thrown at [C:\re\workspace\8-2-build-windows-amd64-cygwin\jdk8u111\7883\hotspot\src\share\vm\interpreter\linkResolver.cpp, line 582]
Event: 8.989 Thread 0x00000000185a0000 Implicit null exception at 0x0000000003a7fa2f to 0x0000000003a7facd
Event: 9.008 Thread 0x00000000185a0000 Exception <a 'sun/nio/fs/WindowsException'> (0x00000000f9625208) thrown at [C:\re\workspace\8-2-build-windows-amd64-cygwin\jdk8u111\7883\hotspot\src\share\vm\prims\jni.cpp, line 709]
Event: 9.235 Thread 0x00000000185a0000 Exception <a 'sun/nio/fs/WindowsException'> (0x00000000f691cee8) thrown at [C:\re\workspace\8-2-build-windows-amd64-cygwin\jdk8u111\7883\hotspot\src\share\vm\prims\jni.cpp, line 709]
Event: 9.386 Thread 0x00000000185a0000 Exception <a 'sun/nio/fs/WindowsException'> (0x00000000fc833ea8) thrown at [C:\re\workspace\8-2-build-windows-amd64-cygwin\jdk8u111\7883\hotspot\src\share\vm\prims\jni.cpp, line 709]

Events (10 events):
Event: 9.455 Thread 0x000000001673e800 flushing nmethod 0x000000000396ddd0
Event: 9.455 Thread 0x000000001673e800 flushing nmethod 0x00000000039c3810
Event: 9.455 Thread 0x000000001673e800 flushing nmethod 0x00000000039cc510
Event: 9.455 Thread 0x000000001673e800 flushing nmethod 0x00000000039ce8d0
Event: 9.455 Thread 0x000000001673e800 flushing nmethod 0x0000000003a29c50
Event: 9.455 Thread 0x000000001673e800 flushing nmethod 0x0000000003a77d50
Event: 9.455 Thread 0x000000001673e800 flushing nmethod 0x0000000003ad3ed0
Event: 9.457 Thread 0x000000001673e800 flushing nmethod 0x0000000003b42cd0
Event: 9.457 Thread 0x000000001673e800 flushing nmethod 0x0000000003be2dd0
Event: 9.457 Thread 0x000000001673e800 flushing nmethod 0x0000000003bfbe90


Dynamic libraries:
0x00007ff73c600000 - 0x00007ff73c637000 	C:\Program Files\Java\jdk1.8.0_111\bin\java.exe
0x00007fff48c40000 - 0x00007fff48e30000 	C:\WINDOWS\SYSTEM32\ntdll.dll
0x00007fff12440000 - 0x00007fff12455000 	C:\Program Files\Avast Software\Avast\aswhook.dll
0x00007fff48330000 - 0x00007fff483e2000 	C:\WINDOWS\System32\KERNEL32.DLL
0x00007fff45bc0000 - 0x00007fff45e65000 	C:\WINDOWS\System32\KERNELBASE.dll
0x00007fff477d0000 - 0x00007fff47873000 	C:\WINDOWS\System32\ADVAPI32.dll
0x00007fff473a0000 - 0x00007fff4743e000 	C:\WINDOWS\System32\msvcrt.dll
0x00007fff46f00000 - 0x00007fff46f97000 	C:\WINDOWS\System32\sechost.dll
0x00007fff46fa0000 - 0x00007fff470bf000 	C:\WINDOWS\System32\RPCRT4.dll
0x00007fff47200000 - 0x00007fff47394000 	C:\WINDOWS\System32\USER32.dll
0x00007fff46410000 - 0x00007fff46431000 	C:\WINDOWS\System32\win32u.dll
0x00007fff48a90000 - 0x00007fff48ab6000 	C:\WINDOWS\System32\GDI32.dll
0x00007fff46270000 - 0x00007fff46408000 	C:\WINDOWS\System32\gdi32full.dll
0x00007fff46c50000 - 0x00007fff46cee000 	C:\WINDOWS\System32\msvcp_win.dll
0x00007fff45f40000 - 0x00007fff4603a000 	C:\WINDOWS\System32\ucrtbase.dll
0x00007fff38ec0000 - 0x00007fff39144000 	C:\WINDOWS\WinSxS\amd64_microsoft.windows.common-controls_6595b64144ccf1df_6.0.18362.1316_none_9e7a364fe461dbd7\COMCTL32.dll
0x00007fff47ff0000 - 0x00007fff48327000 	C:\WINDOWS\System32\combase.dll
0x00007fff46440000 - 0x00007fff464c1000 	C:\WINDOWS\System32\bcryptPrimitives.dll
0x00007fff46cf0000 - 0x00007fff46d1e000 	C:\WINDOWS\System32\IMM32.DLL
0x0000000058b30000 - 0x0000000058c02000 	C:\Program Files\Java\jdk1.8.0_111\jre\bin\msvcr100.dll
0x0000000058290000 - 0x0000000058b2a000 	C:\Program Files\Java\jdk1.8.0_111\jre\bin\server\jvm.dll
0x00007fff47450000 - 0x00007fff47458000 	C:\WINDOWS\System32\PSAPI.DLL
0x00007fff3ff30000 - 0x00007fff3ff3a000 	C:\WINDOWS\SYSTEM32\VERSION.dll
0x00007fff34eb0000 - 0x00007fff34ed4000 	C:\WINDOWS\SYSTEM32\WINMM.dll
0x00007fff3b6a0000 - 0x00007fff3b6a9000 	C:\WINDOWS\SYSTEM32\WSOCK32.dll
0x00007fff489b0000 - 0x00007fff48a1f000 	C:\WINDOWS\System32\WS2_32.dll
0x00007fff34760000 - 0x00007fff3478d000 	C:\WINDOWS\SYSTEM32\WINMMBASE.dll
0x00007fff46220000 - 0x00007fff4626a000 	C:\WINDOWS\System32\cfgmgr32.dll
0x0000000058280000 - 0x000000005828f000 	C:\Program Files\Java\jdk1.8.0_111\jre\bin\verify.dll
0x0000000058250000 - 0x0000000058279000 	C:\Program Files\Java\jdk1.8.0_111\jre\bin\java.dll
0x0000000058230000 - 0x0000000058246000 	C:\Program Files\Java\jdk1.8.0_111\jre\bin\zip.dll
0x00007fff47900000 - 0x00007fff47fe8000 	C:\WINDOWS\System32\SHELL32.dll
0x00007fff46d20000 - 0x00007fff46dc7000 	C:\WINDOWS\System32\shcore.dll
0x00007fff464d0000 - 0x00007fff46c4b000 	C:\WINDOWS\System32\windows.storage.dll
0x00007fff45b70000 - 0x00007fff45b93000 	C:\WINDOWS\System32\profapi.dll
0x00007fff45b00000 - 0x00007fff45b4a000 	C:\WINDOWS\System32\powrprof.dll
0x00007fff45af0000 - 0x00007fff45b00000 	C:\WINDOWS\System32\UMPDC.dll
0x00007fff47770000 - 0x00007fff477c2000 	C:\WINDOWS\System32\shlwapi.dll
0x00007fff45b50000 - 0x00007fff45b61000 	C:\WINDOWS\System32\kernel.appcore.dll
0x00007fff45e70000 - 0x00007fff45e87000 	C:\WINDOWS\System32\cryptsp.dll
0x0000000058210000 - 0x000000005822a000 	C:\Program Files\Java\jdk1.8.0_111\jre\bin\net.dll
0x00007fff452d0000 - 0x00007fff45337000 	C:\WINDOWS\system32\mswsock.dll
0x00000000581f0000 - 0x0000000058201000 	C:\Program Files\Java\jdk1.8.0_111\jre\bin\nio.dll
0x00007fff44e50000 - 0x00007fff44e83000 	C:\WINDOWS\system32\rsaenh.dll
0x00007fff461f0000 - 0x00007fff46216000 	C:\WINDOWS\System32\bcrypt.dll
0x00007fff45a10000 - 0x00007fff45a35000 	C:\WINDOWS\SYSTEM32\USERENV.dll
0x00007fff454a0000 - 0x00007fff454ac000 	C:\WINDOWS\SYSTEM32\CRYPTBASE.dll
0x00007fff44fe0000 - 0x00007fff4501a000 	C:\WINDOWS\SYSTEM32\IPHLPAPI.DLL
0x00007fff48b20000 - 0x00007fff48b28000 	C:\WINDOWS\System32\NSI.dll
0x00007fff3f3b0000 - 0x00007fff3f3c6000 	C:\WINDOWS\SYSTEM32\dhcpcsvc6.DLL
0x00007fff3fcb0000 - 0x00007fff3fccc000 	C:\WINDOWS\SYSTEM32\dhcpcsvc.DLL
0x00007fff45030000 - 0x00007fff450fb000 	C:\WINDOWS\SYSTEM32\DNSAPI.dll
0x00000000581b0000 - 0x00000000581d4000 	C:\Program Files\Java\jdk1.8.0_111\jre\bin\sunec.dll
0x00000000581a0000 - 0x00000000581ab000 	C:\Program Files\Java\jdk1.8.0_111\jre\bin\sunmscapi.dll
0x00007fff46040000 - 0x00007fff4618a000 	C:\WINDOWS\System32\CRYPT32.dll
0x00007fff45ba0000 - 0x00007fff45bb2000 	C:\WINDOWS\System32\MSASN1.dll
0x0000000057f20000 - 0x00000000580b8000 	C:\Program Files\Java\jdk1.8.0_111\jre\bin\awt.dll
0x00007fff483f0000 - 0x00007fff484b5000 	C:\WINDOWS\System32\OLEAUT32.dll
0x00007fff432e0000 - 0x00007fff4336f000 	C:\WINDOWS\SYSTEM32\apphelp.dll
0x00007fff44450000 - 0x00007fff44644000 	C:\WINDOWS\SYSTEM32\dbghelp.dll

VM Arguments:
jvm_args: -Djava.awt.headless=true -Djava.security.manager=worker.org.gradle.process.internal.worker.child.BootstrapSecurityManager -Dorg.gradle.native=false -Xmx512m -Dfile.encoding=windows-1252 -Duser.country=US -Duser.language=en -Duser.variant -ea 
java_command: worker.org.gradle.process.internal.worker.GradleWorkerMain 'Gradle Test Executor 1'
java_class_path (initial): C:\Users\ROG\.gradle\caches\6.1.1\workerMain\gradle-worker.jar
Launcher Type: SUN_STANDARD

Environment Variables:
PATH=C:\Program Files (x86)\Common Files\Intel\Shared Files\cpp\;C:\Program Files\Git\cmd;C:\Program Files\Microsoft SQL Server\Client SDK\ODBC\170\Tools\Binn\;C:\Program Files (x86)\Microsoft SQL Server\150\Tools\Binn\;C:\Program Files\Microsoft SQL Server\150\Tools\Binn\;C:\Program Files\Microsoft SQL Server\150\DTS\Binn\;C:\Program Files\nodejs\;C:\Program Files (x86)\Microsoft SQL Server\150\DTS\Binn\;C:\Program Files\Azure Data Studio\bin;D:\Semester 5\;C:\Program Files\Java\jdk-11.0.4\bin;C:\Users\ROG\AppData\Local\Programs\Microsoft VS Code\bin;C:\Users\ROG\AppData\Local\Microsoft\WindowsApps;C:\xampp\php;C:\Users\ROG\AppData\Local\ComposerSetup\bin;C:\Users\ROG\AppData\Roaming\Composer\vendor\bin;C:\Users\ROG\AppData\Roaming\npm;C:\Program Files\Azure Data Studio\bin
USERNAME=ROG
OS=Windows_NT
PROCESSOR_IDENTIFIER=Intel64 Family 6 Model 158 Stepping 10, GenuineIntel



---------------  S Y S T E M  ---------------

OS: Windows 10.0 , 64 bit Build 18362 (10.0.18362.1316)

CPU:total 8 (4 cores per cpu, 2 threads per core) family 6 model 158 stepping 10, cmov, cx8, fxsr, mmx, sse, sse2, sse3, ssse3, sse4.1, sse4.2, popcnt, avx, avx2, aes, clmul, erms, 3dnowpref, lzcnt, ht, tsc, tscinvbit, bmi1, bmi2, adx

Memory: 4k page, physical 8237576k(576464k free), swap 21869064k(9085540k free)

vm_info: Java HotSpot(TM) 64-Bit Server VM (25.111-b14) for windows-amd64 JRE (1.8.0_111-b14), built on Sep 22 2016 19:24:05 by "java_re" with MS VC++ 10.0 (VS2010)

time: Tue Oct 05 06:39:31 2021
elapsed time: 9 seconds (0d 0h 0m 9s)

