#
# A fatal error has been detected by the Java Runtime Environment:
#
#  EXCEPTION_ACCESS_VIOLATION (0xc0000005) at pc=0x00000000582d3608, pid=16412, tid=0x0000000000000f2c
#
# JRE version: Java(TM) SE Runtime Environment (8.0_111-b14) (build 1.8.0_111-b14)
# Java VM: Java HotSpot(TM) 64-Bit Server VM (25.111-b14 mixed mode windows-amd64 compressed oops)
# Problematic frame:
# V  [jvm.dll+0x43608]
#
# Failed to write core dump. Minidumps are not enabled by default on client versions of Windows
#
# If you would like to submit a bug report, please visit:
#   http://bugreport.java.com/bugreport/crash.jsp
#

---------------  T H R E A D  ---------------

Current thread (0x000000001659c000):  JavaThread "C1 CompilerThread3" daemon [_thread_in_vm, id=3884, stack(0x0000000017130000,0x0000000017230000)]

siginfo: ExceptionCode=0xc0000005, reading address 0xffffffffffffffff

Registers:
RAX=0x000000001659c000, RBX=0x0000000002d15050, RCX=0x0000000002d15050, RDX=0x0000000002d15050
RSP=0x000000001722d2c0, RBP=0x0000000019dea720, RSI=0x0000000002d15050, RDI=0x0000000000000000
R8 =0x3cccc588ffff0013, R9 =0x0000000000000000, R10=0x0000000019dea950, R11=0x0000000019c4c100
R12=0x000000001659c000, R13=0x0000000019dea720, R14=0x0000000018adfb30, R15=0x0000000000000000
RIP=0x00000000582d3608, EFLAGS=0x0000000000010202

Top of Stack: (sp=0x000000001722d2c0)
0x000000001722d2c0:   00000000000000b6 000000001722f870
0x000000001722d2d0:   0000000000000000 0000000000000077
0x000000001722d2e0:   000000001becc040 000000001722f870
0x000000001722d2f0:   000000001722d3d0 00000000582bfe25
0x000000001722d300:   00000000000000e9 00000000582d3999
0x000000001722d310:   0000000000000077 0000000000000077
0x000000001722d320:   0000000000000000 0000000000000000
0x000000001722d330:   00000000000000b6 000000001b9e9a30
0x000000001722d340:   0000000002cca560 00000000582d1c6b
0x000000001722d350:   0000000000000000 000000001659c000
0x000000001722d360:   0000000018ae0ca0 00000000582bce0f
0x000000001722d370:   000000001659c000 00000000582d6f80
0x000000001722d380:   000000001659c000 000000001659c000
0x000000001722d390:   000000001b9e9a30 00000000586b0aeb
0x000000001722d3a0:   0000000000000000 0000000000000000
0x000000001722d3b0:   0000000018ae0ca0 0000000000000000 

Instructions: (pc=0x00000000582d3608)
0x00000000582d35e8:   00 48 8b da ff 15 fe 7d 59 00 44 0f b6 05 5a d9
0x00000000582d35f8:   7a 00 4c 8b e0 45 84 c0 74 39 4c 8b 03 48 8b cb
0x00000000582d3608:   41 ff 50 08 84 c0 74 2b 83 7b 08 00 7e 25 0f b6
0x00000000582d3618:   83 0e 01 00 00 c0 e8 03 a8 01 74 17 48 8b 03 48 


Register to memory mapping:

RAX=0x000000001659c000 is a thread
RBX=0x0000000002d15050 is an unknown value
RCX=0x0000000002d15050 is an unknown value
RDX=0x0000000002d15050 is an unknown value
RSP=0x000000001722d2c0 is pointing into the stack for thread: 0x000000001659c000
RBP=0x0000000019dea720 is an unknown value
RSI=0x0000000002d15050 is an unknown value
RDI=0x0000000000000000 is an unknown value
R8 =0x3cccc588ffff0013 is an unknown value
R9 =0x0000000000000000 is an unknown value
R10=0x0000000019dea950 is an unknown value
R11=0x0000000019c4c100 is an unknown value
R12=0x000000001659c000 is a thread
R13=0x0000000019dea720 is an unknown value
R14=0x0000000018adfb30 is an unknown value
R15=0x0000000000000000 is an unknown value


Stack: [0x0000000017130000,0x0000000017230000],  sp=0x000000001722d2c0,  free space=1012k
Native frames: (J=compiled Java code, j=interpreted, Vv=VM code, C=native code)
V  [jvm.dll+0x43608]
V  [jvm.dll+0x43999]
V  [jvm.dll+0x41c6b]
V  [jvm.dll+0x420aeb]
V  [jvm.dll+0x41b8da]
V  [jvm.dll+0x41e727]
V  [jvm.dll+0x41eeeb]
V  [jvm.dll+0x41fde6]
V  [jvm.dll+0x420048]
V  [jvm.dll+0x42047b]
V  [jvm.dll+0x41ffd5]
V  [jvm.dll+0x41bd3b]
V  [jvm.dll+0x41e727]
V  [jvm.dll+0x41eeeb]
V  [jvm.dll+0x41fde6]
V  [jvm.dll+0x420048]
V  [jvm.dll+0x42047b]
V  [jvm.dll+0x41ffd5]
V  [jvm.dll+0x41bd3b]
V  [jvm.dll+0x41e727]
V  [jvm.dll+0x41f01d]
V  [jvm.dll+0x41fde6]
V  [jvm.dll+0x420048]
V  [jvm.dll+0x42047b]
V  [jvm.dll+0x41ffd5]
V  [jvm.dll+0x41bd3b]
V  [jvm.dll+0x41e727]
V  [jvm.dll+0x41eeeb]
V  [jvm.dll+0x41fde6]
V  [jvm.dll+0x420048]
V  [jvm.dll+0x42047b]
V  [jvm.dll+0x41ffd5]
V  [jvm.dll+0x41bd3b]
V  [jvm.dll+0x41e727]
V  [jvm.dll+0x41f01d]
V  [jvm.dll+0x41fde6]
V  [jvm.dll+0x420048]
V  [jvm.dll+0x42047b]
V  [jvm.dll+0x41ffd5]
V  [jvm.dll+0x41bd3b]
V  [jvm.dll+0x41e727]
V  [jvm.dll+0x41eeeb]
V  [jvm.dll+0x41fde6]
V  [jvm.dll+0x420048]
V  [jvm.dll+0x41bd3b]
V  [jvm.dll+0x41e727]
V  [jvm.dll+0x41eeeb]
V  [jvm.dll+0x41fde6]
V  [jvm.dll+0x420048]
V  [jvm.dll+0x41bd3b]
V  [jvm.dll+0x41e727]
V  [jvm.dll+0x41f01d]
V  [jvm.dll+0x41f412]
V  [jvm.dll+0x4244f5]
V  [jvm.dll+0x424600]
V  [jvm.dll+0x40ddb8]
V  [jvm.dll+0x40e021]
V  [jvm.dll+0x40e1e2]
V  [jvm.dll+0x40e3b1]
V  [jvm.dll+0x40e5bf]
V  [jvm.dll+0xa5742]
V  [jvm.dll+0xa607f]
V  [jvm.dll+0x244b7f]
V  [jvm.dll+0x29c43a]
C  [msvcr100.dll+0x21d9f]
C  [msvcr100.dll+0x21e3b]
C  [KERNEL32.DLL+0x17c24]
C  [ntdll.dll+0x6d4d1]


Current CompileTask:
C1:   6375 6600       3       android.content.res.TypedArray::$$robo$$android_content_res_TypedArray$loadStringValueAt (51 bytes)


---------------  P R O C E S S  ---------------

Java Threads: ( => current thread )
  0x000000001de43800 JavaThread "Java2D Disposer" daemon [_thread_blocked, id=18780, stack(0x000000001ba20000,0x000000001bb20000)]
  0x0000000018c13800 JavaThread "SDK 28 Main Thread" [_thread_in_native, id=15568, stack(0x000000001a510000,0x000000001a610000)]
  0x0000000017e1b800 JavaThread "/127.0.0.1:59636 to /127.0.0.1:59635 workers Thread 3" [_thread_in_native, id=19108, stack(0x0000000019240000,0x0000000019340000)]
  0x0000000017e1b000 JavaThread "/127.0.0.1:59636 to /127.0.0.1:59635 workers Thread 2" [_thread_blocked, id=20576, stack(0x0000000019140000,0x0000000019240000)]
  0x000000001808a800 JavaThread "Test worker" [_thread_blocked, id=13588, stack(0x0000000018d00000,0x0000000018e00000)]
  0x0000000016631000 JavaThread "Service Thread" daemon [_thread_blocked, id=19128, stack(0x0000000017230000,0x0000000017330000)]
=>0x000000001659c000 JavaThread "C1 CompilerThread3" daemon [_thread_in_vm, id=3884, stack(0x0000000017130000,0x0000000017230000)]
  0x0000000016597800 JavaThread "C2 CompilerThread2" daemon [_thread_blocked, id=10844, stack(0x0000000017030000,0x0000000017130000)]
  0x0000000016595800 JavaThread "C2 CompilerThread1" daemon [_thread_blocked, id=11788, stack(0x0000000016f30000,0x0000000017030000)]
  0x0000000016594800 JavaThread "C2 CompilerThread0" daemon [_thread_blocked, id=12808, stack(0x0000000016e30000,0x0000000016f30000)]
  0x000000001658d000 JavaThread "Attach Listener" daemon [_thread_blocked, id=5180, stack(0x0000000016d30000,0x0000000016e30000)]
  0x000000001658c800 JavaThread "Signal Dispatcher" daemon [_thread_blocked, id=2156, stack(0x0000000016c30000,0x0000000016d30000)]
  0x0000000002db9000 JavaThread "Finalizer" daemon [_thread_blocked, id=19548, stack(0x00000000168f0000,0x00000000169f0000)]
  0x0000000002db6000 JavaThread "Reference Handler" daemon [_thread_blocked, id=20356, stack(0x00000000163f0000,0x00000000164f0000)]
  0x0000000002cc2800 JavaThread "main" [_thread_blocked, id=19592, stack(0x0000000002b40000,0x0000000002c40000)]

Other Threads:
  0x0000000014629800 VMThread [stack: 0x00000000162f0000,0x00000000163f0000] [id=11076]
  0x0000000016701000 WatcherThread [stack: 0x0000000017330000,0x0000000017430000] [id=1120]

VM state:not at safepoint (normal execution)

VM Mutex/Monitor currently owned by a thread: None

Heap:
 PSYoungGen      total 153600K, used 47097K [0x00000000f5580000, 0x0000000100000000, 0x0000000100000000)
  eden space 139776K, 23% used [0x00000000f5580000,0x00000000f7600b40,0x00000000fde00000)
  from space 13824K, 99% used [0x00000000ff280000,0x00000000ffffdb88,0x0000000100000000)
  to   space 17408K, 0% used [0x00000000fde00000,0x00000000fde00000,0x00000000fef00000)
 ParOldGen       total 179712K, used 62884K [0x00000000e0000000, 0x00000000eaf80000, 0x00000000f5580000)
  object space 179712K, 34% used [0x00000000e0000000,0x00000000e3d69058,0x00000000eaf80000)
 Metaspace       used 61464K, capacity 70588K, committed 70696K, reserved 1110016K
  class space    used 7694K, capacity 10273K, committed 10288K, reserved 1048576K

Card table byte_map: [0x0000000012180000,0x0000000012290000] byte_map_base: 0x0000000011a80000

Marking Bits: (ParMarkBitMap*) 0x0000000058aaa6c0
 Begin Bits: [0x0000000012b40000, 0x0000000013340000)
 End Bits:   [0x0000000013340000, 0x0000000013b40000)

Polling page: 0x0000000001320000

CodeCache: size=245760Kb used=17192Kb max_used=17240Kb free=228567Kb
 bounds [0x0000000002dc0000, 0x0000000003ec0000, 0x0000000011dc0000]
 total_blobs=6898 nmethods=5337 adapters=1473
 compilation: enabled

Compilation events (10 events):
Event: 6.318 Thread 0x000000001659c000 nmethod 6596 0x0000000003eaecd0 code [0x0000000003eaf060, 0x0000000003eb1008]
Event: 6.318 Thread 0x000000001659c000 6595       3       java.util.concurrent.locks.AbstractOwnableSynchronizer::setExclusiveOwnerThread (6 bytes)
Event: 6.318 Thread 0x000000001659c000 nmethod 6595 0x0000000003e9c610 code [0x0000000003e9c760, 0x0000000003e9c8d0]
Event: 6.341 Thread 0x000000001659c000 6597       3       android.graphics.Rect::$$robo$init (18 bytes)
Event: 6.342 Thread 0x000000001659c000 nmethod 6597 0x0000000002f79e90 code [0x0000000002f7a120, 0x0000000002f7b328]
Event: 6.342 Thread 0x000000001659c000 6598       3       java.util.regex.Matcher::find (35 bytes)
Event: 6.342 Thread 0x000000001659c000 nmethod 6598 0x0000000003246110 code [0x00000000032462c0, 0x0000000003246858]
Event: 6.348 Thread 0x000000001659c000 6599   !   3       java.lang.invoke.LambdaForm$MH/995572421::guardWithCatch (73 bytes)
Event: 6.348 Thread 0x000000001659c000 nmethod 6599 0x0000000002fbf150 code [0x0000000002fbf300, 0x0000000002fbfc08]
Event: 6.348 Thread 0x000000001659c000 6600       3       android.content.res.TypedArray::$$robo$$android_content_res_TypedArray$loadStringValueAt (51 bytes)

GC Heap History (10 events):
Event: 4.941 GC heap before
{Heap before GC invocations=19 (full 3):
 PSYoungGen      total 161280K, used 152547K [0x00000000f5580000, 0x0000000100000000, 0x0000000100000000)
  eden space 147968K, 100% used [0x00000000f5580000,0x00000000fe600000,0x00000000fe600000)
  from space 13312K, 34% used [0x00000000fe600000,0x00000000fea78d90,0x00000000ff300000)
  to   space 13312K, 0% used [0x00000000ff300000,0x00000000ff300000,0x0000000100000000)
 ParOldGen       total 179712K, used 60550K [0x00000000e0000000, 0x00000000eaf80000, 0x00000000f5580000)
  object space 179712K, 33% used [0x00000000e0000000,0x00000000e3b21a70,0x00000000eaf80000)
 Metaspace       used 53644K, capacity 59668K, committed 59944K, reserved 1101824K
  class space    used 6357K, capacity 8173K, committed 8240K, reserved 1048576K
Event: 4.947 GC heap after
Heap after GC invocations=19 (full 3):
 PSYoungGen      total 160256K, used 6236K [0x00000000f5580000, 0x00000000fff00000, 0x0000000100000000)
  eden space 147968K, 0% used [0x00000000f5580000,0x00000000f5580000,0x00000000fe600000)
  from space 12288K, 50% used [0x00000000ff300000,0x00000000ff9171d8,0x00000000fff00000)
  to   space 12800K, 0% used [0x00000000fe600000,0x00000000fe600000,0x00000000ff280000)
 ParOldGen       total 179712K, used 60558K [0x00000000e0000000, 0x00000000eaf80000, 0x00000000f5580000)
  object space 179712K, 33% used [0x00000000e0000000,0x00000000e3b23a70,0x00000000eaf80000)
 Metaspace       used 53644K, capacity 59668K, committed 59944K, reserved 1101824K
  class space    used 6357K, capacity 8173K, committed 8240K, reserved 1048576K
}
Event: 5.238 GC heap before
{Heap before GC invocations=20 (full 3):
 PSYoungGen      total 160256K, used 154204K [0x00000000f5580000, 0x00000000fff00000, 0x0000000100000000)
  eden space 147968K, 100% used [0x00000000f5580000,0x00000000fe600000,0x00000000fe600000)
  from space 12288K, 50% used [0x00000000ff300000,0x00000000ff9171d8,0x00000000fff00000)
  to   space 12800K, 0% used [0x00000000fe600000,0x00000000fe600000,0x00000000ff280000)
 ParOldGen       total 179712K, used 60558K [0x00000000e0000000, 0x00000000eaf80000, 0x00000000f5580000)
  object space 179712K, 33% used [0x00000000e0000000,0x00000000e3b23a70,0x00000000eaf80000)
 Metaspace       used 55673K, capacity 62188K, committed 62504K, reserved 1103872K
  class space    used 6715K, capacity 8681K, committed 8752K, reserved 1048576K
Event: 5.244 GC heap after
Heap after GC invocations=20 (full 3):
 PSYoungGen      total 160768K, used 7251K [0x00000000f5580000, 0x00000000fff80000, 0x0000000100000000)
  eden space 147968K, 0% used [0x00000000f5580000,0x00000000f5580000,0x00000000fe600000)
  from space 12800K, 56% used [0x00000000fe600000,0x00000000fed14d60,0x00000000ff280000)
  to   space 12288K, 0% used [0x00000000ff380000,0x00000000ff380000,0x00000000fff80000)
 ParOldGen       total 179712K, used 60566K [0x00000000e0000000, 0x00000000eaf80000, 0x00000000f5580000)
  object space 179712K, 33% used [0x00000000e0000000,0x00000000e3b25a70,0x00000000eaf80000)
 Metaspace       used 55673K, capacity 62188K, committed 62504K, reserved 1103872K
  class space    used 6715K, capacity 8681K, committed 8752K, reserved 1048576K
}
Event: 5.740 GC heap before
{Heap before GC invocations=21 (full 3):
 PSYoungGen      total 160768K, used 155219K [0x00000000f5580000, 0x00000000fff80000, 0x0000000100000000)
  eden space 147968K, 100% used [0x00000000f5580000,0x00000000fe600000,0x00000000fe600000)
  from space 12800K, 56% used [0x00000000fe600000,0x00000000fed14d60,0x00000000ff280000)
  to   space 12288K, 0% used [0x00000000ff380000,0x00000000ff380000,0x00000000fff80000)
 ParOldGen       total 179712K, used 60566K [0x00000000e0000000, 0x00000000eaf80000, 0x00000000f5580000)
  object space 179712K, 33% used [0x00000000e0000000,0x00000000e3b25a70,0x00000000eaf80000)
 Metaspace       used 59957K, capacity 68670K, committed 68776K, reserved 1107968K
  class space    used 7553K, capacity 10082K, committed 10160K, reserved 1048576K
Event: 5.748 GC heap after
Heap after GC invocations=21 (full 3):
 PSYoungGen      total 159232K, used 12189K [0x00000000f5580000, 0x0000000100000000, 0x0000000100000000)
  eden space 146944K, 0% used [0x00000000f5580000,0x00000000f5580000,0x00000000fe500000)
  from space 12288K, 99% used [0x00000000ff380000,0x00000000fff67738,0x00000000fff80000)
  to   space 13824K, 0% used [0x00000000fe500000,0x00000000fe500000,0x00000000ff280000)
 ParOldGen       total 179712K, used 60574K [0x00000000e0000000, 0x00000000eaf80000, 0x00000000f5580000)
  object space 179712K, 33% used [0x00000000e0000000,0x00000000e3b27a70,0x00000000eaf80000)
 Metaspace       used 59957K, capacity 68670K, committed 68776K, reserved 1107968K
  class space    used 7553K, capacity 10082K, committed 10160K, reserved 1048576K
}
Event: 6.027 GC heap before
{Heap before GC invocations=22 (full 3):
 PSYoungGen      total 159232K, used 159133K [0x00000000f5580000, 0x0000000100000000, 0x0000000100000000)
  eden space 146944K, 100% used [0x00000000f5580000,0x00000000fe500000,0x00000000fe500000)
  from space 12288K, 99% used [0x00000000ff380000,0x00000000fff67738,0x00000000fff80000)
  to   space 13824K, 0% used [0x00000000fe500000,0x00000000fe500000,0x00000000ff280000)
 ParOldGen       total 179712K, used 60574K [0x00000000e0000000, 0x00000000eaf80000, 0x00000000f5580000)
  object space 179712K, 33% used [0x00000000e0000000,0x00000000e3b27a70,0x00000000eaf80000)
 Metaspace       used 61263K, capacity 70152K, committed 70440K, reserved 1110016K
  class space    used 7680K, capacity 10247K, committed 10288K, reserved 1048576K
Event: 6.036 GC heap after
Heap after GC invocations=22 (full 3):
 PSYoungGen      total 160768K, used 13811K [0x00000000f5580000, 0x0000000100000000, 0x0000000100000000)
  eden space 146944K, 0% used [0x00000000f5580000,0x00000000f5580000,0x00000000fe500000)
  from space 13824K, 99% used [0x00000000fe500000,0x00000000ff27ceb0,0x00000000ff280000)
  to   space 13824K, 0% used [0x00000000ff280000,0x00000000ff280000,0x0000000100000000)
 ParOldGen       total 179712K, used 60983K [0x00000000e0000000, 0x00000000eaf80000, 0x00000000f5580000)
  object space 179712K, 33% used [0x00000000e0000000,0x00000000e3b8dfb0,0x00000000eaf80000)
 Metaspace       used 61263K, capacity 70152K, committed 70440K, reserved 1110016K
  class space    used 7680K, capacity 10247K, committed 10288K, reserved 1048576K
}
Event: 6.305 GC heap before
{Heap before GC invocations=23 (full 3):
 PSYoungGen      total 160768K, used 160755K [0x00000000f5580000, 0x0000000100000000, 0x0000000100000000)
  eden space 146944K, 100% used [0x00000000f5580000,0x00000000fe500000,0x00000000fe500000)
  from space 13824K, 99% used [0x00000000fe500000,0x00000000ff27ceb0,0x00000000ff280000)
  to   space 13824K, 0% used [0x00000000ff280000,0x00000000ff280000,0x0000000100000000)
 ParOldGen       total 179712K, used 60983K [0x00000000e0000000, 0x00000000eaf80000, 0x00000000f5580000)
  object space 179712K, 33% used [0x00000000e0000000,0x00000000e3b8dfb0,0x00000000eaf80000)
 Metaspace       used 61456K, capacity 70586K, committed 70696K, reserved 1110016K
  class space    used 7694K, capacity 10272K, committed 10288K, reserved 1048576K
Event: 6.316 GC heap after
Heap after GC invocations=23 (full 3):
 PSYoungGen      total 153600K, used 13814K [0x00000000f5580000, 0x0000000100000000, 0x0000000100000000)
  eden space 139776K, 0% used [0x00000000f5580000,0x00000000f5580000,0x00000000fde00000)
  from space 13824K, 99% used [0x00000000ff280000,0x00000000ffffdb88,0x0000000100000000)
  to   space 17408K, 0% used [0x00000000fde00000,0x00000000fde00000,0x00000000fef00000)
 ParOldGen       total 179712K, used 62884K [0x00000000e0000000, 0x00000000eaf80000, 0x00000000f5580000)
  object space 179712K, 34% used [0x00000000e0000000,0x00000000e3d69058,0x00000000eaf80000)
 Metaspace       used 61456K, capacity 70586K, committed 70696K, reserved 1110016K
  class space    used 7694K, capacity 10272K, committed 10288K, reserved 1048576K
}

Deoptimization events (10 events):
Event: 5.834 Thread 0x000000001808a800 Uncommon trap: reason=class_check action=maybe_recompile pc=0x0000000003857a74 method=com.google.common.collect.ImmutableSet$RegularSetBuilderImpl.add(Ljava/lang/Object;)Lcom/google/common/collect/ImmutableSet$SetBuilderImpl; @ 6
Event: 5.834 Thread 0x000000001808a800 Uncommon trap: reason=class_check action=maybe_recompile pc=0x0000000003857a74 method=com.google.common.collect.ImmutableSet$RegularSetBuilderImpl.add(Ljava/lang/Object;)Lcom/google/common/collect/ImmutableSet$SetBuilderImpl; @ 6
Event: 5.834 Thread 0x000000001808a800 Uncommon trap: reason=class_check action=maybe_recompile pc=0x0000000003857a74 method=com.google.common.collect.ImmutableSet$RegularSetBuilderImpl.add(Ljava/lang/Object;)Lcom/google/common/collect/ImmutableSet$SetBuilderImpl; @ 6
Event: 5.834 Thread 0x000000001808a800 Uncommon trap: reason=unstable_if action=reinterpret pc=0x0000000003483ecc method=org.robolectric.internal.bytecode.MethodRef.equals(Ljava/lang/Object;)Z @ 2
Event: 5.836 Thread 0x0000000018c13800 Uncommon trap: reason=bimorphic action=maybe_recompile pc=0x000000000398e8bc method=java.util.regex.Pattern$Start.<init>(Ljava/util/regex/Pattern$Node;)V @ 22
Event: 5.842 Thread 0x0000000018c13800 Uncommon trap: reason=unstable_if action=reinterpret pc=0x00000000039e39f4 method=org.robolectric.res.android.ResTable_config.isBetterThan(Lorg/robolectric/res/android/ResTable_config;Lorg/robolectric/res/android/ResTable_config;)Z @ 898
Event: 5.847 Thread 0x0000000018c13800 Uncommon trap: reason=unstable_if action=reinterpret pc=0x0000000003400d34 method=java.util.Arrays.hashCode([Ljava/lang/Object;)I @ 1
Event: 6.099 Thread 0x0000000018c13800 Uncommon trap: reason=unstable_if action=reinterpret pc=0x0000000003d2da28 method=java.lang.StringCoding.decode(Ljava/nio/charset/Charset;[BII)[C @ 24
Event: 6.159 Thread 0x0000000018c13800 Uncommon trap: reason=class_check action=maybe_recompile pc=0x00000000035c2a58 method=java.lang.Character.codePointAt(Ljava/lang/CharSequence;I)I @ 2
Event: 6.197 Thread 0x0000000018c13800 Uncommon trap: reason=bimorphic action=maybe_recompile pc=0x000000000398e8bc method=java.util.regex.Pattern$Start.<init>(Ljava/util/regex/Pattern$Node;)V @ 22

Internal exceptions (10 events):
Event: 5.452 Thread 0x0000000018c13800 Implicit null exception at 0x00000000037d1623 to 0x00000000037d2c1b
Event: 5.452 Thread 0x0000000018c13800 Implicit null exception at 0x00000000032ca964 to 0x00000000032cb031
Event: 5.536 Thread 0x0000000018c13800 Exception <a 'java/lang/NoSuchFieldError': method resolution failed> (0x00000000fb2b2d70) thrown at [C:\re\workspace\8-2-build-windows-amd64-cygwin\jdk8u111\7883\hotspot\src\share\vm\prims\methodHandles.cpp, line 1146]
Event: 5.586 Thread 0x0000000018c13800 Exception <a 'java/lang/NoSuchFieldError': method resolution failed> (0x00000000fbe84548) thrown at [C:\re\workspace\8-2-build-windows-amd64-cygwin\jdk8u111\7883\hotspot\src\share\vm\prims\methodHandles.cpp, line 1146]
Event: 5.755 Thread 0x0000000018c13800 Implicit null exception at 0x0000000003ca8b71 to 0x0000000003ca8f52
Event: 5.767 Thread 0x0000000018c13800 Implicit null exception at 0x0000000003236117 to 0x00000000032361ed
Event: 5.818 Thread 0x0000000018c13800 Exception <a 'java/lang/NoSuchMethodError': java.lang.Object.lambda$get$0(Ljava/lang/Object;)V> (0x00000000f6e03710) thrown at [C:\re\workspace\8-2-build-windows-amd64-cygwin\jdk8u111\7883\hotspot\src\share\vm\interpreter\linkResolver.cpp, line 582]
Event: 5.847 Thread 0x0000000018c13800 Implicit null exception at 0x0000000003400c2f to 0x0000000003400d25
Event: 5.849 Thread 0x0000000018c13800 Exception <a 'sun/nio/fs/WindowsException'> (0x00000000f7917ae0) thrown at [C:\re\workspace\8-2-build-windows-amd64-cygwin\jdk8u111\7883\hotspot\src\share\vm\prims\jni.cpp, line 709]
Event: 6.205 Thread 0x0000000018c13800 Exception <a 'sun/nio/fs/WindowsException'> (0x00000000fa6b4818) thrown at [C:\re\workspace\8-2-build-windows-amd64-cygwin\jdk8u111\7883\hotspot\src\share\vm\prims\jni.cpp, line 709]

Events (10 events):
Event: 6.317 Thread 0x000000001659c000 flushing nmethod 0x0000000002fc0210
Event: 6.318 Thread 0x000000001659c000 flushing nmethod 0x0000000003050cd0
Event: 6.318 Thread 0x000000001659c000 flushing nmethod 0x000000000308db90
Event: 6.342 Thread 0x000000001659c000 flushing nmethod 0x0000000003239d90
Event: 6.342 Thread 0x000000001659c000 flushing nmethod 0x0000000003245e10
Event: 6.342 Thread 0x000000001659c000 flushing nmethod 0x0000000003291510
Event: 6.342 Thread 0x000000001659c000 flushing nmethod 0x00000000032ca210
Event: 6.342 Thread 0x000000001659c000 flushing nmethod 0x00000000032f9c50
Event: 6.342 Thread 0x000000001659c000 flushing nmethod 0x0000000003373a90
Event: 6.348 Thread 0x000000001659c000 flushing nmethod 0x00000000033c81d0


Dynamic libraries:
0x00007ff73c600000 - 0x00007ff73c637000 	C:\Program Files\Java\jdk1.8.0_111\bin\java.exe
0x00007fff48c40000 - 0x00007fff48e30000 	C:\WINDOWS\SYSTEM32\ntdll.dll
0x00007fff12440000 - 0x00007fff12455000 	C:\Program Files\Avast Software\Avast\aswhook.dll
0x00007fff48330000 - 0x00007fff483e2000 	C:\WINDOWS\System32\KERNEL32.DLL
0x00007fff45bc0000 - 0x00007fff45e65000 	C:\WINDOWS\System32\KERNELBASE.dll
0x00007fff477d0000 - 0x00007fff47873000 	C:\WINDOWS\System32\ADVAPI32.dll
0x00007fff473a0000 - 0x00007fff4743e000 	C:\WINDOWS\System32\msvcrt.dll
0x00007fff46f00000 - 0x00007fff46f97000 	C:\WINDOWS\System32\sechost.dll
0x00007fff46fa0000 - 0x00007fff470bf000 	C:\WINDOWS\System32\RPCRT4.dll
0x00007fff47200000 - 0x00007fff47394000 	C:\WINDOWS\System32\USER32.dll
0x00007fff46410000 - 0x00007fff46431000 	C:\WINDOWS\System32\win32u.dll
0x00007fff48a90000 - 0x00007fff48ab6000 	C:\WINDOWS\System32\GDI32.dll
0x00007fff46270000 - 0x00007fff46408000 	C:\WINDOWS\System32\gdi32full.dll
0x00007fff46c50000 - 0x00007fff46cee000 	C:\WINDOWS\System32\msvcp_win.dll
0x00007fff45f40000 - 0x00007fff4603a000 	C:\WINDOWS\System32\ucrtbase.dll
0x00007fff38ec0000 - 0x00007fff39144000 	C:\WINDOWS\WinSxS\amd64_microsoft.windows.common-controls_6595b64144ccf1df_6.0.18362.1316_none_9e7a364fe461dbd7\COMCTL32.dll
0x00007fff47ff0000 - 0x00007fff48327000 	C:\WINDOWS\System32\combase.dll
0x00007fff46440000 - 0x00007fff464c1000 	C:\WINDOWS\System32\bcryptPrimitives.dll
0x00007fff46cf0000 - 0x00007fff46d1e000 	C:\WINDOWS\System32\IMM32.DLL
0x0000000058b30000 - 0x0000000058c02000 	C:\Program Files\Java\jdk1.8.0_111\jre\bin\msvcr100.dll
0x0000000058290000 - 0x0000000058b2a000 	C:\Program Files\Java\jdk1.8.0_111\jre\bin\server\jvm.dll
0x00007fff47450000 - 0x00007fff47458000 	C:\WINDOWS\System32\PSAPI.DLL
0x00007fff3b6a0000 - 0x00007fff3b6a9000 	C:\WINDOWS\SYSTEM32\WSOCK32.dll
0x00007fff489b0000 - 0x00007fff48a1f000 	C:\WINDOWS\System32\WS2_32.dll
0x00007fff3ff30000 - 0x00007fff3ff3a000 	C:\WINDOWS\SYSTEM32\VERSION.dll
0x00007fff34eb0000 - 0x00007fff34ed4000 	C:\WINDOWS\SYSTEM32\WINMM.dll
0x00007fff34760000 - 0x00007fff3478d000 	C:\WINDOWS\SYSTEM32\winmmbase.dll
0x00007fff46220000 - 0x00007fff4626a000 	C:\WINDOWS\System32\cfgmgr32.dll
0x0000000058280000 - 0x000000005828f000 	C:\Program Files\Java\jdk1.8.0_111\jre\bin\verify.dll
0x0000000058250000 - 0x0000000058279000 	C:\Program Files\Java\jdk1.8.0_111\jre\bin\java.dll
0x0000000058230000 - 0x0000000058246000 	C:\Program Files\Java\jdk1.8.0_111\jre\bin\zip.dll
0x00007fff47900000 - 0x00007fff47fe8000 	C:\WINDOWS\System32\SHELL32.dll
0x00007fff46d20000 - 0x00007fff46dc7000 	C:\WINDOWS\System32\shcore.dll
0x00007fff464d0000 - 0x00007fff46c4b000 	C:\WINDOWS\System32\windows.storage.dll
0x00007fff45b70000 - 0x00007fff45b93000 	C:\WINDOWS\System32\profapi.dll
0x00007fff45b00000 - 0x00007fff45b4a000 	C:\WINDOWS\System32\powrprof.dll
0x00007fff45af0000 - 0x00007fff45b00000 	C:\WINDOWS\System32\UMPDC.dll
0x00007fff47770000 - 0x00007fff477c2000 	C:\WINDOWS\System32\shlwapi.dll
0x00007fff45b50000 - 0x00007fff45b61000 	C:\WINDOWS\System32\kernel.appcore.dll
0x00007fff45e70000 - 0x00007fff45e87000 	C:\WINDOWS\System32\cryptsp.dll
0x0000000058210000 - 0x000000005822a000 	C:\Program Files\Java\jdk1.8.0_111\jre\bin\net.dll
0x00007fff452d0000 - 0x00007fff45337000 	C:\WINDOWS\system32\mswsock.dll
0x00000000581f0000 - 0x0000000058201000 	C:\Program Files\Java\jdk1.8.0_111\jre\bin\nio.dll
0x00007fff44e50000 - 0x00007fff44e83000 	C:\WINDOWS\system32\rsaenh.dll
0x00007fff461f0000 - 0x00007fff46216000 	C:\WINDOWS\System32\bcrypt.dll
0x00007fff45a10000 - 0x00007fff45a35000 	C:\WINDOWS\SYSTEM32\USERENV.dll
0x00007fff454a0000 - 0x00007fff454ac000 	C:\WINDOWS\SYSTEM32\CRYPTBASE.dll
0x00007fff44fe0000 - 0x00007fff4501a000 	C:\WINDOWS\SYSTEM32\IPHLPAPI.DLL
0x00007fff48b20000 - 0x00007fff48b28000 	C:\WINDOWS\System32\NSI.dll
0x00007fff3f3b0000 - 0x00007fff3f3c6000 	C:\WINDOWS\SYSTEM32\dhcpcsvc6.DLL
0x00007fff3fcb0000 - 0x00007fff3fccc000 	C:\WINDOWS\SYSTEM32\dhcpcsvc.DLL
0x00007fff45030000 - 0x00007fff450fb000 	C:\WINDOWS\SYSTEM32\DNSAPI.dll
0x00000000581b0000 - 0x00000000581d4000 	C:\Program Files\Java\jdk1.8.0_111\jre\bin\sunec.dll
0x00000000581a0000 - 0x00000000581ab000 	C:\Program Files\Java\jdk1.8.0_111\jre\bin\sunmscapi.dll
0x00007fff46040000 - 0x00007fff4618a000 	C:\WINDOWS\System32\CRYPT32.dll
0x00007fff45ba0000 - 0x00007fff45bb2000 	C:\WINDOWS\System32\MSASN1.dll
0x0000000057f20000 - 0x00000000580b8000 	C:\Program Files\Java\jdk1.8.0_111\jre\bin\awt.dll
0x00007fff483f0000 - 0x00007fff484b5000 	C:\WINDOWS\System32\OLEAUT32.dll
0x00007fff432e0000 - 0x00007fff4336f000 	C:\WINDOWS\SYSTEM32\apphelp.dll
0x00007fff44450000 - 0x00007fff44644000 	C:\WINDOWS\SYSTEM32\dbghelp.dll

VM Arguments:
jvm_args: -Djava.awt.headless=true -Djava.security.manager=worker.org.gradle.process.internal.worker.child.BootstrapSecurityManager -Dorg.gradle.native=false -Xmx512m -Dfile.encoding=windows-1252 -Duser.country=US -Duser.language=en -Duser.variant -ea 
java_command: worker.org.gradle.process.internal.worker.GradleWorkerMain 'Gradle Test Executor 10'
java_class_path (initial): C:\Users\ROG\.gradle\caches\6.1.1\workerMain\gradle-worker.jar
Launcher Type: SUN_STANDARD

Environment Variables:
PATH=C:\Program Files (x86)\Common Files\Intel\Shared Files\cpp\;C:\Program Files\Git\cmd;C:\Program Files\Microsoft SQL Server\Client SDK\ODBC\170\Tools\Binn\;C:\Program Files (x86)\Microsoft SQL Server\150\Tools\Binn\;C:\Program Files\Microsoft SQL Server\150\Tools\Binn\;C:\Program Files\Microsoft SQL Server\150\DTS\Binn\;C:\Program Files\nodejs\;C:\Program Files (x86)\Microsoft SQL Server\150\DTS\Binn\;C:\Program Files\Azure Data Studio\bin;D:\Semester 5\;C:\Program Files\Java\jdk-11.0.4\bin;C:\Users\ROG\AppData\Local\Programs\Microsoft VS Code\bin;C:\Users\ROG\AppData\Local\Microsoft\WindowsApps;C:\xampp\php;C:\Users\ROG\AppData\Local\ComposerSetup\bin;C:\Users\ROG\AppData\Roaming\Composer\vendor\bin;C:\Users\ROG\AppData\Roaming\npm;C:\Program Files\Azure Data Studio\bin
USERNAME=ROG
OS=Windows_NT
PROCESSOR_IDENTIFIER=Intel64 Family 6 Model 158 Stepping 10, GenuineIntel



---------------  S Y S T E M  ---------------

OS: Windows 10.0 , 64 bit Build 18362 (10.0.18362.1316)

CPU:total 8 (4 cores per cpu, 2 threads per core) family 6 model 158 stepping 10, cmov, cx8, fxsr, mmx, sse, sse2, sse3, ssse3, sse4.1, sse4.2, popcnt, avx, avx2, aes, clmul, erms, 3dnowpref, lzcnt, ht, tsc, tscinvbit, bmi1, bmi2, adx

Memory: 4k page, physical 8237576k(723952k free), swap 21869064k(9243376k free)

vm_info: Java HotSpot(TM) 64-Bit Server VM (25.111-b14) for windows-amd64 JRE (1.8.0_111-b14), built on Sep 22 2016 19:24:05 by "java_re" with MS VC++ 10.0 (VS2010)

time: Tue Oct 05 06:49:13 2021
elapsed time: 6 seconds (0d 0h 0m 6s)

