#
# A fatal error has been detected by the Java Runtime Environment:
#
#  EXCEPTION_ACCESS_VIOLATION (0xc0000005) at pc=0x00000000582d3608, pid=9532, tid=0x0000000000004234
#
# JRE version: Java(TM) SE Runtime Environment (8.0_111-b14) (build 1.8.0_111-b14)
# Java VM: Java HotSpot(TM) 64-Bit Server VM (25.111-b14 mixed mode windows-amd64 compressed oops)
# Problematic frame:
# V  [jvm.dll+0x43608]
#
# Failed to write core dump. Minidumps are not enabled by default on client versions of Windows
#
# If you would like to submit a bug report, please visit:
#   http://bugreport.java.com/bugreport/crash.jsp
#

---------------  T H R E A D  ---------------

Current thread (0x0000000015c4c000):  JavaThread "C1 CompilerThread3" daemon [_thread_in_vm, id=16948, stack(0x00000000167f0000,0x00000000168f0000)]

siginfo: ExceptionCode=0xc0000005, reading address 0xffffffffffffffff

Registers:
RAX=0x0000000015c4c000, RBX=0x0000000002365050, RCX=0x0000000002365050, RDX=0x0000000002365050
RSP=0x00000000168ed300, RBP=0x0000000015c4dd10, RSI=0x0000000002365050, RDI=0x0000000000000000
R8 =0x3cccc588ffff0013, R9 =0x0000000000000000, R10=0x0000000015c4df40, R11=0x000000001aa4c910
R12=0x0000000015c4c000, R13=0x0000000015c4dd10, R14=0x0000000017a7b860, R15=0x0000000000000000
RIP=0x00000000582d3608, EFLAGS=0x0000000000010202

Top of Stack: (sp=0x00000000168ed300)
0x00000000168ed300:   00000000000000b6 00000000168ef8b0
0x00000000168ed310:   0000000000000000 0000000000000077
0x00000000168ed320:   000000001c662440 00000000168ef8b0
0x00000000168ed330:   00000000168ed410 00000000582bfe25
0x00000000168ed340:   00000000000000e9 00000000582d3999
0x00000000168ed350:   0000000000000077 0000000000000077
0x00000000168ed360:   0000000000000000 0000000000000000
0x00000000168ed370:   00000000000000b6 00000000182bed30
0x00000000168ed380:   0000000015c63d60 00000000582d1c6b
0x00000000168ed390:   0000000000000000 0000000015c4c000
0x00000000168ed3a0:   0000000017a7c9d0 00000000582bce0f
0x00000000168ed3b0:   0000000015c4c000 00000000582d6f80
0x00000000168ed3c0:   0000000015c4c000 0000000015c4c000
0x00000000168ed3d0:   00000000182bed30 00000000586b0aeb
0x00000000168ed3e0:   0000000000000000 0000000000000000
0x00000000168ed3f0:   0000000017a7c9d0 0000000000000000 

Instructions: (pc=0x00000000582d3608)
0x00000000582d35e8:   00 48 8b da ff 15 fe 7d 59 00 44 0f b6 05 5a d9
0x00000000582d35f8:   7a 00 4c 8b e0 45 84 c0 74 39 4c 8b 03 48 8b cb
0x00000000582d3608:   41 ff 50 08 84 c0 74 2b 83 7b 08 00 7e 25 0f b6
0x00000000582d3618:   83 0e 01 00 00 c0 e8 03 a8 01 74 17 48 8b 03 48 


Register to memory mapping:

RAX=0x0000000015c4c000 is a thread
RBX=0x0000000002365050 is an unknown value
RCX=0x0000000002365050 is an unknown value
RDX=0x0000000002365050 is an unknown value
RSP=0x00000000168ed300 is pointing into the stack for thread: 0x0000000015c4c000
RBP=0x0000000015c4dd10 is an unknown value
RSI=0x0000000002365050 is an unknown value
RDI=0x0000000000000000 is an unknown value
R8 =0x3cccc588ffff0013 is an unknown value
R9 =0x0000000000000000 is an unknown value
R10=0x0000000015c4df40 is an unknown value
R11=0x000000001aa4c910 is an unknown value
R12=0x0000000015c4c000 is a thread
R13=0x0000000015c4dd10 is an unknown value
R14=0x0000000017a7b860 is an unknown value
R15=0x0000000000000000 is an unknown value


Stack: [0x00000000167f0000,0x00000000168f0000],  sp=0x00000000168ed300,  free space=1012k
Native frames: (J=compiled Java code, j=interpreted, Vv=VM code, C=native code)
V  [jvm.dll+0x43608]
V  [jvm.dll+0x43999]
V  [jvm.dll+0x41c6b]
V  [jvm.dll+0x420aeb]
V  [jvm.dll+0x41b8da]
V  [jvm.dll+0x41e727]
V  [jvm.dll+0x41eeeb]
V  [jvm.dll+0x41fde6]
V  [jvm.dll+0x420048]
V  [jvm.dll+0x42047b]
V  [jvm.dll+0x41ffd5]
V  [jvm.dll+0x41bd3b]
V  [jvm.dll+0x41e727]
V  [jvm.dll+0x41eeeb]
V  [jvm.dll+0x41fde6]
V  [jvm.dll+0x420048]
V  [jvm.dll+0x42047b]
V  [jvm.dll+0x41ffd5]
V  [jvm.dll+0x41bd3b]
V  [jvm.dll+0x41e727]
V  [jvm.dll+0x41f01d]
V  [jvm.dll+0x41fde6]
V  [jvm.dll+0x420048]
V  [jvm.dll+0x42047b]
V  [jvm.dll+0x41ffd5]
V  [jvm.dll+0x41bd3b]
V  [jvm.dll+0x41e727]
V  [jvm.dll+0x41eeeb]
V  [jvm.dll+0x41fde6]
V  [jvm.dll+0x420048]
V  [jvm.dll+0x42047b]
V  [jvm.dll+0x41ffd5]
V  [jvm.dll+0x41bd3b]
V  [jvm.dll+0x41e727]
V  [jvm.dll+0x41f01d]
V  [jvm.dll+0x41fde6]
V  [jvm.dll+0x420048]
V  [jvm.dll+0x42047b]
V  [jvm.dll+0x41ffd5]
V  [jvm.dll+0x41bd3b]
V  [jvm.dll+0x41e727]
V  [jvm.dll+0x41eeeb]
V  [jvm.dll+0x41fde6]
V  [jvm.dll+0x420048]
V  [jvm.dll+0x41bd3b]
V  [jvm.dll+0x41e727]
V  [jvm.dll+0x41eeeb]
V  [jvm.dll+0x41fde6]
V  [jvm.dll+0x420048]
V  [jvm.dll+0x41bd3b]
V  [jvm.dll+0x41e727]
V  [jvm.dll+0x41f01d]
V  [jvm.dll+0x41f412]
V  [jvm.dll+0x4244f5]
V  [jvm.dll+0x424600]
V  [jvm.dll+0x40ddb8]
V  [jvm.dll+0x40e021]
V  [jvm.dll+0x40e1e2]
V  [jvm.dll+0x40e3b1]
V  [jvm.dll+0x40e5bf]
V  [jvm.dll+0xa5742]
V  [jvm.dll+0xa607f]
V  [jvm.dll+0x244b7f]
V  [jvm.dll+0x29c43a]
C  [msvcr100.dll+0x21d9f]
C  [msvcr100.dll+0x21e3b]
C  [KERNEL32.DLL+0x17c24]
C  [ntdll.dll+0x6d4d1]


Current CompileTask:
C1:   6148 6579       3       android.content.res.TypedArray::$$robo$$android_content_res_TypedArray$loadStringValueAt (51 bytes)


---------------  P R O C E S S  ---------------

Java Threads: ( => current thread )
  0x000000001c121800 JavaThread "Java2D Disposer" daemon [_thread_blocked, id=12740, stack(0x000000001b0e0000,0x000000001b1e0000)]
  0x000000001778e800 JavaThread "SDK 28 Main Thread" [_thread_in_Java, id=15732, stack(0x0000000019bd0000,0x0000000019cd0000)]
  0x00000000172a8000 JavaThread "/127.0.0.1:52059 to /127.0.0.1:52058 workers Thread 3" [_thread_in_native, id=4596, stack(0x0000000018900000,0x0000000018a00000)]
  0x00000000170f5000 JavaThread "/127.0.0.1:52059 to /127.0.0.1:52058 workers Thread 2" [_thread_blocked, id=3632, stack(0x0000000018800000,0x0000000018900000)]
  0x00000000174fd800 JavaThread "Test worker" [_thread_blocked, id=2924, stack(0x00000000183c0000,0x00000000184c0000)]
  0x0000000015ce1000 JavaThread "Service Thread" daemon [_thread_blocked, id=21084, stack(0x00000000168f0000,0x00000000169f0000)]
=>0x0000000015c4c000 JavaThread "C1 CompilerThread3" daemon [_thread_in_vm, id=16948, stack(0x00000000167f0000,0x00000000168f0000)]
  0x0000000015c47800 JavaThread "C2 CompilerThread2" daemon [_thread_in_native, id=12276, stack(0x00000000166f0000,0x00000000167f0000)]
  0x0000000015c45800 JavaThread "C2 CompilerThread1" daemon [_thread_blocked, id=20012, stack(0x00000000165f0000,0x00000000166f0000)]
  0x0000000015c44800 JavaThread "C2 CompilerThread0" daemon [_thread_blocked, id=7624, stack(0x00000000164f0000,0x00000000165f0000)]
  0x0000000015c3d000 JavaThread "Attach Listener" daemon [_thread_blocked, id=20784, stack(0x00000000163f0000,0x00000000164f0000)]
  0x0000000015c3c800 JavaThread "Signal Dispatcher" daemon [_thread_blocked, id=12100, stack(0x00000000162f0000,0x00000000163f0000)]
  0x0000000002409000 JavaThread "Finalizer" daemon [_thread_blocked, id=21336, stack(0x0000000015fa0000,0x00000000160a0000)]
  0x0000000002406000 JavaThread "Reference Handler" daemon [_thread_blocked, id=17264, stack(0x0000000015aa0000,0x0000000015ba0000)]
  0x0000000002312800 JavaThread "main" [_thread_blocked, id=9552, stack(0x0000000002210000,0x0000000002310000)]

Other Threads:
  0x0000000013c89800 VMThread [stack: 0x00000000159a0000,0x0000000015aa0000] [id=8964]
  0x0000000015d9e000 WatcherThread [stack: 0x00000000169f0000,0x0000000016af0000] [id=15264]

VM state:not at safepoint (normal execution)

VM Mutex/Monitor currently owned by a thread: None

Heap:
 PSYoungGen      total 161792K, used 76491K [0x00000000f5580000, 0x0000000100000000, 0x0000000100000000)
  eden space 148992K, 42% used [0x00000000f5580000,0x00000000f93b5f38,0x00000000fe700000)
  from space 12800K, 99% used [0x00000000fe700000,0x00000000ff37d000,0x00000000ff380000)
  to   space 12800K, 0% used [0x00000000ff380000,0x00000000ff380000,0x0000000100000000)
 ParOldGen       total 175616K, used 63389K [0x00000000e0000000, 0x00000000eab80000, 0x00000000f5580000)
  object space 175616K, 36% used [0x00000000e0000000,0x00000000e3de76a8,0x00000000eab80000)
 Metaspace       used 61410K, capacity 70404K, committed 70440K, reserved 1110016K
  class space    used 7692K, capacity 10271K, committed 10288K, reserved 1048576K

Card table byte_map: [0x00000000117d0000,0x00000000118e0000] byte_map_base: 0x00000000110d0000

Marking Bits: (ParMarkBitMap*) 0x0000000058aaa6c0
 Begin Bits: [0x0000000012190000, 0x0000000012990000)
 End Bits:   [0x0000000012990000, 0x0000000013190000)

Polling page: 0x0000000000950000

CodeCache: size=245760Kb used=16845Kb max_used=16853Kb free=228914Kb
 bounds [0x0000000002410000, 0x00000000034a0000, 0x0000000011410000]
 total_blobs=6882 nmethods=5321 adapters=1473
 compilation: enabled

Compilation events (10 events):
Event: 6.112 Thread 0x0000000015c4c000 nmethod 6574 0x000000000347bb50 code [0x000000000347bca0, 0x000000000347bdb0]
Event: 6.114 Thread 0x0000000015c4c000 6576       3       org.robolectric.res.android.LocaleData::packLocale (41 bytes)
Event: 6.115 Thread 0x0000000015c4c000 nmethod 6576 0x000000000348dd50 code [0x000000000348dec0, 0x000000000348e0b0]
Event: 6.115 Thread 0x0000000015c4c000 6577       3       org.robolectric.res.android.LocaleData::localeDataComputeScript (113 bytes)
Event: 6.116 Thread 0x0000000015c4c000 nmethod 6577 0x000000000348e250 code [0x000000000348e4e0, 0x000000000348f828]
Event: 6.116 Thread 0x0000000015c4c000 6578       3       android.content.res.TypedArray::loadStringValueAt (8 bytes)
Event: 6.117 Thread 0x0000000015c4c000 nmethod 6578 0x0000000003490310 code [0x0000000003490640, 0x0000000003492108]
Event: 6.117 Thread 0x0000000015c4c000 6580       3       org.robolectric.res.android.ResourceString::decodeLengthUTF16 (38 bytes)
Event: 6.117 Thread 0x0000000015c4c000 nmethod 6580 0x0000000003493610 code [0x0000000003493780, 0x0000000003493ab8]
Event: 6.117 Thread 0x0000000015c4c000 6579       3       android.content.res.TypedArray::$$robo$$android_content_res_TypedArray$loadStringValueAt (51 bytes)

GC Heap History (10 events):
Event: 4.575 GC heap before
{Heap before GC invocations=18 (full 3):
 PSYoungGen      total 162304K, used 151040K [0x00000000f5580000, 0x00000000fff80000, 0x0000000100000000)
  eden space 151040K, 100% used [0x00000000f5580000,0x00000000fe900000,0x00000000fe900000)
  from space 11264K, 0% used [0x00000000ff400000,0x00000000ff400000,0x00000000fff00000)
  to   space 11264K, 0% used [0x00000000fe900000,0x00000000fe900000,0x00000000ff400000)
 ParOldGen       total 175616K, used 60580K [0x00000000e0000000, 0x00000000eab80000, 0x00000000f5580000)
  object space 175616K, 34% used [0x00000000e0000000,0x00000000e3b29390,0x00000000eab80000)
 Metaspace       used 50099K, capacity 56014K, committed 56360K, reserved 1097728K
  class space    used 6090K, capacity 7884K, committed 7984K, reserved 1048576K
Event: 4.579 GC heap after
Heap after GC invocations=18 (full 3):
 PSYoungGen      total 162304K, used 4938K [0x00000000f5580000, 0x0000000100000000, 0x0000000100000000)
  eden space 151040K, 0% used [0x00000000f5580000,0x00000000f5580000,0x00000000fe900000)
  from space 11264K, 43% used [0x00000000fe900000,0x00000000fedd2978,0x00000000ff400000)
  to   space 11264K, 0% used [0x00000000ff500000,0x00000000ff500000,0x0000000100000000)
 ParOldGen       total 175616K, used 60588K [0x00000000e0000000, 0x00000000eab80000, 0x00000000f5580000)
  object space 175616K, 34% used [0x00000000e0000000,0x00000000e3b2b390,0x00000000eab80000)
 Metaspace       used 50099K, capacity 56014K, committed 56360K, reserved 1097728K
  class space    used 6090K, capacity 7884K, committed 7984K, reserved 1048576K
}
Event: 4.902 GC heap before
{Heap before GC invocations=19 (full 3):
 PSYoungGen      total 162304K, used 155978K [0x00000000f5580000, 0x0000000100000000, 0x0000000100000000)
  eden space 151040K, 100% used [0x00000000f5580000,0x00000000fe900000,0x00000000fe900000)
  from space 11264K, 43% used [0x00000000fe900000,0x00000000fedd2978,0x00000000ff400000)
  to   space 11264K, 0% used [0x00000000ff500000,0x00000000ff500000,0x0000000100000000)
 ParOldGen       total 175616K, used 60588K [0x00000000e0000000, 0x00000000eab80000, 0x00000000f5580000)
  object space 175616K, 34% used [0x00000000e0000000,0x00000000e3b2b390,0x00000000eab80000)
 Metaspace       used 53657K, capacity 59672K, committed 59944K, reserved 1101824K
  class space    used 6357K, capacity 8173K, committed 8240K, reserved 1048576K
Event: 4.907 GC heap after
Heap after GC invocations=19 (full 3):
 PSYoungGen      total 163328K, used 6237K [0x00000000f5580000, 0x0000000100000000, 0x0000000100000000)
  eden space 152064K, 0% used [0x00000000f5580000,0x00000000f5580000,0x00000000fea00000)
  from space 11264K, 55% used [0x00000000ff500000,0x00000000ffb174f0,0x0000000100000000)
  to   space 11264K, 0% used [0x00000000fea00000,0x00000000fea00000,0x00000000ff500000)
 ParOldGen       total 175616K, used 60596K [0x00000000e0000000, 0x00000000eab80000, 0x00000000f5580000)
  object space 175616K, 34% used [0x00000000e0000000,0x00000000e3b2d390,0x00000000eab80000)
 Metaspace       used 53657K, capacity 59672K, committed 59944K, reserved 1101824K
  class space    used 6357K, capacity 8173K, committed 8240K, reserved 1048576K
}
Event: 5.203 GC heap before
{Heap before GC invocations=20 (full 3):
 PSYoungGen      total 163328K, used 158301K [0x00000000f5580000, 0x0000000100000000, 0x0000000100000000)
  eden space 152064K, 100% used [0x00000000f5580000,0x00000000fea00000,0x00000000fea00000)
  from space 11264K, 55% used [0x00000000ff500000,0x00000000ffb174f0,0x0000000100000000)
  to   space 11264K, 0% used [0x00000000fea00000,0x00000000fea00000,0x00000000ff500000)
 ParOldGen       total 175616K, used 60596K [0x00000000e0000000, 0x00000000eab80000, 0x00000000f5580000)
  object space 175616K, 34% used [0x00000000e0000000,0x00000000e3b2d390,0x00000000eab80000)
 Metaspace       used 55872K, capacity 62488K, committed 62504K, reserved 1103872K
  class space    used 6740K, capacity 8741K, committed 8752K, reserved 1048576K
Event: 5.209 GC heap after
Heap after GC invocations=20 (full 3):
 PSYoungGen      total 159744K, used 7487K [0x00000000f5580000, 0x00000000fff00000, 0x0000000100000000)
  eden space 152064K, 0% used [0x00000000f5580000,0x00000000f5580000,0x00000000fea00000)
  from space 7680K, 97% used [0x00000000fea00000,0x00000000ff14fd10,0x00000000ff180000)
  to   space 10752K, 0% used [0x00000000ff480000,0x00000000ff480000,0x00000000fff00000)
 ParOldGen       total 175616K, used 60604K [0x00000000e0000000, 0x00000000eab80000, 0x00000000f5580000)
  object space 175616K, 34% used [0x00000000e0000000,0x00000000e3b2f390,0x00000000eab80000)
 Metaspace       used 55872K, capacity 62488K, committed 62504K, reserved 1103872K
  class space    used 6740K, capacity 8741K, committed 8752K, reserved 1048576K
}
Event: 5.726 GC heap before
{Heap before GC invocations=21 (full 3):
 PSYoungGen      total 159744K, used 159551K [0x00000000f5580000, 0x00000000fff00000, 0x0000000100000000)
  eden space 152064K, 100% used [0x00000000f5580000,0x00000000fea00000,0x00000000fea00000)
  from space 7680K, 97% used [0x00000000fea00000,0x00000000ff14fd10,0x00000000ff180000)
  to   space 10752K, 0% used [0x00000000ff480000,0x00000000ff480000,0x00000000fff00000)
 ParOldGen       total 175616K, used 60604K [0x00000000e0000000, 0x00000000eab80000, 0x00000000f5580000)
  object space 175616K, 34% used [0x00000000e0000000,0x00000000e3b2f390,0x00000000eab80000)
 Metaspace       used 60646K, capacity 69398K, committed 69672K, reserved 1107968K
  class space    used 7631K, capacity 10178K, committed 10288K, reserved 1048576K
Event: 5.734 GC heap after
Heap after GC invocations=21 (full 3):
 PSYoungGen      total 159744K, used 10742K [0x00000000f5580000, 0x0000000100000000, 0x0000000100000000)
  eden space 148992K, 0% used [0x00000000f5580000,0x00000000f5580000,0x00000000fe700000)
  from space 10752K, 99% used [0x00000000ff480000,0x00000000ffefdb98,0x00000000fff00000)
  to   space 12800K, 0% used [0x00000000fe700000,0x00000000fe700000,0x00000000ff380000)
 ParOldGen       total 175616K, used 62251K [0x00000000e0000000, 0x00000000eab80000, 0x00000000f5580000)
  object space 175616K, 35% used [0x00000000e0000000,0x00000000e3ccac10,0x00000000eab80000)
 Metaspace       used 60646K, capacity 69398K, committed 69672K, reserved 1107968K
  class space    used 7631K, capacity 10178K, committed 10288K, reserved 1048576K
}
Event: 5.981 GC heap before
{Heap before GC invocations=22 (full 3):
 PSYoungGen      total 159744K, used 159734K [0x00000000f5580000, 0x0000000100000000, 0x0000000100000000)
  eden space 148992K, 100% used [0x00000000f5580000,0x00000000fe700000,0x00000000fe700000)
  from space 10752K, 99% used [0x00000000ff480000,0x00000000ffefdb98,0x00000000fff00000)
  to   space 12800K, 0% used [0x00000000fe700000,0x00000000fe700000,0x00000000ff380000)
 ParOldGen       total 175616K, used 62251K [0x00000000e0000000, 0x00000000eab80000, 0x00000000f5580000)
  object space 175616K, 35% used [0x00000000e0000000,0x00000000e3ccac10,0x00000000eab80000)
 Metaspace       used 61104K, capacity 69948K, committed 70184K, reserved 1110016K
  class space    used 7670K, capacity 10215K, committed 10288K, reserved 1048576K
Event: 5.990 GC heap after
Heap after GC invocations=22 (full 3):
 PSYoungGen      total 161792K, used 12788K [0x00000000f5580000, 0x0000000100000000, 0x0000000100000000)
  eden space 148992K, 0% used [0x00000000f5580000,0x00000000f5580000,0x00000000fe700000)
  from space 12800K, 99% used [0x00000000fe700000,0x00000000ff37d000,0x00000000ff380000)
  to   space 12800K, 0% used [0x00000000ff380000,0x00000000ff380000,0x0000000100000000)
 ParOldGen       total 175616K, used 63389K [0x00000000e0000000, 0x00000000eab80000, 0x00000000f5580000)
  object space 175616K, 36% used [0x00000000e0000000,0x00000000e3de76a8,0x00000000eab80000)
 Metaspace       used 61104K, capacity 69948K, committed 70184K, reserved 1110016K
  class space    used 7670K, capacity 10215K, committed 10288K, reserved 1048576K
}

Deoptimization events (10 events):
Event: 5.763 Thread 0x00000000174fd800 Uncommon trap: reason=class_check action=maybe_recompile pc=0x0000000002e445b4 method=com.google.common.collect.ImmutableSet$RegularSetBuilderImpl.add(Ljava/lang/Object;)Lcom/google/common/collect/ImmutableSet$SetBuilderImpl; @ 6
Event: 5.763 Thread 0x00000000174fd800 Uncommon trap: reason=class_check action=maybe_recompile pc=0x0000000002e445b4 method=com.google.common.collect.ImmutableSet$RegularSetBuilderImpl.add(Ljava/lang/Object;)Lcom/google/common/collect/ImmutableSet$SetBuilderImpl; @ 6
Event: 5.763 Thread 0x00000000174fd800 Uncommon trap: reason=class_check action=maybe_recompile pc=0x0000000002e445b4 method=com.google.common.collect.ImmutableSet$RegularSetBuilderImpl.add(Ljava/lang/Object;)Lcom/google/common/collect/ImmutableSet$SetBuilderImpl; @ 6
Event: 5.763 Thread 0x00000000174fd800 Uncommon trap: reason=unstable_if action=reinterpret pc=0x0000000002ae8e4c method=org.robolectric.internal.bytecode.MethodRef.equals(Ljava/lang/Object;)Z @ 2
Event: 5.764 Thread 0x000000001778e800 Uncommon trap: reason=bimorphic action=maybe_recompile pc=0x0000000002feed5c method=java.util.regex.Pattern$Start.<init>(Ljava/util/regex/Pattern$Node;)V @ 22
Event: 5.766 Thread 0x000000001778e800 Uncommon trap: reason=unstable_if action=reinterpret pc=0x0000000002774e6c method=java.util.Arrays.hashCode([Ljava/lang/Object;)I @ 34
Event: 5.770 Thread 0x000000001778e800 Uncommon trap: reason=unstable_if action=reinterpret pc=0x0000000002902134 method=org.robolectric.res.android.ResTable_config.isBetterThan(Lorg/robolectric/res/android/ResTable_config;Lorg/robolectric/res/android/ResTable_config;)Z @ 898
Event: 5.970 Thread 0x000000001778e800 Uncommon trap: reason=unstable_if action=reinterpret pc=0x0000000003354724 method=java.lang.StringCoding.decode(Ljava/nio/charset/Charset;[BII)[C @ 24
Event: 6.070 Thread 0x000000001778e800 Uncommon trap: reason=class_check action=maybe_recompile pc=0x0000000002c13a98 method=java.lang.Character.codePointAt(Ljava/lang/CharSequence;I)I @ 2
Event: 6.108 Thread 0x000000001778e800 Uncommon trap: reason=bimorphic action=maybe_recompile pc=0x0000000002feed5c method=java.util.regex.Pattern$Start.<init>(Ljava/util/regex/Pattern$Node;)V @ 22

Internal exceptions (10 events):
Event: 5.088 Thread 0x000000001778e800 Implicit null exception at 0x0000000002768298 to 0x0000000002768326
Event: 5.265 Thread 0x000000001c11e000 Exception <a 'java/lang/NoSuchFieldError': method resolution failed> (0x00000000f6aaeab0) thrown at [C:\re\workspace\8-2-build-windows-amd64-cygwin\jdk8u111\7883\hotspot\src\share\vm\prims\methodHandles.cpp, line 1146]
Event: 5.369 Thread 0x000000001778e800 Implicit null exception at 0x000000000302b772 to 0x000000000302c20f
Event: 5.369 Thread 0x000000001778e800 Implicit null exception at 0x00000000031836c6 to 0x0000000003183dc5
Event: 5.455 Thread 0x000000001778e800 Exception <a 'java/lang/NoSuchFieldError': method resolution failed> (0x00000000f9dba8f0) thrown at [C:\re\workspace\8-2-build-windows-amd64-cygwin\jdk8u111\7883\hotspot\src\share\vm\prims\methodHandles.cpp, line 1146]
Event: 5.503 Thread 0x000000001778e800 Exception <a 'java/lang/NoSuchFieldError': method resolution failed> (0x00000000fa98b1f8) thrown at [C:\re\workspace\8-2-build-windows-amd64-cygwin\jdk8u111\7883\hotspot\src\share\vm\prims\methodHandles.cpp, line 1146]
Event: 5.684 Thread 0x000000001778e800 Implicit null exception at 0x0000000002ab7097 to 0x0000000002ab716d
Event: 5.748 Thread 0x000000001778e800 Exception <a 'java/lang/NoSuchMethodError': java.lang.Object.lambda$get$0(Ljava/lang/Object;)V> (0x00000000f5a70ee8) thrown at [C:\re\workspace\8-2-build-windows-amd64-cygwin\jdk8u111\7883\hotspot\src\share\vm\interpreter\linkResolver.cpp, line 582]
Event: 5.766 Thread 0x000000001778e800 Implicit null exception at 0x0000000002774daf to 0x0000000002774e4d
Event: 5.776 Thread 0x000000001778e800 Exception <a 'sun/nio/fs/WindowsException'> (0x00000000f658b7e0) thrown at [C:\re\workspace\8-2-build-windows-amd64-cygwin\jdk8u111\7883\hotspot\src\share\vm\prims\jni.cpp, line 709]

Events (10 events):
Event: 6.103 loading class org/aplas/mylibrary/TestC1MyData031 done
Event: 6.108 Thread 0x000000001778e800 Uncommon trap: trap_request=0xffffffc6 fr.pc=0x0000000002feed5c
Event: 6.108 Thread 0x000000001778e800 DEOPT PACKING pc=0x0000000002feed5c sp=0x0000000019ccea60
Event: 6.108 Thread 0x000000001778e800 DEOPT UNPACKING pc=0x000000000245582a sp=0x0000000019cce9c8 mode 2
Event: 6.111 Thread 0x000000001778e800 DEOPT PACKING pc=0x0000000002eb5e46 sp=0x0000000019ccd040
Event: 6.111 Thread 0x000000001778e800 DEOPT UNPACKING pc=0x000000000245787f sp=0x0000000019cccd50 mode 0
Event: 6.112 Thread 0x000000001778e800 DEOPT PACKING pc=0x0000000002eb5e46 sp=0x0000000019ccd260
Event: 6.112 Thread 0x000000001778e800 DEOPT UNPACKING pc=0x000000000245787f sp=0x0000000019cccf70 mode 0
Event: 6.115 Thread 0x000000001778e800 DEOPT PACKING pc=0x0000000002eb5e46 sp=0x0000000019cca7c0
Event: 6.115 Thread 0x000000001778e800 DEOPT UNPACKING pc=0x000000000245787f sp=0x0000000019cca4d0 mode 0


Dynamic libraries:
0x00007ff73c600000 - 0x00007ff73c637000 	C:\Program Files\Java\jdk1.8.0_111\bin\java.exe
0x00007fff48c40000 - 0x00007fff48e30000 	C:\WINDOWS\SYSTEM32\ntdll.dll
0x00007fff12440000 - 0x00007fff12455000 	C:\Program Files\Avast Software\Avast\aswhook.dll
0x00007fff48330000 - 0x00007fff483e2000 	C:\WINDOWS\System32\KERNEL32.DLL
0x00007fff45bc0000 - 0x00007fff45e65000 	C:\WINDOWS\System32\KERNELBASE.dll
0x00007fff477d0000 - 0x00007fff47873000 	C:\WINDOWS\System32\ADVAPI32.dll
0x00007fff473a0000 - 0x00007fff4743e000 	C:\WINDOWS\System32\msvcrt.dll
0x00007fff46f00000 - 0x00007fff46f97000 	C:\WINDOWS\System32\sechost.dll
0x00007fff46fa0000 - 0x00007fff470bf000 	C:\WINDOWS\System32\RPCRT4.dll
0x00007fff47200000 - 0x00007fff47394000 	C:\WINDOWS\System32\USER32.dll
0x00007fff46410000 - 0x00007fff46431000 	C:\WINDOWS\System32\win32u.dll
0x00007fff48a90000 - 0x00007fff48ab6000 	C:\WINDOWS\System32\GDI32.dll
0x00007fff46270000 - 0x00007fff46408000 	C:\WINDOWS\System32\gdi32full.dll
0x00007fff46c50000 - 0x00007fff46cee000 	C:\WINDOWS\System32\msvcp_win.dll
0x00007fff45f40000 - 0x00007fff4603a000 	C:\WINDOWS\System32\ucrtbase.dll
0x00007fff38ec0000 - 0x00007fff39144000 	C:\WINDOWS\WinSxS\amd64_microsoft.windows.common-controls_6595b64144ccf1df_6.0.18362.1316_none_9e7a364fe461dbd7\COMCTL32.dll
0x00007fff47ff0000 - 0x00007fff48327000 	C:\WINDOWS\System32\combase.dll
0x00007fff46440000 - 0x00007fff464c1000 	C:\WINDOWS\System32\bcryptPrimitives.dll
0x00007fff46cf0000 - 0x00007fff46d1e000 	C:\WINDOWS\System32\IMM32.DLL
0x0000000058b30000 - 0x0000000058c02000 	C:\Program Files\Java\jdk1.8.0_111\jre\bin\msvcr100.dll
0x0000000058290000 - 0x0000000058b2a000 	C:\Program Files\Java\jdk1.8.0_111\jre\bin\server\jvm.dll
0x00007fff47450000 - 0x00007fff47458000 	C:\WINDOWS\System32\PSAPI.DLL
0x00007fff34eb0000 - 0x00007fff34ed4000 	C:\WINDOWS\SYSTEM32\WINMM.dll
0x00007fff3b6a0000 - 0x00007fff3b6a9000 	C:\WINDOWS\SYSTEM32\WSOCK32.dll
0x00007fff3ff30000 - 0x00007fff3ff3a000 	C:\WINDOWS\SYSTEM32\VERSION.dll
0x00007fff489b0000 - 0x00007fff48a1f000 	C:\WINDOWS\System32\WS2_32.dll
0x00007fff34760000 - 0x00007fff3478d000 	C:\WINDOWS\SYSTEM32\winmmbase.dll
0x00007fff46220000 - 0x00007fff4626a000 	C:\WINDOWS\System32\cfgmgr32.dll
0x0000000058280000 - 0x000000005828f000 	C:\Program Files\Java\jdk1.8.0_111\jre\bin\verify.dll
0x0000000058250000 - 0x0000000058279000 	C:\Program Files\Java\jdk1.8.0_111\jre\bin\java.dll
0x0000000058230000 - 0x0000000058246000 	C:\Program Files\Java\jdk1.8.0_111\jre\bin\zip.dll
0x00007fff47900000 - 0x00007fff47fe8000 	C:\WINDOWS\System32\SHELL32.dll
0x00007fff46d20000 - 0x00007fff46dc7000 	C:\WINDOWS\System32\shcore.dll
0x00007fff464d0000 - 0x00007fff46c4b000 	C:\WINDOWS\System32\windows.storage.dll
0x00007fff45b70000 - 0x00007fff45b93000 	C:\WINDOWS\System32\profapi.dll
0x00007fff45b00000 - 0x00007fff45b4a000 	C:\WINDOWS\System32\powrprof.dll
0x00007fff45af0000 - 0x00007fff45b00000 	C:\WINDOWS\System32\UMPDC.dll
0x00007fff47770000 - 0x00007fff477c2000 	C:\WINDOWS\System32\shlwapi.dll
0x00007fff45b50000 - 0x00007fff45b61000 	C:\WINDOWS\System32\kernel.appcore.dll
0x00007fff45e70000 - 0x00007fff45e87000 	C:\WINDOWS\System32\cryptsp.dll
0x0000000058210000 - 0x000000005822a000 	C:\Program Files\Java\jdk1.8.0_111\jre\bin\net.dll
0x00007fff452d0000 - 0x00007fff45337000 	C:\WINDOWS\system32\mswsock.dll
0x00000000581f0000 - 0x0000000058201000 	C:\Program Files\Java\jdk1.8.0_111\jre\bin\nio.dll
0x00007fff44e50000 - 0x00007fff44e83000 	C:\WINDOWS\system32\rsaenh.dll
0x00007fff461f0000 - 0x00007fff46216000 	C:\WINDOWS\System32\bcrypt.dll
0x00007fff45a10000 - 0x00007fff45a35000 	C:\WINDOWS\SYSTEM32\USERENV.dll
0x00007fff454a0000 - 0x00007fff454ac000 	C:\WINDOWS\SYSTEM32\CRYPTBASE.dll
0x00007fff44fe0000 - 0x00007fff4501a000 	C:\WINDOWS\SYSTEM32\IPHLPAPI.DLL
0x00007fff48b20000 - 0x00007fff48b28000 	C:\WINDOWS\System32\NSI.dll
0x00007fff3f3b0000 - 0x00007fff3f3c6000 	C:\WINDOWS\SYSTEM32\dhcpcsvc6.DLL
0x00007fff3fcb0000 - 0x00007fff3fccc000 	C:\WINDOWS\SYSTEM32\dhcpcsvc.DLL
0x00007fff45030000 - 0x00007fff450fb000 	C:\WINDOWS\SYSTEM32\DNSAPI.dll
0x00000000581b0000 - 0x00000000581d4000 	C:\Program Files\Java\jdk1.8.0_111\jre\bin\sunec.dll
0x00000000581a0000 - 0x00000000581ab000 	C:\Program Files\Java\jdk1.8.0_111\jre\bin\sunmscapi.dll
0x00007fff46040000 - 0x00007fff4618a000 	C:\WINDOWS\System32\CRYPT32.dll
0x00007fff45ba0000 - 0x00007fff45bb2000 	C:\WINDOWS\System32\MSASN1.dll
0x0000000057f20000 - 0x00000000580b8000 	C:\Program Files\Java\jdk1.8.0_111\jre\bin\awt.dll
0x00007fff483f0000 - 0x00007fff484b5000 	C:\WINDOWS\System32\OLEAUT32.dll
0x00007fff432e0000 - 0x00007fff4336f000 	C:\WINDOWS\SYSTEM32\apphelp.dll
0x00007fff44450000 - 0x00007fff44644000 	C:\WINDOWS\SYSTEM32\dbghelp.dll

VM Arguments:
jvm_args: -Djava.awt.headless=true -Djava.security.manager=worker.org.gradle.process.internal.worker.child.BootstrapSecurityManager -Dorg.gradle.native=false -Xmx512m -Dfile.encoding=windows-1252 -Duser.country=US -Duser.language=en -Duser.variant -ea 
java_command: worker.org.gradle.process.internal.worker.GradleWorkerMain 'Gradle Test Executor 23'
java_class_path (initial): C:\Users\ROG\.gradle\caches\6.1.1\workerMain\gradle-worker.jar
Launcher Type: SUN_STANDARD

Environment Variables:
PATH=C:\Program Files (x86)\Common Files\Intel\Shared Files\cpp\;C:\Program Files\Git\cmd;C:\Program Files\Microsoft SQL Server\Client SDK\ODBC\170\Tools\Binn\;C:\Program Files (x86)\Microsoft SQL Server\150\Tools\Binn\;C:\Program Files\Microsoft SQL Server\150\Tools\Binn\;C:\Program Files\Microsoft SQL Server\150\DTS\Binn\;C:\Program Files\nodejs\;C:\Program Files (x86)\Microsoft SQL Server\150\DTS\Binn\;C:\Program Files\Azure Data Studio\bin;D:\Semester 5\;C:\Program Files\Java\jdk-11.0.4\bin;C:\Users\ROG\AppData\Local\Programs\Microsoft VS Code\bin;C:\Users\ROG\AppData\Local\Microsoft\WindowsApps;C:\xampp\php;C:\Users\ROG\AppData\Local\ComposerSetup\bin;C:\Users\ROG\AppData\Roaming\Composer\vendor\bin;C:\Users\ROG\AppData\Roaming\npm;C:\Program Files\Azure Data Studio\bin
USERNAME=ROG
OS=Windows_NT
PROCESSOR_IDENTIFIER=Intel64 Family 6 Model 158 Stepping 10, GenuineIntel



---------------  S Y S T E M  ---------------

OS: Windows 10.0 , 64 bit Build 18362 (10.0.18362.1316)

CPU:total 8 (4 cores per cpu, 2 threads per core) family 6 model 158 stepping 10, cmov, cx8, fxsr, mmx, sse, sse2, sse3, ssse3, sse4.1, sse4.2, popcnt, avx, avx2, aes, clmul, erms, 3dnowpref, lzcnt, ht, tsc, tscinvbit, bmi1, bmi2, adx

Memory: 4k page, physical 8237576k(681276k free), swap 21869064k(8886004k free)

vm_info: Java HotSpot(TM) 64-Bit Server VM (25.111-b14) for windows-amd64 JRE (1.8.0_111-b14), built on Sep 22 2016 19:24:05 by "java_re" with MS VC++ 10.0 (VS2010)

time: Tue Oct 05 06:56:12 2021
elapsed time: 6 seconds (0d 0h 0m 6s)

