#
# A fatal error has been detected by the Java Runtime Environment:
#
#  EXCEPTION_ACCESS_VIOLATION (0xc0000005) at pc=0x00000000582d3608, pid=16664, tid=0x00000000000038e0
#
# JRE version: Java(TM) SE Runtime Environment (8.0_111-b14) (build 1.8.0_111-b14)
# Java VM: Java HotSpot(TM) 64-Bit Server VM (25.111-b14 mixed mode windows-amd64 compressed oops)
# Problematic frame:
# V  [jvm.dll+0x43608]
#
# Failed to write core dump. Minidumps are not enabled by default on client versions of Windows
#
# If you would like to submit a bug report, please visit:
#   http://bugreport.java.com/bugreport/crash.jsp
#

---------------  T H R E A D  ---------------

Current thread (0x0000000016480000):  JavaThread "C1 CompilerThread3" daemon [_thread_in_vm, id=14560, stack(0x0000000017020000,0x0000000017120000)]

siginfo: ExceptionCode=0xc0000005, reading address 0xffffffffffffffff

Registers:
RAX=0x0000000016480000, RBX=0x0000000002c85320, RCX=0x0000000002c85320, RDX=0x0000000002c85320
RSP=0x000000001711d1e0, RBP=0x00000000164c7b00, RSI=0x0000000002c85320, RDI=0x0000000000000000
R8 =0x3cccc588ffff0013, R9 =0x0000000000000000, R10=0x00000000164c7d30, R11=0x0000000019c52970
R12=0x0000000016480000, R13=0x00000000164c7b00, R14=0x0000000017f368f0, R15=0x0000000000000000
RIP=0x00000000582d3608, EFLAGS=0x0000000000010202

Top of Stack: (sp=0x000000001711d1e0)
0x000000001711d1e0:   00000000000000b6 000000001711f790
0x000000001711d1f0:   0000000000000000 0000000000000077
0x000000001711d200:   000000001d480828 000000001711f790
0x000000001711d210:   000000001711d2f0 00000000582bfe25
0x000000001711d220:   00000000000000e9 00000000582d3999
0x000000001711d230:   0000000000000077 0000000000000077
0x000000001711d240:   0000000000000000 0000000000000000
0x000000001711d250:   00000000000000b6 000000001ad813a0
0x000000001711d260:   0000000002c3a560 00000000582d1c6b
0x000000001711d270:   0000000000000000 0000000016480000
0x000000001711d280:   0000000017f37a60 00000000582bce0f
0x000000001711d290:   0000000016480000 00000000582d6f80
0x000000001711d2a0:   0000000016480000 0000000016480000
0x000000001711d2b0:   000000001ad813a0 00000000586b0aeb
0x000000001711d2c0:   0000000000000000 0000000000000000
0x000000001711d2d0:   0000000017f37a60 0000000000000000 

Instructions: (pc=0x00000000582d3608)
0x00000000582d35e8:   00 48 8b da ff 15 fe 7d 59 00 44 0f b6 05 5a d9
0x00000000582d35f8:   7a 00 4c 8b e0 45 84 c0 74 39 4c 8b 03 48 8b cb
0x00000000582d3608:   41 ff 50 08 84 c0 74 2b 83 7b 08 00 7e 25 0f b6
0x00000000582d3618:   83 0e 01 00 00 c0 e8 03 a8 01 74 17 48 8b 03 48 


Register to memory mapping:

RAX=0x0000000016480000 is a thread
RBX=0x0000000002c85320 is an unknown value
RCX=0x0000000002c85320 is an unknown value
RDX=0x0000000002c85320 is an unknown value
RSP=0x000000001711d1e0 is pointing into the stack for thread: 0x0000000016480000
RBP=0x00000000164c7b00 is an unknown value
RSI=0x0000000002c85320 is an unknown value
RDI=0x0000000000000000 is an unknown value
R8 =0x3cccc588ffff0013 is an unknown value
R9 =0x0000000000000000 is an unknown value
R10=0x00000000164c7d30 is an unknown value
R11=0x0000000019c52970 is an unknown value
R12=0x0000000016480000 is a thread
R13=0x00000000164c7b00 is an unknown value
R14=0x0000000017f368f0 is an unknown value
R15=0x0000000000000000 is an unknown value


Stack: [0x0000000017020000,0x0000000017120000],  sp=0x000000001711d1e0,  free space=1012k
Native frames: (J=compiled Java code, j=interpreted, Vv=VM code, C=native code)
V  [jvm.dll+0x43608]
V  [jvm.dll+0x43999]
V  [jvm.dll+0x41c6b]
V  [jvm.dll+0x420aeb]
V  [jvm.dll+0x41b8da]
V  [jvm.dll+0x41e727]
V  [jvm.dll+0x41eeeb]
V  [jvm.dll+0x41fde6]
V  [jvm.dll+0x420048]
V  [jvm.dll+0x42047b]
V  [jvm.dll+0x41ffd5]
V  [jvm.dll+0x41bd3b]
V  [jvm.dll+0x41e727]
V  [jvm.dll+0x41eeeb]
V  [jvm.dll+0x41fde6]
V  [jvm.dll+0x420048]
V  [jvm.dll+0x42047b]
V  [jvm.dll+0x41ffd5]
V  [jvm.dll+0x41bd3b]
V  [jvm.dll+0x41e727]
V  [jvm.dll+0x41f01d]
V  [jvm.dll+0x41fde6]
V  [jvm.dll+0x420048]
V  [jvm.dll+0x42047b]
V  [jvm.dll+0x41ffd5]
V  [jvm.dll+0x41bd3b]
V  [jvm.dll+0x41e727]
V  [jvm.dll+0x41eeeb]
V  [jvm.dll+0x41fde6]
V  [jvm.dll+0x420048]
V  [jvm.dll+0x42047b]
V  [jvm.dll+0x41ffd5]
V  [jvm.dll+0x41bd3b]
V  [jvm.dll+0x41e727]
V  [jvm.dll+0x41f01d]
V  [jvm.dll+0x41fde6]
V  [jvm.dll+0x420048]
V  [jvm.dll+0x42047b]
V  [jvm.dll+0x41ffd5]
V  [jvm.dll+0x41bd3b]
V  [jvm.dll+0x41e727]
V  [jvm.dll+0x41eeeb]
V  [jvm.dll+0x41fde6]
V  [jvm.dll+0x420048]
V  [jvm.dll+0x41bd3b]
V  [jvm.dll+0x41e727]
V  [jvm.dll+0x41eeeb]
V  [jvm.dll+0x41fde6]
V  [jvm.dll+0x420048]
V  [jvm.dll+0x41bd3b]
V  [jvm.dll+0x41e727]
V  [jvm.dll+0x41f01d]
V  [jvm.dll+0x41f412]
V  [jvm.dll+0x4244f5]
V  [jvm.dll+0x424600]
V  [jvm.dll+0x40ddb8]
V  [jvm.dll+0x40e021]
V  [jvm.dll+0x40e1e2]
V  [jvm.dll+0x40e3b1]
V  [jvm.dll+0x40e5bf]
V  [jvm.dll+0xa5742]
V  [jvm.dll+0xa607f]
V  [jvm.dll+0x244b7f]
V  [jvm.dll+0x29c43a]
C  [msvcr100.dll+0x21d9f]
C  [msvcr100.dll+0x21e3b]
C  [KERNEL32.DLL+0x17c24]
C  [ntdll.dll+0x6d4d1]


Current CompileTask:
C1:   6049 6367       3       android.content.res.TypedArray::$$robo$$android_content_res_TypedArray$loadStringValueAt (51 bytes)


---------------  P R O C E S S  ---------------

Java Threads: ( => current thread )
  0x0000000019ffd800 JavaThread "SharedPreferencesImpl-load" [_thread_blocked, id=19796, stack(0x000000001d1f0000,0x000000001d2f0000)]
  0x0000000019ffd000 JavaThread "Java2D Disposer" daemon [_thread_blocked, id=10068, stack(0x000000001b920000,0x000000001ba20000)]
  0x0000000018686800 JavaThread "SDK 28 Main Thread" [_thread_blocked, id=20944, stack(0x000000001a400000,0x000000001a500000)]
  0x000000001792f000 JavaThread "/127.0.0.1:64475 to /127.0.0.1:64474 workers Thread 3" [_thread_in_native, id=10052, stack(0x0000000019130000,0x0000000019230000)]
  0x000000001792e000 JavaThread "/127.0.0.1:64475 to /127.0.0.1:64474 workers Thread 2" [_thread_blocked, id=392, stack(0x0000000019030000,0x0000000019130000)]
  0x0000000017cc9000 JavaThread "Test worker" [_thread_blocked, id=20736, stack(0x0000000018bf0000,0x0000000018cf0000)]
  0x0000000016519000 JavaThread "Service Thread" daemon [_thread_blocked, id=21408, stack(0x0000000017120000,0x0000000017220000)]
=>0x0000000016480000 JavaThread "C1 CompilerThread3" daemon [_thread_in_vm, id=14560, stack(0x0000000017020000,0x0000000017120000)]
  0x0000000016478800 JavaThread "C2 CompilerThread2" daemon [_thread_blocked, id=17868, stack(0x0000000016f20000,0x0000000017020000)]
  0x0000000016472800 JavaThread "C2 CompilerThread1" daemon [_thread_blocked, id=4980, stack(0x0000000016e20000,0x0000000016f20000)]
  0x0000000016471000 JavaThread "C2 CompilerThread0" daemon [_thread_blocked, id=10892, stack(0x0000000016d20000,0x0000000016e20000)]
  0x000000001646d800 JavaThread "Attach Listener" daemon [_thread_blocked, id=16432, stack(0x0000000016c20000,0x0000000016d20000)]
  0x000000001646c800 JavaThread "Signal Dispatcher" daemon [_thread_blocked, id=19824, stack(0x0000000016b20000,0x0000000016c20000)]
  0x0000000002d2e000 JavaThread "Finalizer" daemon [_thread_blocked, id=16552, stack(0x00000000167d0000,0x00000000168d0000)]
  0x0000000002d25000 JavaThread "Reference Handler" daemon [_thread_blocked, id=10816, stack(0x00000000162d0000,0x00000000163d0000)]
  0x0000000002c32800 JavaThread "main" [_thread_blocked, id=19100, stack(0x0000000002b30000,0x0000000002c30000)]

Other Threads:
  0x00000000144e9800 VMThread [stack: 0x00000000161d0000,0x00000000162d0000] [id=20916]
  0x000000001649e000 WatcherThread [stack: 0x0000000017220000,0x0000000017320000] [id=2644]

VM state:synchronizing (normal execution)

VM Mutex/Monitor currently owned by a thread:  ([mutex/lock_event])
[0x0000000002a4c310] Threads_lock - owner thread: 0x00000000144e9800

Heap:
 PSYoungGen      total 160256K, used 160234K [0x00000000f5580000, 0x0000000100000000, 0x0000000100000000)
  eden space 150016K, 100% used [0x00000000f5580000,0x00000000fe800000,0x00000000fe800000)
  from space 10240K, 99% used [0x00000000ff600000,0x00000000ffffaba8,0x0000000100000000)
  to   space 12288K, 0% used [0x00000000fe800000,0x00000000fe800000,0x00000000ff400000)
 ParOldGen       total 175616K, used 63008K [0x00000000e0000000, 0x00000000eab80000, 0x00000000f5580000)
  object space 175616K, 35% used [0x00000000e0000000,0x00000000e3d883c8,0x00000000eab80000)
 Metaspace       used 61112K, capacity 69953K, committed 70192K, reserved 1110016K
  class space    used 7674K, capacity 10220K, committed 10288K, reserved 1048576K

Card table byte_map: [0x00000000120f0000,0x0000000012200000] byte_map_base: 0x00000000119f0000

Marking Bits: (ParMarkBitMap*) 0x0000000058aaa6c0
 Begin Bits: [0x0000000012a00000, 0x0000000013200000)
 End Bits:   [0x0000000013200000, 0x0000000013a00000)

Polling page: 0x00000000009f0000

CodeCache: size=245760Kb used=16887Kb max_used=16887Kb free=228872Kb
 bounds [0x0000000002d30000, 0x0000000003dd0000, 0x0000000011d30000]
 total_blobs=6755 nmethods=5194 adapters=1473
 compilation: enabled

Compilation events (10 events):
Event: 6.023 Thread 0x0000000016480000 nmethod 6363 0x0000000003d9fb50 code [0x0000000003d9fce0, 0x0000000003da02a8]
Event: 6.023 Thread 0x0000000016480000 6364       3       java.util.ArrayList::contains (14 bytes)
Event: 6.023 Thread 0x0000000016480000 nmethod 6364 0x0000000003da3490 code [0x0000000003da3600, 0x0000000003da3868]
Event: 6.023 Thread 0x0000000016478800 6365   !   4       java.lang.invoke.LambdaForm$MH/1300708795::guardWithCatch (79 bytes)
Event: 6.024 Thread 0x0000000016480000 6366       3       android.content.res.TypedArray::loadStringValueAt (8 bytes)
Event: 6.025 Thread 0x0000000016478800 nmethod 6365 0x0000000003da2dd0 code [0x0000000003da2f40, 0x0000000003da31c8]
Event: 6.025 Thread 0x0000000016480000 nmethod 6366 0x0000000003dc2890 code [0x0000000003dc2bc0, 0x0000000003dc46e8]
Event: 6.025 Thread 0x0000000016480000 6368       3       java.lang.invoke.LambdaForm$MH/1330122887::exactInvoker (51 bytes)
Event: 6.025 Thread 0x0000000016480000 nmethod 6368 0x0000000003db0350 code [0x0000000003db0540, 0x0000000003db1228]
Event: 6.025 Thread 0x0000000016480000 6367       3       android.content.res.TypedArray::$$robo$$android_content_res_TypedArray$loadStringValueAt (51 bytes)

GC Heap History (10 events):
Event: 4.098 GC heap before
{Heap before GC invocations=17 (full 3):
 PSYoungGen      total 162816K, used 8488K [0x00000000f5580000, 0x0000000100000000, 0x0000000100000000)
  eden space 152576K, 0% used [0x00000000f5580000,0x00000000f5580000,0x00000000fea80000)
  from space 10240K, 82% used [0x00000000ff500000,0x00000000ffd4a230,0x00000000fff00000)
  to   space 10752K, 0% used [0x00000000fea80000,0x00000000fea80000,0x00000000ff500000)
 ParOldGen       total 143360K, used 54775K [0x00000000e0000000, 0x00000000e8c00000, 0x00000000f5580000)
  object space 143360K, 38% used [0x00000000e0000000,0x00000000e357dd08,0x00000000e8c00000)
 Metaspace       used 46632K, capacity 51795K, committed 51920K, reserved 1093632K
  class space    used 5632K, capacity 7216K, committed 7216K, reserved 1048576K
Event: 4.260 GC heap after
Heap after GC invocations=17 (full 3):
 PSYoungGen      total 162816K, used 0K [0x00000000f5580000, 0x0000000100000000, 0x0000000100000000)
  eden space 152576K, 0% used [0x00000000f5580000,0x00000000f5580000,0x00000000fea80000)
  from space 10240K, 0% used [0x00000000ff500000,0x00000000ff500000,0x00000000fff00000)
  to   space 10752K, 0% used [0x00000000fea80000,0x00000000fea80000,0x00000000ff500000)
 ParOldGen       total 175616K, used 60608K [0x00000000e0000000, 0x00000000eab80000, 0x00000000f5580000)
  object space 175616K, 34% used [0x00000000e0000000,0x00000000e3b301f8,0x00000000eab80000)
 Metaspace       used 46632K, capacity 51795K, committed 51920K, reserved 1093632K
  class space    used 5632K, capacity 7216K, committed 7216K, reserved 1048576K
}
Event: 4.615 GC heap before
{Heap before GC invocations=18 (full 3):
 PSYoungGen      total 162816K, used 152576K [0x00000000f5580000, 0x0000000100000000, 0x0000000100000000)
  eden space 152576K, 100% used [0x00000000f5580000,0x00000000fea80000,0x00000000fea80000)
  from space 10240K, 0% used [0x00000000ff500000,0x00000000ff500000,0x00000000fff00000)
  to   space 10752K, 0% used [0x00000000fea80000,0x00000000fea80000,0x00000000ff500000)
 ParOldGen       total 175616K, used 60608K [0x00000000e0000000, 0x00000000eab80000, 0x00000000f5580000)
  object space 175616K, 34% used [0x00000000e0000000,0x00000000e3b301f8,0x00000000eab80000)
 Metaspace       used 50173K, capacity 56083K, committed 56368K, reserved 1097728K
  class space    used 6097K, capacity 7885K, committed 7984K, reserved 1048576K
Event: 4.618 GC heap after
Heap after GC invocations=18 (full 3):
 PSYoungGen      total 163328K, used 4783K [0x00000000f5580000, 0x0000000100000000, 0x0000000100000000)
  eden space 152576K, 0% used [0x00000000f5580000,0x00000000f5580000,0x00000000fea80000)
  from space 10752K, 44% used [0x00000000fea80000,0x00000000fef2be88,0x00000000ff500000)
  to   space 10752K, 0% used [0x00000000ff580000,0x00000000ff580000,0x0000000100000000)
 ParOldGen       total 175616K, used 60616K [0x00000000e0000000, 0x00000000eab80000, 0x00000000f5580000)
  object space 175616K, 34% used [0x00000000e0000000,0x00000000e3b321f8,0x00000000eab80000)
 Metaspace       used 50173K, capacity 56083K, committed 56368K, reserved 1097728K
  class space    used 6097K, capacity 7885K, committed 7984K, reserved 1048576K
}
Event: 4.915 GC heap before
{Heap before GC invocations=19 (full 3):
 PSYoungGen      total 163328K, used 157359K [0x00000000f5580000, 0x0000000100000000, 0x0000000100000000)
  eden space 152576K, 100% used [0x00000000f5580000,0x00000000fea80000,0x00000000fea80000)
  from space 10752K, 44% used [0x00000000fea80000,0x00000000fef2be88,0x00000000ff500000)
  to   space 10752K, 0% used [0x00000000ff580000,0x00000000ff580000,0x0000000100000000)
 ParOldGen       total 175616K, used 60616K [0x00000000e0000000, 0x00000000eab80000, 0x00000000f5580000)
  object space 175616K, 34% used [0x00000000e0000000,0x00000000e3b321f8,0x00000000eab80000)
 Metaspace       used 53670K, capacity 59677K, committed 59952K, reserved 1101824K
  class space    used 6359K, capacity 8174K, committed 8240K, reserved 1048576K
Event: 4.920 GC heap after
Heap after GC invocations=19 (full 3):
 PSYoungGen      total 162816K, used 6146K [0x00000000f5580000, 0x00000000fff00000, 0x0000000100000000)
  eden space 153088K, 0% used [0x00000000f5580000,0x00000000f5580000,0x00000000feb00000)
  from space 9728K, 63% used [0x00000000ff580000,0x00000000ffb80928,0x00000000fff00000)
  to   space 10240K, 0% used [0x00000000feb00000,0x00000000feb00000,0x00000000ff500000)
 ParOldGen       total 175616K, used 60624K [0x00000000e0000000, 0x00000000eab80000, 0x00000000f5580000)
  object space 175616K, 34% used [0x00000000e0000000,0x00000000e3b341f8,0x00000000eab80000)
 Metaspace       used 53670K, capacity 59677K, committed 59952K, reserved 1101824K
  class space    used 6359K, capacity 8174K, committed 8240K, reserved 1048576K
}
Event: 5.241 GC heap before
{Heap before GC invocations=20 (full 3):
 PSYoungGen      total 162816K, used 159234K [0x00000000f5580000, 0x00000000fff00000, 0x0000000100000000)
  eden space 153088K, 100% used [0x00000000f5580000,0x00000000feb00000,0x00000000feb00000)
  from space 9728K, 63% used [0x00000000ff580000,0x00000000ffb80928,0x00000000fff00000)
  to   space 10240K, 0% used [0x00000000feb00000,0x00000000feb00000,0x00000000ff500000)
 ParOldGen       total 175616K, used 60624K [0x00000000e0000000, 0x00000000eab80000, 0x00000000f5580000)
  object space 175616K, 34% used [0x00000000e0000000,0x00000000e3b341f8,0x00000000eab80000)
 Metaspace       used 56077K, capacity 62733K, committed 62896K, reserved 1103872K
  class space    used 6771K, capacity 8770K, committed 8880K, reserved 1048576K
Event: 5.249 GC heap after
Heap after GC invocations=20 (full 3):
 PSYoungGen      total 163328K, used 7792K [0x00000000f5580000, 0x0000000100000000, 0x0000000100000000)
  eden space 153088K, 0% used [0x00000000f5580000,0x00000000f5580000,0x00000000feb00000)
  from space 10240K, 76% used [0x00000000feb00000,0x00000000ff29c1d0,0x00000000ff500000)
  to   space 10240K, 0% used [0x00000000ff600000,0x00000000ff600000,0x0000000100000000)
 ParOldGen       total 175616K, used 60624K [0x00000000e0000000, 0x00000000eab80000, 0x00000000f5580000)
  object space 175616K, 34% used [0x00000000e0000000,0x00000000e3b341f8,0x00000000eab80000)
 Metaspace       used 56077K, capacity 62733K, committed 62896K, reserved 1103872K
  class space    used 6771K, capacity 8770K, committed 8880K, reserved 1048576K
}
Event: 5.809 GC heap before
{Heap before GC invocations=21 (full 3):
 PSYoungGen      total 163328K, used 160880K [0x00000000f5580000, 0x0000000100000000, 0x0000000100000000)
  eden space 153088K, 100% used [0x00000000f5580000,0x00000000feb00000,0x00000000feb00000)
  from space 10240K, 76% used [0x00000000feb00000,0x00000000ff29c1d0,0x00000000ff500000)
  to   space 10240K, 0% used [0x00000000ff600000,0x00000000ff600000,0x0000000100000000)
 ParOldGen       total 175616K, used 60624K [0x00000000e0000000, 0x00000000eab80000, 0x00000000f5580000)
  object space 175616K, 34% used [0x00000000e0000000,0x00000000e3b341f8,0x00000000eab80000)
 Metaspace       used 60914K, capacity 69649K, committed 69936K, reserved 1110016K
  class space    used 7663K, capacity 10212K, committed 10288K, reserved 1048576K
Event: 5.818 GC heap after
Heap after GC invocations=21 (full 3):
 PSYoungGen      total 160256K, used 10218K [0x00000000f5580000, 0x0000000100000000, 0x0000000100000000)
  eden space 150016K, 0% used [0x00000000f5580000,0x00000000f5580000,0x00000000fe800000)
  from space 10240K, 99% used [0x00000000ff600000,0x00000000ffffaba8,0x0000000100000000)
  to   space 12288K, 0% used [0x00000000fe800000,0x00000000fe800000,0x00000000ff400000)
 ParOldGen       total 175616K, used 63008K [0x00000000e0000000, 0x00000000eab80000, 0x00000000f5580000)
  object space 175616K, 35% used [0x00000000e0000000,0x00000000e3d883c8,0x00000000eab80000)
 Metaspace       used 60914K, capacity 69649K, committed 69936K, reserved 1110016K
  class space    used 7663K, capacity 10212K, committed 10288K, reserved 1048576K
}

Deoptimization events (10 events):
Event: 5.823 Thread 0x0000000017cc9000 Uncommon trap: reason=bimorphic action=maybe_recompile pc=0x000000000353835c method=java.util.regex.Pattern$Curly.match0(Ljava/util/regex/Matcher;IILjava/lang/CharSequence;)Z @ 77
Event: 5.823 Thread 0x0000000017cc9000 Uncommon trap: reason=class_check action=maybe_recompile pc=0x00000000039ab77c method=java.util.regex.Pattern$Curly.match0(Ljava/util/regex/Matcher;IILjava/lang/CharSequence;)Z @ 77
Event: 5.823 Thread 0x0000000017cc9000 Uncommon trap: reason=unstable_if action=reinterpret pc=0x0000000002f25508 method=com.google.common.collect.Iterators.forArray([Ljava/lang/Object;III)Lcom/google/common/collect/UnmodifiableListIterator; @ 32
Event: 5.824 Thread 0x0000000017cc9000 Uncommon trap: reason=class_check action=maybe_recompile pc=0x000000000378b038 method=com.google.common.collect.ImmutableSet$RegularSetBuilderImpl.add(Ljava/lang/Object;)Lcom/google/common/collect/ImmutableSet$SetBuilderImpl; @ 6
Event: 5.824 Thread 0x0000000017cc9000 Uncommon trap: reason=class_check action=maybe_recompile pc=0x000000000378b038 method=com.google.common.collect.ImmutableSet$RegularSetBuilderImpl.add(Ljava/lang/Object;)Lcom/google/common/collect/ImmutableSet$SetBuilderImpl; @ 6
Event: 5.824 Thread 0x0000000017cc9000 Uncommon trap: reason=class_check action=maybe_recompile pc=0x000000000378b038 method=com.google.common.collect.ImmutableSet$RegularSetBuilderImpl.add(Ljava/lang/Object;)Lcom/google/common/collect/ImmutableSet$SetBuilderImpl; @ 6
Event: 5.824 Thread 0x0000000017cc9000 Uncommon trap: reason=class_check action=maybe_recompile pc=0x000000000378b038 method=com.google.common.collect.ImmutableSet$RegularSetBuilderImpl.add(Ljava/lang/Object;)Lcom/google/common/collect/ImmutableSet$SetBuilderImpl; @ 6
Event: 5.824 Thread 0x0000000017cc9000 Uncommon trap: reason=unstable_if action=reinterpret pc=0x00000000034302c8 method=org.robolectric.internal.bytecode.MethodRef.equals(Ljava/lang/Object;)Z @ 2
Event: 5.826 Thread 0x0000000018686800 Uncommon trap: reason=unstable_if action=reinterpret pc=0x000000000338b1ac method=java.util.Arrays.hashCode([Ljava/lang/Object;)I @ 34
Event: 5.831 Thread 0x0000000018686800 Uncommon trap: reason=unstable_if action=reinterpret pc=0x00000000033b3734 method=org.robolectric.res.android.ResTable_config.isBetterThan(Lorg/robolectric/res/android/ResTable_config;Lorg/robolectric/res/android/ResTable_config;)Z @ 898

Internal exceptions (10 events):
Event: 5.282 Thread 0x0000000019ffd800 Exception <a 'java/lang/NoSuchFieldError': method resolution failed> (0x00000000f64e1c70) thrown at [C:\re\workspace\8-2-build-windows-amd64-cygwin\jdk8u111\7883\hotspot\src\share\vm\prims\methodHandles.cpp, line 1146]
Event: 5.397 Thread 0x0000000018686800 Implicit null exception at 0x0000000003b8f968 to 0x0000000003b9040b
Event: 5.397 Thread 0x0000000018686800 Implicit null exception at 0x0000000003b0ec34 to 0x0000000003b102f5
Event: 5.487 Thread 0x0000000018686800 Exception <a 'java/lang/NoSuchFieldError': method resolution failed> (0x00000000f97960b0) thrown at [C:\re\workspace\8-2-build-windows-amd64-cygwin\jdk8u111\7883\hotspot\src\share\vm\prims\methodHandles.cpp, line 1146]
Event: 5.542 Thread 0x0000000018686800 Exception <a 'java/lang/NoSuchFieldError': method resolution failed> (0x00000000fa35bc88) thrown at [C:\re\workspace\8-2-build-windows-amd64-cygwin\jdk8u111\7883\hotspot\src\share\vm\prims\methodHandles.cpp, line 1146]
Event: 5.740 Thread 0x0000000018686800 Implicit null exception at 0x000000000314fe17 to 0x000000000314feed
Event: 5.784 Thread 0x0000000018686800 Implicit null exception at 0x000000000364bad7 to 0x000000000364df22
Event: 5.800 Thread 0x0000000018686800 Exception <a 'java/lang/NoSuchMethodError': java.lang.Object.lambda$get$0(Ljava/lang/Object;)V> (0x00000000fe85cd00) thrown at [C:\re\workspace\8-2-build-windows-amd64-cygwin\jdk8u111\7883\hotspot\src\share\vm\interpreter\linkResolver.cpp, line 582]
Event: 5.826 Thread 0x0000000018686800 Implicit null exception at 0x000000000338b0ef to 0x000000000338b18d
Event: 5.838 Thread 0x0000000018686800 Exception <a 'sun/nio/fs/WindowsException'> (0x00000000f5ded910) thrown at [C:\re\workspace\8-2-build-windows-amd64-cygwin\jdk8u111\7883\hotspot\src\share\vm\prims\jni.cpp, line 709]

Events (10 events):
Event: 5.843 loading class androidx/collection/MapCollections$ArrayIterator
Event: 5.843 loading class androidx/collection/MapCollections$ArrayIterator done
Event: 5.843 loading class androidx/collection/ArraySet$1
Event: 5.843 loading class androidx/collection/ArraySet$1 done
Event: 5.856 loading class android/content/res/Resources
Event: 5.856 loading class android/content/res/Resources done
Event: 5.856 loading class android/graphics/drawable/ColorDrawable$ColorState
Event: 5.856 loading class android/graphics/drawable/ColorDrawable$ColorState done
Event: 5.925 Thread 0x0000000018686800 DEOPT PACKING pc=0x0000000003437dcd sp=0x000000001a4f7250
Event: 5.925 Thread 0x0000000018686800 DEOPT UNPACKING pc=0x0000000002d7787f sp=0x000000001a4f6fb0 mode 0


Dynamic libraries:
0x00007ff73c600000 - 0x00007ff73c637000 	C:\Program Files\Java\jdk1.8.0_111\bin\java.exe
0x00007fff48c40000 - 0x00007fff48e30000 	C:\WINDOWS\SYSTEM32\ntdll.dll
0x00007fff12440000 - 0x00007fff12455000 	C:\Program Files\Avast Software\Avast\aswhook.dll
0x00007fff48330000 - 0x00007fff483e2000 	C:\WINDOWS\System32\KERNEL32.DLL
0x00007fff45bc0000 - 0x00007fff45e65000 	C:\WINDOWS\System32\KERNELBASE.dll
0x00007fff477d0000 - 0x00007fff47873000 	C:\WINDOWS\System32\ADVAPI32.dll
0x00007fff473a0000 - 0x00007fff4743e000 	C:\WINDOWS\System32\msvcrt.dll
0x00007fff46f00000 - 0x00007fff46f97000 	C:\WINDOWS\System32\sechost.dll
0x00007fff46fa0000 - 0x00007fff470bf000 	C:\WINDOWS\System32\RPCRT4.dll
0x00007fff47200000 - 0x00007fff47394000 	C:\WINDOWS\System32\USER32.dll
0x00007fff46410000 - 0x00007fff46431000 	C:\WINDOWS\System32\win32u.dll
0x00007fff48a90000 - 0x00007fff48ab6000 	C:\WINDOWS\System32\GDI32.dll
0x00007fff46270000 - 0x00007fff46408000 	C:\WINDOWS\System32\gdi32full.dll
0x00007fff46c50000 - 0x00007fff46cee000 	C:\WINDOWS\System32\msvcp_win.dll
0x00007fff45f40000 - 0x00007fff4603a000 	C:\WINDOWS\System32\ucrtbase.dll
0x00007fff38ec0000 - 0x00007fff39144000 	C:\WINDOWS\WinSxS\amd64_microsoft.windows.common-controls_6595b64144ccf1df_6.0.18362.1316_none_9e7a364fe461dbd7\COMCTL32.dll
0x00007fff47ff0000 - 0x00007fff48327000 	C:\WINDOWS\System32\combase.dll
0x00007fff46440000 - 0x00007fff464c1000 	C:\WINDOWS\System32\bcryptPrimitives.dll
0x00007fff46cf0000 - 0x00007fff46d1e000 	C:\WINDOWS\System32\IMM32.DLL
0x0000000058b30000 - 0x0000000058c02000 	C:\Program Files\Java\jdk1.8.0_111\jre\bin\msvcr100.dll
0x0000000058290000 - 0x0000000058b2a000 	C:\Program Files\Java\jdk1.8.0_111\jre\bin\server\jvm.dll
0x00007fff47450000 - 0x00007fff47458000 	C:\WINDOWS\System32\PSAPI.DLL
0x00007fff34eb0000 - 0x00007fff34ed4000 	C:\WINDOWS\SYSTEM32\WINMM.dll
0x00007fff3ff30000 - 0x00007fff3ff3a000 	C:\WINDOWS\SYSTEM32\VERSION.dll
0x00007fff3b6a0000 - 0x00007fff3b6a9000 	C:\WINDOWS\SYSTEM32\WSOCK32.dll
0x00007fff489b0000 - 0x00007fff48a1f000 	C:\WINDOWS\System32\WS2_32.dll
0x00007fff34760000 - 0x00007fff3478d000 	C:\WINDOWS\SYSTEM32\winmmbase.dll
0x00007fff46220000 - 0x00007fff4626a000 	C:\WINDOWS\System32\cfgmgr32.dll
0x0000000058280000 - 0x000000005828f000 	C:\Program Files\Java\jdk1.8.0_111\jre\bin\verify.dll
0x0000000058250000 - 0x0000000058279000 	C:\Program Files\Java\jdk1.8.0_111\jre\bin\java.dll
0x0000000058230000 - 0x0000000058246000 	C:\Program Files\Java\jdk1.8.0_111\jre\bin\zip.dll
0x00007fff47900000 - 0x00007fff47fe8000 	C:\WINDOWS\System32\SHELL32.dll
0x00007fff46d20000 - 0x00007fff46dc7000 	C:\WINDOWS\System32\shcore.dll
0x00007fff464d0000 - 0x00007fff46c4b000 	C:\WINDOWS\System32\windows.storage.dll
0x00007fff45b70000 - 0x00007fff45b93000 	C:\WINDOWS\System32\profapi.dll
0x00007fff45b00000 - 0x00007fff45b4a000 	C:\WINDOWS\System32\powrprof.dll
0x00007fff45af0000 - 0x00007fff45b00000 	C:\WINDOWS\System32\UMPDC.dll
0x00007fff47770000 - 0x00007fff477c2000 	C:\WINDOWS\System32\shlwapi.dll
0x00007fff45b50000 - 0x00007fff45b61000 	C:\WINDOWS\System32\kernel.appcore.dll
0x00007fff45e70000 - 0x00007fff45e87000 	C:\WINDOWS\System32\cryptsp.dll
0x0000000058210000 - 0x000000005822a000 	C:\Program Files\Java\jdk1.8.0_111\jre\bin\net.dll
0x00007fff452d0000 - 0x00007fff45337000 	C:\WINDOWS\system32\mswsock.dll
0x00000000581f0000 - 0x0000000058201000 	C:\Program Files\Java\jdk1.8.0_111\jre\bin\nio.dll
0x00007fff44e50000 - 0x00007fff44e83000 	C:\WINDOWS\system32\rsaenh.dll
0x00007fff461f0000 - 0x00007fff46216000 	C:\WINDOWS\System32\bcrypt.dll
0x00007fff45a10000 - 0x00007fff45a35000 	C:\WINDOWS\SYSTEM32\USERENV.dll
0x00007fff454a0000 - 0x00007fff454ac000 	C:\WINDOWS\SYSTEM32\CRYPTBASE.dll
0x00007fff44fe0000 - 0x00007fff4501a000 	C:\WINDOWS\SYSTEM32\IPHLPAPI.DLL
0x00007fff48b20000 - 0x00007fff48b28000 	C:\WINDOWS\System32\NSI.dll
0x00007fff3f3b0000 - 0x00007fff3f3c6000 	C:\WINDOWS\SYSTEM32\dhcpcsvc6.DLL
0x00007fff3fcb0000 - 0x00007fff3fccc000 	C:\WINDOWS\SYSTEM32\dhcpcsvc.DLL
0x00007fff45030000 - 0x00007fff450fb000 	C:\WINDOWS\SYSTEM32\DNSAPI.dll
0x00000000581b0000 - 0x00000000581d4000 	C:\Program Files\Java\jdk1.8.0_111\jre\bin\sunec.dll
0x00000000581a0000 - 0x00000000581ab000 	C:\Program Files\Java\jdk1.8.0_111\jre\bin\sunmscapi.dll
0x00007fff46040000 - 0x00007fff4618a000 	C:\WINDOWS\System32\CRYPT32.dll
0x00007fff45ba0000 - 0x00007fff45bb2000 	C:\WINDOWS\System32\MSASN1.dll
0x0000000057f20000 - 0x00000000580b8000 	C:\Program Files\Java\jdk1.8.0_111\jre\bin\awt.dll
0x00007fff483f0000 - 0x00007fff484b5000 	C:\WINDOWS\System32\OLEAUT32.dll
0x00007fff432e0000 - 0x00007fff4336f000 	C:\WINDOWS\SYSTEM32\apphelp.dll
0x00007fff44450000 - 0x00007fff44644000 	C:\WINDOWS\SYSTEM32\dbghelp.dll

VM Arguments:
jvm_args: -Djava.awt.headless=true -Djava.security.manager=worker.org.gradle.process.internal.worker.child.BootstrapSecurityManager -Dorg.gradle.native=false -Xmx512m -Dfile.encoding=windows-1252 -Duser.country=US -Duser.language=en -Duser.variant -ea 
java_command: worker.org.gradle.process.internal.worker.GradleWorkerMain 'Gradle Test Executor 7'
java_class_path (initial): C:\Users\ROG\.gradle\caches\6.1.1\workerMain\gradle-worker.jar
Launcher Type: SUN_STANDARD

Environment Variables:
PATH=C:\Program Files (x86)\Common Files\Intel\Shared Files\cpp\;C:\Program Files\Git\cmd;C:\Program Files\Microsoft SQL Server\Client SDK\ODBC\170\Tools\Binn\;C:\Program Files (x86)\Microsoft SQL Server\150\Tools\Binn\;C:\Program Files\Microsoft SQL Server\150\Tools\Binn\;C:\Program Files\Microsoft SQL Server\150\DTS\Binn\;C:\Program Files\nodejs\;C:\Program Files (x86)\Microsoft SQL Server\150\DTS\Binn\;C:\Program Files\Azure Data Studio\bin;D:\Semester 5\;C:\Program Files\Java\jdk-11.0.4\bin;C:\Users\ROG\AppData\Local\Programs\Microsoft VS Code\bin;C:\Users\ROG\AppData\Local\Microsoft\WindowsApps;C:\xampp\php;C:\Users\ROG\AppData\Local\ComposerSetup\bin;C:\Users\ROG\AppData\Roaming\Composer\vendor\bin;C:\Users\ROG\AppData\Roaming\npm;C:\Program Files\Azure Data Studio\bin
USERNAME=ROG
OS=Windows_NT
PROCESSOR_IDENTIFIER=Intel64 Family 6 Model 158 Stepping 10, GenuineIntel



---------------  S Y S T E M  ---------------

OS: Windows 10.0 , 64 bit Build 18362 (10.0.18362.1316)

CPU:total 8 (4 cores per cpu, 2 threads per core) family 6 model 158 stepping 10, cmov, cx8, fxsr, mmx, sse, sse2, sse3, ssse3, sse4.1, sse4.2, popcnt, avx, avx2, aes, clmul, erms, 3dnowpref, lzcnt, ht, tsc, tscinvbit, bmi1, bmi2, adx

Memory: 4k page, physical 8237576k(715324k free), swap 21869064k(9213376k free)

vm_info: Java HotSpot(TM) 64-Bit Server VM (25.111-b14) for windows-amd64 JRE (1.8.0_111-b14), built on Sep 22 2016 19:24:05 by "java_re" with MS VC++ 10.0 (VS2010)

time: Tue Oct 05 06:47:50 2021
elapsed time: 6 seconds (0d 0h 0m 6s)

